[2023-01-15T09:41:05.051+0200] {taskinstance.py:1087} INFO - Dependencies all met for <TaskInstance: railway_v02.etl_pipeline scheduled__2022-12-16T00:00:00+00:00 [queued]>
[2023-01-15T09:41:05.119+0200] {taskinstance.py:1087} INFO - Dependencies all met for <TaskInstance: railway_v02.etl_pipeline scheduled__2022-12-16T00:00:00+00:00 [queued]>
[2023-01-15T09:41:05.121+0200] {taskinstance.py:1283} INFO - 
--------------------------------------------------------------------------------
[2023-01-15T09:41:05.122+0200] {taskinstance.py:1284} INFO - Starting attempt 1 of 6
[2023-01-15T09:41:05.123+0200] {taskinstance.py:1285} INFO - 
--------------------------------------------------------------------------------
[2023-01-15T09:41:05.175+0200] {taskinstance.py:1304} INFO - Executing <Task(_PythonDecoratedOperator): etl_pipeline> on 2022-12-16 00:00:00+00:00
[2023-01-15T09:41:05.269+0200] {standard_task_runner.py:55} INFO - Started process 30236 to run task
[2023-01-15T09:41:05.300+0200] {standard_task_runner.py:82} INFO - Running: ['airflow', 'tasks', 'run', 'railway_v02', 'etl_pipeline', 'scheduled__2022-12-16T00:00:00+00:00', '--job-id', '232', '--raw', '--subdir', 'DAGS_FOLDER/fetching_api.py', '--cfg-path', '/var/folders/qr/k2__dmk5697g2jyd7w2tpyt80000gn/T/tmpld22di49']
[2023-01-15T09:41:05.325+0200] {standard_task_runner.py:83} INFO - Job 232: Subtask etl_pipeline
[2023-01-15T09:41:06.242+0200] {task_command.py:389} INFO - Running <TaskInstance: railway_v02.etl_pipeline scheduled__2022-12-16T00:00:00+00:00 [running]> on host nhanchaus-macbook-air.local
[2023-01-15T09:41:06.978+0200] {taskinstance.py:1511} INFO - Exporting the following env vars:
AIRFLOW_CTX_DAG_OWNER=Nhan_Chau
AIRFLOW_CTX_DAG_ID=railway_v02
AIRFLOW_CTX_TASK_ID=etl_pipeline
AIRFLOW_CTX_EXECUTION_DATE=2022-12-16T00:00:00+00:00
AIRFLOW_CTX_TRY_NUMBER=1
AIRFLOW_CTX_DAG_RUN_ID=scheduled__2022-12-16T00:00:00+00:00
[2023-01-15T11:09:41.427+0200] {taskinstance.py:1087} INFO - Dependencies all met for <TaskInstance: railway_v02.etl_pipeline scheduled__2022-12-16T00:00:00+00:00 [queued]>
[2023-01-15T11:09:41.443+0200] {taskinstance.py:1087} INFO - Dependencies all met for <TaskInstance: railway_v02.etl_pipeline scheduled__2022-12-16T00:00:00+00:00 [queued]>
[2023-01-15T11:09:41.444+0200] {taskinstance.py:1283} INFO - 
--------------------------------------------------------------------------------
[2023-01-15T11:09:41.444+0200] {taskinstance.py:1284} INFO - Starting attempt 1 of 6
[2023-01-15T11:09:41.445+0200] {taskinstance.py:1285} INFO - 
--------------------------------------------------------------------------------
[2023-01-15T11:09:41.460+0200] {taskinstance.py:1304} INFO - Executing <Task(_PythonDecoratedOperator): etl_pipeline> on 2022-12-16 00:00:00+00:00
[2023-01-15T11:09:41.469+0200] {standard_task_runner.py:55} INFO - Started process 7868 to run task
[2023-01-15T11:09:41.475+0200] {standard_task_runner.py:82} INFO - Running: ['airflow', 'tasks', 'run', 'railway_v02', 'etl_pipeline', 'scheduled__2022-12-16T00:00:00+00:00', '--job-id', '426', '--raw', '--subdir', 'DAGS_FOLDER/fetching_api.py', '--cfg-path', '/var/folders/qr/k2__dmk5697g2jyd7w2tpyt80000gn/T/tmp578z0un6']
[2023-01-15T11:09:41.478+0200] {standard_task_runner.py:83} INFO - Job 426: Subtask etl_pipeline
[2023-01-15T11:09:41.566+0200] {task_command.py:389} INFO - Running <TaskInstance: railway_v02.etl_pipeline scheduled__2022-12-16T00:00:00+00:00 [running]> on host nhanchaus-macbook-air.local
[2023-01-15T11:09:41.653+0200] {taskinstance.py:1511} INFO - Exporting the following env vars:
AIRFLOW_CTX_DAG_OWNER=Nhan_Chau
AIRFLOW_CTX_DAG_ID=railway_v02
AIRFLOW_CTX_TASK_ID=etl_pipeline
AIRFLOW_CTX_EXECUTION_DATE=2022-12-16T00:00:00+00:00
AIRFLOW_CTX_TRY_NUMBER=1
AIRFLOW_CTX_DAG_RUN_ID=scheduled__2022-12-16T00:00:00+00:00
[2023-01-15T11:10:19.803+0200] {python.py:177} INFO - Done. Returned value was: None
[2023-01-15T11:10:19.829+0200] {taskinstance.py:1322} INFO - Marking task as SUCCESS. dag_id=railway_v02, task_id=etl_pipeline, execution_date=20221216T000000, start_date=20230115T090941, end_date=20230115T091019
[2023-01-15T11:10:19.862+0200] {local_task_job.py:159} INFO - Task exited with return code 0
[2023-01-15T11:10:19.889+0200] {taskinstance.py:2582} INFO - 0 downstream tasks scheduled from follow-on schedule check
