[2023-01-15T09:41:00.764+0200] {taskinstance.py:1087} INFO - Dependencies all met for <TaskInstance: railway_v02.etl_pipeline scheduled__2022-12-08T00:00:00+00:00 [queued]>
[2023-01-15T09:41:00.967+0200] {taskinstance.py:1087} INFO - Dependencies all met for <TaskInstance: railway_v02.etl_pipeline scheduled__2022-12-08T00:00:00+00:00 [queued]>
[2023-01-15T09:41:00.968+0200] {taskinstance.py:1283} INFO - 
--------------------------------------------------------------------------------
[2023-01-15T09:41:00.970+0200] {taskinstance.py:1284} INFO - Starting attempt 1 of 6
[2023-01-15T09:41:00.972+0200] {taskinstance.py:1285} INFO - 
--------------------------------------------------------------------------------
[2023-01-15T09:41:01.064+0200] {taskinstance.py:1304} INFO - Executing <Task(_PythonDecoratedOperator): etl_pipeline> on 2022-12-08 00:00:00+00:00
[2023-01-15T09:41:01.143+0200] {standard_task_runner.py:55} INFO - Started process 30077 to run task
[2023-01-15T09:41:01.173+0200] {standard_task_runner.py:82} INFO - Running: ['airflow', 'tasks', 'run', 'railway_v02', 'etl_pipeline', 'scheduled__2022-12-08T00:00:00+00:00', '--job-id', '225', '--raw', '--subdir', 'DAGS_FOLDER/fetching_api.py', '--cfg-path', '/var/folders/qr/k2__dmk5697g2jyd7w2tpyt80000gn/T/tmpueff_zrz']
[2023-01-15T09:41:01.181+0200] {standard_task_runner.py:83} INFO - Job 225: Subtask etl_pipeline
[2023-01-15T09:41:01.693+0200] {task_command.py:389} INFO - Running <TaskInstance: railway_v02.etl_pipeline scheduled__2022-12-08T00:00:00+00:00 [running]> on host nhanchaus-macbook-air.local
[2023-01-15T09:41:02.730+0200] {taskinstance.py:1511} INFO - Exporting the following env vars:
AIRFLOW_CTX_DAG_OWNER=Nhan_Chau
AIRFLOW_CTX_DAG_ID=railway_v02
AIRFLOW_CTX_TASK_ID=etl_pipeline
AIRFLOW_CTX_EXECUTION_DATE=2022-12-08T00:00:00+00:00
AIRFLOW_CTX_TRY_NUMBER=1
AIRFLOW_CTX_DAG_RUN_ID=scheduled__2022-12-08T00:00:00+00:00
[2023-01-15T11:05:57.459+0200] {taskinstance.py:1087} INFO - Dependencies all met for <TaskInstance: railway_v02.etl_pipeline scheduled__2022-12-08T00:00:00+00:00 [queued]>
[2023-01-15T11:05:57.472+0200] {taskinstance.py:1087} INFO - Dependencies all met for <TaskInstance: railway_v02.etl_pipeline scheduled__2022-12-08T00:00:00+00:00 [queued]>
[2023-01-15T11:05:57.473+0200] {taskinstance.py:1283} INFO - 
--------------------------------------------------------------------------------
[2023-01-15T11:05:57.473+0200] {taskinstance.py:1284} INFO - Starting attempt 1 of 6
[2023-01-15T11:05:57.473+0200] {taskinstance.py:1285} INFO - 
--------------------------------------------------------------------------------
[2023-01-15T11:05:57.483+0200] {taskinstance.py:1304} INFO - Executing <Task(_PythonDecoratedOperator): etl_pipeline> on 2022-12-08 00:00:00+00:00
[2023-01-15T11:05:57.493+0200] {standard_task_runner.py:55} INFO - Started process 5967 to run task
[2023-01-15T11:05:57.501+0200] {standard_task_runner.py:82} INFO - Running: ['airflow', 'tasks', 'run', 'railway_v02', 'etl_pipeline', 'scheduled__2022-12-08T00:00:00+00:00', '--job-id', '418', '--raw', '--subdir', 'DAGS_FOLDER/fetching_api.py', '--cfg-path', '/var/folders/qr/k2__dmk5697g2jyd7w2tpyt80000gn/T/tmpme_yxeat']
[2023-01-15T11:05:57.507+0200] {standard_task_runner.py:83} INFO - Job 418: Subtask etl_pipeline
[2023-01-15T11:05:59.597+0200] {task_command.py:389} INFO - Running <TaskInstance: railway_v02.etl_pipeline scheduled__2022-12-08T00:00:00+00:00 [running]> on host nhanchaus-macbook-air.local
[2023-01-15T11:06:10.166+0200] {taskinstance.py:1511} INFO - Exporting the following env vars:
AIRFLOW_CTX_DAG_OWNER=Nhan_Chau
AIRFLOW_CTX_DAG_ID=railway_v02
AIRFLOW_CTX_TASK_ID=etl_pipeline
AIRFLOW_CTX_EXECUTION_DATE=2022-12-08T00:00:00+00:00
AIRFLOW_CTX_TRY_NUMBER=1
AIRFLOW_CTX_DAG_RUN_ID=scheduled__2022-12-08T00:00:00+00:00
[2023-01-15T11:08:46.365+0200] {python.py:177} INFO - Done. Returned value was: None
[2023-01-15T11:08:46.402+0200] {taskinstance.py:1322} INFO - Marking task as SUCCESS. dag_id=railway_v02, task_id=etl_pipeline, execution_date=20221208T000000, start_date=20230115T090557, end_date=20230115T090846
[2023-01-15T11:08:46.475+0200] {local_task_job.py:159} INFO - Task exited with return code 0
[2023-01-15T11:08:46.728+0200] {taskinstance.py:2582} INFO - 0 downstream tasks scheduled from follow-on schedule check
