[2023-01-15T09:40:56.523+0200] {taskinstance.py:1087} INFO - Dependencies all met for <TaskInstance: railway_v02.etl_pipeline scheduled__2022-12-04T00:00:00+00:00 [queued]>
[2023-01-15T09:40:56.605+0200] {taskinstance.py:1087} INFO - Dependencies all met for <TaskInstance: railway_v02.etl_pipeline scheduled__2022-12-04T00:00:00+00:00 [queued]>
[2023-01-15T09:40:56.607+0200] {taskinstance.py:1283} INFO - 
--------------------------------------------------------------------------------
[2023-01-15T09:40:56.607+0200] {taskinstance.py:1284} INFO - Starting attempt 1 of 6
[2023-01-15T09:40:56.607+0200] {taskinstance.py:1285} INFO - 
--------------------------------------------------------------------------------
[2023-01-15T09:40:56.681+0200] {taskinstance.py:1304} INFO - Executing <Task(_PythonDecoratedOperator): etl_pipeline> on 2022-12-04 00:00:00+00:00
[2023-01-15T09:40:56.731+0200] {standard_task_runner.py:55} INFO - Started process 29938 to run task
[2023-01-15T09:40:56.760+0200] {standard_task_runner.py:82} INFO - Running: ['airflow', 'tasks', 'run', 'railway_v02', 'etl_pipeline', 'scheduled__2022-12-04T00:00:00+00:00', '--job-id', '219', '--raw', '--subdir', 'DAGS_FOLDER/fetching_api.py', '--cfg-path', '/var/folders/qr/k2__dmk5697g2jyd7w2tpyt80000gn/T/tmpt_4dpeki']
[2023-01-15T09:40:56.766+0200] {standard_task_runner.py:83} INFO - Job 219: Subtask etl_pipeline
[2023-01-15T09:40:57.397+0200] {task_command.py:389} INFO - Running <TaskInstance: railway_v02.etl_pipeline scheduled__2022-12-04T00:00:00+00:00 [running]> on host nhanchaus-macbook-air.local
[2023-01-15T09:40:57.918+0200] {taskinstance.py:1511} INFO - Exporting the following env vars:
AIRFLOW_CTX_DAG_OWNER=Nhan_Chau
AIRFLOW_CTX_DAG_ID=railway_v02
AIRFLOW_CTX_TASK_ID=etl_pipeline
AIRFLOW_CTX_EXECUTION_DATE=2022-12-04T00:00:00+00:00
AIRFLOW_CTX_TRY_NUMBER=1
AIRFLOW_CTX_DAG_RUN_ID=scheduled__2022-12-04T00:00:00+00:00
[2023-01-15T11:05:56.775+0200] {taskinstance.py:1087} INFO - Dependencies all met for <TaskInstance: railway_v02.etl_pipeline scheduled__2022-12-04T00:00:00+00:00 [queued]>
[2023-01-15T11:05:56.802+0200] {taskinstance.py:1087} INFO - Dependencies all met for <TaskInstance: railway_v02.etl_pipeline scheduled__2022-12-04T00:00:00+00:00 [queued]>
[2023-01-15T11:05:56.802+0200] {taskinstance.py:1283} INFO - 
--------------------------------------------------------------------------------
[2023-01-15T11:05:56.802+0200] {taskinstance.py:1284} INFO - Starting attempt 1 of 6
[2023-01-15T11:05:56.803+0200] {taskinstance.py:1285} INFO - 
--------------------------------------------------------------------------------
[2023-01-15T11:05:56.819+0200] {taskinstance.py:1304} INFO - Executing <Task(_PythonDecoratedOperator): etl_pipeline> on 2022-12-04 00:00:00+00:00
[2023-01-15T11:05:56.838+0200] {standard_task_runner.py:55} INFO - Started process 5866 to run task
[2023-01-15T11:05:56.854+0200] {standard_task_runner.py:82} INFO - Running: ['airflow', 'tasks', 'run', 'railway_v02', 'etl_pipeline', 'scheduled__2022-12-04T00:00:00+00:00', '--job-id', '414', '--raw', '--subdir', 'DAGS_FOLDER/fetching_api.py', '--cfg-path', '/var/folders/qr/k2__dmk5697g2jyd7w2tpyt80000gn/T/tmps2xrnfuv']
[2023-01-15T11:05:56.863+0200] {standard_task_runner.py:83} INFO - Job 414: Subtask etl_pipeline
[2023-01-15T11:05:57.032+0200] {task_command.py:389} INFO - Running <TaskInstance: railway_v02.etl_pipeline scheduled__2022-12-04T00:00:00+00:00 [running]> on host nhanchaus-macbook-air.local
[2023-01-15T11:05:57.184+0200] {taskinstance.py:1511} INFO - Exporting the following env vars:
AIRFLOW_CTX_DAG_OWNER=Nhan_Chau
AIRFLOW_CTX_DAG_ID=railway_v02
AIRFLOW_CTX_TASK_ID=etl_pipeline
AIRFLOW_CTX_EXECUTION_DATE=2022-12-04T00:00:00+00:00
AIRFLOW_CTX_TRY_NUMBER=1
AIRFLOW_CTX_DAG_RUN_ID=scheduled__2022-12-04T00:00:00+00:00
[2023-01-15T11:08:38.932+0200] {python.py:177} INFO - Done. Returned value was: None
[2023-01-15T11:08:39.084+0200] {taskinstance.py:1322} INFO - Marking task as SUCCESS. dag_id=railway_v02, task_id=etl_pipeline, execution_date=20221204T000000, start_date=20230115T090556, end_date=20230115T090839
[2023-01-15T11:08:39.159+0200] {local_task_job.py:159} INFO - Task exited with return code 0
[2023-01-15T11:08:39.287+0200] {taskinstance.py:2582} INFO - 0 downstream tasks scheduled from follow-on schedule check
