[2023-01-15T09:54:09.852+0200] {taskinstance.py:1087} INFO - Dependencies all met for <TaskInstance: railway_v02.etl_pipeline scheduled__2023-01-11T00:00:00+00:00 [queued]>
[2023-01-15T09:54:10.280+0200] {taskinstance.py:1087} INFO - Dependencies all met for <TaskInstance: railway_v02.etl_pipeline scheduled__2023-01-11T00:00:00+00:00 [queued]>
[2023-01-15T09:54:10.307+0200] {taskinstance.py:1283} INFO - 
--------------------------------------------------------------------------------
[2023-01-15T09:54:10.308+0200] {taskinstance.py:1284} INFO - Starting attempt 1 of 6
[2023-01-15T09:54:10.311+0200] {taskinstance.py:1285} INFO - 
--------------------------------------------------------------------------------
[2023-01-15T09:54:11.343+0200] {taskinstance.py:1304} INFO - Executing <Task(_PythonDecoratedOperator): etl_pipeline> on 2023-01-11 00:00:00+00:00
[2023-01-15T09:54:11.556+0200] {standard_task_runner.py:55} INFO - Started process 4479 to run task
[2023-01-15T09:54:11.883+0200] {standard_task_runner.py:82} INFO - Running: ['airflow', 'tasks', 'run', 'railway_v02', 'etl_pipeline', 'scheduled__2023-01-11T00:00:00+00:00', '--job-id', '272', '--raw', '--subdir', 'DAGS_FOLDER/fetching_api.py', '--cfg-path', '/var/folders/qr/k2__dmk5697g2jyd7w2tpyt80000gn/T/tmpqqux6oi6']
[2023-01-15T09:54:11.956+0200] {standard_task_runner.py:83} INFO - Job 272: Subtask etl_pipeline
[2023-01-15T09:54:19.616+0200] {task_command.py:389} INFO - Running <TaskInstance: railway_v02.etl_pipeline scheduled__2023-01-11T00:00:00+00:00 [running]> on host nhanchaus-macbook-air.local
[2023-01-15T09:54:29.556+0200] {taskinstance.py:1511} INFO - Exporting the following env vars:
AIRFLOW_CTX_DAG_OWNER=Nhan_Chau
AIRFLOW_CTX_DAG_ID=railway_v02
AIRFLOW_CTX_TASK_ID=etl_pipeline
AIRFLOW_CTX_EXECUTION_DATE=2023-01-11T00:00:00+00:00
AIRFLOW_CTX_TRY_NUMBER=1
AIRFLOW_CTX_DAG_RUN_ID=scheduled__2023-01-11T00:00:00+00:00
[2023-01-15T09:58:55.545+0200] {taskinstance.py:1772} ERROR - Task failed with exception
Traceback (most recent call last):
  File "/Library/Frameworks/Python.framework/Versions/3.10/lib/python3.10/site-packages/airflow/decorators/base.py", line 217, in execute
    return_value = super().execute(context)
  File "/Library/Frameworks/Python.framework/Versions/3.10/lib/python3.10/site-packages/airflow/operators/python.py", line 175, in execute
    return_value = self.execute_callable()
  File "/Library/Frameworks/Python.framework/Versions/3.10/lib/python3.10/site-packages/airflow/operators/python.py", line 192, in execute_callable
    return self.python_callable(*self.op_args, **self.op_kwargs)
  File "/Users/nhanchau/gitRepo/Raiway_with_AIrflow/dags/fetching_api.py", line 35, in etl_pipeline
    .getOrCreate())
  File "/Library/Frameworks/Python.framework/Versions/3.10/lib/python3.10/site-packages/pyspark/sql/session.py", line 269, in getOrCreate
    sc = SparkContext.getOrCreate(sparkConf)
  File "/Library/Frameworks/Python.framework/Versions/3.10/lib/python3.10/site-packages/pyspark/context.py", line 483, in getOrCreate
    SparkContext(conf=conf or SparkConf())
  File "/Library/Frameworks/Python.framework/Versions/3.10/lib/python3.10/site-packages/pyspark/context.py", line 195, in __init__
    SparkContext._ensure_initialized(self, gateway=gateway, conf=conf)
  File "/Library/Frameworks/Python.framework/Versions/3.10/lib/python3.10/site-packages/pyspark/context.py", line 417, in _ensure_initialized
    SparkContext._gateway = gateway or launch_gateway(conf)
  File "/Library/Frameworks/Python.framework/Versions/3.10/lib/python3.10/site-packages/pyspark/java_gateway.py", line 106, in launch_gateway
    raise RuntimeError("Java gateway process exited before sending its port number")
RuntimeError: Java gateway process exited before sending its port number
[2023-01-15T09:58:57.267+0200] {taskinstance.py:1322} INFO - Marking task as UP_FOR_RETRY. dag_id=railway_v02, task_id=etl_pipeline, execution_date=20230111T000000, start_date=20230115T075410, end_date=20230115T075857
[2023-01-15T09:58:57.642+0200] {standard_task_runner.py:100} ERROR - Failed to execute job 272 for task etl_pipeline (Java gateway process exited before sending its port number; 4479)
[2023-02-03T07:00:58.623+0200] {taskinstance.py:1083} INFO - Dependencies all met for <TaskInstance: railway_v02.etl_pipeline scheduled__2023-01-11T00:00:00+00:00 [queued]>
[2023-02-03T07:00:58.631+0200] {taskinstance.py:1083} INFO - Dependencies all met for <TaskInstance: railway_v02.etl_pipeline scheduled__2023-01-11T00:00:00+00:00 [queued]>
[2023-02-03T07:00:58.632+0200] {taskinstance.py:1279} INFO - 
--------------------------------------------------------------------------------
[2023-02-03T07:00:58.632+0200] {taskinstance.py:1280} INFO - Starting attempt 1 of 6
[2023-02-03T07:00:58.632+0200] {taskinstance.py:1281} INFO - 
--------------------------------------------------------------------------------
[2023-02-03T07:00:58.641+0200] {taskinstance.py:1300} INFO - Executing <Task(_PythonDecoratedOperator): etl_pipeline> on 2023-01-11 00:00:00+00:00
[2023-02-03T07:00:58.646+0200] {standard_task_runner.py:55} INFO - Started process 51990 to run task
[2023-02-03T07:00:58.651+0200] {standard_task_runner.py:82} INFO - Running: ['airflow', 'tasks', 'run', 'railway_v02', 'etl_pipeline', 'scheduled__2023-01-11T00:00:00+00:00', '--job-id', '595', '--raw', '--subdir', 'DAGS_FOLDER/fetching_api.py', '--cfg-path', '/var/folders/qr/k2__dmk5697g2jyd7w2tpyt80000gn/T/tmp8q0f3mai']
[2023-02-03T07:00:58.652+0200] {standard_task_runner.py:83} INFO - Job 595: Subtask etl_pipeline
[2023-02-03T07:00:58.706+0200] {task_command.py:388} INFO - Running <TaskInstance: railway_v02.etl_pipeline scheduled__2023-01-11T00:00:00+00:00 [running]> on host nhanchaus-macbook-air.local
[2023-02-03T07:00:58.761+0200] {taskinstance.py:1507} INFO - Exporting the following env vars:
AIRFLOW_CTX_DAG_OWNER=Nhan_Chau
AIRFLOW_CTX_DAG_ID=railway_v02
AIRFLOW_CTX_TASK_ID=etl_pipeline
AIRFLOW_CTX_EXECUTION_DATE=2023-01-11T00:00:00+00:00
AIRFLOW_CTX_TRY_NUMBER=1
AIRFLOW_CTX_DAG_RUN_ID=scheduled__2023-01-11T00:00:00+00:00
[2023-02-03T07:01:22.649+0200] {taskinstance.py:1768} ERROR - Task failed with exception
Traceback (most recent call last):
  File "/Library/Frameworks/Python.framework/Versions/3.10/lib/python3.10/site-packages/airflow/decorators/base.py", line 217, in execute
    return_value = super().execute(context)
  File "/Library/Frameworks/Python.framework/Versions/3.10/lib/python3.10/site-packages/airflow/operators/python.py", line 175, in execute
    return_value = self.execute_callable()
  File "/Library/Frameworks/Python.framework/Versions/3.10/lib/python3.10/site-packages/airflow/operators/python.py", line 192, in execute_callable
    return self.python_callable(*self.op_args, **self.op_kwargs)
  File "/Users/nhanchau/gitRepo/Raiway_with_AIrflow/dags/fetching_api.py", line 107, in etl_pipeline
    SparkSession.stop()
TypeError: SparkSession.stop() missing 1 required positional argument: 'self'
[2023-02-03T07:01:22.667+0200] {taskinstance.py:1318} INFO - Marking task as UP_FOR_RETRY. dag_id=railway_v02, task_id=etl_pipeline, execution_date=20230111T000000, start_date=20230203T050058, end_date=20230203T050122
[2023-02-03T07:01:22.681+0200] {standard_task_runner.py:100} ERROR - Failed to execute job 595 for task etl_pipeline (SparkSession.stop() missing 1 required positional argument: 'self'; 51990)
[2023-02-03T07:01:22.719+0200] {local_task_job.py:208} INFO - Task exited with return code 1
[2023-02-03T07:01:22.740+0200] {taskinstance.py:2578} INFO - 0 downstream tasks scheduled from follow-on schedule check
