[2023-02-03T07:02:51.385+0200] {taskinstance.py:1083} INFO - Dependencies all met for <TaskInstance: railway_v02.etl_pipeline manual__2023-02-03T04:41:54.085761+00:00 [queued]>
[2023-02-03T07:02:51.393+0200] {taskinstance.py:1083} INFO - Dependencies all met for <TaskInstance: railway_v02.etl_pipeline manual__2023-02-03T04:41:54.085761+00:00 [queued]>
[2023-02-03T07:02:51.393+0200] {taskinstance.py:1279} INFO - 
--------------------------------------------------------------------------------
[2023-02-03T07:02:51.394+0200] {taskinstance.py:1280} INFO - Starting attempt 3 of 6
[2023-02-03T07:02:51.394+0200] {taskinstance.py:1281} INFO - 
--------------------------------------------------------------------------------
[2023-02-03T07:02:51.402+0200] {taskinstance.py:1300} INFO - Executing <Task(_PythonDecoratedOperator): etl_pipeline> on 2023-02-03 04:41:54.085761+00:00
[2023-02-03T07:02:51.410+0200] {standard_task_runner.py:55} INFO - Started process 52536 to run task
[2023-02-03T07:02:51.414+0200] {standard_task_runner.py:82} INFO - Running: ['airflow', 'tasks', 'run', 'railway_v02', 'etl_pipeline', 'manual__2023-02-03T04:41:54.085761+00:00', '--job-id', '599', '--raw', '--subdir', 'DAGS_FOLDER/fetching_api.py', '--cfg-path', '/var/folders/qr/k2__dmk5697g2jyd7w2tpyt80000gn/T/tmpdaoy6r4q']
[2023-02-03T07:02:51.416+0200] {standard_task_runner.py:83} INFO - Job 599: Subtask etl_pipeline
[2023-02-03T07:02:51.475+0200] {task_command.py:388} INFO - Running <TaskInstance: railway_v02.etl_pipeline manual__2023-02-03T04:41:54.085761+00:00 [running]> on host nhanchaus-macbook-air.local
[2023-02-03T07:02:51.534+0200] {taskinstance.py:1507} INFO - Exporting the following env vars:
AIRFLOW_CTX_DAG_OWNER=Nhan_Chau
AIRFLOW_CTX_DAG_ID=railway_v02
AIRFLOW_CTX_TASK_ID=etl_pipeline
AIRFLOW_CTX_EXECUTION_DATE=2023-02-03T04:41:54.085761+00:00
AIRFLOW_CTX_TRY_NUMBER=3
AIRFLOW_CTX_DAG_RUN_ID=manual__2023-02-03T04:41:54.085761+00:00
[2023-02-03T07:03:19.733+0200] {taskinstance.py:1768} ERROR - Task failed with exception
Traceback (most recent call last):
  File "/Library/Frameworks/Python.framework/Versions/3.10/lib/python3.10/site-packages/airflow/decorators/base.py", line 217, in execute
    return_value = super().execute(context)
  File "/Library/Frameworks/Python.framework/Versions/3.10/lib/python3.10/site-packages/airflow/operators/python.py", line 175, in execute
    return_value = self.execute_callable()
  File "/Library/Frameworks/Python.framework/Versions/3.10/lib/python3.10/site-packages/airflow/operators/python.py", line 192, in execute_callable
    return self.python_callable(*self.op_args, **self.op_kwargs)
  File "/Users/nhanchau/gitRepo/Raiway_with_AIrflow/dags/fetching_api.py", line 107, in etl_pipeline
    SparkSession.stop()
TypeError: SparkSession.stop() missing 1 required positional argument: 'self'
[2023-02-03T07:03:19.789+0200] {taskinstance.py:1318} INFO - Marking task as UP_FOR_RETRY. dag_id=railway_v02, task_id=etl_pipeline, execution_date=20230203T044154, start_date=20230203T050251, end_date=20230203T050319
[2023-02-03T07:03:19.848+0200] {standard_task_runner.py:100} ERROR - Failed to execute job 599 for task etl_pipeline (SparkSession.stop() missing 1 required positional argument: 'self'; 52536)
[2023-02-03T07:03:19.904+0200] {local_task_job.py:208} INFO - Task exited with return code 1
[2023-02-03T07:03:19.960+0200] {taskinstance.py:2578} INFO - 0 downstream tasks scheduled from follow-on schedule check
