[2023-02-05T02:06:01.840+0200] {taskinstance.py:1083} INFO - Dependencies all met for <TaskInstance: railway_v02.etl_pipeline scheduled__2023-02-04T00:00:00+00:00 [queued]>
[2023-02-05T02:06:01.851+0200] {taskinstance.py:1083} INFO - Dependencies all met for <TaskInstance: railway_v02.etl_pipeline scheduled__2023-02-04T00:00:00+00:00 [queued]>
[2023-02-05T02:06:01.851+0200] {taskinstance.py:1279} INFO - 
--------------------------------------------------------------------------------
[2023-02-05T02:06:01.852+0200] {taskinstance.py:1280} INFO - Starting attempt 1 of 6
[2023-02-05T02:06:01.852+0200] {taskinstance.py:1281} INFO - 
--------------------------------------------------------------------------------
[2023-02-05T02:06:01.863+0200] {taskinstance.py:1300} INFO - Executing <Task(_PythonDecoratedOperator): etl_pipeline> on 2023-02-04 00:00:00+00:00
[2023-02-05T02:06:01.873+0200] {standard_task_runner.py:55} INFO - Started process 61324 to run task
[2023-02-05T02:06:01.886+0200] {standard_task_runner.py:82} INFO - Running: ['airflow', 'tasks', 'run', 'railway_v02', 'etl_pipeline', 'scheduled__2023-02-04T00:00:00+00:00', '--job-id', '773', '--raw', '--subdir', 'DAGS_FOLDER/fetching_api.py', '--cfg-path', '/var/folders/qr/k2__dmk5697g2jyd7w2tpyt80000gn/T/tmp5ara643h']
[2023-02-05T02:06:01.890+0200] {standard_task_runner.py:83} INFO - Job 773: Subtask etl_pipeline
[2023-02-05T02:06:01.961+0200] {task_command.py:388} INFO - Running <TaskInstance: railway_v02.etl_pipeline scheduled__2023-02-04T00:00:00+00:00 [running]> on host nhanchaus-macbook-air.local
[2023-02-05T02:06:02.034+0200] {taskinstance.py:1507} INFO - Exporting the following env vars:
AIRFLOW_CTX_DAG_OWNER=Nhan_Chau
AIRFLOW_CTX_DAG_ID=railway_v02
AIRFLOW_CTX_TASK_ID=etl_pipeline
AIRFLOW_CTX_EXECUTION_DATE=2023-02-04T00:00:00+00:00
AIRFLOW_CTX_TRY_NUMBER=1
AIRFLOW_CTX_DAG_RUN_ID=scheduled__2023-02-04T00:00:00+00:00
[2023-02-05T02:07:21.289+0200] {python.py:177} INFO - Done. Returned value was: None
[2023-02-05T02:07:21.318+0200] {taskinstance.py:1318} INFO - Marking task as SUCCESS. dag_id=railway_v02, task_id=etl_pipeline, execution_date=20230204T000000, start_date=20230205T000601, end_date=20230205T000721
[2023-02-05T02:07:21.373+0200] {local_task_job.py:208} INFO - Task exited with return code 0
[2023-02-05T02:07:21.404+0200] {taskinstance.py:2578} INFO - 1 downstream tasks scheduled from follow-on schedule check
