[2023-02-06T02:01:20.886+0200] {taskinstance.py:1083} INFO - Dependencies all met for <TaskInstance: railway_v02.visualization scheduled__2023-02-05T00:00:00+00:00 [queued]>
[2023-02-06T02:01:20.896+0200] {taskinstance.py:1083} INFO - Dependencies all met for <TaskInstance: railway_v02.visualization scheduled__2023-02-05T00:00:00+00:00 [queued]>
[2023-02-06T02:01:20.896+0200] {taskinstance.py:1279} INFO - 
--------------------------------------------------------------------------------
[2023-02-06T02:01:20.897+0200] {taskinstance.py:1280} INFO - Starting attempt 1 of 6
[2023-02-06T02:01:20.897+0200] {taskinstance.py:1281} INFO - 
--------------------------------------------------------------------------------
[2023-02-06T02:01:20.905+0200] {taskinstance.py:1300} INFO - Executing <Task(_PythonDecoratedOperator): visualization> on 2023-02-05 00:00:00+00:00
[2023-02-06T02:01:20.911+0200] {standard_task_runner.py:55} INFO - Started process 71299 to run task
[2023-02-06T02:01:20.914+0200] {standard_task_runner.py:82} INFO - Running: ['airflow', 'tasks', 'run', 'railway_v02', 'visualization', 'scheduled__2023-02-05T00:00:00+00:00', '--job-id', '776', '--raw', '--subdir', 'DAGS_FOLDER/fetching_api.py', '--cfg-path', '/var/folders/qr/k2__dmk5697g2jyd7w2tpyt80000gn/T/tmpz4iibehv']
[2023-02-06T02:01:20.916+0200] {standard_task_runner.py:83} INFO - Job 776: Subtask visualization
[2023-02-06T02:01:20.980+0200] {task_command.py:388} INFO - Running <TaskInstance: railway_v02.visualization scheduled__2023-02-05T00:00:00+00:00 [running]> on host nhanchaus-macbook-air.local
[2023-02-06T02:01:21.041+0200] {taskinstance.py:1507} INFO - Exporting the following env vars:
AIRFLOW_CTX_DAG_OWNER=Nhan_Chau
AIRFLOW_CTX_DAG_ID=railway_v02
AIRFLOW_CTX_TASK_ID=visualization
AIRFLOW_CTX_EXECUTION_DATE=2023-02-05T00:00:00+00:00
AIRFLOW_CTX_TRY_NUMBER=1
AIRFLOW_CTX_DAG_RUN_ID=scheduled__2023-02-05T00:00:00+00:00
[2023-02-06T02:01:21.082+0200] {logging_mixin.py:137} INFO -   traincategory_name  number
0         Test drive       1
1           Commuter       3
2  On-track machines       1
3           Shunting       7
4              Cargo       2
5      Long-distance      14
6         Locomotive       1
[2023-02-06T02:01:21.082+0200] {python.py:177} INFO - Done. Returned value was: None
[2023-02-06T02:01:21.092+0200] {taskinstance.py:1318} INFO - Marking task as SUCCESS. dag_id=railway_v02, task_id=visualization, execution_date=20230205T000000, start_date=20230206T000120, end_date=20230206T000121
[2023-02-06T02:01:21.139+0200] {local_task_job.py:208} INFO - Task exited with return code 0
[2023-02-06T02:01:21.158+0200] {taskinstance.py:2578} INFO - 0 downstream tasks scheduled from follow-on schedule check
