[2023-02-03T08:36:58.429+0200] {taskinstance.py:1083} INFO - Dependencies all met for <TaskInstance: railway_v02.etl_pipeline manual__2023-02-03T06:36:54.589438+00:00 [queued]>
[2023-02-03T08:36:58.445+0200] {taskinstance.py:1083} INFO - Dependencies all met for <TaskInstance: railway_v02.etl_pipeline manual__2023-02-03T06:36:54.589438+00:00 [queued]>
[2023-02-03T08:36:58.446+0200] {taskinstance.py:1279} INFO - 
--------------------------------------------------------------------------------
[2023-02-03T08:36:58.446+0200] {taskinstance.py:1280} INFO - Starting attempt 1 of 6
[2023-02-03T08:36:58.447+0200] {taskinstance.py:1281} INFO - 
--------------------------------------------------------------------------------
[2023-02-03T08:36:58.459+0200] {taskinstance.py:1300} INFO - Executing <Task(_PythonDecoratedOperator): etl_pipeline> on 2023-02-03 06:36:54.589438+00:00
[2023-02-03T08:36:58.472+0200] {standard_task_runner.py:55} INFO - Started process 72067 to run task
[2023-02-03T08:36:58.478+0200] {standard_task_runner.py:82} INFO - Running: ['airflow', 'tasks', 'run', 'railway_v02', 'etl_pipeline', 'manual__2023-02-03T06:36:54.589438+00:00', '--job-id', '702', '--raw', '--subdir', 'DAGS_FOLDER/fetching_api.py', '--cfg-path', '/var/folders/qr/k2__dmk5697g2jyd7w2tpyt80000gn/T/tmp6braju2u']
[2023-02-03T08:36:58.481+0200] {standard_task_runner.py:83} INFO - Job 702: Subtask etl_pipeline
[2023-02-03T08:36:58.567+0200] {task_command.py:388} INFO - Running <TaskInstance: railway_v02.etl_pipeline manual__2023-02-03T06:36:54.589438+00:00 [running]> on host nhanchaus-macbook-air.local
[2023-02-03T08:36:58.652+0200] {taskinstance.py:1507} INFO - Exporting the following env vars:
AIRFLOW_CTX_DAG_OWNER=Nhan_Chau
AIRFLOW_CTX_DAG_ID=railway_v02
AIRFLOW_CTX_TASK_ID=etl_pipeline
AIRFLOW_CTX_EXECUTION_DATE=2023-02-03T06:36:54.589438+00:00
AIRFLOW_CTX_TRY_NUMBER=1
AIRFLOW_CTX_DAG_RUN_ID=manual__2023-02-03T06:36:54.589438+00:00
[2023-02-03T08:37:37.110+0200] {python.py:177} INFO - Done. Returned value was: None
[2023-02-03T08:37:37.134+0200] {taskinstance.py:1318} INFO - Marking task as SUCCESS. dag_id=railway_v02, task_id=etl_pipeline, execution_date=20230203T063654, start_date=20230203T063658, end_date=20230203T063737
[2023-02-03T08:37:37.154+0200] {local_task_job.py:208} INFO - Task exited with return code 0
[2023-02-03T08:37:37.186+0200] {taskinstance.py:2578} INFO - 1 downstream tasks scheduled from follow-on schedule check
