[2023-01-15T12:31:04.945+0200] {taskinstance.py:1087} INFO - Dependencies all met for <TaskInstance: railway_v02.etl_pipeline manual__2023-01-15T10:15:41.057163+00:00 [queued]>
[2023-01-15T12:31:04.954+0200] {taskinstance.py:1087} INFO - Dependencies all met for <TaskInstance: railway_v02.etl_pipeline manual__2023-01-15T10:15:41.057163+00:00 [queued]>
[2023-01-15T12:31:04.955+0200] {taskinstance.py:1283} INFO - 
--------------------------------------------------------------------------------
[2023-01-15T12:31:04.955+0200] {taskinstance.py:1284} INFO - Starting attempt 2 of 6
[2023-01-15T12:31:04.955+0200] {taskinstance.py:1285} INFO - 
--------------------------------------------------------------------------------
[2023-01-15T12:31:04.963+0200] {taskinstance.py:1304} INFO - Executing <Task(_PythonDecoratedOperator): etl_pipeline> on 2023-01-15 10:15:41.057163+00:00
[2023-01-15T12:31:04.970+0200] {standard_task_runner.py:55} INFO - Started process 47818 to run task
[2023-01-15T12:31:04.974+0200] {standard_task_runner.py:82} INFO - Running: ['airflow', 'tasks', 'run', 'railway_v02', 'etl_pipeline', 'manual__2023-01-15T10:15:41.057163+00:00', '--job-id', '523', '--raw', '--subdir', 'DAGS_FOLDER/fetching_api.py', '--cfg-path', '/var/folders/qr/k2__dmk5697g2jyd7w2tpyt80000gn/T/tmpxwah90re']
[2023-01-15T12:31:04.976+0200] {standard_task_runner.py:83} INFO - Job 523: Subtask etl_pipeline
[2023-01-15T12:31:05.037+0200] {task_command.py:389} INFO - Running <TaskInstance: railway_v02.etl_pipeline manual__2023-01-15T10:15:41.057163+00:00 [running]> on host nhanchaus-macbook-air.local
[2023-01-15T12:31:05.095+0200] {taskinstance.py:1511} INFO - Exporting the following env vars:
AIRFLOW_CTX_DAG_OWNER=Nhan_Chau
AIRFLOW_CTX_DAG_ID=railway_v02
AIRFLOW_CTX_TASK_ID=etl_pipeline
AIRFLOW_CTX_EXECUTION_DATE=2023-01-15T10:15:41.057163+00:00
AIRFLOW_CTX_TRY_NUMBER=2
AIRFLOW_CTX_DAG_RUN_ID=manual__2023-01-15T10:15:41.057163+00:00
[2023-01-15T12:31:30.064+0200] {taskinstance.py:1772} ERROR - Task failed with exception
Traceback (most recent call last):
  File "/Library/Frameworks/Python.framework/Versions/3.10/lib/python3.10/site-packages/airflow/decorators/base.py", line 217, in execute
    return_value = super().execute(context)
  File "/Library/Frameworks/Python.framework/Versions/3.10/lib/python3.10/site-packages/airflow/operators/python.py", line 175, in execute
    return_value = self.execute_callable()
  File "/Library/Frameworks/Python.framework/Versions/3.10/lib/python3.10/site-packages/airflow/operators/python.py", line 192, in execute_callable
    return self.python_callable(*self.op_args, **self.op_kwargs)
  File "/Users/nhanchau/gitRepo/Raiway_with_AIrflow/dags/fetching_api.py", line 113, in etl_pipeline
    SparkSession.stop()
TypeError: SparkSession.stop() missing 1 required positional argument: 'self'
[2023-01-15T12:31:30.092+0200] {taskinstance.py:1322} INFO - Marking task as UP_FOR_RETRY. dag_id=railway_v02, task_id=etl_pipeline, execution_date=20230115T101541, start_date=20230115T103104, end_date=20230115T103130
[2023-01-15T12:31:30.115+0200] {standard_task_runner.py:100} ERROR - Failed to execute job 523 for task etl_pipeline (SparkSession.stop() missing 1 required positional argument: 'self'; 47818)
[2023-01-15T12:31:30.159+0200] {local_task_job.py:159} INFO - Task exited with return code 1
[2023-01-15T12:31:30.197+0200] {taskinstance.py:2582} INFO - 0 downstream tasks scheduled from follow-on schedule check
