[2023-01-15T09:41:02.154+0200] {taskinstance.py:1087} INFO - Dependencies all met for <TaskInstance: railway_v02.etl_pipeline scheduled__2022-12-11T00:00:00+00:00 [queued]>
[2023-01-15T09:41:02.305+0200] {taskinstance.py:1087} INFO - Dependencies all met for <TaskInstance: railway_v02.etl_pipeline scheduled__2022-12-11T00:00:00+00:00 [queued]>
[2023-01-15T09:41:02.314+0200] {taskinstance.py:1283} INFO - 
--------------------------------------------------------------------------------
[2023-01-15T09:41:02.324+0200] {taskinstance.py:1284} INFO - Starting attempt 1 of 6
[2023-01-15T09:41:02.331+0200] {taskinstance.py:1285} INFO - 
--------------------------------------------------------------------------------
[2023-01-15T09:41:02.629+0200] {taskinstance.py:1304} INFO - Executing <Task(_PythonDecoratedOperator): etl_pipeline> on 2022-12-11 00:00:00+00:00
[2023-01-15T09:41:02.687+0200] {standard_task_runner.py:55} INFO - Started process 30140 to run task
[2023-01-15T09:41:02.702+0200] {standard_task_runner.py:82} INFO - Running: ['airflow', 'tasks', 'run', 'railway_v02', 'etl_pipeline', 'scheduled__2022-12-11T00:00:00+00:00', '--job-id', '228', '--raw', '--subdir', 'DAGS_FOLDER/fetching_api.py', '--cfg-path', '/var/folders/qr/k2__dmk5697g2jyd7w2tpyt80000gn/T/tmpwi6j8l8h']
[2023-01-15T09:41:02.711+0200] {standard_task_runner.py:83} INFO - Job 228: Subtask etl_pipeline
[2023-01-15T09:41:03.427+0200] {task_command.py:389} INFO - Running <TaskInstance: railway_v02.etl_pipeline scheduled__2022-12-11T00:00:00+00:00 [running]> on host nhanchaus-macbook-air.local
[2023-01-15T09:41:03.898+0200] {taskinstance.py:1511} INFO - Exporting the following env vars:
AIRFLOW_CTX_DAG_OWNER=Nhan_Chau
AIRFLOW_CTX_DAG_ID=railway_v02
AIRFLOW_CTX_TASK_ID=etl_pipeline
AIRFLOW_CTX_EXECUTION_DATE=2022-12-11T00:00:00+00:00
AIRFLOW_CTX_TRY_NUMBER=1
AIRFLOW_CTX_DAG_RUN_ID=scheduled__2022-12-11T00:00:00+00:00
[2023-01-15T11:08:46.229+0200] {taskinstance.py:1087} INFO - Dependencies all met for <TaskInstance: railway_v02.etl_pipeline scheduled__2022-12-11T00:00:00+00:00 [queued]>
[2023-01-15T11:08:46.245+0200] {taskinstance.py:1087} INFO - Dependencies all met for <TaskInstance: railway_v02.etl_pipeline scheduled__2022-12-11T00:00:00+00:00 [queued]>
[2023-01-15T11:08:46.245+0200] {taskinstance.py:1283} INFO - 
--------------------------------------------------------------------------------
[2023-01-15T11:08:46.246+0200] {taskinstance.py:1284} INFO - Starting attempt 1 of 6
[2023-01-15T11:08:46.246+0200] {taskinstance.py:1285} INFO - 
--------------------------------------------------------------------------------
[2023-01-15T11:08:46.261+0200] {taskinstance.py:1304} INFO - Executing <Task(_PythonDecoratedOperator): etl_pipeline> on 2022-12-11 00:00:00+00:00
[2023-01-15T11:08:46.274+0200] {standard_task_runner.py:55} INFO - Started process 7301 to run task
[2023-01-15T11:08:46.281+0200] {standard_task_runner.py:82} INFO - Running: ['airflow', 'tasks', 'run', 'railway_v02', 'etl_pipeline', 'scheduled__2022-12-11T00:00:00+00:00', '--job-id', '421', '--raw', '--subdir', 'DAGS_FOLDER/fetching_api.py', '--cfg-path', '/var/folders/qr/k2__dmk5697g2jyd7w2tpyt80000gn/T/tmpm0wxoyfp']
[2023-01-15T11:08:46.284+0200] {standard_task_runner.py:83} INFO - Job 421: Subtask etl_pipeline
[2023-01-15T11:08:46.376+0200] {task_command.py:389} INFO - Running <TaskInstance: railway_v02.etl_pipeline scheduled__2022-12-11T00:00:00+00:00 [running]> on host nhanchaus-macbook-air.local
[2023-01-15T11:08:46.466+0200] {taskinstance.py:1511} INFO - Exporting the following env vars:
AIRFLOW_CTX_DAG_OWNER=Nhan_Chau
AIRFLOW_CTX_DAG_ID=railway_v02
AIRFLOW_CTX_TASK_ID=etl_pipeline
AIRFLOW_CTX_EXECUTION_DATE=2022-12-11T00:00:00+00:00
AIRFLOW_CTX_TRY_NUMBER=1
AIRFLOW_CTX_DAG_RUN_ID=scheduled__2022-12-11T00:00:00+00:00
[2023-01-15T11:09:28.914+0200] {python.py:177} INFO - Done. Returned value was: None
[2023-01-15T11:09:28.962+0200] {taskinstance.py:1322} INFO - Marking task as SUCCESS. dag_id=railway_v02, task_id=etl_pipeline, execution_date=20221211T000000, start_date=20230115T090846, end_date=20230115T090928
[2023-01-15T11:09:29.189+0200] {local_task_job.py:159} INFO - Task exited with return code 0
[2023-01-15T11:09:29.239+0200] {taskinstance.py:2582} INFO - 0 downstream tasks scheduled from follow-on schedule check
