[2023-01-15T09:41:13.723+0200] {taskinstance.py:1087} INFO - Dependencies all met for <TaskInstance: railway_v02.etl_pipeline scheduled__2022-12-20T00:00:00+00:00 [queued]>
[2023-01-15T09:41:13.943+0200] {taskinstance.py:1087} INFO - Dependencies all met for <TaskInstance: railway_v02.etl_pipeline scheduled__2022-12-20T00:00:00+00:00 [queued]>
[2023-01-15T09:41:13.944+0200] {taskinstance.py:1283} INFO - 
--------------------------------------------------------------------------------
[2023-01-15T09:41:13.944+0200] {taskinstance.py:1284} INFO - Starting attempt 1 of 6
[2023-01-15T09:41:13.945+0200] {taskinstance.py:1285} INFO - 
--------------------------------------------------------------------------------
[2023-01-15T09:41:14.101+0200] {taskinstance.py:1304} INFO - Executing <Task(_PythonDecoratedOperator): etl_pipeline> on 2022-12-20 00:00:00+00:00
[2023-01-15T09:41:14.309+0200] {standard_task_runner.py:82} INFO - Running: ['airflow', 'tasks', 'run', 'railway_v02', 'etl_pipeline', 'scheduled__2022-12-20T00:00:00+00:00', '--job-id', '236', '--raw', '--subdir', 'DAGS_FOLDER/fetching_api.py', '--cfg-path', '/var/folders/qr/k2__dmk5697g2jyd7w2tpyt80000gn/T/tmpez31hdjo']
[2023-01-15T09:41:14.331+0200] {standard_task_runner.py:83} INFO - Job 236: Subtask etl_pipeline
[2023-01-15T09:41:14.311+0200] {standard_task_runner.py:55} INFO - Started process 30420 to run task
[2023-01-15T09:41:15.382+0200] {task_command.py:389} INFO - Running <TaskInstance: railway_v02.etl_pipeline scheduled__2022-12-20T00:00:00+00:00 [running]> on host nhanchaus-macbook-air.local
[2023-01-15T09:41:16.187+0200] {taskinstance.py:1511} INFO - Exporting the following env vars:
AIRFLOW_CTX_DAG_OWNER=Nhan_Chau
AIRFLOW_CTX_DAG_ID=railway_v02
AIRFLOW_CTX_TASK_ID=etl_pipeline
AIRFLOW_CTX_EXECUTION_DATE=2022-12-20T00:00:00+00:00
AIRFLOW_CTX_TRY_NUMBER=1
AIRFLOW_CTX_DAG_RUN_ID=scheduled__2022-12-20T00:00:00+00:00
[2023-01-15T11:11:00.491+0200] {taskinstance.py:1087} INFO - Dependencies all met for <TaskInstance: railway_v02.etl_pipeline scheduled__2022-12-20T00:00:00+00:00 [queued]>
[2023-01-15T11:11:00.504+0200] {taskinstance.py:1087} INFO - Dependencies all met for <TaskInstance: railway_v02.etl_pipeline scheduled__2022-12-20T00:00:00+00:00 [queued]>
[2023-01-15T11:11:00.505+0200] {taskinstance.py:1283} INFO - 
--------------------------------------------------------------------------------
[2023-01-15T11:11:00.505+0200] {taskinstance.py:1284} INFO - Starting attempt 1 of 6
[2023-01-15T11:11:00.506+0200] {taskinstance.py:1285} INFO - 
--------------------------------------------------------------------------------
[2023-01-15T11:11:00.516+0200] {taskinstance.py:1304} INFO - Executing <Task(_PythonDecoratedOperator): etl_pipeline> on 2022-12-20 00:00:00+00:00
[2023-01-15T11:11:00.526+0200] {standard_task_runner.py:55} INFO - Started process 8588 to run task
[2023-01-15T11:11:00.532+0200] {standard_task_runner.py:82} INFO - Running: ['airflow', 'tasks', 'run', 'railway_v02', 'etl_pipeline', 'scheduled__2022-12-20T00:00:00+00:00', '--job-id', '430', '--raw', '--subdir', 'DAGS_FOLDER/fetching_api.py', '--cfg-path', '/var/folders/qr/k2__dmk5697g2jyd7w2tpyt80000gn/T/tmpe34bosps']
[2023-01-15T11:11:00.535+0200] {standard_task_runner.py:83} INFO - Job 430: Subtask etl_pipeline
[2023-01-15T11:11:00.611+0200] {task_command.py:389} INFO - Running <TaskInstance: railway_v02.etl_pipeline scheduled__2022-12-20T00:00:00+00:00 [running]> on host nhanchaus-macbook-air.local
[2023-01-15T11:11:00.692+0200] {taskinstance.py:1511} INFO - Exporting the following env vars:
AIRFLOW_CTX_DAG_OWNER=Nhan_Chau
AIRFLOW_CTX_DAG_ID=railway_v02
AIRFLOW_CTX_TASK_ID=etl_pipeline
AIRFLOW_CTX_EXECUTION_DATE=2022-12-20T00:00:00+00:00
AIRFLOW_CTX_TRY_NUMBER=1
AIRFLOW_CTX_DAG_RUN_ID=scheduled__2022-12-20T00:00:00+00:00
[2023-01-15T11:11:42.326+0200] {python.py:177} INFO - Done. Returned value was: None
[2023-01-15T11:11:42.399+0200] {taskinstance.py:1322} INFO - Marking task as SUCCESS. dag_id=railway_v02, task_id=etl_pipeline, execution_date=20221220T000000, start_date=20230115T091100, end_date=20230115T091142
[2023-01-15T11:11:42.497+0200] {local_task_job.py:159} INFO - Task exited with return code 0
[2023-01-15T11:11:42.577+0200] {taskinstance.py:2582} INFO - 0 downstream tasks scheduled from follow-on schedule check
