[2023-01-15T09:41:43.024+0200] {taskinstance.py:1087} INFO - Dependencies all met for <TaskInstance: railway_v02.etl_pipeline scheduled__2022-12-26T00:00:00+00:00 [queued]>
[2023-01-15T09:41:43.398+0200] {taskinstance.py:1087} INFO - Dependencies all met for <TaskInstance: railway_v02.etl_pipeline scheduled__2022-12-26T00:00:00+00:00 [queued]>
[2023-01-15T09:41:43.426+0200] {taskinstance.py:1283} INFO - 
--------------------------------------------------------------------------------
[2023-01-15T09:41:43.426+0200] {taskinstance.py:1284} INFO - Starting attempt 1 of 6
[2023-01-15T09:41:43.452+0200] {taskinstance.py:1285} INFO - 
--------------------------------------------------------------------------------
[2023-01-15T09:41:44.149+0200] {taskinstance.py:1304} INFO - Executing <Task(_PythonDecoratedOperator): etl_pipeline> on 2022-12-26 00:00:00+00:00
[2023-01-15T09:41:44.517+0200] {standard_task_runner.py:55} INFO - Started process 30961 to run task
[2023-01-15T09:41:44.539+0200] {standard_task_runner.py:82} INFO - Running: ['airflow', 'tasks', 'run', 'railway_v02', 'etl_pipeline', 'scheduled__2022-12-26T00:00:00+00:00', '--job-id', '242', '--raw', '--subdir', 'DAGS_FOLDER/fetching_api.py', '--cfg-path', '/var/folders/qr/k2__dmk5697g2jyd7w2tpyt80000gn/T/tmphmaa68do']
[2023-01-15T09:41:44.566+0200] {standard_task_runner.py:83} INFO - Job 242: Subtask etl_pipeline
[2023-01-15T09:41:46.272+0200] {task_command.py:389} INFO - Running <TaskInstance: railway_v02.etl_pipeline scheduled__2022-12-26T00:00:00+00:00 [running]> on host nhanchaus-macbook-air.local
[2023-01-15T09:41:51.891+0200] {taskinstance.py:1511} INFO - Exporting the following env vars:
AIRFLOW_CTX_DAG_OWNER=Nhan_Chau
AIRFLOW_CTX_DAG_ID=railway_v02
AIRFLOW_CTX_TASK_ID=etl_pipeline
AIRFLOW_CTX_EXECUTION_DATE=2022-12-26T00:00:00+00:00
AIRFLOW_CTX_TRY_NUMBER=1
AIRFLOW_CTX_DAG_RUN_ID=scheduled__2022-12-26T00:00:00+00:00
[2023-01-15T11:12:31.254+0200] {taskinstance.py:1087} INFO - Dependencies all met for <TaskInstance: railway_v02.etl_pipeline scheduled__2022-12-26T00:00:00+00:00 [queued]>
[2023-01-15T11:12:31.299+0200] {taskinstance.py:1087} INFO - Dependencies all met for <TaskInstance: railway_v02.etl_pipeline scheduled__2022-12-26T00:00:00+00:00 [queued]>
[2023-01-15T11:12:31.303+0200] {taskinstance.py:1283} INFO - 
--------------------------------------------------------------------------------
[2023-01-15T11:12:31.305+0200] {taskinstance.py:1284} INFO - Starting attempt 1 of 6
[2023-01-15T11:12:31.305+0200] {taskinstance.py:1285} INFO - 
--------------------------------------------------------------------------------
[2023-01-15T11:12:31.511+0200] {taskinstance.py:1304} INFO - Executing <Task(_PythonDecoratedOperator): etl_pipeline> on 2022-12-26 00:00:00+00:00
[2023-01-15T11:12:31.522+0200] {standard_task_runner.py:55} INFO - Started process 9418 to run task
[2023-01-15T11:12:31.552+0200] {standard_task_runner.py:82} INFO - Running: ['airflow', 'tasks', 'run', 'railway_v02', 'etl_pipeline', 'scheduled__2022-12-26T00:00:00+00:00', '--job-id', '437', '--raw', '--subdir', 'DAGS_FOLDER/fetching_api.py', '--cfg-path', '/var/folders/qr/k2__dmk5697g2jyd7w2tpyt80000gn/T/tmp8k0h717l']
[2023-01-15T11:12:31.556+0200] {standard_task_runner.py:83} INFO - Job 437: Subtask etl_pipeline
[2023-01-15T11:12:32.241+0200] {task_command.py:389} INFO - Running <TaskInstance: railway_v02.etl_pipeline scheduled__2022-12-26T00:00:00+00:00 [running]> on host nhanchaus-macbook-air.local
[2023-01-15T11:12:32.490+0200] {taskinstance.py:1511} INFO - Exporting the following env vars:
AIRFLOW_CTX_DAG_OWNER=Nhan_Chau
AIRFLOW_CTX_DAG_ID=railway_v02
AIRFLOW_CTX_TASK_ID=etl_pipeline
AIRFLOW_CTX_EXECUTION_DATE=2022-12-26T00:00:00+00:00
AIRFLOW_CTX_TRY_NUMBER=1
AIRFLOW_CTX_DAG_RUN_ID=scheduled__2022-12-26T00:00:00+00:00
[2023-01-15T11:13:24.743+0200] {python.py:177} INFO - Done. Returned value was: None
[2023-01-15T11:13:24.784+0200] {taskinstance.py:1322} INFO - Marking task as SUCCESS. dag_id=railway_v02, task_id=etl_pipeline, execution_date=20221226T000000, start_date=20230115T091231, end_date=20230115T091324
[2023-01-15T11:13:24.876+0200] {local_task_job.py:159} INFO - Task exited with return code 0
[2023-01-15T11:13:25.211+0200] {taskinstance.py:2582} INFO - 0 downstream tasks scheduled from follow-on schedule check
