[2023-01-15T04:57:23.308+0200] {taskinstance.py:1087} INFO - Dependencies all met for <TaskInstance: railway_v01.etl manual__2023-01-15T01:57:11.345228+00:00 [queued]>
[2023-01-15T04:57:23.318+0200] {taskinstance.py:1087} INFO - Dependencies all met for <TaskInstance: railway_v01.etl manual__2023-01-15T01:57:11.345228+00:00 [queued]>
[2023-01-15T04:57:23.319+0200] {taskinstance.py:1283} INFO - 
--------------------------------------------------------------------------------
[2023-01-15T04:57:23.319+0200] {taskinstance.py:1284} INFO - Starting attempt 4 of 9
[2023-01-15T04:57:23.319+0200] {taskinstance.py:1285} INFO - 
--------------------------------------------------------------------------------
[2023-01-15T04:57:23.331+0200] {taskinstance.py:1304} INFO - Executing <Task(_PythonDecoratedOperator): etl> on 2023-01-15 01:57:11.345228+00:00
[2023-01-15T04:57:23.338+0200] {standard_task_runner.py:55} INFO - Started process 79101 to run task
[2023-01-15T04:57:23.343+0200] {standard_task_runner.py:82} INFO - Running: ['airflow', 'tasks', 'run', 'railway_v01', 'etl', 'manual__2023-01-15T01:57:11.345228+00:00', '--job-id', '191', '--raw', '--subdir', 'DAGS_FOLDER/fetching_api.py', '--cfg-path', '/var/folders/qr/k2__dmk5697g2jyd7w2tpyt80000gn/T/tmptvanibrx']
[2023-01-15T04:57:23.345+0200] {standard_task_runner.py:83} INFO - Job 191: Subtask etl
[2023-01-15T04:57:23.418+0200] {task_command.py:389} INFO - Running <TaskInstance: railway_v01.etl manual__2023-01-15T01:57:11.345228+00:00 [running]> on host nhanchaus-macbook-air.local
[2023-01-15T04:57:23.502+0200] {taskinstance.py:1511} INFO - Exporting the following env vars:
AIRFLOW_CTX_DAG_OWNER=Nhan_Chau
AIRFLOW_CTX_DAG_ID=railway_v01
AIRFLOW_CTX_TASK_ID=etl
AIRFLOW_CTX_EXECUTION_DATE=2023-01-15T01:57:11.345228+00:00
AIRFLOW_CTX_TRY_NUMBER=4
AIRFLOW_CTX_DAG_RUN_ID=manual__2023-01-15T01:57:11.345228+00:00
[2023-01-15T04:57:49.903+0200] {taskinstance.py:1772} ERROR - Task failed with exception
Traceback (most recent call last):
  File "/Library/Frameworks/Python.framework/Versions/3.10/lib/python3.10/site-packages/airflow/decorators/base.py", line 217, in execute
    return_value = super().execute(context)
  File "/Library/Frameworks/Python.framework/Versions/3.10/lib/python3.10/site-packages/airflow/operators/python.py", line 175, in execute
    return_value = self.execute_callable()
  File "/Library/Frameworks/Python.framework/Versions/3.10/lib/python3.10/site-packages/airflow/operators/python.py", line 192, in execute_callable
    return self.python_callable(*self.op_args, **self.op_kwargs)
  File "/Users/nhanchau/gitRepo/Raiway_with_AIrflow/dags/fetching_api.py", line 113, in etl
    .save())
  File "/Library/Frameworks/Python.framework/Versions/3.10/lib/python3.10/site-packages/pyspark/sql/readwriter.py", line 966, in save
    self._jwrite.save()
  File "/Library/Frameworks/Python.framework/Versions/3.10/lib/python3.10/site-packages/py4j/java_gateway.py", line 1321, in __call__
    return_value = get_return_value(
  File "/Library/Frameworks/Python.framework/Versions/3.10/lib/python3.10/site-packages/pyspark/sql/utils.py", line 196, in deco
    raise converted from None
pyspark.sql.utils.IllegalArgumentException: Option 'dbtable' or 'query' is required.
[2023-01-15T04:57:49.935+0200] {taskinstance.py:1322} INFO - Marking task as UP_FOR_RETRY. dag_id=railway_v01, task_id=etl, execution_date=20230115T015711, start_date=20230115T025723, end_date=20230115T025749
[2023-01-15T04:57:49.978+0200] {standard_task_runner.py:100} ERROR - Failed to execute job 191 for task etl (Option 'dbtable' or 'query' is required.; 79101)
[2023-01-15T04:57:50.000+0200] {local_task_job.py:159} INFO - Task exited with return code 1
[2023-01-15T04:57:50.036+0200] {taskinstance.py:2582} INFO - 0 downstream tasks scheduled from follow-on schedule check
