[2023-01-15T05:40:18.947+0200] {taskinstance.py:1087} INFO - Dependencies all met for <TaskInstance: railway_v01.etl manual__2023-01-15T01:57:11.345228+00:00 [queued]>
[2023-01-15T05:40:18.962+0200] {taskinstance.py:1087} INFO - Dependencies all met for <TaskInstance: railway_v01.etl manual__2023-01-15T01:57:11.345228+00:00 [queued]>
[2023-01-15T05:40:18.963+0200] {taskinstance.py:1283} INFO - 
--------------------------------------------------------------------------------
[2023-01-15T05:40:18.963+0200] {taskinstance.py:1284} INFO - Starting attempt 7 of 12
[2023-01-15T05:40:18.964+0200] {taskinstance.py:1285} INFO - 
--------------------------------------------------------------------------------
[2023-01-15T05:40:18.976+0200] {taskinstance.py:1304} INFO - Executing <Task(_PythonDecoratedOperator): etl> on 2023-01-15 01:57:11.345228+00:00
[2023-01-15T05:40:18.985+0200] {standard_task_runner.py:55} INFO - Started process 84712 to run task
[2023-01-15T05:40:18.990+0200] {standard_task_runner.py:82} INFO - Running: ['airflow', 'tasks', 'run', 'railway_v01', 'etl', 'manual__2023-01-15T01:57:11.345228+00:00', '--job-id', '194', '--raw', '--subdir', 'DAGS_FOLDER/fetching_api.py', '--cfg-path', '/var/folders/qr/k2__dmk5697g2jyd7w2tpyt80000gn/T/tmpnn48xo4u']
[2023-01-15T05:40:18.993+0200] {standard_task_runner.py:83} INFO - Job 194: Subtask etl
[2023-01-15T05:40:19.085+0200] {task_command.py:389} INFO - Running <TaskInstance: railway_v01.etl manual__2023-01-15T01:57:11.345228+00:00 [running]> on host nhanchaus-macbook-air.local
[2023-01-15T05:40:19.167+0200] {taskinstance.py:1511} INFO - Exporting the following env vars:
AIRFLOW_CTX_DAG_OWNER=Nhan_Chau
AIRFLOW_CTX_DAG_ID=railway_v01
AIRFLOW_CTX_TASK_ID=etl
AIRFLOW_CTX_EXECUTION_DATE=2023-01-15T01:57:11.345228+00:00
AIRFLOW_CTX_TRY_NUMBER=7
AIRFLOW_CTX_DAG_RUN_ID=manual__2023-01-15T01:57:11.345228+00:00
[2023-01-15T05:40:53.301+0200] {python.py:177} INFO - Done. Returned value was: None
[2023-01-15T05:40:53.373+0200] {taskinstance.py:1322} INFO - Marking task as SUCCESS. dag_id=railway_v01, task_id=etl, execution_date=20230115T015711, start_date=20230115T034018, end_date=20230115T034053
[2023-01-15T05:40:53.471+0200] {local_task_job.py:159} INFO - Task exited with return code 0
[2023-01-15T05:40:53.651+0200] {taskinstance.py:2582} INFO - 0 downstream tasks scheduled from follow-on schedule check
