[2023-01-15T05:02:54.109+0200] {taskinstance.py:1087} INFO - Dependencies all met for <TaskInstance: railway_v01.etl manual__2023-01-15T01:57:11.345228+00:00 [queued]>
[2023-01-15T05:02:54.125+0200] {taskinstance.py:1087} INFO - Dependencies all met for <TaskInstance: railway_v01.etl manual__2023-01-15T01:57:11.345228+00:00 [queued]>
[2023-01-15T05:02:54.126+0200] {taskinstance.py:1283} INFO - 
--------------------------------------------------------------------------------
[2023-01-15T05:02:54.126+0200] {taskinstance.py:1284} INFO - Starting attempt 5 of 9
[2023-01-15T05:02:54.127+0200] {taskinstance.py:1285} INFO - 
--------------------------------------------------------------------------------
[2023-01-15T05:02:54.139+0200] {taskinstance.py:1304} INFO - Executing <Task(_PythonDecoratedOperator): etl> on 2023-01-15 01:57:11.345228+00:00
[2023-01-15T05:02:54.149+0200] {standard_task_runner.py:55} INFO - Started process 79787 to run task
[2023-01-15T05:02:54.157+0200] {standard_task_runner.py:82} INFO - Running: ['airflow', 'tasks', 'run', 'railway_v01', 'etl', 'manual__2023-01-15T01:57:11.345228+00:00', '--job-id', '192', '--raw', '--subdir', 'DAGS_FOLDER/fetching_api.py', '--cfg-path', '/var/folders/qr/k2__dmk5697g2jyd7w2tpyt80000gn/T/tmpgu4ayrpx']
[2023-01-15T05:02:54.161+0200] {standard_task_runner.py:83} INFO - Job 192: Subtask etl
[2023-01-15T05:02:54.250+0200] {task_command.py:389} INFO - Running <TaskInstance: railway_v01.etl manual__2023-01-15T01:57:11.345228+00:00 [running]> on host nhanchaus-macbook-air.local
[2023-01-15T05:02:54.322+0200] {taskinstance.py:1511} INFO - Exporting the following env vars:
AIRFLOW_CTX_DAG_OWNER=Nhan_Chau
AIRFLOW_CTX_DAG_ID=railway_v01
AIRFLOW_CTX_TASK_ID=etl
AIRFLOW_CTX_EXECUTION_DATE=2023-01-15T01:57:11.345228+00:00
AIRFLOW_CTX_TRY_NUMBER=5
AIRFLOW_CTX_DAG_RUN_ID=manual__2023-01-15T01:57:11.345228+00:00
[2023-01-15T05:03:23.082+0200] {python.py:177} INFO - Done. Returned value was: None
[2023-01-15T05:03:23.129+0200] {taskinstance.py:1322} INFO - Marking task as SUCCESS. dag_id=railway_v01, task_id=etl, execution_date=20230115T015711, start_date=20230115T030254, end_date=20230115T030323
[2023-01-15T05:03:23.205+0200] {local_task_job.py:159} INFO - Task exited with return code 0
[2023-01-15T05:03:23.240+0200] {taskinstance.py:2582} INFO - 0 downstream tasks scheduled from follow-on schedule check
