[2023-01-15T08:30:44.031+0200] {taskinstance.py:1087} INFO - Dependencies all met for <TaskInstance: railway_v01.station_type_number manual__2023-01-15T06:18:15.452558+00:00 [queued]>
[2023-01-15T08:30:44.041+0200] {taskinstance.py:1087} INFO - Dependencies all met for <TaskInstance: railway_v01.station_type_number manual__2023-01-15T06:18:15.452558+00:00 [queued]>
[2023-01-15T08:30:44.042+0200] {taskinstance.py:1283} INFO - 
--------------------------------------------------------------------------------
[2023-01-15T08:30:44.042+0200] {taskinstance.py:1284} INFO - Starting attempt 1 of 6
[2023-01-15T08:30:44.042+0200] {taskinstance.py:1285} INFO - 
--------------------------------------------------------------------------------
[2023-01-15T08:30:44.053+0200] {taskinstance.py:1304} INFO - Executing <Task(PostgresOperator): station_type_number> on 2023-01-15 06:18:15.452558+00:00
[2023-01-15T08:30:44.059+0200] {standard_task_runner.py:55} INFO - Started process 19902 to run task
[2023-01-15T08:30:44.064+0200] {standard_task_runner.py:82} INFO - Running: ['airflow', 'tasks', 'run', 'railway_v01', 'station_type_number', 'manual__2023-01-15T06:18:15.452558+00:00', '--job-id', '213', '--raw', '--subdir', 'DAGS_FOLDER/fetching_api.py', '--cfg-path', '/var/folders/qr/k2__dmk5697g2jyd7w2tpyt80000gn/T/tmp26dxrs9j']
[2023-01-15T08:30:44.066+0200] {standard_task_runner.py:83} INFO - Job 213: Subtask station_type_number
[2023-01-15T08:30:44.126+0200] {task_command.py:389} INFO - Running <TaskInstance: railway_v01.station_type_number manual__2023-01-15T06:18:15.452558+00:00 [running]> on host nhanchaus-macbook-air.local
[2023-01-15T08:30:44.191+0200] {taskinstance.py:1511} INFO - Exporting the following env vars:
AIRFLOW_CTX_DAG_OWNER=Nhan_Chau
AIRFLOW_CTX_DAG_ID=railway_v01
AIRFLOW_CTX_TASK_ID=station_type_number
AIRFLOW_CTX_EXECUTION_DATE=2023-01-15T06:18:15.452558+00:00
AIRFLOW_CTX_TRY_NUMBER=1
AIRFLOW_CTX_DAG_RUN_ID=manual__2023-01-15T06:18:15.452558+00:00
[2023-01-15T08:30:44.192+0200] {sql.py:253} INFO - Executing: SELECT type, COUNT(type) 
            FROM station_res 
            GROUP BY type;
[2023-01-15T08:30:44.209+0200] {taskinstance.py:1772} ERROR - Task failed with exception
Traceback (most recent call last):
  File "/Library/Frameworks/Python.framework/Versions/3.10/lib/python3.10/site-packages/airflow/providers/common/sql/operators/sql.py", line 254, in execute
    hook = self.get_db_hook()
  File "/Library/Frameworks/Python.framework/Versions/3.10/lib/python3.10/site-packages/airflow/providers/common/sql/operators/sql.py", line 179, in get_db_hook
    return self._hook
  File "/Library/Frameworks/Python.framework/Versions/3.10/lib/python3.10/functools.py", line 981, in __get__
    val = self.func(instance)
  File "/Library/Frameworks/Python.framework/Versions/3.10/lib/python3.10/site-packages/airflow/providers/common/sql/operators/sql.py", line 141, in _hook
    conn = BaseHook.get_connection(self.conn_id)
  File "/Library/Frameworks/Python.framework/Versions/3.10/lib/python3.10/site-packages/airflow/hooks/base.py", line 72, in get_connection
    conn = Connection.get_connection_from_secrets(conn_id)
  File "/Library/Frameworks/Python.framework/Versions/3.10/lib/python3.10/site-packages/airflow/models/connection.py", line 432, in get_connection_from_secrets
    raise AirflowNotFoundException(f"The conn_id `{conn_id}` isn't defined")
airflow.exceptions.AirflowNotFoundException: The conn_id `local_postgre` isn't defined
[2023-01-15T08:30:44.215+0200] {taskinstance.py:1322} INFO - Marking task as UP_FOR_RETRY. dag_id=railway_v01, task_id=station_type_number, execution_date=20230115T061815, start_date=20230115T063044, end_date=20230115T063044
[2023-01-15T08:30:44.225+0200] {standard_task_runner.py:100} ERROR - Failed to execute job 213 for task station_type_number (The conn_id `local_postgre` isn't defined; 19902)
[2023-01-15T08:30:44.240+0200] {local_task_job.py:159} INFO - Task exited with return code 1
[2023-01-15T08:30:44.257+0200] {taskinstance.py:2582} INFO - 0 downstream tasks scheduled from follow-on schedule check
