[2023-02-04T02:04:44.889+0200] {taskinstance.py:1083} INFO - Dependencies all met for <TaskInstance: railway_v02.etl_pipeline manual__2023-02-03T23:35:52.397208+00:00 [queued]>
[2023-02-04T02:04:44.901+0200] {taskinstance.py:1083} INFO - Dependencies all met for <TaskInstance: railway_v02.etl_pipeline manual__2023-02-03T23:35:52.397208+00:00 [queued]>
[2023-02-04T02:04:44.902+0200] {taskinstance.py:1279} INFO - 
--------------------------------------------------------------------------------
[2023-02-04T02:04:44.906+0200] {taskinstance.py:1280} INFO - Starting attempt 5 of 8
[2023-02-04T02:04:44.906+0200] {taskinstance.py:1281} INFO - 
--------------------------------------------------------------------------------
[2023-02-04T02:04:44.918+0200] {taskinstance.py:1300} INFO - Executing <Task(_PythonDecoratedOperator): etl_pipeline> on 2023-02-03 23:35:52.397208+00:00
[2023-02-04T02:04:44.946+0200] {standard_task_runner.py:55} INFO - Started process 24292 to run task
[2023-02-04T02:04:44.960+0200] {standard_task_runner.py:82} INFO - Running: ['airflow', 'tasks', 'run', 'railway_v02', 'etl_pipeline', 'manual__2023-02-03T23:35:52.397208+00:00', '--job-id', '732', '--raw', '--subdir', 'DAGS_FOLDER/fetching_api.py', '--cfg-path', '/var/folders/qr/k2__dmk5697g2jyd7w2tpyt80000gn/T/tmply0pga_m']
[2023-02-04T02:04:44.967+0200] {standard_task_runner.py:83} INFO - Job 732: Subtask etl_pipeline
[2023-02-04T02:04:45.056+0200] {task_command.py:388} INFO - Running <TaskInstance: railway_v02.etl_pipeline manual__2023-02-03T23:35:52.397208+00:00 [running]> on host nhanchaus-macbook-air.local
[2023-02-04T02:04:45.124+0200] {taskinstance.py:1507} INFO - Exporting the following env vars:
AIRFLOW_CTX_DAG_OWNER=Nhan_Chau
AIRFLOW_CTX_DAG_ID=railway_v02
AIRFLOW_CTX_TASK_ID=etl_pipeline
AIRFLOW_CTX_EXECUTION_DATE=2023-02-03T23:35:52.397208+00:00
AIRFLOW_CTX_TRY_NUMBER=5
AIRFLOW_CTX_DAG_RUN_ID=manual__2023-02-03T23:35:52.397208+00:00
[2023-02-04T02:05:18.912+0200] {python.py:177} INFO - Done. Returned value was: None
[2023-02-04T02:05:18.940+0200] {taskinstance.py:1318} INFO - Marking task as SUCCESS. dag_id=railway_v02, task_id=etl_pipeline, execution_date=20230203T233552, start_date=20230204T000444, end_date=20230204T000518
