[2023-01-15T03:43:39.275+0200] {taskinstance.py:1087} INFO - Dependencies all met for <TaskInstance: railway_v01.etl manual__2023-01-14T23:23:00.798667+00:00 [queued]>
[2023-01-15T03:43:39.585+0200] {taskinstance.py:1087} INFO - Dependencies all met for <TaskInstance: railway_v01.etl manual__2023-01-14T23:23:00.798667+00:00 [queued]>
[2023-01-15T03:43:39.598+0200] {taskinstance.py:1283} INFO - 
--------------------------------------------------------------------------------
[2023-01-15T03:43:39.600+0200] {taskinstance.py:1284} INFO - Starting attempt 1 of 6
[2023-01-15T03:43:39.606+0200] {taskinstance.py:1285} INFO - 
--------------------------------------------------------------------------------
[2023-01-15T03:43:39.667+0200] {taskinstance.py:1304} INFO - Executing <Task(_PythonDecoratedOperator): etl> on 2023-01-14 23:23:00.798667+00:00
[2023-01-15T03:43:39.691+0200] {standard_task_runner.py:55} INFO - Started process 64720 to run task
[2023-01-15T03:43:39.749+0200] {standard_task_runner.py:82} INFO - Running: ['airflow', 'tasks', 'run', 'railway_v01', 'etl', 'manual__2023-01-14T23:23:00.798667+00:00', '--job-id', '181', '--raw', '--subdir', 'DAGS_FOLDER/fetching_api.py', '--cfg-path', '/var/folders/qr/k2__dmk5697g2jyd7w2tpyt80000gn/T/tmpcb5hdkuv']
[2023-01-15T03:43:39.849+0200] {standard_task_runner.py:83} INFO - Job 181: Subtask etl
[2023-01-15T03:43:41.421+0200] {task_command.py:389} INFO - Running <TaskInstance: railway_v01.etl manual__2023-01-14T23:23:00.798667+00:00 [running]> on host nhanchaus-macbook-air.local
[2023-01-15T03:43:41.978+0200] {taskinstance.py:1511} INFO - Exporting the following env vars:
AIRFLOW_CTX_DAG_OWNER=Nhan_Chau
AIRFLOW_CTX_DAG_ID=railway_v01
AIRFLOW_CTX_TASK_ID=etl
AIRFLOW_CTX_EXECUTION_DATE=2023-01-14T23:23:00.798667+00:00
AIRFLOW_CTX_TRY_NUMBER=1
AIRFLOW_CTX_DAG_RUN_ID=manual__2023-01-14T23:23:00.798667+00:00
[2023-01-15T03:51:31.992+0200] {logging_mixin.py:137} INFO - root
 |-- name: string (nullable = true)
 |-- trainCategory_name: string (nullable = true)
[2023-01-15T03:51:32.148+0200] {logging_mixin.py:137} INFO - root
 |-- name: string (nullable = true)
[2023-01-15T03:51:32.190+0200] {logging_mixin.py:137} INFO - root
 |-- countryCode: string (nullable = true)
 |-- latitude: double (nullable = true)
 |-- longitude: double (nullable = true)
 |-- passengerTraffic: boolean (nullable = true)
 |-- stationName: string (nullable = true)
 |-- stationShortCode: string (nullable = true)
 |-- stationUICCode: long (nullable = true)
 |-- type: string (nullable = true)
[2023-01-15T03:51:32.218+0200] {logging_mixin.py:137} INFO - root
 |-- id: long (nullable = true)
 |-- operatorName: string (nullable = true)
 |-- operatorShortCode: string (nullable = true)
 |-- operatorUICCode: long (nullable = true)
 |-- trainNumbers_topLimit: long (nullable = true)
 |-- trainNumbers_bottomLimit: long (nullable = true)
 |-- trainNumbers_trainCategory: long (nullable = true)
 |-- trainNumbers_id: long (nullable = true)
[2023-01-15T03:51:32.251+0200] {python.py:177} INFO - Done. Returned value was: None
[2023-01-15T03:51:33.271+0200] {taskinstance.py:1322} INFO - Marking task as SUCCESS. dag_id=railway_v01, task_id=etl, execution_date=20230114T232300, start_date=20230115T014339, end_date=20230115T015133
[2023-01-15T03:51:33.670+0200] {local_task_job.py:159} INFO - Task exited with return code 0
[2023-01-15T03:51:34.015+0200] {taskinstance.py:2582} INFO - 0 downstream tasks scheduled from follow-on schedule check
