[2023-01-15T09:41:00.373+0200] {taskinstance.py:1087} INFO - Dependencies all met for <TaskInstance: railway_v02.etl_pipeline scheduled__2022-12-09T00:00:00+00:00 [queued]>
[2023-01-15T09:41:00.440+0200] {taskinstance.py:1087} INFO - Dependencies all met for <TaskInstance: railway_v02.etl_pipeline scheduled__2022-12-09T00:00:00+00:00 [queued]>
[2023-01-15T09:41:00.443+0200] {taskinstance.py:1283} INFO - 
--------------------------------------------------------------------------------
[2023-01-15T09:41:00.444+0200] {taskinstance.py:1284} INFO - Starting attempt 1 of 6
[2023-01-15T09:41:00.444+0200] {taskinstance.py:1285} INFO - 
--------------------------------------------------------------------------------
[2023-01-15T09:41:00.527+0200] {taskinstance.py:1304} INFO - Executing <Task(_PythonDecoratedOperator): etl_pipeline> on 2022-12-09 00:00:00+00:00
[2023-01-15T09:41:00.616+0200] {standard_task_runner.py:82} INFO - Running: ['airflow', 'tasks', 'run', 'railway_v02', 'etl_pipeline', 'scheduled__2022-12-09T00:00:00+00:00', '--job-id', '224', '--raw', '--subdir', 'DAGS_FOLDER/fetching_api.py', '--cfg-path', '/var/folders/qr/k2__dmk5697g2jyd7w2tpyt80000gn/T/tmphlm7a2fj']
[2023-01-15T09:41:00.625+0200] {standard_task_runner.py:83} INFO - Job 224: Subtask etl_pipeline
[2023-01-15T09:41:00.569+0200] {standard_task_runner.py:55} INFO - Started process 30059 to run task
[2023-01-15T09:41:01.127+0200] {task_command.py:389} INFO - Running <TaskInstance: railway_v02.etl_pipeline scheduled__2022-12-09T00:00:00+00:00 [running]> on host nhanchaus-macbook-air.local
[2023-01-15T09:41:01.667+0200] {taskinstance.py:1511} INFO - Exporting the following env vars:
AIRFLOW_CTX_DAG_OWNER=Nhan_Chau
AIRFLOW_CTX_DAG_ID=railway_v02
AIRFLOW_CTX_TASK_ID=etl_pipeline
AIRFLOW_CTX_EXECUTION_DATE=2022-12-09T00:00:00+00:00
AIRFLOW_CTX_TRY_NUMBER=1
AIRFLOW_CTX_DAG_RUN_ID=scheduled__2022-12-09T00:00:00+00:00
[2023-01-15T11:06:10.282+0200] {taskinstance.py:1087} INFO - Dependencies all met for <TaskInstance: railway_v02.etl_pipeline scheduled__2022-12-09T00:00:00+00:00 [queued]>
[2023-01-15T11:06:10.383+0200] {taskinstance.py:1087} INFO - Dependencies all met for <TaskInstance: railway_v02.etl_pipeline scheduled__2022-12-09T00:00:00+00:00 [queued]>
[2023-01-15T11:06:10.384+0200] {taskinstance.py:1283} INFO - 
--------------------------------------------------------------------------------
[2023-01-15T11:06:10.384+0200] {taskinstance.py:1284} INFO - Starting attempt 1 of 6
[2023-01-15T11:06:10.384+0200] {taskinstance.py:1285} INFO - 
--------------------------------------------------------------------------------
[2023-01-15T11:06:10.505+0200] {taskinstance.py:1304} INFO - Executing <Task(_PythonDecoratedOperator): etl_pipeline> on 2022-12-09 00:00:00+00:00
[2023-01-15T11:06:10.516+0200] {standard_task_runner.py:55} INFO - Started process 6034 to run task
[2023-01-15T11:06:10.525+0200] {standard_task_runner.py:82} INFO - Running: ['airflow', 'tasks', 'run', 'railway_v02', 'etl_pipeline', 'scheduled__2022-12-09T00:00:00+00:00', '--job-id', '419', '--raw', '--subdir', 'DAGS_FOLDER/fetching_api.py', '--cfg-path', '/var/folders/qr/k2__dmk5697g2jyd7w2tpyt80000gn/T/tmphws16wec']
[2023-01-15T11:06:10.528+0200] {standard_task_runner.py:83} INFO - Job 419: Subtask etl_pipeline
[2023-01-15T11:06:14.014+0200] {task_command.py:389} INFO - Running <TaskInstance: railway_v02.etl_pipeline scheduled__2022-12-09T00:00:00+00:00 [running]> on host nhanchaus-macbook-air.local
[2023-01-15T11:06:14.517+0200] {taskinstance.py:1511} INFO - Exporting the following env vars:
AIRFLOW_CTX_DAG_OWNER=Nhan_Chau
AIRFLOW_CTX_DAG_ID=railway_v02
AIRFLOW_CTX_TASK_ID=etl_pipeline
AIRFLOW_CTX_EXECUTION_DATE=2022-12-09T00:00:00+00:00
AIRFLOW_CTX_TRY_NUMBER=1
AIRFLOW_CTX_DAG_RUN_ID=scheduled__2022-12-09T00:00:00+00:00
[2023-01-15T11:08:49.554+0200] {python.py:177} INFO - Done. Returned value was: None
[2023-01-15T11:08:49.584+0200] {taskinstance.py:1322} INFO - Marking task as SUCCESS. dag_id=railway_v02, task_id=etl_pipeline, execution_date=20221209T000000, start_date=20230115T090610, end_date=20230115T090849
[2023-01-15T11:08:49.656+0200] {local_task_job.py:159} INFO - Task exited with return code 0
[2023-01-15T11:08:49.695+0200] {taskinstance.py:2582} INFO - 0 downstream tasks scheduled from follow-on schedule check
