[2023-01-14T23:33:28.382+0200] {taskinstance.py:1087} INFO - Dependencies all met for <TaskInstance: railway_v01.get_API_fetch_respond manual__2023-01-14T21:33:25.537982+00:00 [queued]>
[2023-01-14T23:33:28.389+0200] {taskinstance.py:1087} INFO - Dependencies all met for <TaskInstance: railway_v01.get_API_fetch_respond manual__2023-01-14T21:33:25.537982+00:00 [queued]>
[2023-01-14T23:33:28.389+0200] {taskinstance.py:1283} INFO - 
--------------------------------------------------------------------------------
[2023-01-14T23:33:28.389+0200] {taskinstance.py:1284} INFO - Starting attempt 1 of 6
[2023-01-14T23:33:28.389+0200] {taskinstance.py:1285} INFO - 
--------------------------------------------------------------------------------
[2023-01-14T23:33:28.395+0200] {taskinstance.py:1304} INFO - Executing <Task(_PythonDecoratedOperator): get_API_fetch_respond> on 2023-01-14 21:33:25.537982+00:00
[2023-01-14T23:33:28.400+0200] {standard_task_runner.py:55} INFO - Started process 94357 to run task
[2023-01-14T23:33:28.403+0200] {standard_task_runner.py:82} INFO - Running: ['airflow', 'tasks', 'run', 'railway_v01', 'get_API_fetch_respond', 'manual__2023-01-14T21:33:25.537982+00:00', '--job-id', '52', '--raw', '--subdir', 'DAGS_FOLDER/fetching_api.py', '--cfg-path', '/var/folders/qr/k2__dmk5697g2jyd7w2tpyt80000gn/T/tmpt3vdklww']
[2023-01-14T23:33:28.405+0200] {standard_task_runner.py:83} INFO - Job 52: Subtask get_API_fetch_respond
[2023-01-14T23:33:28.429+0200] {task_command.py:389} INFO - Running <TaskInstance: railway_v01.get_API_fetch_respond manual__2023-01-14T21:33:25.537982+00:00 [running]> on host nhanchaus-macbook-air.local
[2023-01-14T23:33:28.454+0200] {taskinstance.py:1511} INFO - Exporting the following env vars:
AIRFLOW_CTX_DAG_OWNER=Nhan_Chau
AIRFLOW_CTX_DAG_ID=railway_v01
AIRFLOW_CTX_TASK_ID=get_API_fetch_respond
AIRFLOW_CTX_EXECUTION_DATE=2023-01-14T21:33:25.537982+00:00
AIRFLOW_CTX_TRY_NUMBER=1
AIRFLOW_CTX_DAG_RUN_ID=manual__2023-01-14T21:33:25.537982+00:00
[2023-01-14T23:33:28.463+0200] {local_task_job.py:159} INFO - Task exited with return code Negsignal.SIGSEGV
[2023-01-14T23:33:28.473+0200] {taskinstance.py:2582} INFO - 0 downstream tasks scheduled from follow-on schedule check
