[2023-01-15T12:33:40.632+0200] {taskinstance.py:1087} INFO - Dependencies all met for <TaskInstance: railway_v02.etl_pipeline scheduled__2023-01-04T00:00:00+00:00 [queued]>
[2023-01-15T12:33:40.658+0200] {taskinstance.py:1087} INFO - Dependencies all met for <TaskInstance: railway_v02.etl_pipeline scheduled__2023-01-04T00:00:00+00:00 [queued]>
[2023-01-15T12:33:40.659+0200] {taskinstance.py:1283} INFO - 
--------------------------------------------------------------------------------
[2023-01-15T12:33:40.660+0200] {taskinstance.py:1284} INFO - Starting attempt 6 of 6
[2023-01-15T12:33:40.660+0200] {taskinstance.py:1285} INFO - 
--------------------------------------------------------------------------------
[2023-01-15T12:33:40.708+0200] {taskinstance.py:1304} INFO - Executing <Task(_PythonDecoratedOperator): etl_pipeline> on 2023-01-04 00:00:00+00:00
[2023-01-15T12:33:40.737+0200] {standard_task_runner.py:55} INFO - Started process 48882 to run task
[2023-01-15T12:33:40.759+0200] {standard_task_runner.py:82} INFO - Running: ['airflow', 'tasks', 'run', 'railway_v02', 'etl_pipeline', 'scheduled__2023-01-04T00:00:00+00:00', '--job-id', '531', '--raw', '--subdir', 'DAGS_FOLDER/fetching_api.py', '--cfg-path', '/var/folders/qr/k2__dmk5697g2jyd7w2tpyt80000gn/T/tmp5cfjjeyh']
[2023-01-15T12:33:40.766+0200] {standard_task_runner.py:83} INFO - Job 531: Subtask etl_pipeline
[2023-01-15T12:33:41.076+0200] {task_command.py:389} INFO - Running <TaskInstance: railway_v02.etl_pipeline scheduled__2023-01-04T00:00:00+00:00 [running]> on host nhanchaus-macbook-air.local
[2023-01-15T12:33:42.731+0200] {taskinstance.py:1511} INFO - Exporting the following env vars:
AIRFLOW_CTX_DAG_OWNER=Nhan_Chau
AIRFLOW_CTX_DAG_ID=railway_v02
AIRFLOW_CTX_TASK_ID=etl_pipeline
AIRFLOW_CTX_EXECUTION_DATE=2023-01-04T00:00:00+00:00
AIRFLOW_CTX_TRY_NUMBER=6
AIRFLOW_CTX_DAG_RUN_ID=scheduled__2023-01-04T00:00:00+00:00
[2023-01-15T12:34:50.698+0200] {taskinstance.py:1772} ERROR - Task failed with exception
Traceback (most recent call last):
  File "/Library/Frameworks/Python.framework/Versions/3.10/lib/python3.10/site-packages/airflow/decorators/base.py", line 217, in execute
    return_value = super().execute(context)
  File "/Library/Frameworks/Python.framework/Versions/3.10/lib/python3.10/site-packages/airflow/operators/python.py", line 175, in execute
    return_value = self.execute_callable()
  File "/Library/Frameworks/Python.framework/Versions/3.10/lib/python3.10/site-packages/airflow/operators/python.py", line 192, in execute_callable
    return self.python_callable(*self.op_args, **self.op_kwargs)
  File "/Users/nhanchau/gitRepo/Raiway_with_AIrflow/dags/fetching_api.py", line 113, in etl_pipeline
    SparkSession.stop()
TypeError: SparkSession.stop() missing 1 required positional argument: 'self'
[2023-01-15T12:34:50.807+0200] {taskinstance.py:1322} INFO - Marking task as FAILED. dag_id=railway_v02, task_id=etl_pipeline, execution_date=20230104T000000, start_date=20230115T103340, end_date=20230115T103450
[2023-01-15T12:34:50.863+0200] {standard_task_runner.py:100} ERROR - Failed to execute job 531 for task etl_pipeline (SparkSession.stop() missing 1 required positional argument: 'self'; 48882)
[2023-01-15T12:34:50.903+0200] {local_task_job.py:159} INFO - Task exited with return code 1
[2023-01-15T12:34:51.029+0200] {taskinstance.py:2582} INFO - 0 downstream tasks scheduled from follow-on schedule check
