[2023-02-04T02:26:39.845+0200] {taskinstance.py:1083} INFO - Dependencies all met for <TaskInstance: railway_v02.db_connection scheduled__2023-02-03T00:00:00+00:00 [queued]>
[2023-02-04T02:26:39.856+0200] {taskinstance.py:1083} INFO - Dependencies all met for <TaskInstance: railway_v02.db_connection scheduled__2023-02-03T00:00:00+00:00 [queued]>
[2023-02-04T02:26:39.857+0200] {taskinstance.py:1279} INFO - 
--------------------------------------------------------------------------------
[2023-02-04T02:26:39.857+0200] {taskinstance.py:1280} INFO - Starting attempt 2 of 6
[2023-02-04T02:26:39.857+0200] {taskinstance.py:1281} INFO - 
--------------------------------------------------------------------------------
[2023-02-04T02:26:39.867+0200] {taskinstance.py:1300} INFO - Executing <Task(_PythonDecoratedOperator): db_connection> on 2023-02-03 00:00:00+00:00
[2023-02-04T02:26:39.884+0200] {standard_task_runner.py:55} INFO - Started process 27489 to run task
[2023-02-04T02:26:39.902+0200] {standard_task_runner.py:82} INFO - Running: ['airflow', 'tasks', 'run', 'railway_v02', 'db_connection', 'scheduled__2023-02-03T00:00:00+00:00', '--job-id', '745', '--raw', '--subdir', 'DAGS_FOLDER/fetching_api.py', '--cfg-path', '/var/folders/qr/k2__dmk5697g2jyd7w2tpyt80000gn/T/tmpukoq1by1']
[2023-02-04T02:26:39.907+0200] {standard_task_runner.py:83} INFO - Job 745: Subtask db_connection
[2023-02-04T02:26:39.996+0200] {task_command.py:388} INFO - Running <TaskInstance: railway_v02.db_connection scheduled__2023-02-03T00:00:00+00:00 [running]> on host nhanchaus-macbook-air.local
[2023-02-04T02:26:40.054+0200] {taskinstance.py:1507} INFO - Exporting the following env vars:
AIRFLOW_CTX_DAG_OWNER=Nhan_Chau
AIRFLOW_CTX_DAG_ID=railway_v02
AIRFLOW_CTX_TASK_ID=db_connection
AIRFLOW_CTX_EXECUTION_DATE=2023-02-03T00:00:00+00:00
AIRFLOW_CTX_TRY_NUMBER=2
AIRFLOW_CTX_DAG_RUN_ID=scheduled__2023-02-03T00:00:00+00:00
[2023-02-04T02:26:40.064+0200] {python.py:177} INFO - Done. Returned value was: <sqlalchemy.engine.base.Connection object at 0x131b63910>
[2023-02-04T02:26:40.069+0200] {xcom.py:629} ERROR - Object of type Connection is not JSON serializable. If you are using pickle instead of JSON for XCom, then you need to enable pickle support for XCom in your airflow config or make sure to decorate your object with attr.
[2023-02-04T02:26:40.070+0200] {taskinstance.py:1768} ERROR - Task failed with exception
Traceback (most recent call last):
  File "/Library/Frameworks/Python.framework/Versions/3.10/lib/python3.10/site-packages/airflow/utils/session.py", line 72, in wrapper
    return func(*args, **kwargs)
  File "/Library/Frameworks/Python.framework/Versions/3.10/lib/python3.10/site-packages/airflow/models/taskinstance.py", line 2290, in xcom_push
    XCom.set(
  File "/Library/Frameworks/Python.framework/Versions/3.10/lib/python3.10/site-packages/airflow/utils/session.py", line 72, in wrapper
    return func(*args, **kwargs)
  File "/Library/Frameworks/Python.framework/Versions/3.10/lib/python3.10/site-packages/airflow/models/xcom.py", line 234, in set
    value = cls.serialize_value(
  File "/Library/Frameworks/Python.framework/Versions/3.10/lib/python3.10/site-packages/airflow/models/xcom.py", line 627, in serialize_value
    return json.dumps(value, cls=XComEncoder).encode("UTF-8")
  File "/Library/Frameworks/Python.framework/Versions/3.10/lib/python3.10/json/__init__.py", line 238, in dumps
    **kw).encode(obj)
  File "/Library/Frameworks/Python.framework/Versions/3.10/lib/python3.10/site-packages/airflow/utils/json.py", line 176, in encode
    return super().encode(o)
  File "/Library/Frameworks/Python.framework/Versions/3.10/lib/python3.10/json/encoder.py", line 199, in encode
    chunks = self.iterencode(o, _one_shot=True)
  File "/Library/Frameworks/Python.framework/Versions/3.10/lib/python3.10/json/encoder.py", line 257, in iterencode
    return _iterencode(o, 0)
  File "/Library/Frameworks/Python.framework/Versions/3.10/lib/python3.10/site-packages/airflow/utils/json.py", line 170, in default
    return super().default(o)
  File "/Library/Frameworks/Python.framework/Versions/3.10/lib/python3.10/json/encoder.py", line 179, in default
    raise TypeError(f'Object of type {o.__class__.__name__} '
TypeError: Object of type Connection is not JSON serializable
[2023-02-04T02:26:40.099+0200] {taskinstance.py:1318} INFO - Marking task as UP_FOR_RETRY. dag_id=railway_v02, task_id=db_connection, execution_date=20230203T000000, start_date=20230204T002639, end_date=20230204T002640
[2023-02-04T02:26:40.109+0200] {standard_task_runner.py:100} ERROR - Failed to execute job 745 for task db_connection (Object of type Connection is not JSON serializable; 27489)
[2023-02-04T02:26:40.115+0200] {local_task_job.py:208} INFO - Task exited with return code 1
[2023-02-04T02:26:40.153+0200] {taskinstance.py:2578} INFO - 0 downstream tasks scheduled from follow-on schedule check
