[2023-01-15T07:51:52.178+0200] {taskinstance.py:1087} INFO - Dependencies all met for <TaskInstance: railway_v01.etl manual__2023-01-15T05:22:13.345799+00:00 [queued]>
[2023-01-15T07:51:52.188+0200] {taskinstance.py:1087} INFO - Dependencies all met for <TaskInstance: railway_v01.etl manual__2023-01-15T05:22:13.345799+00:00 [queued]>
[2023-01-15T07:51:52.188+0200] {taskinstance.py:1283} INFO - 
--------------------------------------------------------------------------------
[2023-01-15T07:51:52.189+0200] {taskinstance.py:1284} INFO - Starting attempt 9 of 12
[2023-01-15T07:51:52.189+0200] {taskinstance.py:1285} INFO - 
--------------------------------------------------------------------------------
[2023-01-15T07:51:52.199+0200] {taskinstance.py:1304} INFO - Executing <Task(_PythonDecoratedOperator): etl> on 2023-01-15 05:22:13.345799+00:00
[2023-01-15T07:51:52.207+0200] {standard_task_runner.py:55} INFO - Started process 13148 to run task
[2023-01-15T07:51:52.214+0200] {standard_task_runner.py:82} INFO - Running: ['airflow', 'tasks', 'run', 'railway_v01', 'etl', 'manual__2023-01-15T05:22:13.345799+00:00', '--job-id', '208', '--raw', '--subdir', 'DAGS_FOLDER/fetching_api.py', '--cfg-path', '/var/folders/qr/k2__dmk5697g2jyd7w2tpyt80000gn/T/tmp_qu3tdx3']
[2023-01-15T07:51:52.217+0200] {standard_task_runner.py:83} INFO - Job 208: Subtask etl
[2023-01-15T07:51:52.288+0200] {task_command.py:389} INFO - Running <TaskInstance: railway_v01.etl manual__2023-01-15T05:22:13.345799+00:00 [running]> on host nhanchaus-macbook-air.local
[2023-01-15T07:51:52.360+0200] {taskinstance.py:1511} INFO - Exporting the following env vars:
AIRFLOW_CTX_DAG_OWNER=Nhan_Chau
AIRFLOW_CTX_DAG_ID=railway_v01
AIRFLOW_CTX_TASK_ID=etl
AIRFLOW_CTX_EXECUTION_DATE=2023-01-15T05:22:13.345799+00:00
AIRFLOW_CTX_TRY_NUMBER=9
AIRFLOW_CTX_DAG_RUN_ID=manual__2023-01-15T05:22:13.345799+00:00
[2023-01-15T07:52:17.822+0200] {python.py:177} INFO - Done. Returned value was: None
[2023-01-15T07:52:17.854+0200] {taskinstance.py:1322} INFO - Marking task as SUCCESS. dag_id=railway_v01, task_id=etl, execution_date=20230115T052213, start_date=20230115T055152, end_date=20230115T055217
[2023-01-15T07:52:17.883+0200] {local_task_job.py:159} INFO - Task exited with return code 0
[2023-01-15T07:52:17.907+0200] {taskinstance.py:2582} INFO - 0 downstream tasks scheduled from follow-on schedule check
