[2023-01-15T07:22:14.615+0200] {taskinstance.py:1087} INFO - Dependencies all met for <TaskInstance: railway_v01.etl manual__2023-01-15T05:22:13.345799+00:00 [queued]>
[2023-01-15T07:22:14.624+0200] {taskinstance.py:1087} INFO - Dependencies all met for <TaskInstance: railway_v01.etl manual__2023-01-15T05:22:13.345799+00:00 [queued]>
[2023-01-15T07:22:14.624+0200] {taskinstance.py:1283} INFO - 
--------------------------------------------------------------------------------
[2023-01-15T07:22:14.625+0200] {taskinstance.py:1284} INFO - Starting attempt 1 of 6
[2023-01-15T07:22:14.625+0200] {taskinstance.py:1285} INFO - 
--------------------------------------------------------------------------------
[2023-01-15T07:22:14.633+0200] {taskinstance.py:1304} INFO - Executing <Task(_PythonDecoratedOperator): etl> on 2023-01-15 05:22:13.345799+00:00
[2023-01-15T07:22:14.639+0200] {standard_task_runner.py:55} INFO - Started process 8438 to run task
[2023-01-15T07:22:14.645+0200] {standard_task_runner.py:82} INFO - Running: ['airflow', 'tasks', 'run', 'railway_v01', 'etl', 'manual__2023-01-15T05:22:13.345799+00:00', '--job-id', '200', '--raw', '--subdir', 'DAGS_FOLDER/fetching_api.py', '--cfg-path', '/var/folders/qr/k2__dmk5697g2jyd7w2tpyt80000gn/T/tmpkd0xiqw2']
[2023-01-15T07:22:14.650+0200] {standard_task_runner.py:83} INFO - Job 200: Subtask etl
[2023-01-15T07:22:14.725+0200] {task_command.py:389} INFO - Running <TaskInstance: railway_v01.etl manual__2023-01-15T05:22:13.345799+00:00 [running]> on host nhanchaus-macbook-air.local
[2023-01-15T07:22:14.782+0200] {taskinstance.py:1511} INFO - Exporting the following env vars:
AIRFLOW_CTX_DAG_OWNER=Nhan_Chau
AIRFLOW_CTX_DAG_ID=railway_v01
AIRFLOW_CTX_TASK_ID=etl
AIRFLOW_CTX_EXECUTION_DATE=2023-01-15T05:22:13.345799+00:00
AIRFLOW_CTX_TRY_NUMBER=1
AIRFLOW_CTX_DAG_RUN_ID=manual__2023-01-15T05:22:13.345799+00:00
[2023-01-15T07:22:20.511+0200] {taskinstance.py:1772} ERROR - Task failed with exception
Traceback (most recent call last):
  File "/Library/Frameworks/Python.framework/Versions/3.10/lib/python3.10/site-packages/airflow/decorators/base.py", line 217, in execute
    return_value = super().execute(context)
  File "/Library/Frameworks/Python.framework/Versions/3.10/lib/python3.10/site-packages/airflow/operators/python.py", line 175, in execute
    return_value = self.execute_callable()
  File "/Library/Frameworks/Python.framework/Versions/3.10/lib/python3.10/site-packages/airflow/operators/python.py", line 192, in execute_callable
    return self.python_callable(*self.op_args, **self.op_kwargs)
  File "/Users/nhanchau/gitRepo/Raiway_with_AIrflow/dags/fetching_api.py", line 42, in etl
    spark.sparkContext.hadoopConfiguration.set("fs.s3a.access.key", "AKIAS4YJKOYRHA3VGNMA")
AttributeError: 'SparkContext' object has no attribute 'hadoopConfiguration'
[2023-01-15T07:22:20.529+0200] {taskinstance.py:1322} INFO - Marking task as UP_FOR_RETRY. dag_id=railway_v01, task_id=etl, execution_date=20230115T052213, start_date=20230115T052214, end_date=20230115T052220
[2023-01-15T07:22:20.549+0200] {standard_task_runner.py:100} ERROR - Failed to execute job 200 for task etl ('SparkContext' object has no attribute 'hadoopConfiguration'; 8438)
[2023-01-15T07:22:20.555+0200] {local_task_job.py:159} INFO - Task exited with return code 1
[2023-01-15T07:22:20.572+0200] {taskinstance.py:2582} INFO - 0 downstream tasks scheduled from follow-on schedule check
