[2023-01-15T08:00:25.064+0200] {taskinstance.py:1087} INFO - Dependencies all met for <TaskInstance: railway_v01.etl manual__2023-01-15T05:22:13.345799+00:00 [queued]>
[2023-01-15T08:00:25.075+0200] {taskinstance.py:1087} INFO - Dependencies all met for <TaskInstance: railway_v01.etl manual__2023-01-15T05:22:13.345799+00:00 [queued]>
[2023-01-15T08:00:25.076+0200] {taskinstance.py:1283} INFO - 
--------------------------------------------------------------------------------
[2023-01-15T08:00:25.076+0200] {taskinstance.py:1284} INFO - Starting attempt 10 of 15
[2023-01-15T08:00:25.076+0200] {taskinstance.py:1285} INFO - 
--------------------------------------------------------------------------------
[2023-01-15T08:00:25.088+0200] {taskinstance.py:1304} INFO - Executing <Task(PythonOperator): etl> on 2023-01-15 05:22:13.345799+00:00
[2023-01-15T08:00:25.095+0200] {standard_task_runner.py:55} INFO - Started process 14340 to run task
[2023-01-15T08:00:25.099+0200] {standard_task_runner.py:82} INFO - Running: ['airflow', 'tasks', 'run', 'railway_v01', 'etl', 'manual__2023-01-15T05:22:13.345799+00:00', '--job-id', '209', '--raw', '--subdir', 'DAGS_FOLDER/fetching_api.py', '--cfg-path', '/var/folders/qr/k2__dmk5697g2jyd7w2tpyt80000gn/T/tmpiisvz3h2']
[2023-01-15T08:00:25.102+0200] {standard_task_runner.py:83} INFO - Job 209: Subtask etl
[2023-01-15T08:00:25.180+0200] {task_command.py:389} INFO - Running <TaskInstance: railway_v01.etl manual__2023-01-15T05:22:13.345799+00:00 [running]> on host nhanchaus-macbook-air.local
[2023-01-15T08:00:25.243+0200] {taskinstance.py:1511} INFO - Exporting the following env vars:
AIRFLOW_CTX_DAG_OWNER=Nhan_Chau
AIRFLOW_CTX_DAG_ID=railway_v01
AIRFLOW_CTX_TASK_ID=etl
AIRFLOW_CTX_EXECUTION_DATE=2023-01-15T05:22:13.345799+00:00
AIRFLOW_CTX_TRY_NUMBER=10
AIRFLOW_CTX_DAG_RUN_ID=manual__2023-01-15T05:22:13.345799+00:00
[2023-01-15T08:00:56.051+0200] {python.py:177} INFO - Done. Returned value was: None
[2023-01-15T08:00:56.080+0200] {taskinstance.py:1322} INFO - Marking task as SUCCESS. dag_id=railway_v01, task_id=etl, execution_date=20230115T052213, start_date=20230115T060025, end_date=20230115T060056
[2023-01-15T08:00:56.118+0200] {local_task_job.py:159} INFO - Task exited with return code 0
[2023-01-15T08:00:56.141+0200] {taskinstance.py:2582} INFO - 0 downstream tasks scheduled from follow-on schedule check
