[2023-01-15T07:24:02.390+0200] {taskinstance.py:1087} INFO - Dependencies all met for <TaskInstance: railway_v01.etl manual__2023-01-15T05:22:13.345799+00:00 [queued]>
[2023-01-15T07:24:02.399+0200] {taskinstance.py:1087} INFO - Dependencies all met for <TaskInstance: railway_v01.etl manual__2023-01-15T05:22:13.345799+00:00 [queued]>
[2023-01-15T07:24:02.399+0200] {taskinstance.py:1283} INFO - 
--------------------------------------------------------------------------------
[2023-01-15T07:24:02.399+0200] {taskinstance.py:1284} INFO - Starting attempt 2 of 7
[2023-01-15T07:24:02.399+0200] {taskinstance.py:1285} INFO - 
--------------------------------------------------------------------------------
[2023-01-15T07:24:02.408+0200] {taskinstance.py:1304} INFO - Executing <Task(_PythonDecoratedOperator): etl> on 2023-01-15 05:22:13.345799+00:00
[2023-01-15T07:24:02.414+0200] {standard_task_runner.py:55} INFO - Started process 9167 to run task
[2023-01-15T07:24:02.419+0200] {standard_task_runner.py:82} INFO - Running: ['airflow', 'tasks', 'run', 'railway_v01', 'etl', 'manual__2023-01-15T05:22:13.345799+00:00', '--job-id', '201', '--raw', '--subdir', 'DAGS_FOLDER/fetching_api.py', '--cfg-path', '/var/folders/qr/k2__dmk5697g2jyd7w2tpyt80000gn/T/tmpwwbrhx93']
[2023-01-15T07:24:02.422+0200] {standard_task_runner.py:83} INFO - Job 201: Subtask etl
[2023-01-15T07:24:02.496+0200] {task_command.py:389} INFO - Running <TaskInstance: railway_v01.etl manual__2023-01-15T05:22:13.345799+00:00 [running]> on host nhanchaus-macbook-air.local
[2023-01-15T07:24:02.553+0200] {taskinstance.py:1511} INFO - Exporting the following env vars:
AIRFLOW_CTX_DAG_OWNER=Nhan_Chau
AIRFLOW_CTX_DAG_ID=railway_v01
AIRFLOW_CTX_TASK_ID=etl
AIRFLOW_CTX_EXECUTION_DATE=2023-01-15T05:22:13.345799+00:00
AIRFLOW_CTX_TRY_NUMBER=2
AIRFLOW_CTX_DAG_RUN_ID=manual__2023-01-15T05:22:13.345799+00:00
[2023-01-15T07:24:20.955+0200] {python.py:177} INFO - Done. Returned value was: None
[2023-01-15T07:24:20.976+0200] {taskinstance.py:1322} INFO - Marking task as SUCCESS. dag_id=railway_v01, task_id=etl, execution_date=20230115T052213, start_date=20230115T052402, end_date=20230115T052420
[2023-01-15T07:24:21.021+0200] {local_task_job.py:159} INFO - Task exited with return code 0
[2023-01-15T07:24:21.048+0200] {taskinstance.py:2582} INFO - 0 downstream tasks scheduled from follow-on schedule check
