[2023-02-04T17:28:37.596+0200] {taskinstance.py:1083} INFO - Dependencies all met for <TaskInstance: railway_v02.visualization manual__2023-02-04T02:53:10.838981+00:00 [queued]>
[2023-02-04T17:28:37.605+0200] {taskinstance.py:1083} INFO - Dependencies all met for <TaskInstance: railway_v02.visualization manual__2023-02-04T02:53:10.838981+00:00 [queued]>
[2023-02-04T17:28:37.605+0200] {taskinstance.py:1279} INFO - 
--------------------------------------------------------------------------------
[2023-02-04T17:28:37.605+0200] {taskinstance.py:1280} INFO - Starting attempt 9 of 14
[2023-02-04T17:28:37.605+0200] {taskinstance.py:1281} INFO - 
--------------------------------------------------------------------------------
[2023-02-04T17:28:37.613+0200] {taskinstance.py:1300} INFO - Executing <Task(_PythonDecoratedOperator): visualization> on 2023-02-04 02:53:10.838981+00:00
[2023-02-04T17:28:37.620+0200] {standard_task_runner.py:55} INFO - Started process 50152 to run task
[2023-02-04T17:28:37.625+0200] {standard_task_runner.py:82} INFO - Running: ['airflow', 'tasks', 'run', 'railway_v02', 'visualization', 'manual__2023-02-04T02:53:10.838981+00:00', '--job-id', '772', '--raw', '--subdir', 'DAGS_FOLDER/fetching_api.py', '--cfg-path', '/var/folders/qr/k2__dmk5697g2jyd7w2tpyt80000gn/T/tmpmru30e2g']
[2023-02-04T17:28:37.627+0200] {standard_task_runner.py:83} INFO - Job 772: Subtask visualization
[2023-02-04T17:28:37.689+0200] {task_command.py:388} INFO - Running <TaskInstance: railway_v02.visualization manual__2023-02-04T02:53:10.838981+00:00 [running]> on host nhanchaus-macbook-air.local
[2023-02-04T17:28:37.757+0200] {taskinstance.py:1507} INFO - Exporting the following env vars:
AIRFLOW_CTX_DAG_OWNER=Nhan_Chau
AIRFLOW_CTX_DAG_ID=railway_v02
AIRFLOW_CTX_TASK_ID=visualization
AIRFLOW_CTX_EXECUTION_DATE=2023-02-04T02:53:10.838981+00:00
AIRFLOW_CTX_TRY_NUMBER=9
AIRFLOW_CTX_DAG_RUN_ID=manual__2023-02-04T02:53:10.838981+00:00
[2023-02-04T17:28:37.799+0200] {logging_mixin.py:137} INFO -   traincategory_name  number
0         Test drive       1
1           Commuter       3
2  On-track machines       1
3           Shunting       7
4              Cargo       2
5      Long-distance      14
6         Locomotive       1
[2023-02-04T17:28:37.799+0200] {python.py:177} INFO - Done. Returned value was: None
[2023-02-04T17:28:37.819+0200] {taskinstance.py:1318} INFO - Marking task as SUCCESS. dag_id=railway_v02, task_id=visualization, execution_date=20230204T025310, start_date=20230204T152837, end_date=20230204T152837
[2023-02-04T17:28:37.842+0200] {local_task_job.py:208} INFO - Task exited with return code 0
[2023-02-04T17:28:37.865+0200] {taskinstance.py:2578} INFO - 0 downstream tasks scheduled from follow-on schedule check
