[2023-02-04T04:53:35.825+0200] {taskinstance.py:1083} INFO - Dependencies all met for <TaskInstance: railway_v02.visualization manual__2023-02-04T02:53:10.838981+00:00 [queued]>
[2023-02-04T04:53:35.835+0200] {taskinstance.py:1083} INFO - Dependencies all met for <TaskInstance: railway_v02.visualization manual__2023-02-04T02:53:10.838981+00:00 [queued]>
[2023-02-04T04:53:35.835+0200] {taskinstance.py:1279} INFO - 
--------------------------------------------------------------------------------
[2023-02-04T04:53:35.835+0200] {taskinstance.py:1280} INFO - Starting attempt 1 of 6
[2023-02-04T04:53:35.836+0200] {taskinstance.py:1281} INFO - 
--------------------------------------------------------------------------------
[2023-02-04T04:53:35.843+0200] {taskinstance.py:1300} INFO - Executing <Task(_PythonDecoratedOperator): visualization> on 2023-02-04 02:53:10.838981+00:00
[2023-02-04T04:53:35.851+0200] {standard_task_runner.py:55} INFO - Started process 29727 to run task
[2023-02-04T04:53:35.855+0200] {standard_task_runner.py:82} INFO - Running: ['airflow', 'tasks', 'run', 'railway_v02', 'visualization', 'manual__2023-02-04T02:53:10.838981+00:00', '--job-id', '763', '--raw', '--subdir', 'DAGS_FOLDER/fetching_api.py', '--cfg-path', '/var/folders/qr/k2__dmk5697g2jyd7w2tpyt80000gn/T/tmpa1zbe6vw']
[2023-02-04T04:53:35.857+0200] {standard_task_runner.py:83} INFO - Job 763: Subtask visualization
[2023-02-04T04:53:35.917+0200] {task_command.py:388} INFO - Running <TaskInstance: railway_v02.visualization manual__2023-02-04T02:53:10.838981+00:00 [running]> on host nhanchaus-macbook-air.local
[2023-02-04T04:53:35.978+0200] {taskinstance.py:1507} INFO - Exporting the following env vars:
AIRFLOW_CTX_DAG_OWNER=Nhan_Chau
AIRFLOW_CTX_DAG_ID=railway_v02
AIRFLOW_CTX_TASK_ID=visualization
AIRFLOW_CTX_EXECUTION_DATE=2023-02-04T02:53:10.838981+00:00
AIRFLOW_CTX_TRY_NUMBER=1
AIRFLOW_CTX_DAG_RUN_ID=manual__2023-02-04T02:53:10.838981+00:00
[2023-02-04T04:53:36.072+0200] {local_task_job.py:208} INFO - Task exited with return code Negsignal.SIGABRT
[2023-02-04T04:53:36.131+0200] {taskinstance.py:2578} INFO - 0 downstream tasks scheduled from follow-on schedule check
