[2023-02-04T17:26:54.296+0200] {taskinstance.py:1083} INFO - Dependencies all met for <TaskInstance: railway_v02.visualization manual__2023-02-04T02:53:10.838981+00:00 [queued]>
[2023-02-04T17:26:54.307+0200] {taskinstance.py:1083} INFO - Dependencies all met for <TaskInstance: railway_v02.visualization manual__2023-02-04T02:53:10.838981+00:00 [queued]>
[2023-02-04T17:26:54.308+0200] {taskinstance.py:1279} INFO - 
--------------------------------------------------------------------------------
[2023-02-04T17:26:54.308+0200] {taskinstance.py:1280} INFO - Starting attempt 8 of 12
[2023-02-04T17:26:54.308+0200] {taskinstance.py:1281} INFO - 
--------------------------------------------------------------------------------
[2023-02-04T17:26:54.317+0200] {taskinstance.py:1300} INFO - Executing <Task(_PythonDecoratedOperator): visualization> on 2023-02-04 02:53:10.838981+00:00
[2023-02-04T17:26:54.331+0200] {standard_task_runner.py:55} INFO - Started process 49973 to run task
[2023-02-04T17:26:54.341+0200] {standard_task_runner.py:82} INFO - Running: ['airflow', 'tasks', 'run', 'railway_v02', 'visualization', 'manual__2023-02-04T02:53:10.838981+00:00', '--job-id', '771', '--raw', '--subdir', 'DAGS_FOLDER/fetching_api.py', '--cfg-path', '/var/folders/qr/k2__dmk5697g2jyd7w2tpyt80000gn/T/tmpsc7seu5l']
[2023-02-04T17:26:54.344+0200] {standard_task_runner.py:83} INFO - Job 771: Subtask visualization
[2023-02-04T17:26:54.417+0200] {task_command.py:388} INFO - Running <TaskInstance: railway_v02.visualization manual__2023-02-04T02:53:10.838981+00:00 [running]> on host nhanchaus-macbook-air.local
[2023-02-04T17:26:54.490+0200] {taskinstance.py:1507} INFO - Exporting the following env vars:
AIRFLOW_CTX_DAG_OWNER=Nhan_Chau
AIRFLOW_CTX_DAG_ID=railway_v02
AIRFLOW_CTX_TASK_ID=visualization
AIRFLOW_CTX_EXECUTION_DATE=2023-02-04T02:53:10.838981+00:00
AIRFLOW_CTX_TRY_NUMBER=8
AIRFLOW_CTX_DAG_RUN_ID=manual__2023-02-04T02:53:10.838981+00:00
[2023-02-04T17:26:54.553+0200] {logging_mixin.py:137} WARNING - /Users/nhanchau/gitRepo/Raiway_with_AIrflow/dags/fetching_api.py:118 UserWarning: Starting a Matplotlib GUI outside of the main thread will likely fail.
[2023-02-04T17:26:54.595+0200] {local_task_job.py:208} INFO - Task exited with return code Negsignal.SIGILL
[2023-02-04T17:26:54.622+0200] {taskinstance.py:2578} INFO - 0 downstream tasks scheduled from follow-on schedule check
