[2023-01-15T00:35:22.578+0200] {taskinstance.py:1087} INFO - Dependencies all met for <TaskInstance: railway_v01.get_API_fetch_respond scheduled__2022-12-30T00:00:00+00:00 [queued]>
[2023-01-15T00:35:22.596+0200] {taskinstance.py:1087} INFO - Dependencies all met for <TaskInstance: railway_v01.get_API_fetch_respond scheduled__2022-12-30T00:00:00+00:00 [queued]>
[2023-01-15T00:35:22.597+0200] {taskinstance.py:1283} INFO - 
--------------------------------------------------------------------------------
[2023-01-15T00:35:22.597+0200] {taskinstance.py:1284} INFO - Starting attempt 1 of 6
[2023-01-15T00:35:22.597+0200] {taskinstance.py:1285} INFO - 
--------------------------------------------------------------------------------
[2023-01-15T00:35:22.615+0200] {taskinstance.py:1304} INFO - Executing <Task(_PythonDecoratedOperator): get_API_fetch_respond> on 2022-12-30 00:00:00+00:00
[2023-01-15T00:35:22.634+0200] {standard_task_runner.py:55} INFO - Started process 13231 to run task
[2023-01-15T00:35:22.645+0200] {standard_task_runner.py:82} INFO - Running: ['airflow', 'tasks', 'run', 'railway_v01', 'get_API_fetch_respond', 'scheduled__2022-12-30T00:00:00+00:00', '--job-id', '34', '--raw', '--subdir', 'DAGS_FOLDER/fetching_api.py', '--cfg-path', '/var/folders/qr/k2__dmk5697g2jyd7w2tpyt80000gn/T/tmp06geeve8']
[2023-01-15T00:35:22.649+0200] {standard_task_runner.py:83} INFO - Job 34: Subtask get_API_fetch_respond
[2023-01-15T00:35:22.834+0200] {task_command.py:389} INFO - Running <TaskInstance: railway_v01.get_API_fetch_respond scheduled__2022-12-30T00:00:00+00:00 [running]> on host nhanchaus-macbook-air.local
[2023-01-15T00:35:23.011+0200] {taskinstance.py:1511} INFO - Exporting the following env vars:
AIRFLOW_CTX_DAG_OWNER=Nhan_Chau
AIRFLOW_CTX_DAG_ID=railway_v01
AIRFLOW_CTX_TASK_ID=get_API_fetch_respond
AIRFLOW_CTX_EXECUTION_DATE=2022-12-30T00:00:00+00:00
AIRFLOW_CTX_TRY_NUMBER=1
AIRFLOW_CTX_DAG_RUN_ID=scheduled__2022-12-30T00:00:00+00:00
[2023-01-15T00:35:24.036+0200] {python.py:177} INFO - Done. Returned value was: ('[{"name":"PAR","trainCategory":{"name":"Shunting"}},{"name":"HL","trainCategory":{"name":"Commuter"}},{"name":"VET","trainCategory":{"name":"Locomotive"}},{"name":"VEV","trainCategory":{"name":"Shunting"}},{"name":"H","trainCategory":{"name":"Long-distance"}},{"name":"PVS","trainCategory":{"name":"Long-distance"}},{"name":"HV","trainCategory":{"name":"Commuter"}},{"name":"P","trainCategory":{"name":"Long-distance"}},{"name":"HDM","trainCategory":{"name":"Long-distance"}},{"name":"PVV","trainCategory":{"name":"Long-distance"}},{"name":"VLI","trainCategory":{"name":"Shunting"}},{"name":"S","trainCategory":{"name":"Long-distance"}},{"name":"HLV","trainCategory":{"name":"Commuter"}},{"name":"T","trainCategory":{"name":"Cargo"}},{"name":"V","trainCategory":{"name":"Long-distance"}},{"name":"W","trainCategory":{"name":"Shunting"}},{"name":"IC2","trainCategory":{"name":"Long-distance"}},{"name":"IC","trainCategory":{"name":"Long-distance"}},{"name":"HSM","trainCategory":{"name":"Long-distance"}},{"name":"AE","trainCategory":{"name":"Long-distance"}},{"name":"PYO","trainCategory":{"name":"Long-distance"}},{"name":"MV","trainCategory":{"name":"Long-distance"}},{"name":"MUS","trainCategory":{"name":"Long-distance"}},{"name":"TYO","trainCategory":{"name":"On-track machines"}},{"name":"MUV","trainCategory":{"name":"Shunting"}},{"name":"SAA","trainCategory":{"name":"Shunting"}},{"name":"LIV","trainCategory":{"name":"Test drive"}},{"name":"RJ","trainCategory":{"name":"Cargo"}},{"name":"PAI","trainCategory":{"name":"Shunting"}}]', 'Too many requests. Only 60 requests per minute per ip per url or 600 requests per minute per ip are allowed', 'Too many requests. Only 60 requests per minute per ip per url or 600 requests per minute per ip are allowed', 'Too many requests. Only 60 requests per minute per ip per url or 600 requests per minute per ip are allowed')
[2023-01-15T00:35:24.063+0200] {taskinstance.py:1322} INFO - Marking task as SUCCESS. dag_id=railway_v01, task_id=get_API_fetch_respond, execution_date=20221230T000000, start_date=20230114T223522, end_date=20230114T223524
[2023-01-15T00:35:24.108+0200] {local_task_job.py:159} INFO - Task exited with return code 0
[2023-01-15T00:35:24.130+0200] {taskinstance.py:2582} INFO - 0 downstream tasks scheduled from follow-on schedule check
