[2023-01-15T09:42:32.142+0200] {taskinstance.py:1087} INFO - Dependencies all met for <TaskInstance: railway_v02.etl_pipeline scheduled__2022-12-28T00:00:00+00:00 [queued]>
[2023-01-15T09:42:33.017+0200] {taskinstance.py:1087} INFO - Dependencies all met for <TaskInstance: railway_v02.etl_pipeline scheduled__2022-12-28T00:00:00+00:00 [queued]>
[2023-01-15T09:42:33.078+0200] {taskinstance.py:1283} INFO - 
--------------------------------------------------------------------------------
[2023-01-15T09:42:33.079+0200] {taskinstance.py:1284} INFO - Starting attempt 1 of 6
[2023-01-15T09:42:33.096+0200] {taskinstance.py:1285} INFO - 
--------------------------------------------------------------------------------
[2023-01-15T09:42:35.450+0200] {taskinstance.py:1304} INFO - Executing <Task(_PythonDecoratedOperator): etl_pipeline> on 2022-12-28 00:00:00+00:00
[2023-01-15T09:42:39.533+0200] {standard_task_runner.py:55} INFO - Started process 31677 to run task
[2023-01-15T09:42:39.771+0200] {standard_task_runner.py:82} INFO - Running: ['airflow', 'tasks', 'run', 'railway_v02', 'etl_pipeline', 'scheduled__2022-12-28T00:00:00+00:00', '--job-id', '244', '--raw', '--subdir', 'DAGS_FOLDER/fetching_api.py', '--cfg-path', '/var/folders/qr/k2__dmk5697g2jyd7w2tpyt80000gn/T/tmp69i3bf3h']
[2023-01-15T09:42:39.800+0200] {standard_task_runner.py:83} INFO - Job 244: Subtask etl_pipeline
[2023-01-15T09:42:51.340+0200] {task_command.py:389} INFO - Running <TaskInstance: railway_v02.etl_pipeline scheduled__2022-12-28T00:00:00+00:00 [running]> on host nhanchaus-macbook-air.local
[2023-01-15T09:43:09.066+0200] {taskinstance.py:1511} INFO - Exporting the following env vars:
AIRFLOW_CTX_DAG_OWNER=Nhan_Chau
AIRFLOW_CTX_DAG_ID=railway_v02
AIRFLOW_CTX_TASK_ID=etl_pipeline
AIRFLOW_CTX_EXECUTION_DATE=2022-12-28T00:00:00+00:00
AIRFLOW_CTX_TRY_NUMBER=1
AIRFLOW_CTX_DAG_RUN_ID=scheduled__2022-12-28T00:00:00+00:00
[2023-01-15T11:12:49.857+0200] {taskinstance.py:1087} INFO - Dependencies all met for <TaskInstance: railway_v02.etl_pipeline scheduled__2022-12-28T00:00:00+00:00 [queued]>
[2023-01-15T11:12:49.884+0200] {taskinstance.py:1087} INFO - Dependencies all met for <TaskInstance: railway_v02.etl_pipeline scheduled__2022-12-28T00:00:00+00:00 [queued]>
[2023-01-15T11:12:49.885+0200] {taskinstance.py:1283} INFO - 
--------------------------------------------------------------------------------
[2023-01-15T11:12:49.886+0200] {taskinstance.py:1284} INFO - Starting attempt 1 of 6
[2023-01-15T11:12:49.892+0200] {taskinstance.py:1285} INFO - 
--------------------------------------------------------------------------------
[2023-01-15T11:12:50.046+0200] {taskinstance.py:1304} INFO - Executing <Task(_PythonDecoratedOperator): etl_pipeline> on 2022-12-28 00:00:00+00:00
[2023-01-15T11:12:50.064+0200] {standard_task_runner.py:55} INFO - Started process 9658 to run task
[2023-01-15T11:12:50.076+0200] {standard_task_runner.py:82} INFO - Running: ['airflow', 'tasks', 'run', 'railway_v02', 'etl_pipeline', 'scheduled__2022-12-28T00:00:00+00:00', '--job-id', '439', '--raw', '--subdir', 'DAGS_FOLDER/fetching_api.py', '--cfg-path', '/var/folders/qr/k2__dmk5697g2jyd7w2tpyt80000gn/T/tmpbz01eoox']
[2023-01-15T11:12:50.083+0200] {standard_task_runner.py:83} INFO - Job 439: Subtask etl_pipeline
[2023-01-15T11:12:50.337+0200] {task_command.py:389} INFO - Running <TaskInstance: railway_v02.etl_pipeline scheduled__2022-12-28T00:00:00+00:00 [running]> on host nhanchaus-macbook-air.local
[2023-01-15T11:12:50.456+0200] {taskinstance.py:1511} INFO - Exporting the following env vars:
AIRFLOW_CTX_DAG_OWNER=Nhan_Chau
AIRFLOW_CTX_DAG_ID=railway_v02
AIRFLOW_CTX_TASK_ID=etl_pipeline
AIRFLOW_CTX_EXECUTION_DATE=2022-12-28T00:00:00+00:00
AIRFLOW_CTX_TRY_NUMBER=1
AIRFLOW_CTX_DAG_RUN_ID=scheduled__2022-12-28T00:00:00+00:00
[2023-01-15T11:14:12.762+0200] {python.py:177} INFO - Done. Returned value was: None
[2023-01-15T11:14:13.282+0200] {taskinstance.py:1322} INFO - Marking task as SUCCESS. dag_id=railway_v02, task_id=etl_pipeline, execution_date=20221228T000000, start_date=20230115T091249, end_date=20230115T091413
[2023-01-15T11:14:13.612+0200] {local_task_job.py:159} INFO - Task exited with return code 0
[2023-01-15T11:14:15.189+0200] {taskinstance.py:2582} INFO - 0 downstream tasks scheduled from follow-on schedule check
