[2023-01-15T00:35:32.535+0200] {taskinstance.py:1087} INFO - Dependencies all met for <TaskInstance: railway_v01.get_API_fetch_respond scheduled__2023-01-12T00:00:00+00:00 [queued]>
[2023-01-15T00:35:32.555+0200] {taskinstance.py:1087} INFO - Dependencies all met for <TaskInstance: railway_v01.get_API_fetch_respond scheduled__2023-01-12T00:00:00+00:00 [queued]>
[2023-01-15T00:35:32.556+0200] {taskinstance.py:1283} INFO - 
--------------------------------------------------------------------------------
[2023-01-15T00:35:32.556+0200] {taskinstance.py:1284} INFO - Starting attempt 1 of 6
[2023-01-15T00:35:32.556+0200] {taskinstance.py:1285} INFO - 
--------------------------------------------------------------------------------
[2023-01-15T00:35:32.574+0200] {taskinstance.py:1304} INFO - Executing <Task(_PythonDecoratedOperator): get_API_fetch_respond> on 2023-01-12 00:00:00+00:00
[2023-01-15T00:35:32.587+0200] {standard_task_runner.py:55} INFO - Started process 13524 to run task
[2023-01-15T00:35:32.602+0200] {standard_task_runner.py:82} INFO - Running: ['airflow', 'tasks', 'run', 'railway_v01', 'get_API_fetch_respond', 'scheduled__2023-01-12T00:00:00+00:00', '--job-id', '47', '--raw', '--subdir', 'DAGS_FOLDER/fetching_api.py', '--cfg-path', '/var/folders/qr/k2__dmk5697g2jyd7w2tpyt80000gn/T/tmp60odbu7z']
[2023-01-15T00:35:32.611+0200] {standard_task_runner.py:83} INFO - Job 47: Subtask get_API_fetch_respond
[2023-01-15T00:35:32.788+0200] {task_command.py:389} INFO - Running <TaskInstance: railway_v01.get_API_fetch_respond scheduled__2023-01-12T00:00:00+00:00 [running]> on host nhanchaus-macbook-air.local
[2023-01-15T00:35:32.876+0200] {taskinstance.py:1511} INFO - Exporting the following env vars:
AIRFLOW_CTX_DAG_OWNER=Nhan_Chau
AIRFLOW_CTX_DAG_ID=railway_v01
AIRFLOW_CTX_TASK_ID=get_API_fetch_respond
AIRFLOW_CTX_EXECUTION_DATE=2023-01-12T00:00:00+00:00
AIRFLOW_CTX_TRY_NUMBER=1
AIRFLOW_CTX_DAG_RUN_ID=scheduled__2023-01-12T00:00:00+00:00
[2023-01-15T00:35:33.850+0200] {python.py:177} INFO - Done. Returned value was: ('Too many requests. Only 60 requests per minute per ip per url or 600 requests per minute per ip are allowed', 'Too many requests. Only 60 requests per minute per ip per url or 600 requests per minute per ip are allowed', 'Too many requests. Only 60 requests per minute per ip per url or 600 requests per minute per ip are allowed', 'Too many requests. Only 60 requests per minute per ip per url or 600 requests per minute per ip are allowed')
[2023-01-15T00:35:33.875+0200] {taskinstance.py:1322} INFO - Marking task as SUCCESS. dag_id=railway_v01, task_id=get_API_fetch_respond, execution_date=20230112T000000, start_date=20230114T223532, end_date=20230114T223533
[2023-01-15T00:35:33.928+0200] {local_task_job.py:159} INFO - Task exited with return code 0
[2023-01-15T00:35:33.949+0200] {taskinstance.py:2582} INFO - 0 downstream tasks scheduled from follow-on schedule check
