[2023-01-15T09:41:23.043+0200] {taskinstance.py:1087} INFO - Dependencies all met for <TaskInstance: railway_v02.etl_pipeline scheduled__2022-12-21T00:00:00+00:00 [queued]>
[2023-01-15T09:41:23.102+0200] {taskinstance.py:1087} INFO - Dependencies all met for <TaskInstance: railway_v02.etl_pipeline scheduled__2022-12-21T00:00:00+00:00 [queued]>
[2023-01-15T09:41:23.103+0200] {taskinstance.py:1283} INFO - 
--------------------------------------------------------------------------------
[2023-01-15T09:41:23.104+0200] {taskinstance.py:1284} INFO - Starting attempt 1 of 6
[2023-01-15T09:41:23.105+0200] {taskinstance.py:1285} INFO - 
--------------------------------------------------------------------------------
[2023-01-15T09:41:23.340+0200] {taskinstance.py:1304} INFO - Executing <Task(_PythonDecoratedOperator): etl_pipeline> on 2022-12-21 00:00:00+00:00
[2023-01-15T09:41:23.763+0200] {standard_task_runner.py:55} INFO - Started process 30554 to run task
[2023-01-15T09:41:23.972+0200] {standard_task_runner.py:82} INFO - Running: ['airflow', 'tasks', 'run', 'railway_v02', 'etl_pipeline', 'scheduled__2022-12-21T00:00:00+00:00', '--job-id', '238', '--raw', '--subdir', 'DAGS_FOLDER/fetching_api.py', '--cfg-path', '/var/folders/qr/k2__dmk5697g2jyd7w2tpyt80000gn/T/tmpaaiskjb0']
[2023-01-15T09:41:24.080+0200] {standard_task_runner.py:83} INFO - Job 238: Subtask etl_pipeline
[2023-01-15T09:41:26.682+0200] {task_command.py:389} INFO - Running <TaskInstance: railway_v02.etl_pipeline scheduled__2022-12-21T00:00:00+00:00 [running]> on host nhanchaus-macbook-air.local
[2023-01-15T09:41:27.230+0200] {taskinstance.py:1511} INFO - Exporting the following env vars:
AIRFLOW_CTX_DAG_OWNER=Nhan_Chau
AIRFLOW_CTX_DAG_ID=railway_v02
AIRFLOW_CTX_TASK_ID=etl_pipeline
AIRFLOW_CTX_EXECUTION_DATE=2022-12-21T00:00:00+00:00
AIRFLOW_CTX_TRY_NUMBER=1
AIRFLOW_CTX_DAG_RUN_ID=scheduled__2022-12-21T00:00:00+00:00
[2023-01-15T11:11:03.920+0200] {taskinstance.py:1087} INFO - Dependencies all met for <TaskInstance: railway_v02.etl_pipeline scheduled__2022-12-21T00:00:00+00:00 [queued]>
[2023-01-15T11:11:03.949+0200] {taskinstance.py:1087} INFO - Dependencies all met for <TaskInstance: railway_v02.etl_pipeline scheduled__2022-12-21T00:00:00+00:00 [queued]>
[2023-01-15T11:11:03.950+0200] {taskinstance.py:1283} INFO - 
--------------------------------------------------------------------------------
[2023-01-15T11:11:03.950+0200] {taskinstance.py:1284} INFO - Starting attempt 1 of 6
[2023-01-15T11:11:03.951+0200] {taskinstance.py:1285} INFO - 
--------------------------------------------------------------------------------
[2023-01-15T11:11:03.974+0200] {taskinstance.py:1304} INFO - Executing <Task(_PythonDecoratedOperator): etl_pipeline> on 2022-12-21 00:00:00+00:00
[2023-01-15T11:11:03.988+0200] {standard_task_runner.py:55} INFO - Started process 8639 to run task
[2023-01-15T11:11:03.996+0200] {standard_task_runner.py:82} INFO - Running: ['airflow', 'tasks', 'run', 'railway_v02', 'etl_pipeline', 'scheduled__2022-12-21T00:00:00+00:00', '--job-id', '431', '--raw', '--subdir', 'DAGS_FOLDER/fetching_api.py', '--cfg-path', '/var/folders/qr/k2__dmk5697g2jyd7w2tpyt80000gn/T/tmp_t3byhk9']
[2023-01-15T11:11:04.000+0200] {standard_task_runner.py:83} INFO - Job 431: Subtask etl_pipeline
[2023-01-15T11:11:04.101+0200] {task_command.py:389} INFO - Running <TaskInstance: railway_v02.etl_pipeline scheduled__2022-12-21T00:00:00+00:00 [running]> on host nhanchaus-macbook-air.local
[2023-01-15T11:11:04.207+0200] {taskinstance.py:1511} INFO - Exporting the following env vars:
AIRFLOW_CTX_DAG_OWNER=Nhan_Chau
AIRFLOW_CTX_DAG_ID=railway_v02
AIRFLOW_CTX_TASK_ID=etl_pipeline
AIRFLOW_CTX_EXECUTION_DATE=2022-12-21T00:00:00+00:00
AIRFLOW_CTX_TRY_NUMBER=1
AIRFLOW_CTX_DAG_RUN_ID=scheduled__2022-12-21T00:00:00+00:00
[2023-01-15T11:11:45.596+0200] {python.py:177} INFO - Done. Returned value was: None
[2023-01-15T11:11:45.639+0200] {taskinstance.py:1322} INFO - Marking task as SUCCESS. dag_id=railway_v02, task_id=etl_pipeline, execution_date=20221221T000000, start_date=20230115T091103, end_date=20230115T091145
[2023-01-15T11:11:45.687+0200] {local_task_job.py:159} INFO - Task exited with return code 0
[2023-01-15T11:11:45.778+0200] {taskinstance.py:2582} INFO - 0 downstream tasks scheduled from follow-on schedule check
