[2023-01-15T09:42:34.888+0200] {taskinstance.py:1087} INFO - Dependencies all met for <TaskInstance: railway_v02.etl_pipeline scheduled__2022-12-29T00:00:00+00:00 [queued]>
[2023-01-15T09:42:39.250+0200] {taskinstance.py:1087} INFO - Dependencies all met for <TaskInstance: railway_v02.etl_pipeline scheduled__2022-12-29T00:00:00+00:00 [queued]>
[2023-01-15T09:42:39.289+0200] {taskinstance.py:1283} INFO - 
--------------------------------------------------------------------------------
[2023-01-15T09:42:39.338+0200] {taskinstance.py:1284} INFO - Starting attempt 1 of 6
[2023-01-15T09:42:39.349+0200] {taskinstance.py:1285} INFO - 
--------------------------------------------------------------------------------
[2023-01-15T09:42:42.642+0200] {taskinstance.py:1304} INFO - Executing <Task(_PythonDecoratedOperator): etl_pipeline> on 2022-12-29 00:00:00+00:00
[2023-01-15T09:42:43.444+0200] {standard_task_runner.py:55} INFO - Started process 31774 to run task
[2023-01-15T09:42:44.203+0200] {standard_task_runner.py:82} INFO - Running: ['airflow', 'tasks', 'run', 'railway_v02', 'etl_pipeline', 'scheduled__2022-12-29T00:00:00+00:00', '--job-id', '245', '--raw', '--subdir', 'DAGS_FOLDER/fetching_api.py', '--cfg-path', '/var/folders/qr/k2__dmk5697g2jyd7w2tpyt80000gn/T/tmpl4pygqv9']
[2023-01-15T09:42:44.447+0200] {standard_task_runner.py:83} INFO - Job 245: Subtask etl_pipeline
[2023-01-15T09:43:00.420+0200] {task_command.py:389} INFO - Running <TaskInstance: railway_v02.etl_pipeline scheduled__2022-12-29T00:00:00+00:00 [running]> on host nhanchaus-macbook-air.local
[2023-01-15T09:43:20.044+0200] {taskinstance.py:1511} INFO - Exporting the following env vars:
AIRFLOW_CTX_DAG_OWNER=Nhan_Chau
AIRFLOW_CTX_DAG_ID=railway_v02
AIRFLOW_CTX_TASK_ID=etl_pipeline
AIRFLOW_CTX_EXECUTION_DATE=2022-12-29T00:00:00+00:00
AIRFLOW_CTX_TRY_NUMBER=1
AIRFLOW_CTX_DAG_RUN_ID=scheduled__2022-12-29T00:00:00+00:00
[2023-01-15T11:13:00.753+0200] {taskinstance.py:1087} INFO - Dependencies all met for <TaskInstance: railway_v02.etl_pipeline scheduled__2022-12-29T00:00:00+00:00 [queued]>
[2023-01-15T11:13:00.771+0200] {taskinstance.py:1087} INFO - Dependencies all met for <TaskInstance: railway_v02.etl_pipeline scheduled__2022-12-29T00:00:00+00:00 [queued]>
[2023-01-15T11:13:00.772+0200] {taskinstance.py:1283} INFO - 
--------------------------------------------------------------------------------
[2023-01-15T11:13:00.773+0200] {taskinstance.py:1284} INFO - Starting attempt 1 of 6
[2023-01-15T11:13:00.773+0200] {taskinstance.py:1285} INFO - 
--------------------------------------------------------------------------------
[2023-01-15T11:13:00.787+0200] {taskinstance.py:1304} INFO - Executing <Task(_PythonDecoratedOperator): etl_pipeline> on 2022-12-29 00:00:00+00:00
[2023-01-15T11:13:00.806+0200] {standard_task_runner.py:55} INFO - Started process 9773 to run task
[2023-01-15T11:13:00.822+0200] {standard_task_runner.py:82} INFO - Running: ['airflow', 'tasks', 'run', 'railway_v02', 'etl_pipeline', 'scheduled__2022-12-29T00:00:00+00:00', '--job-id', '440', '--raw', '--subdir', 'DAGS_FOLDER/fetching_api.py', '--cfg-path', '/var/folders/qr/k2__dmk5697g2jyd7w2tpyt80000gn/T/tmpz38ngd_d']
[2023-01-15T11:13:00.828+0200] {standard_task_runner.py:83} INFO - Job 440: Subtask etl_pipeline
[2023-01-15T11:13:00.979+0200] {task_command.py:389} INFO - Running <TaskInstance: railway_v02.etl_pipeline scheduled__2022-12-29T00:00:00+00:00 [running]> on host nhanchaus-macbook-air.local
[2023-01-15T11:13:01.074+0200] {taskinstance.py:1511} INFO - Exporting the following env vars:
AIRFLOW_CTX_DAG_OWNER=Nhan_Chau
AIRFLOW_CTX_DAG_ID=railway_v02
AIRFLOW_CTX_TASK_ID=etl_pipeline
AIRFLOW_CTX_EXECUTION_DATE=2022-12-29T00:00:00+00:00
AIRFLOW_CTX_TRY_NUMBER=1
AIRFLOW_CTX_DAG_RUN_ID=scheduled__2022-12-29T00:00:00+00:00
[2023-01-15T11:15:01.005+0200] {python.py:177} INFO - Done. Returned value was: None
[2023-01-15T11:15:02.312+0200] {taskinstance.py:1322} INFO - Marking task as SUCCESS. dag_id=railway_v02, task_id=etl_pipeline, execution_date=20221229T000000, start_date=20230115T091300, end_date=20230115T091502
[2023-01-15T11:15:03.002+0200] {local_task_job.py:159} INFO - Task exited with return code 0
[2023-01-15T11:15:03.744+0200] {taskinstance.py:2582} INFO - 0 downstream tasks scheduled from follow-on schedule check
