[2023-02-08T02:07:48.345+0200] {taskinstance.py:1083} INFO - Dependencies all met for <TaskInstance: railway_v02.visualise scheduled__2023-02-07T00:00:00+00:00 [queued]>
[2023-02-08T02:07:48.353+0200] {taskinstance.py:1083} INFO - Dependencies all met for <TaskInstance: railway_v02.visualise scheduled__2023-02-07T00:00:00+00:00 [queued]>
[2023-02-08T02:07:48.354+0200] {taskinstance.py:1279} INFO - 
--------------------------------------------------------------------------------
[2023-02-08T02:07:48.354+0200] {taskinstance.py:1280} INFO - Starting attempt 1 of 6
[2023-02-08T02:07:48.354+0200] {taskinstance.py:1281} INFO - 
--------------------------------------------------------------------------------
[2023-02-08T02:07:48.362+0200] {taskinstance.py:1300} INFO - Executing <Task(BashOperator): visualise> on 2023-02-07 00:00:00+00:00
[2023-02-08T02:07:48.369+0200] {standard_task_runner.py:55} INFO - Started process 21067 to run task
[2023-02-08T02:07:48.372+0200] {standard_task_runner.py:82} INFO - Running: ['airflow', 'tasks', 'run', 'railway_v02', 'visualise', 'scheduled__2023-02-07T00:00:00+00:00', '--job-id', '784', '--raw', '--subdir', 'DAGS_FOLDER/fetching_api.py', '--cfg-path', '/var/folders/qr/k2__dmk5697g2jyd7w2tpyt80000gn/T/tmpdlcc2kjf']
[2023-02-08T02:07:48.374+0200] {standard_task_runner.py:83} INFO - Job 784: Subtask visualise
[2023-02-08T02:07:48.436+0200] {task_command.py:388} INFO - Running <TaskInstance: railway_v02.visualise scheduled__2023-02-07T00:00:00+00:00 [running]> on host nhanchaus-macbook-air.local
[2023-02-08T02:07:48.493+0200] {taskinstance.py:1507} INFO - Exporting the following env vars:
AIRFLOW_CTX_DAG_OWNER=Nhan_Chau
AIRFLOW_CTX_DAG_ID=railway_v02
AIRFLOW_CTX_TASK_ID=visualise
AIRFLOW_CTX_EXECUTION_DATE=2023-02-07T00:00:00+00:00
AIRFLOW_CTX_TRY_NUMBER=1
AIRFLOW_CTX_DAG_RUN_ID=scheduled__2023-02-07T00:00:00+00:00
[2023-02-08T02:07:48.494+0200] {subprocess.py:63} INFO - Tmp dir root location: 
 /var/folders/qr/k2__dmk5697g2jyd7w2tpyt80000gn/T
[2023-02-08T02:07:48.495+0200] {subprocess.py:75} INFO - Running command: ['/bin/bash', '-c', 'python3 /Users/nhanchau/gitRepo/Raiway_with_AIrflow/visualization.py']
[2023-02-08T02:07:48.505+0200] {subprocess.py:86} INFO - Output:
[2023-02-08T02:07:49.969+0200] {subprocess.py:97} INFO - Command exited with return code 0
[2023-02-08T02:07:49.999+0200] {taskinstance.py:1318} INFO - Marking task as SUCCESS. dag_id=railway_v02, task_id=visualise, execution_date=20230207T000000, start_date=20230208T000748, end_date=20230208T000749
[2023-02-08T02:07:50.022+0200] {local_task_job.py:208} INFO - Task exited with return code 0
[2023-02-08T02:07:50.039+0200] {taskinstance.py:2578} INFO - 0 downstream tasks scheduled from follow-on schedule check
