[2023-02-10T03:59:07.782+0200] {taskinstance.py:1083} INFO - Dependencies all met for <TaskInstance: railway_v02.upload_S3 manual__2023-02-08T16:37:21.104863+00:00 [queued]>
[2023-02-10T03:59:07.790+0200] {taskinstance.py:1083} INFO - Dependencies all met for <TaskInstance: railway_v02.upload_S3 manual__2023-02-08T16:37:21.104863+00:00 [queued]>
[2023-02-10T03:59:07.790+0200] {taskinstance.py:1279} INFO - 
--------------------------------------------------------------------------------
[2023-02-10T03:59:07.791+0200] {taskinstance.py:1280} INFO - Starting attempt 21 of 26
[2023-02-10T03:59:07.791+0200] {taskinstance.py:1281} INFO - 
--------------------------------------------------------------------------------
[2023-02-10T03:59:07.799+0200] {taskinstance.py:1300} INFO - Executing <Task(PythonOperator): upload_S3> on 2023-02-08 16:37:21.104863+00:00
[2023-02-10T03:59:07.809+0200] {standard_task_runner.py:55} INFO - Started process 75788 to run task
[2023-02-10T03:59:07.813+0200] {standard_task_runner.py:82} INFO - Running: ['airflow', 'tasks', 'run', 'railway_v02', 'upload_S3', 'manual__2023-02-08T16:37:21.104863+00:00', '--job-id', '810', '--raw', '--subdir', 'DAGS_FOLDER/fetching_api.py', '--cfg-path', '/var/folders/qr/k2__dmk5697g2jyd7w2tpyt80000gn/T/tmp57b4r7_o']
[2023-02-10T03:59:07.817+0200] {standard_task_runner.py:83} INFO - Job 810: Subtask upload_S3
[2023-02-10T03:59:07.881+0200] {task_command.py:388} INFO - Running <TaskInstance: railway_v02.upload_S3 manual__2023-02-08T16:37:21.104863+00:00 [running]> on host nhanchaus-macbook-air.local
[2023-02-10T03:59:07.934+0200] {taskinstance.py:1507} INFO - Exporting the following env vars:
AIRFLOW_CTX_DAG_OWNER=Nhan_Chau
AIRFLOW_CTX_DAG_ID=railway_v02
AIRFLOW_CTX_TASK_ID=upload_S3
AIRFLOW_CTX_EXECUTION_DATE=2023-02-08T16:37:21.104863+00:00
AIRFLOW_CTX_TRY_NUMBER=21
AIRFLOW_CTX_DAG_RUN_ID=manual__2023-02-08T16:37:21.104863+00:00
[2023-02-10T03:59:08.865+0200] {python.py:177} INFO - Done. Returned value was: None
[2023-02-10T03:59:08.878+0200] {taskinstance.py:1318} INFO - Marking task as SUCCESS. dag_id=railway_v02, task_id=upload_S3, execution_date=20230208T163721, start_date=20230210T015907, end_date=20230210T015908
[2023-02-10T03:59:08.933+0200] {local_task_job.py:208} INFO - Task exited with return code 0
[2023-02-10T03:59:08.955+0200] {taskinstance.py:2578} INFO - 0 downstream tasks scheduled from follow-on schedule check
