[2023-02-08T18:38:25.696+0200] {taskinstance.py:1083} INFO - Dependencies all met for <TaskInstance: railway_v02.upload_S3 manual__2023-02-08T16:37:21.104863+00:00 [queued]>
[2023-02-08T18:38:25.708+0200] {taskinstance.py:1083} INFO - Dependencies all met for <TaskInstance: railway_v02.upload_S3 manual__2023-02-08T16:37:21.104863+00:00 [queued]>
[2023-02-08T18:38:25.708+0200] {taskinstance.py:1279} INFO - 
--------------------------------------------------------------------------------
[2023-02-08T18:38:25.708+0200] {taskinstance.py:1280} INFO - Starting attempt 2 of 7
[2023-02-08T18:38:25.709+0200] {taskinstance.py:1281} INFO - 
--------------------------------------------------------------------------------
[2023-02-08T18:38:25.718+0200] {taskinstance.py:1300} INFO - Executing <Task(PythonOperator): upload_S3> on 2023-02-08 16:37:21.104863+00:00
[2023-02-08T18:38:25.736+0200] {standard_task_runner.py:55} INFO - Started process 33870 to run task
[2023-02-08T18:38:25.748+0200] {standard_task_runner.py:82} INFO - Running: ['airflow', 'tasks', 'run', 'railway_v02', 'upload_S3', 'manual__2023-02-08T16:37:21.104863+00:00', '--job-id', '789', '--raw', '--subdir', 'DAGS_FOLDER/fetching_api.py', '--cfg-path', '/var/folders/qr/k2__dmk5697g2jyd7w2tpyt80000gn/T/tmpln59uabn']
[2023-02-08T18:38:25.751+0200] {standard_task_runner.py:83} INFO - Job 789: Subtask upload_S3
[2023-02-08T18:38:25.834+0200] {task_command.py:388} INFO - Running <TaskInstance: railway_v02.upload_S3 manual__2023-02-08T16:37:21.104863+00:00 [running]> on host nhanchaus-macbook-air.local
[2023-02-08T18:38:25.899+0200] {taskinstance.py:1507} INFO - Exporting the following env vars:
AIRFLOW_CTX_DAG_OWNER=Nhan_Chau
AIRFLOW_CTX_DAG_ID=railway_v02
AIRFLOW_CTX_TASK_ID=upload_S3
AIRFLOW_CTX_EXECUTION_DATE=2023-02-08T16:37:21.104863+00:00
AIRFLOW_CTX_TRY_NUMBER=2
AIRFLOW_CTX_DAG_RUN_ID=manual__2023-02-08T16:37:21.104863+00:00
[2023-02-08T18:38:26.143+0200] {logging_mixin.py:137} INFO - arirflow-bucket
[2023-02-08T18:38:26.145+0200] {python.py:177} INFO - Done. Returned value was: None
[2023-02-08T18:38:26.155+0200] {taskinstance.py:1318} INFO - Marking task as SUCCESS. dag_id=railway_v02, task_id=upload_S3, execution_date=20230208T163721, start_date=20230208T163825, end_date=20230208T163826
[2023-02-08T18:38:26.170+0200] {local_task_job.py:208} INFO - Task exited with return code 0
[2023-02-08T18:38:26.187+0200] {taskinstance.py:2578} INFO - 0 downstream tasks scheduled from follow-on schedule check
