[2023-01-15T03:43:40.486+0200] {taskinstance.py:1087} INFO - Dependencies all met for <TaskInstance: railway_v01.etl manual__2023-01-14T23:23:08.293317+00:00 [queued]>
[2023-01-15T03:43:40.647+0200] {taskinstance.py:1087} INFO - Dependencies all met for <TaskInstance: railway_v01.etl manual__2023-01-14T23:23:08.293317+00:00 [queued]>
[2023-01-15T03:43:40.649+0200] {taskinstance.py:1283} INFO - 
--------------------------------------------------------------------------------
[2023-01-15T03:43:40.650+0200] {taskinstance.py:1284} INFO - Starting attempt 1 of 6
[2023-01-15T03:43:40.651+0200] {taskinstance.py:1285} INFO - 
--------------------------------------------------------------------------------
[2023-01-15T03:43:41.118+0200] {taskinstance.py:1304} INFO - Executing <Task(_PythonDecoratedOperator): etl> on 2023-01-14 23:23:08.293317+00:00
[2023-01-15T03:43:41.165+0200] {standard_task_runner.py:55} INFO - Started process 64754 to run task
[2023-01-15T03:43:41.199+0200] {standard_task_runner.py:82} INFO - Running: ['airflow', 'tasks', 'run', 'railway_v01', 'etl', 'manual__2023-01-14T23:23:08.293317+00:00', '--job-id', '185', '--raw', '--subdir', 'DAGS_FOLDER/fetching_api.py', '--cfg-path', '/var/folders/qr/k2__dmk5697g2jyd7w2tpyt80000gn/T/tmp6furmye6']
[2023-01-15T03:43:41.217+0200] {standard_task_runner.py:83} INFO - Job 185: Subtask etl
[2023-01-15T03:43:41.888+0200] {task_command.py:389} INFO - Running <TaskInstance: railway_v01.etl manual__2023-01-14T23:23:08.293317+00:00 [running]> on host nhanchaus-macbook-air.local
[2023-01-15T03:43:42.053+0200] {taskinstance.py:1511} INFO - Exporting the following env vars:
AIRFLOW_CTX_DAG_OWNER=Nhan_Chau
AIRFLOW_CTX_DAG_ID=railway_v01
AIRFLOW_CTX_TASK_ID=etl
AIRFLOW_CTX_EXECUTION_DATE=2023-01-14T23:23:08.293317+00:00
AIRFLOW_CTX_TRY_NUMBER=1
AIRFLOW_CTX_DAG_RUN_ID=manual__2023-01-14T23:23:08.293317+00:00
[2023-01-15T03:51:30.245+0200] {logging_mixin.py:137} INFO - root
 |-- name: string (nullable = true)
 |-- trainCategory_name: string (nullable = true)
[2023-01-15T03:51:30.587+0200] {logging_mixin.py:137} INFO - root
 |-- name: string (nullable = true)
[2023-01-15T03:51:30.614+0200] {logging_mixin.py:137} INFO - root
 |-- countryCode: string (nullable = true)
 |-- latitude: double (nullable = true)
 |-- longitude: double (nullable = true)
 |-- passengerTraffic: boolean (nullable = true)
 |-- stationName: string (nullable = true)
 |-- stationShortCode: string (nullable = true)
 |-- stationUICCode: long (nullable = true)
 |-- type: string (nullable = true)
[2023-01-15T03:51:30.627+0200] {logging_mixin.py:137} INFO - root
 |-- id: long (nullable = true)
 |-- operatorName: string (nullable = true)
 |-- operatorShortCode: string (nullable = true)
 |-- operatorUICCode: long (nullable = true)
 |-- trainNumbers_topLimit: long (nullable = true)
 |-- trainNumbers_bottomLimit: long (nullable = true)
 |-- trainNumbers_trainCategory: long (nullable = true)
 |-- trainNumbers_id: long (nullable = true)
[2023-01-15T03:51:30.647+0200] {python.py:177} INFO - Done. Returned value was: None
[2023-01-15T03:51:31.543+0200] {taskinstance.py:1322} INFO - Marking task as SUCCESS. dag_id=railway_v01, task_id=etl, execution_date=20230114T232308, start_date=20230115T014340, end_date=20230115T015131
[2023-01-15T03:51:31.824+0200] {local_task_job.py:159} INFO - Task exited with return code 0
[2023-01-15T03:51:32.195+0200] {taskinstance.py:2582} INFO - 0 downstream tasks scheduled from follow-on schedule check
