[2023-01-15T11:11:32.971+0200] {taskinstance.py:1087} INFO - Dependencies all met for <TaskInstance: railway_v02.etl_pipeline manual__2023-01-15T09:05:54.099227+00:00 [queued]>
[2023-01-15T11:11:32.992+0200] {taskinstance.py:1087} INFO - Dependencies all met for <TaskInstance: railway_v02.etl_pipeline manual__2023-01-15T09:05:54.099227+00:00 [queued]>
[2023-01-15T11:11:32.994+0200] {taskinstance.py:1283} INFO - 
--------------------------------------------------------------------------------
[2023-01-15T11:11:32.994+0200] {taskinstance.py:1284} INFO - Starting attempt 2 of 7
[2023-01-15T11:11:32.995+0200] {taskinstance.py:1285} INFO - 
--------------------------------------------------------------------------------
[2023-01-15T11:11:33.014+0200] {taskinstance.py:1304} INFO - Executing <Task(_PythonDecoratedOperator): etl_pipeline> on 2023-01-15 09:05:54.099227+00:00
[2023-01-15T11:11:33.033+0200] {standard_task_runner.py:55} INFO - Started process 8840 to run task
[2023-01-15T11:11:33.042+0200] {standard_task_runner.py:82} INFO - Running: ['airflow', 'tasks', 'run', 'railway_v02', 'etl_pipeline', 'manual__2023-01-15T09:05:54.099227+00:00', '--job-id', '433', '--raw', '--subdir', 'DAGS_FOLDER/fetching_api.py', '--cfg-path', '/var/folders/qr/k2__dmk5697g2jyd7w2tpyt80000gn/T/tmp7jwht4p_']
[2023-01-15T11:11:33.045+0200] {standard_task_runner.py:83} INFO - Job 433: Subtask etl_pipeline
[2023-01-15T11:11:33.168+0200] {task_command.py:389} INFO - Running <TaskInstance: railway_v02.etl_pipeline manual__2023-01-15T09:05:54.099227+00:00 [running]> on host nhanchaus-macbook-air.local
[2023-01-15T11:11:33.286+0200] {taskinstance.py:1511} INFO - Exporting the following env vars:
AIRFLOW_CTX_DAG_OWNER=Nhan_Chau
AIRFLOW_CTX_DAG_ID=railway_v02
AIRFLOW_CTX_TASK_ID=etl_pipeline
AIRFLOW_CTX_EXECUTION_DATE=2023-01-15T09:05:54.099227+00:00
AIRFLOW_CTX_TRY_NUMBER=2
AIRFLOW_CTX_DAG_RUN_ID=manual__2023-01-15T09:05:54.099227+00:00
[2023-01-15T11:12:23.787+0200] {python.py:177} INFO - Done. Returned value was: None
[2023-01-15T11:12:23.969+0200] {taskinstance.py:1322} INFO - Marking task as SUCCESS. dag_id=railway_v02, task_id=etl_pipeline, execution_date=20230115T090554, start_date=20230115T091132, end_date=20230115T091223
[2023-01-15T11:12:24.083+0200] {local_task_job.py:159} INFO - Task exited with return code 0
[2023-01-15T11:12:24.144+0200] {taskinstance.py:2582} INFO - 0 downstream tasks scheduled from follow-on schedule check
