[2023-01-15T09:41:02.241+0200] {taskinstance.py:1087} INFO - Dependencies all met for <TaskInstance: railway_v02.etl_pipeline scheduled__2022-12-13T00:00:00+00:00 [queued]>
[2023-01-15T09:41:02.308+0200] {taskinstance.py:1087} INFO - Dependencies all met for <TaskInstance: railway_v02.etl_pipeline scheduled__2022-12-13T00:00:00+00:00 [queued]>
[2023-01-15T09:41:02.315+0200] {taskinstance.py:1283} INFO - 
--------------------------------------------------------------------------------
[2023-01-15T09:41:02.325+0200] {taskinstance.py:1284} INFO - Starting attempt 1 of 6
[2023-01-15T09:41:02.334+0200] {taskinstance.py:1285} INFO - 
--------------------------------------------------------------------------------
[2023-01-15T09:41:02.618+0200] {taskinstance.py:1304} INFO - Executing <Task(_PythonDecoratedOperator): etl_pipeline> on 2022-12-13 00:00:00+00:00
[2023-01-15T09:41:02.673+0200] {standard_task_runner.py:55} INFO - Started process 30141 to run task
[2023-01-15T09:41:02.684+0200] {standard_task_runner.py:82} INFO - Running: ['airflow', 'tasks', 'run', 'railway_v02', 'etl_pipeline', 'scheduled__2022-12-13T00:00:00+00:00', '--job-id', '229', '--raw', '--subdir', 'DAGS_FOLDER/fetching_api.py', '--cfg-path', '/var/folders/qr/k2__dmk5697g2jyd7w2tpyt80000gn/T/tmp3m9dc_br']
[2023-01-15T09:41:02.688+0200] {standard_task_runner.py:83} INFO - Job 229: Subtask etl_pipeline
[2023-01-15T09:41:03.169+0200] {task_command.py:389} INFO - Running <TaskInstance: railway_v02.etl_pipeline scheduled__2022-12-13T00:00:00+00:00 [running]> on host nhanchaus-macbook-air.local
[2023-01-15T09:41:03.578+0200] {taskinstance.py:1511} INFO - Exporting the following env vars:
AIRFLOW_CTX_DAG_OWNER=Nhan_Chau
AIRFLOW_CTX_DAG_ID=railway_v02
AIRFLOW_CTX_TASK_ID=etl_pipeline
AIRFLOW_CTX_EXECUTION_DATE=2022-12-13T00:00:00+00:00
AIRFLOW_CTX_TRY_NUMBER=1
AIRFLOW_CTX_DAG_RUN_ID=scheduled__2022-12-13T00:00:00+00:00
[2023-01-15T11:08:54.566+0200] {taskinstance.py:1087} INFO - Dependencies all met for <TaskInstance: railway_v02.etl_pipeline scheduled__2022-12-13T00:00:00+00:00 [queued]>
[2023-01-15T11:08:54.584+0200] {taskinstance.py:1087} INFO - Dependencies all met for <TaskInstance: railway_v02.etl_pipeline scheduled__2022-12-13T00:00:00+00:00 [queued]>
[2023-01-15T11:08:54.585+0200] {taskinstance.py:1283} INFO - 
--------------------------------------------------------------------------------
[2023-01-15T11:08:54.585+0200] {taskinstance.py:1284} INFO - Starting attempt 1 of 6
[2023-01-15T11:08:54.586+0200] {taskinstance.py:1285} INFO - 
--------------------------------------------------------------------------------
[2023-01-15T11:08:54.603+0200] {taskinstance.py:1304} INFO - Executing <Task(_PythonDecoratedOperator): etl_pipeline> on 2022-12-13 00:00:00+00:00
[2023-01-15T11:08:54.613+0200] {standard_task_runner.py:55} INFO - Started process 7415 to run task
[2023-01-15T11:08:54.622+0200] {standard_task_runner.py:82} INFO - Running: ['airflow', 'tasks', 'run', 'railway_v02', 'etl_pipeline', 'scheduled__2022-12-13T00:00:00+00:00', '--job-id', '423', '--raw', '--subdir', 'DAGS_FOLDER/fetching_api.py', '--cfg-path', '/var/folders/qr/k2__dmk5697g2jyd7w2tpyt80000gn/T/tmpp310wqyv']
[2023-01-15T11:08:54.625+0200] {standard_task_runner.py:83} INFO - Job 423: Subtask etl_pipeline
[2023-01-15T11:08:54.765+0200] {task_command.py:389} INFO - Running <TaskInstance: railway_v02.etl_pipeline scheduled__2022-12-13T00:00:00+00:00 [running]> on host nhanchaus-macbook-air.local
[2023-01-15T11:08:54.864+0200] {taskinstance.py:1511} INFO - Exporting the following env vars:
AIRFLOW_CTX_DAG_OWNER=Nhan_Chau
AIRFLOW_CTX_DAG_ID=railway_v02
AIRFLOW_CTX_TASK_ID=etl_pipeline
AIRFLOW_CTX_EXECUTION_DATE=2022-12-13T00:00:00+00:00
AIRFLOW_CTX_TRY_NUMBER=1
AIRFLOW_CTX_DAG_RUN_ID=scheduled__2022-12-13T00:00:00+00:00
[2023-01-15T11:09:37.454+0200] {python.py:177} INFO - Done. Returned value was: None
[2023-01-15T11:09:37.482+0200] {taskinstance.py:1322} INFO - Marking task as SUCCESS. dag_id=railway_v02, task_id=etl_pipeline, execution_date=20221213T000000, start_date=20230115T090854, end_date=20230115T090937
[2023-01-15T11:09:37.516+0200] {local_task_job.py:159} INFO - Task exited with return code 0
[2023-01-15T11:09:37.551+0200] {taskinstance.py:2582} INFO - 0 downstream tasks scheduled from follow-on schedule check
