[2023-01-15T10:40:16.986+0200] {taskinstance.py:1087} INFO - Dependencies all met for <TaskInstance: railway_v02.etl_pipeline scheduled__2022-12-13T00:00:00+00:00 [queued]>
[2023-01-15T10:40:17.024+0200] {taskinstance.py:1087} INFO - Dependencies all met for <TaskInstance: railway_v02.etl_pipeline scheduled__2022-12-13T00:00:00+00:00 [queued]>
[2023-01-15T10:40:17.030+0200] {taskinstance.py:1283} INFO - 
--------------------------------------------------------------------------------
[2023-01-15T10:40:17.031+0200] {taskinstance.py:1284} INFO - Starting attempt 5 of 6
[2023-01-15T10:40:17.031+0200] {taskinstance.py:1285} INFO - 
--------------------------------------------------------------------------------
[2023-01-15T10:40:17.063+0200] {taskinstance.py:1304} INFO - Executing <Task(_PythonDecoratedOperator): etl_pipeline> on 2022-12-13 00:00:00+00:00
[2023-01-15T10:40:17.114+0200] {standard_task_runner.py:55} INFO - Started process 25013 to run task
[2023-01-15T10:40:17.138+0200] {standard_task_runner.py:82} INFO - Running: ['airflow', 'tasks', 'run', 'railway_v02', 'etl_pipeline', 'scheduled__2022-12-13T00:00:00+00:00', '--job-id', '373', '--raw', '--subdir', 'DAGS_FOLDER/fetching_api.py', '--cfg-path', '/var/folders/qr/k2__dmk5697g2jyd7w2tpyt80000gn/T/tmp29_uhoog']
[2023-01-15T10:40:17.148+0200] {standard_task_runner.py:83} INFO - Job 373: Subtask etl_pipeline
[2023-01-15T10:40:17.322+0200] {task_command.py:389} INFO - Running <TaskInstance: railway_v02.etl_pipeline scheduled__2022-12-13T00:00:00+00:00 [running]> on host nhanchaus-macbook-air.local
[2023-01-15T10:40:17.420+0200] {taskinstance.py:1511} INFO - Exporting the following env vars:
AIRFLOW_CTX_DAG_OWNER=Nhan_Chau
AIRFLOW_CTX_DAG_ID=railway_v02
AIRFLOW_CTX_TASK_ID=etl_pipeline
AIRFLOW_CTX_EXECUTION_DATE=2022-12-13T00:00:00+00:00
AIRFLOW_CTX_TRY_NUMBER=5
AIRFLOW_CTX_DAG_RUN_ID=scheduled__2022-12-13T00:00:00+00:00
[2023-01-15T10:40:54.424+0200] {python.py:177} INFO - Done. Returned value was: None
[2023-01-15T10:40:54.455+0200] {taskinstance.py:1322} INFO - Marking task as SUCCESS. dag_id=railway_v02, task_id=etl_pipeline, execution_date=20221213T000000, start_date=20230115T084016, end_date=20230115T084054
