[2023-01-14T20:23:00.767+0200] {processor.py:153} INFO - Started process (PID=77365) to work on /Library/Frameworks/Python.framework/Versions/3.10/lib/python3.10/site-packages/airflow/example_dags/example_short_circuit_decorator.py
[2023-01-14T20:23:00.770+0200] {processor.py:743} INFO - Processing file /Library/Frameworks/Python.framework/Versions/3.10/lib/python3.10/site-packages/airflow/example_dags/example_short_circuit_decorator.py for tasks to queue
[2023-01-14T20:23:00.770+0200] {logging_mixin.py:137} INFO - [2023-01-14T20:23:00.770+0200] {dagbag.py:538} INFO - Filling up the DagBag from /Library/Frameworks/Python.framework/Versions/3.10/lib/python3.10/site-packages/airflow/example_dags/example_short_circuit_decorator.py
[2023-01-14T20:23:00.797+0200] {processor.py:753} INFO - DAG(s) dict_keys(['example_short_circuit_decorator']) retrieved from /Library/Frameworks/Python.framework/Versions/3.10/lib/python3.10/site-packages/airflow/example_dags/example_short_circuit_decorator.py
[2023-01-14T20:23:01.283+0200] {logging_mixin.py:137} INFO - [2023-01-14T20:23:01.283+0200] {manager.py:504} INFO - Created Permission View: can edit on DAG:example_short_circuit_decorator
[2023-01-14T20:23:01.286+0200] {logging_mixin.py:137} INFO - [2023-01-14T20:23:01.286+0200] {manager.py:504} INFO - Created Permission View: can read on DAG:example_short_circuit_decorator
[2023-01-14T20:23:01.289+0200] {logging_mixin.py:137} INFO - [2023-01-14T20:23:01.289+0200] {manager.py:504} INFO - Created Permission View: can delete on DAG:example_short_circuit_decorator
[2023-01-14T20:23:01.289+0200] {logging_mixin.py:137} INFO - [2023-01-14T20:23:01.289+0200] {dag.py:2676} INFO - Sync 1 DAGs
[2023-01-14T20:23:01.295+0200] {logging_mixin.py:137} INFO - [2023-01-14T20:23:01.295+0200] {dag.py:2697} INFO - Creating ORM DAG for example_short_circuit_decorator
[2023-01-14T20:23:01.299+0200] {logging_mixin.py:137} INFO - [2023-01-14T20:23:01.299+0200] {dag.py:3423} INFO - Setting next_dagrun for example_short_circuit_decorator to 2023-01-13T18:23:01.299344+00:00, run_after=2023-01-14T18:23:01.299344+00:00
[2023-01-14T20:23:01.308+0200] {processor.py:175} INFO - Processing /Library/Frameworks/Python.framework/Versions/3.10/lib/python3.10/site-packages/airflow/example_dags/example_short_circuit_decorator.py took 0.541 seconds
[2023-01-14T20:24:16.765+0200] {processor.py:153} INFO - Started process (PID=78116) to work on /Library/Frameworks/Python.framework/Versions/3.10/lib/python3.10/site-packages/airflow/example_dags/example_short_circuit_decorator.py
[2023-01-14T20:24:16.768+0200] {processor.py:743} INFO - Processing file /Library/Frameworks/Python.framework/Versions/3.10/lib/python3.10/site-packages/airflow/example_dags/example_short_circuit_decorator.py for tasks to queue
[2023-01-14T20:24:16.768+0200] {logging_mixin.py:137} INFO - [2023-01-14T20:24:16.768+0200] {dagbag.py:538} INFO - Filling up the DagBag from /Library/Frameworks/Python.framework/Versions/3.10/lib/python3.10/site-packages/airflow/example_dags/example_short_circuit_decorator.py
[2023-01-14T20:24:16.795+0200] {processor.py:753} INFO - DAG(s) dict_keys(['example_short_circuit_decorator']) retrieved from /Library/Frameworks/Python.framework/Versions/3.10/lib/python3.10/site-packages/airflow/example_dags/example_short_circuit_decorator.py
[2023-01-14T20:24:17.120+0200] {logging_mixin.py:137} INFO - [2023-01-14T20:24:17.119+0200] {dag.py:2676} INFO - Sync 1 DAGs
[2023-01-14T20:24:17.129+0200] {logging_mixin.py:137} INFO - [2023-01-14T20:24:17.129+0200] {dag.py:3423} INFO - Setting next_dagrun for example_short_circuit_decorator to 2023-01-13T18:24:17.129585+00:00, run_after=2023-01-14T18:24:17.129585+00:00
[2023-01-14T20:24:17.140+0200] {processor.py:175} INFO - Processing /Library/Frameworks/Python.framework/Versions/3.10/lib/python3.10/site-packages/airflow/example_dags/example_short_circuit_decorator.py took 0.375 seconds
[2023-01-14T20:25:50.340+0200] {processor.py:153} INFO - Started process (PID=78696) to work on /Library/Frameworks/Python.framework/Versions/3.10/lib/python3.10/site-packages/airflow/example_dags/example_short_circuit_decorator.py
[2023-01-14T20:25:50.343+0200] {processor.py:743} INFO - Processing file /Library/Frameworks/Python.framework/Versions/3.10/lib/python3.10/site-packages/airflow/example_dags/example_short_circuit_decorator.py for tasks to queue
[2023-01-14T20:25:50.343+0200] {logging_mixin.py:137} INFO - [2023-01-14T20:25:50.343+0200] {dagbag.py:538} INFO - Filling up the DagBag from /Library/Frameworks/Python.framework/Versions/3.10/lib/python3.10/site-packages/airflow/example_dags/example_short_circuit_decorator.py
[2023-01-14T20:25:50.369+0200] {processor.py:753} INFO - DAG(s) dict_keys(['example_short_circuit_decorator']) retrieved from /Library/Frameworks/Python.framework/Versions/3.10/lib/python3.10/site-packages/airflow/example_dags/example_short_circuit_decorator.py
[2023-01-14T20:25:50.772+0200] {logging_mixin.py:137} INFO - [2023-01-14T20:25:50.772+0200] {manager.py:504} INFO - Created Permission View: can delete on DAG:example_short_circuit_decorator
[2023-01-14T20:25:50.775+0200] {logging_mixin.py:137} INFO - [2023-01-14T20:25:50.775+0200] {manager.py:504} INFO - Created Permission View: can edit on DAG:example_short_circuit_decorator
[2023-01-14T20:25:50.778+0200] {logging_mixin.py:137} INFO - [2023-01-14T20:25:50.778+0200] {manager.py:504} INFO - Created Permission View: can read on DAG:example_short_circuit_decorator
[2023-01-14T20:25:50.778+0200] {logging_mixin.py:137} INFO - [2023-01-14T20:25:50.778+0200] {dag.py:2676} INFO - Sync 1 DAGs
[2023-01-14T20:25:50.783+0200] {logging_mixin.py:137} INFO - [2023-01-14T20:25:50.783+0200] {dag.py:2697} INFO - Creating ORM DAG for example_short_circuit_decorator
[2023-01-14T20:25:50.787+0200] {logging_mixin.py:137} INFO - [2023-01-14T20:25:50.787+0200] {dag.py:3423} INFO - Setting next_dagrun for example_short_circuit_decorator to 2023-01-13T18:25:50.787731+00:00, run_after=2023-01-14T18:25:50.787731+00:00
[2023-01-14T20:25:50.796+0200] {processor.py:175} INFO - Processing /Library/Frameworks/Python.framework/Versions/3.10/lib/python3.10/site-packages/airflow/example_dags/example_short_circuit_decorator.py took 0.457 seconds
