[2023-01-14T20:22:39.966+0200] {processor.py:153} INFO - Started process (PID=77346) to work on /Library/Frameworks/Python.framework/Versions/3.10/lib/python3.10/site-packages/airflow/example_dags/example_xcom.py
[2023-01-14T20:22:39.969+0200] {processor.py:743} INFO - Processing file /Library/Frameworks/Python.framework/Versions/3.10/lib/python3.10/site-packages/airflow/example_dags/example_xcom.py for tasks to queue
[2023-01-14T20:22:39.969+0200] {logging_mixin.py:137} INFO - [2023-01-14T20:22:39.969+0200] {dagbag.py:538} INFO - Filling up the DagBag from /Library/Frameworks/Python.framework/Versions/3.10/lib/python3.10/site-packages/airflow/example_dags/example_xcom.py
[2023-01-14T20:22:40.006+0200] {processor.py:753} INFO - DAG(s) dict_keys(['example_xcom']) retrieved from /Library/Frameworks/Python.framework/Versions/3.10/lib/python3.10/site-packages/airflow/example_dags/example_xcom.py
[2023-01-14T20:22:40.466+0200] {logging_mixin.py:137} INFO - [2023-01-14T20:22:40.466+0200] {manager.py:504} INFO - Created Permission View: can edit on DAG:example_xcom
[2023-01-14T20:22:40.471+0200] {logging_mixin.py:137} INFO - [2023-01-14T20:22:40.471+0200] {manager.py:504} INFO - Created Permission View: can delete on DAG:example_xcom
[2023-01-14T20:22:40.474+0200] {logging_mixin.py:137} INFO - [2023-01-14T20:22:40.474+0200] {manager.py:504} INFO - Created Permission View: can read on DAG:example_xcom
[2023-01-14T20:22:40.475+0200] {logging_mixin.py:137} INFO - [2023-01-14T20:22:40.474+0200] {dag.py:2676} INFO - Sync 1 DAGs
[2023-01-14T20:22:40.483+0200] {logging_mixin.py:137} INFO - [2023-01-14T20:22:40.483+0200] {dag.py:2697} INFO - Creating ORM DAG for example_xcom
[2023-01-14T20:22:40.489+0200] {logging_mixin.py:137} INFO - [2023-01-14T20:22:40.488+0200] {dag.py:3423} INFO - Setting next_dagrun for example_xcom to 2021-01-01T00:00:00+00:00, run_after=2021-01-01T00:00:00+00:00
[2023-01-14T20:22:40.505+0200] {processor.py:175} INFO - Processing /Library/Frameworks/Python.framework/Versions/3.10/lib/python3.10/site-packages/airflow/example_dags/example_xcom.py took 0.539 seconds
[2023-01-14T20:23:57.279+0200] {processor.py:153} INFO - Started process (PID=78097) to work on /Library/Frameworks/Python.framework/Versions/3.10/lib/python3.10/site-packages/airflow/example_dags/example_xcom.py
[2023-01-14T20:23:57.282+0200] {processor.py:743} INFO - Processing file /Library/Frameworks/Python.framework/Versions/3.10/lib/python3.10/site-packages/airflow/example_dags/example_xcom.py for tasks to queue
[2023-01-14T20:23:57.282+0200] {logging_mixin.py:137} INFO - [2023-01-14T20:23:57.282+0200] {dagbag.py:538} INFO - Filling up the DagBag from /Library/Frameworks/Python.framework/Versions/3.10/lib/python3.10/site-packages/airflow/example_dags/example_xcom.py
[2023-01-14T20:23:57.309+0200] {processor.py:753} INFO - DAG(s) dict_keys(['example_xcom']) retrieved from /Library/Frameworks/Python.framework/Versions/3.10/lib/python3.10/site-packages/airflow/example_dags/example_xcom.py
[2023-01-14T20:23:57.657+0200] {logging_mixin.py:137} INFO - [2023-01-14T20:23:57.657+0200] {dag.py:2676} INFO - Sync 1 DAGs
[2023-01-14T20:23:57.667+0200] {logging_mixin.py:137} INFO - [2023-01-14T20:23:57.667+0200] {dag.py:3423} INFO - Setting next_dagrun for example_xcom to 2021-01-01T00:00:00+00:00, run_after=2021-01-01T00:00:00+00:00
[2023-01-14T20:23:57.678+0200] {processor.py:175} INFO - Processing /Library/Frameworks/Python.framework/Versions/3.10/lib/python3.10/site-packages/airflow/example_dags/example_xcom.py took 0.399 seconds
[2023-01-14T20:24:43.279+0200] {processor.py:153} INFO - Started process (PID=78385) to work on /Library/Frameworks/Python.framework/Versions/3.10/lib/python3.10/site-packages/airflow/example_dags/example_xcom.py
[2023-01-14T20:24:43.282+0200] {processor.py:743} INFO - Processing file /Library/Frameworks/Python.framework/Versions/3.10/lib/python3.10/site-packages/airflow/example_dags/example_xcom.py for tasks to queue
[2023-01-14T20:24:43.282+0200] {logging_mixin.py:137} INFO - [2023-01-14T20:24:43.282+0200] {dagbag.py:538} INFO - Filling up the DagBag from /Library/Frameworks/Python.framework/Versions/3.10/lib/python3.10/site-packages/airflow/example_dags/example_xcom.py
[2023-01-14T20:24:43.314+0200] {processor.py:753} INFO - DAG(s) dict_keys(['example_xcom']) retrieved from /Library/Frameworks/Python.framework/Versions/3.10/lib/python3.10/site-packages/airflow/example_dags/example_xcom.py
[2023-01-14T20:24:43.731+0200] {logging_mixin.py:137} INFO - [2023-01-14T20:24:43.731+0200] {manager.py:504} INFO - Created Permission View: can delete on DAG:example_xcom
[2023-01-14T20:24:43.734+0200] {logging_mixin.py:137} INFO - [2023-01-14T20:24:43.734+0200] {manager.py:504} INFO - Created Permission View: can read on DAG:example_xcom
[2023-01-14T20:24:43.737+0200] {logging_mixin.py:137} INFO - [2023-01-14T20:24:43.737+0200] {manager.py:504} INFO - Created Permission View: can edit on DAG:example_xcom
[2023-01-14T20:24:43.737+0200] {logging_mixin.py:137} INFO - [2023-01-14T20:24:43.737+0200] {dag.py:2676} INFO - Sync 1 DAGs
[2023-01-14T20:24:43.743+0200] {logging_mixin.py:137} INFO - [2023-01-14T20:24:43.742+0200] {dag.py:2697} INFO - Creating ORM DAG for example_xcom
[2023-01-14T20:24:43.747+0200] {logging_mixin.py:137} INFO - [2023-01-14T20:24:43.747+0200] {dag.py:3423} INFO - Setting next_dagrun for example_xcom to 2021-01-01T00:00:00+00:00, run_after=2021-01-01T00:00:00+00:00
[2023-01-14T20:24:43.755+0200] {processor.py:175} INFO - Processing /Library/Frameworks/Python.framework/Versions/3.10/lib/python3.10/site-packages/airflow/example_dags/example_xcom.py took 0.477 seconds
[2023-01-14T20:25:29.382+0200] {processor.py:153} INFO - Started process (PID=78672) to work on /Library/Frameworks/Python.framework/Versions/3.10/lib/python3.10/site-packages/airflow/example_dags/example_xcom.py
[2023-01-14T20:25:29.385+0200] {processor.py:743} INFO - Processing file /Library/Frameworks/Python.framework/Versions/3.10/lib/python3.10/site-packages/airflow/example_dags/example_xcom.py for tasks to queue
[2023-01-14T20:25:29.385+0200] {logging_mixin.py:137} INFO - [2023-01-14T20:25:29.385+0200] {dagbag.py:538} INFO - Filling up the DagBag from /Library/Frameworks/Python.framework/Versions/3.10/lib/python3.10/site-packages/airflow/example_dags/example_xcom.py
[2023-01-14T20:25:29.411+0200] {processor.py:753} INFO - DAG(s) dict_keys(['example_xcom']) retrieved from /Library/Frameworks/Python.framework/Versions/3.10/lib/python3.10/site-packages/airflow/example_dags/example_xcom.py
[2023-01-14T20:25:29.745+0200] {logging_mixin.py:137} INFO - [2023-01-14T20:25:29.745+0200] {dag.py:2676} INFO - Sync 1 DAGs
[2023-01-14T20:25:29.756+0200] {logging_mixin.py:137} INFO - [2023-01-14T20:25:29.756+0200] {dag.py:3423} INFO - Setting next_dagrun for example_xcom to 2021-01-01T00:00:00+00:00, run_after=2021-01-01T00:00:00+00:00
[2023-01-14T20:25:29.766+0200] {processor.py:175} INFO - Processing /Library/Frameworks/Python.framework/Versions/3.10/lib/python3.10/site-packages/airflow/example_dags/example_xcom.py took 0.384 seconds
