[2023-01-14T20:23:30.899+0200] {processor.py:153} INFO - Started process (PID=77385) to work on /Library/Frameworks/Python.framework/Versions/3.10/lib/python3.10/site-packages/airflow/example_dags/example_branch_operator_decorator.py
[2023-01-14T20:23:30.902+0200] {processor.py:743} INFO - Processing file /Library/Frameworks/Python.framework/Versions/3.10/lib/python3.10/site-packages/airflow/example_dags/example_branch_operator_decorator.py for tasks to queue
[2023-01-14T20:23:30.903+0200] {logging_mixin.py:137} INFO - [2023-01-14T20:23:30.902+0200] {dagbag.py:538} INFO - Filling up the DagBag from /Library/Frameworks/Python.framework/Versions/3.10/lib/python3.10/site-packages/airflow/example_dags/example_branch_operator_decorator.py
[2023-01-14T20:23:30.939+0200] {processor.py:753} INFO - DAG(s) dict_keys(['example_branch_python_operator_decorator']) retrieved from /Library/Frameworks/Python.framework/Versions/3.10/lib/python3.10/site-packages/airflow/example_dags/example_branch_operator_decorator.py
[2023-01-14T20:23:31.544+0200] {logging_mixin.py:137} INFO - [2023-01-14T20:23:31.544+0200] {manager.py:504} INFO - Created Permission View: can delete on DAG:example_branch_python_operator_decorator
[2023-01-14T20:23:31.548+0200] {logging_mixin.py:137} INFO - [2023-01-14T20:23:31.548+0200] {manager.py:504} INFO - Created Permission View: can edit on DAG:example_branch_python_operator_decorator
[2023-01-14T20:23:31.551+0200] {logging_mixin.py:137} INFO - [2023-01-14T20:23:31.551+0200] {manager.py:504} INFO - Created Permission View: can read on DAG:example_branch_python_operator_decorator
[2023-01-14T20:23:31.551+0200] {logging_mixin.py:137} INFO - [2023-01-14T20:23:31.551+0200] {dag.py:2676} INFO - Sync 1 DAGs
[2023-01-14T20:23:31.557+0200] {logging_mixin.py:137} INFO - [2023-01-14T20:23:31.556+0200] {dag.py:2697} INFO - Creating ORM DAG for example_branch_python_operator_decorator
[2023-01-14T20:23:31.561+0200] {logging_mixin.py:137} INFO - [2023-01-14T20:23:31.561+0200] {dag.py:3423} INFO - Setting next_dagrun for example_branch_python_operator_decorator to 2023-01-13T00:00:00+00:00, run_after=2023-01-14T00:00:00+00:00
[2023-01-14T20:23:31.572+0200] {processor.py:175} INFO - Processing /Library/Frameworks/Python.framework/Versions/3.10/lib/python3.10/site-packages/airflow/example_dags/example_branch_operator_decorator.py took 0.673 seconds
[2023-01-14T20:25:03.092+0200] {processor.py:153} INFO - Started process (PID=78402) to work on /Library/Frameworks/Python.framework/Versions/3.10/lib/python3.10/site-packages/airflow/example_dags/example_branch_operator_decorator.py
[2023-01-14T20:25:03.095+0200] {processor.py:743} INFO - Processing file /Library/Frameworks/Python.framework/Versions/3.10/lib/python3.10/site-packages/airflow/example_dags/example_branch_operator_decorator.py for tasks to queue
[2023-01-14T20:25:03.096+0200] {logging_mixin.py:137} INFO - [2023-01-14T20:25:03.096+0200] {dagbag.py:538} INFO - Filling up the DagBag from /Library/Frameworks/Python.framework/Versions/3.10/lib/python3.10/site-packages/airflow/example_dags/example_branch_operator_decorator.py
[2023-01-14T20:25:03.132+0200] {processor.py:753} INFO - DAG(s) dict_keys(['example_branch_python_operator_decorator']) retrieved from /Library/Frameworks/Python.framework/Versions/3.10/lib/python3.10/site-packages/airflow/example_dags/example_branch_operator_decorator.py
[2023-01-14T20:25:03.618+0200] {logging_mixin.py:137} INFO - [2023-01-14T20:25:03.618+0200] {manager.py:504} INFO - Created Permission View: can edit on DAG:example_branch_python_operator_decorator
[2023-01-14T20:25:03.622+0200] {logging_mixin.py:137} INFO - [2023-01-14T20:25:03.622+0200] {manager.py:504} INFO - Created Permission View: can delete on DAG:example_branch_python_operator_decorator
[2023-01-14T20:25:03.625+0200] {logging_mixin.py:137} INFO - [2023-01-14T20:25:03.625+0200] {manager.py:504} INFO - Created Permission View: can read on DAG:example_branch_python_operator_decorator
[2023-01-14T20:25:03.625+0200] {logging_mixin.py:137} INFO - [2023-01-14T20:25:03.625+0200] {dag.py:2676} INFO - Sync 1 DAGs
[2023-01-14T20:25:03.631+0200] {logging_mixin.py:137} INFO - [2023-01-14T20:25:03.631+0200] {dag.py:2697} INFO - Creating ORM DAG for example_branch_python_operator_decorator
[2023-01-14T20:25:03.636+0200] {logging_mixin.py:137} INFO - [2023-01-14T20:25:03.636+0200] {dag.py:3423} INFO - Setting next_dagrun for example_branch_python_operator_decorator to 2023-01-13T00:00:00+00:00, run_after=2023-01-14T00:00:00+00:00
[2023-01-14T20:25:03.651+0200] {processor.py:175} INFO - Processing /Library/Frameworks/Python.framework/Versions/3.10/lib/python3.10/site-packages/airflow/example_dags/example_branch_operator_decorator.py took 0.559 seconds
