[2023-01-14T20:23:20.572+0200] {processor.py:153} INFO - Started process (PID=77380) to work on /Library/Frameworks/Python.framework/Versions/3.10/lib/python3.10/site-packages/airflow/example_dags/example_external_task_marker_dag.py
[2023-01-14T20:23:20.575+0200] {processor.py:743} INFO - Processing file /Library/Frameworks/Python.framework/Versions/3.10/lib/python3.10/site-packages/airflow/example_dags/example_external_task_marker_dag.py for tasks to queue
[2023-01-14T20:23:20.575+0200] {logging_mixin.py:137} INFO - [2023-01-14T20:23:20.575+0200] {dagbag.py:538} INFO - Filling up the DagBag from /Library/Frameworks/Python.framework/Versions/3.10/lib/python3.10/site-packages/airflow/example_dags/example_external_task_marker_dag.py
[2023-01-14T20:23:20.589+0200] {processor.py:753} INFO - DAG(s) dict_keys(['example_external_task_marker_child', 'example_external_task_marker_parent']) retrieved from /Library/Frameworks/Python.framework/Versions/3.10/lib/python3.10/site-packages/airflow/example_dags/example_external_task_marker_dag.py
[2023-01-14T20:23:21.170+0200] {logging_mixin.py:137} INFO - [2023-01-14T20:23:21.170+0200] {manager.py:504} INFO - Created Permission View: can edit on DAG:example_external_task_marker_child
[2023-01-14T20:23:21.173+0200] {logging_mixin.py:137} INFO - [2023-01-14T20:23:21.173+0200] {manager.py:504} INFO - Created Permission View: can delete on DAG:example_external_task_marker_child
[2023-01-14T20:23:21.176+0200] {logging_mixin.py:137} INFO - [2023-01-14T20:23:21.176+0200] {manager.py:504} INFO - Created Permission View: can read on DAG:example_external_task_marker_child
[2023-01-14T20:23:21.181+0200] {logging_mixin.py:137} INFO - [2023-01-14T20:23:21.181+0200] {manager.py:504} INFO - Created Permission View: can edit on DAG:example_external_task_marker_parent
[2023-01-14T20:23:21.184+0200] {logging_mixin.py:137} INFO - [2023-01-14T20:23:21.184+0200] {manager.py:504} INFO - Created Permission View: can delete on DAG:example_external_task_marker_parent
[2023-01-14T20:23:21.186+0200] {logging_mixin.py:137} INFO - [2023-01-14T20:23:21.186+0200] {manager.py:504} INFO - Created Permission View: can read on DAG:example_external_task_marker_parent
[2023-01-14T20:23:21.186+0200] {logging_mixin.py:137} INFO - [2023-01-14T20:23:21.186+0200] {dag.py:2676} INFO - Sync 2 DAGs
[2023-01-14T20:23:21.192+0200] {logging_mixin.py:137} INFO - [2023-01-14T20:23:21.192+0200] {dag.py:2697} INFO - Creating ORM DAG for example_external_task_marker_parent
[2023-01-14T20:23:21.192+0200] {logging_mixin.py:137} INFO - [2023-01-14T20:23:21.192+0200] {dag.py:2697} INFO - Creating ORM DAG for example_external_task_marker_child
[2023-01-14T20:23:21.196+0200] {logging_mixin.py:137} INFO - [2023-01-14T20:23:21.196+0200] {dag.py:3423} INFO - Setting next_dagrun for example_external_task_marker_child to None, run_after=None
[2023-01-14T20:23:21.196+0200] {logging_mixin.py:137} INFO - [2023-01-14T20:23:21.196+0200] {dag.py:3423} INFO - Setting next_dagrun for example_external_task_marker_parent to None, run_after=None
[2023-01-14T20:23:21.204+0200] {processor.py:175} INFO - Processing /Library/Frameworks/Python.framework/Versions/3.10/lib/python3.10/site-packages/airflow/example_dags/example_external_task_marker_dag.py took 0.633 seconds
[2023-01-14T20:24:53.044+0200] {processor.py:153} INFO - Started process (PID=78392) to work on /Library/Frameworks/Python.framework/Versions/3.10/lib/python3.10/site-packages/airflow/example_dags/example_external_task_marker_dag.py
[2023-01-14T20:24:53.047+0200] {processor.py:743} INFO - Processing file /Library/Frameworks/Python.framework/Versions/3.10/lib/python3.10/site-packages/airflow/example_dags/example_external_task_marker_dag.py for tasks to queue
[2023-01-14T20:24:53.048+0200] {logging_mixin.py:137} INFO - [2023-01-14T20:24:53.047+0200] {dagbag.py:538} INFO - Filling up the DagBag from /Library/Frameworks/Python.framework/Versions/3.10/lib/python3.10/site-packages/airflow/example_dags/example_external_task_marker_dag.py
[2023-01-14T20:24:53.066+0200] {processor.py:753} INFO - DAG(s) dict_keys(['example_external_task_marker_parent', 'example_external_task_marker_child']) retrieved from /Library/Frameworks/Python.framework/Versions/3.10/lib/python3.10/site-packages/airflow/example_dags/example_external_task_marker_dag.py
[2023-01-14T20:24:53.451+0200] {logging_mixin.py:137} INFO - [2023-01-14T20:24:53.451+0200] {manager.py:504} INFO - Created Permission View: can edit on DAG:example_external_task_marker_parent
[2023-01-14T20:24:53.456+0200] {logging_mixin.py:137} INFO - [2023-01-14T20:24:53.456+0200] {manager.py:504} INFO - Created Permission View: can delete on DAG:example_external_task_marker_parent
[2023-01-14T20:24:53.459+0200] {logging_mixin.py:137} INFO - [2023-01-14T20:24:53.459+0200] {manager.py:504} INFO - Created Permission View: can read on DAG:example_external_task_marker_parent
[2023-01-14T20:24:53.637+0200] {logging_mixin.py:137} INFO - [2023-01-14T20:24:53.637+0200] {manager.py:504} INFO - Created Permission View: can edit on DAG:example_external_task_marker_child
[2023-01-14T20:24:53.639+0200] {logging_mixin.py:137} INFO - [2023-01-14T20:24:53.639+0200] {manager.py:504} INFO - Created Permission View: can delete on DAG:example_external_task_marker_child
[2023-01-14T20:24:53.642+0200] {logging_mixin.py:137} INFO - [2023-01-14T20:24:53.642+0200] {manager.py:504} INFO - Created Permission View: can read on DAG:example_external_task_marker_child
[2023-01-14T20:24:53.642+0200] {logging_mixin.py:137} INFO - [2023-01-14T20:24:53.642+0200] {dag.py:2676} INFO - Sync 2 DAGs
[2023-01-14T20:24:53.647+0200] {logging_mixin.py:137} INFO - [2023-01-14T20:24:53.647+0200] {dag.py:2697} INFO - Creating ORM DAG for example_external_task_marker_child
[2023-01-14T20:24:53.647+0200] {logging_mixin.py:137} INFO - [2023-01-14T20:24:53.647+0200] {dag.py:2697} INFO - Creating ORM DAG for example_external_task_marker_parent
[2023-01-14T20:24:53.651+0200] {logging_mixin.py:137} INFO - [2023-01-14T20:24:53.651+0200] {dag.py:3423} INFO - Setting next_dagrun for example_external_task_marker_child to None, run_after=None
[2023-01-14T20:24:53.651+0200] {logging_mixin.py:137} INFO - [2023-01-14T20:24:53.651+0200] {dag.py:3423} INFO - Setting next_dagrun for example_external_task_marker_parent to None, run_after=None
[2023-01-14T20:24:53.659+0200] {processor.py:175} INFO - Processing /Library/Frameworks/Python.framework/Versions/3.10/lib/python3.10/site-packages/airflow/example_dags/example_external_task_marker_dag.py took 0.616 seconds
