[2023-01-14T20:22:46.735+0200] {processor.py:153} INFO - Started process (PID=77351) to work on /Library/Frameworks/Python.framework/Versions/3.10/lib/python3.10/site-packages/airflow/example_dags/example_time_delta_sensor_async.py
[2023-01-14T20:22:46.738+0200] {processor.py:743} INFO - Processing file /Library/Frameworks/Python.framework/Versions/3.10/lib/python3.10/site-packages/airflow/example_dags/example_time_delta_sensor_async.py for tasks to queue
[2023-01-14T20:22:46.738+0200] {logging_mixin.py:137} INFO - [2023-01-14T20:22:46.738+0200] {dagbag.py:538} INFO - Filling up the DagBag from /Library/Frameworks/Python.framework/Versions/3.10/lib/python3.10/site-packages/airflow/example_dags/example_time_delta_sensor_async.py
[2023-01-14T20:22:46.758+0200] {processor.py:753} INFO - DAG(s) dict_keys(['example_time_delta_sensor_async']) retrieved from /Library/Frameworks/Python.framework/Versions/3.10/lib/python3.10/site-packages/airflow/example_dags/example_time_delta_sensor_async.py
[2023-01-14T20:22:47.424+0200] {logging_mixin.py:137} INFO - [2023-01-14T20:22:47.424+0200] {manager.py:504} INFO - Created Permission View: can delete on DAG:example_time_delta_sensor_async
[2023-01-14T20:22:47.429+0200] {logging_mixin.py:137} INFO - [2023-01-14T20:22:47.429+0200] {manager.py:504} INFO - Created Permission View: can edit on DAG:example_time_delta_sensor_async
[2023-01-14T20:22:47.433+0200] {logging_mixin.py:137} INFO - [2023-01-14T20:22:47.433+0200] {manager.py:504} INFO - Created Permission View: can read on DAG:example_time_delta_sensor_async
[2023-01-14T20:22:47.433+0200] {logging_mixin.py:137} INFO - [2023-01-14T20:22:47.433+0200] {dag.py:2676} INFO - Sync 1 DAGs
[2023-01-14T20:22:47.444+0200] {logging_mixin.py:137} INFO - [2023-01-14T20:22:47.444+0200] {dag.py:2697} INFO - Creating ORM DAG for example_time_delta_sensor_async
[2023-01-14T20:22:47.451+0200] {logging_mixin.py:137} INFO - [2023-01-14T20:22:47.451+0200] {dag.py:3423} INFO - Setting next_dagrun for example_time_delta_sensor_async to None, run_after=None
[2023-01-14T20:22:47.462+0200] {processor.py:175} INFO - Processing /Library/Frameworks/Python.framework/Versions/3.10/lib/python3.10/site-packages/airflow/example_dags/example_time_delta_sensor_async.py took 0.728 seconds
[2023-01-14T20:24:02.788+0200] {processor.py:153} INFO - Started process (PID=78103) to work on /Library/Frameworks/Python.framework/Versions/3.10/lib/python3.10/site-packages/airflow/example_dags/example_time_delta_sensor_async.py
[2023-01-14T20:24:02.798+0200] {processor.py:743} INFO - Processing file /Library/Frameworks/Python.framework/Versions/3.10/lib/python3.10/site-packages/airflow/example_dags/example_time_delta_sensor_async.py for tasks to queue
[2023-01-14T20:24:02.799+0200] {logging_mixin.py:137} INFO - [2023-01-14T20:24:02.799+0200] {dagbag.py:538} INFO - Filling up the DagBag from /Library/Frameworks/Python.framework/Versions/3.10/lib/python3.10/site-packages/airflow/example_dags/example_time_delta_sensor_async.py
[2023-01-14T20:24:02.813+0200] {processor.py:753} INFO - DAG(s) dict_keys(['example_time_delta_sensor_async']) retrieved from /Library/Frameworks/Python.framework/Versions/3.10/lib/python3.10/site-packages/airflow/example_dags/example_time_delta_sensor_async.py
[2023-01-14T20:24:03.279+0200] {logging_mixin.py:137} INFO - [2023-01-14T20:24:03.279+0200] {dag.py:2676} INFO - Sync 1 DAGs
[2023-01-14T20:24:03.288+0200] {logging_mixin.py:137} INFO - [2023-01-14T20:24:03.288+0200] {dag.py:3423} INFO - Setting next_dagrun for example_time_delta_sensor_async to None, run_after=None
[2023-01-14T20:24:03.297+0200] {processor.py:175} INFO - Processing /Library/Frameworks/Python.framework/Versions/3.10/lib/python3.10/site-packages/airflow/example_dags/example_time_delta_sensor_async.py took 0.510 seconds
[2023-01-14T20:25:35.433+0200] {processor.py:153} INFO - Started process (PID=78684) to work on /Library/Frameworks/Python.framework/Versions/3.10/lib/python3.10/site-packages/airflow/example_dags/example_time_delta_sensor_async.py
[2023-01-14T20:25:35.436+0200] {processor.py:743} INFO - Processing file /Library/Frameworks/Python.framework/Versions/3.10/lib/python3.10/site-packages/airflow/example_dags/example_time_delta_sensor_async.py for tasks to queue
[2023-01-14T20:25:35.436+0200] {logging_mixin.py:137} INFO - [2023-01-14T20:25:35.436+0200] {dagbag.py:538} INFO - Filling up the DagBag from /Library/Frameworks/Python.framework/Versions/3.10/lib/python3.10/site-packages/airflow/example_dags/example_time_delta_sensor_async.py
[2023-01-14T20:25:35.450+0200] {processor.py:753} INFO - DAG(s) dict_keys(['example_time_delta_sensor_async']) retrieved from /Library/Frameworks/Python.framework/Versions/3.10/lib/python3.10/site-packages/airflow/example_dags/example_time_delta_sensor_async.py
[2023-01-14T20:25:36.127+0200] {logging_mixin.py:137} INFO - [2023-01-14T20:25:36.127+0200] {manager.py:504} INFO - Created Permission View: can delete on DAG:example_time_delta_sensor_async
[2023-01-14T20:25:36.130+0200] {logging_mixin.py:137} INFO - [2023-01-14T20:25:36.130+0200] {manager.py:504} INFO - Created Permission View: can read on DAG:example_time_delta_sensor_async
[2023-01-14T20:25:36.133+0200] {logging_mixin.py:137} INFO - [2023-01-14T20:25:36.133+0200] {manager.py:504} INFO - Created Permission View: can edit on DAG:example_time_delta_sensor_async
[2023-01-14T20:25:36.133+0200] {logging_mixin.py:137} INFO - [2023-01-14T20:25:36.133+0200] {dag.py:2676} INFO - Sync 1 DAGs
[2023-01-14T20:25:36.139+0200] {logging_mixin.py:137} INFO - [2023-01-14T20:25:36.139+0200] {dag.py:2697} INFO - Creating ORM DAG for example_time_delta_sensor_async
[2023-01-14T20:25:36.143+0200] {logging_mixin.py:137} INFO - [2023-01-14T20:25:36.143+0200] {dag.py:3423} INFO - Setting next_dagrun for example_time_delta_sensor_async to None, run_after=None
[2023-01-14T20:25:36.153+0200] {processor.py:175} INFO - Processing /Library/Frameworks/Python.framework/Versions/3.10/lib/python3.10/site-packages/airflow/example_dags/example_time_delta_sensor_async.py took 0.720 seconds
