[2023-01-14T20:23:14.614+0200] {processor.py:153} INFO - Started process (PID=77377) to work on /Library/Frameworks/Python.framework/Versions/3.10/lib/python3.10/site-packages/airflow/example_dags/example_latest_only_with_trigger.py
[2023-01-14T20:23:14.616+0200] {processor.py:743} INFO - Processing file /Library/Frameworks/Python.framework/Versions/3.10/lib/python3.10/site-packages/airflow/example_dags/example_latest_only_with_trigger.py for tasks to queue
[2023-01-14T20:23:14.617+0200] {logging_mixin.py:137} INFO - [2023-01-14T20:23:14.617+0200] {dagbag.py:538} INFO - Filling up the DagBag from /Library/Frameworks/Python.framework/Versions/3.10/lib/python3.10/site-packages/airflow/example_dags/example_latest_only_with_trigger.py
[2023-01-14T20:23:14.633+0200] {processor.py:753} INFO - DAG(s) dict_keys(['latest_only_with_trigger']) retrieved from /Library/Frameworks/Python.framework/Versions/3.10/lib/python3.10/site-packages/airflow/example_dags/example_latest_only_with_trigger.py
[2023-01-14T20:23:15.008+0200] {logging_mixin.py:137} INFO - [2023-01-14T20:23:15.008+0200] {manager.py:504} INFO - Created Permission View: can read on DAG:latest_only_with_trigger
[2023-01-14T20:23:15.012+0200] {logging_mixin.py:137} INFO - [2023-01-14T20:23:15.012+0200] {manager.py:504} INFO - Created Permission View: can delete on DAG:latest_only_with_trigger
[2023-01-14T20:23:15.015+0200] {logging_mixin.py:137} INFO - [2023-01-14T20:23:15.015+0200] {manager.py:504} INFO - Created Permission View: can edit on DAG:latest_only_with_trigger
[2023-01-14T20:23:15.015+0200] {logging_mixin.py:137} INFO - [2023-01-14T20:23:15.015+0200] {dag.py:2676} INFO - Sync 1 DAGs
[2023-01-14T20:23:15.050+0200] {logging_mixin.py:137} INFO - [2023-01-14T20:23:15.050+0200] {dag.py:2697} INFO - Creating ORM DAG for latest_only_with_trigger
[2023-01-14T20:23:15.054+0200] {logging_mixin.py:137} INFO - [2023-01-14T20:23:15.054+0200] {dag.py:3423} INFO - Setting next_dagrun for latest_only_with_trigger to 2023-01-14T14:23:15.053980+00:00, run_after=2023-01-14T18:23:15.053980+00:00
[2023-01-14T20:23:15.062+0200] {processor.py:175} INFO - Processing /Library/Frameworks/Python.framework/Versions/3.10/lib/python3.10/site-packages/airflow/example_dags/example_latest_only_with_trigger.py took 0.449 seconds
[2023-01-14T20:24:47.398+0200] {processor.py:153} INFO - Started process (PID=78387) to work on /Library/Frameworks/Python.framework/Versions/3.10/lib/python3.10/site-packages/airflow/example_dags/example_latest_only_with_trigger.py
[2023-01-14T20:24:47.403+0200] {processor.py:743} INFO - Processing file /Library/Frameworks/Python.framework/Versions/3.10/lib/python3.10/site-packages/airflow/example_dags/example_latest_only_with_trigger.py for tasks to queue
[2023-01-14T20:24:47.403+0200] {logging_mixin.py:137} INFO - [2023-01-14T20:24:47.403+0200] {dagbag.py:538} INFO - Filling up the DagBag from /Library/Frameworks/Python.framework/Versions/3.10/lib/python3.10/site-packages/airflow/example_dags/example_latest_only_with_trigger.py
[2023-01-14T20:24:47.429+0200] {processor.py:753} INFO - DAG(s) dict_keys(['latest_only_with_trigger']) retrieved from /Library/Frameworks/Python.framework/Versions/3.10/lib/python3.10/site-packages/airflow/example_dags/example_latest_only_with_trigger.py
[2023-01-14T20:24:47.821+0200] {logging_mixin.py:137} INFO - [2023-01-14T20:24:47.820+0200] {manager.py:504} INFO - Created Permission View: can delete on DAG:latest_only_with_trigger
[2023-01-14T20:24:47.825+0200] {logging_mixin.py:137} INFO - [2023-01-14T20:24:47.824+0200] {manager.py:504} INFO - Created Permission View: can read on DAG:latest_only_with_trigger
[2023-01-14T20:24:47.827+0200] {logging_mixin.py:137} INFO - [2023-01-14T20:24:47.827+0200] {manager.py:504} INFO - Created Permission View: can edit on DAG:latest_only_with_trigger
[2023-01-14T20:24:47.827+0200] {logging_mixin.py:137} INFO - [2023-01-14T20:24:47.827+0200] {dag.py:2676} INFO - Sync 1 DAGs
[2023-01-14T20:24:47.865+0200] {logging_mixin.py:137} INFO - [2023-01-14T20:24:47.864+0200] {dag.py:2697} INFO - Creating ORM DAG for latest_only_with_trigger
[2023-01-14T20:24:47.869+0200] {logging_mixin.py:137} INFO - [2023-01-14T20:24:47.869+0200] {dag.py:3423} INFO - Setting next_dagrun for latest_only_with_trigger to 2023-01-14T14:24:47.869076+00:00, run_after=2023-01-14T18:24:47.869076+00:00
[2023-01-14T20:24:47.877+0200] {processor.py:175} INFO - Processing /Library/Frameworks/Python.framework/Versions/3.10/lib/python3.10/site-packages/airflow/example_dags/example_latest_only_with_trigger.py took 0.479 seconds
