[2023-01-14T20:23:11.223+0200] {processor.py:153} INFO - Started process (PID=77372) to work on /Library/Frameworks/Python.framework/Versions/3.10/lib/python3.10/site-packages/airflow/example_dags/example_nested_branch_dag.py
[2023-01-14T20:23:11.226+0200] {processor.py:743} INFO - Processing file /Library/Frameworks/Python.framework/Versions/3.10/lib/python3.10/site-packages/airflow/example_dags/example_nested_branch_dag.py for tasks to queue
[2023-01-14T20:23:11.226+0200] {logging_mixin.py:137} INFO - [2023-01-14T20:23:11.226+0200] {dagbag.py:538} INFO - Filling up the DagBag from /Library/Frameworks/Python.framework/Versions/3.10/lib/python3.10/site-packages/airflow/example_dags/example_nested_branch_dag.py
[2023-01-14T20:23:11.253+0200] {processor.py:753} INFO - DAG(s) dict_keys(['example_nested_branch_dag']) retrieved from /Library/Frameworks/Python.framework/Versions/3.10/lib/python3.10/site-packages/airflow/example_dags/example_nested_branch_dag.py
[2023-01-14T20:23:11.648+0200] {logging_mixin.py:137} INFO - [2023-01-14T20:23:11.648+0200] {manager.py:504} INFO - Created Permission View: can read on DAG:example_nested_branch_dag
[2023-01-14T20:23:11.652+0200] {logging_mixin.py:137} INFO - [2023-01-14T20:23:11.652+0200] {manager.py:504} INFO - Created Permission View: can edit on DAG:example_nested_branch_dag
[2023-01-14T20:23:11.654+0200] {logging_mixin.py:137} INFO - [2023-01-14T20:23:11.654+0200] {manager.py:504} INFO - Created Permission View: can delete on DAG:example_nested_branch_dag
[2023-01-14T20:23:11.655+0200] {logging_mixin.py:137} INFO - [2023-01-14T20:23:11.654+0200] {dag.py:2676} INFO - Sync 1 DAGs
[2023-01-14T20:23:11.660+0200] {logging_mixin.py:137} INFO - [2023-01-14T20:23:11.659+0200] {dag.py:2697} INFO - Creating ORM DAG for example_nested_branch_dag
[2023-01-14T20:23:11.664+0200] {logging_mixin.py:137} INFO - [2023-01-14T20:23:11.664+0200] {dag.py:3423} INFO - Setting next_dagrun for example_nested_branch_dag to 2023-01-13T00:00:00+00:00, run_after=2023-01-14T00:00:00+00:00
[2023-01-14T20:23:11.673+0200] {processor.py:175} INFO - Processing /Library/Frameworks/Python.framework/Versions/3.10/lib/python3.10/site-packages/airflow/example_dags/example_nested_branch_dag.py took 0.450 seconds
[2023-01-14T20:24:27.725+0200] {processor.py:153} INFO - Started process (PID=78371) to work on /Library/Frameworks/Python.framework/Versions/3.10/lib/python3.10/site-packages/airflow/example_dags/example_nested_branch_dag.py
[2023-01-14T20:24:27.728+0200] {processor.py:743} INFO - Processing file /Library/Frameworks/Python.framework/Versions/3.10/lib/python3.10/site-packages/airflow/example_dags/example_nested_branch_dag.py for tasks to queue
[2023-01-14T20:24:27.728+0200] {logging_mixin.py:137} INFO - [2023-01-14T20:24:27.728+0200] {dagbag.py:538} INFO - Filling up the DagBag from /Library/Frameworks/Python.framework/Versions/3.10/lib/python3.10/site-packages/airflow/example_dags/example_nested_branch_dag.py
[2023-01-14T20:24:27.755+0200] {processor.py:753} INFO - DAG(s) dict_keys(['example_nested_branch_dag']) retrieved from /Library/Frameworks/Python.framework/Versions/3.10/lib/python3.10/site-packages/airflow/example_dags/example_nested_branch_dag.py
[2023-01-14T20:24:28.162+0200] {logging_mixin.py:137} INFO - [2023-01-14T20:24:28.162+0200] {manager.py:504} INFO - Created Permission View: can read on DAG:example_nested_branch_dag
[2023-01-14T20:24:28.165+0200] {logging_mixin.py:137} INFO - [2023-01-14T20:24:28.165+0200] {manager.py:504} INFO - Created Permission View: can edit on DAG:example_nested_branch_dag
[2023-01-14T20:24:28.168+0200] {logging_mixin.py:137} INFO - [2023-01-14T20:24:28.168+0200] {manager.py:504} INFO - Created Permission View: can delete on DAG:example_nested_branch_dag
[2023-01-14T20:24:28.168+0200] {logging_mixin.py:137} INFO - [2023-01-14T20:24:28.168+0200] {dag.py:2676} INFO - Sync 1 DAGs
[2023-01-14T20:24:28.177+0200] {logging_mixin.py:137} INFO - [2023-01-14T20:24:28.177+0200] {dag.py:2697} INFO - Creating ORM DAG for example_nested_branch_dag
[2023-01-14T20:24:28.182+0200] {logging_mixin.py:137} INFO - [2023-01-14T20:24:28.182+0200] {dag.py:3423} INFO - Setting next_dagrun for example_nested_branch_dag to 2023-01-13T00:00:00+00:00, run_after=2023-01-14T00:00:00+00:00
[2023-01-14T20:24:28.191+0200] {processor.py:175} INFO - Processing /Library/Frameworks/Python.framework/Versions/3.10/lib/python3.10/site-packages/airflow/example_dags/example_nested_branch_dag.py took 0.466 seconds
[2023-01-14T20:26:00.424+0200] {processor.py:153} INFO - Started process (PID=78703) to work on /Library/Frameworks/Python.framework/Versions/3.10/lib/python3.10/site-packages/airflow/example_dags/example_nested_branch_dag.py
[2023-01-14T20:26:00.428+0200] {processor.py:743} INFO - Processing file /Library/Frameworks/Python.framework/Versions/3.10/lib/python3.10/site-packages/airflow/example_dags/example_nested_branch_dag.py for tasks to queue
[2023-01-14T20:26:00.428+0200] {logging_mixin.py:137} INFO - [2023-01-14T20:26:00.428+0200] {dagbag.py:538} INFO - Filling up the DagBag from /Library/Frameworks/Python.framework/Versions/3.10/lib/python3.10/site-packages/airflow/example_dags/example_nested_branch_dag.py
[2023-01-14T20:26:00.512+0200] {processor.py:753} INFO - DAG(s) dict_keys(['example_nested_branch_dag']) retrieved from /Library/Frameworks/Python.framework/Versions/3.10/lib/python3.10/site-packages/airflow/example_dags/example_nested_branch_dag.py
[2023-01-14T20:26:00.963+0200] {logging_mixin.py:137} INFO - [2023-01-14T20:26:00.963+0200] {dag.py:2676} INFO - Sync 1 DAGs
[2023-01-14T20:26:00.975+0200] {logging_mixin.py:137} INFO - [2023-01-14T20:26:00.975+0200] {dag.py:3423} INFO - Setting next_dagrun for example_nested_branch_dag to 2023-01-13T00:00:00+00:00, run_after=2023-01-14T00:00:00+00:00
[2023-01-14T20:26:00.984+0200] {processor.py:175} INFO - Processing /Library/Frameworks/Python.framework/Versions/3.10/lib/python3.10/site-packages/airflow/example_dags/example_nested_branch_dag.py took 0.561 seconds
