[2023-01-14T20:23:06.985+0200] {processor.py:153} INFO - Started process (PID=77370) to work on /Library/Frameworks/Python.framework/Versions/3.10/lib/python3.10/site-packages/airflow/example_dags/example_python_operator.py
[2023-01-14T20:23:06.988+0200] {processor.py:743} INFO - Processing file /Library/Frameworks/Python.framework/Versions/3.10/lib/python3.10/site-packages/airflow/example_dags/example_python_operator.py for tasks to queue
[2023-01-14T20:23:06.988+0200] {logging_mixin.py:137} INFO - [2023-01-14T20:23:06.988+0200] {dagbag.py:538} INFO - Filling up the DagBag from /Library/Frameworks/Python.framework/Versions/3.10/lib/python3.10/site-packages/airflow/example_dags/example_python_operator.py
[2023-01-14T20:23:07.013+0200] {logging_mixin.py:137} INFO - [2023-01-14T20:23:07.013+0200] {taskmixin.py:205} WARNING - Dependency <Task(_PythonDecoratedOperator): print_the_context>, log_sql_query already registered for DAG: example_python_operator
[2023-01-14T20:23:07.013+0200] {logging_mixin.py:137} INFO - [2023-01-14T20:23:07.013+0200] {taskmixin.py:205} WARNING - Dependency <Task(_PythonDecoratedOperator): log_sql_query>, print_the_context already registered for DAG: example_python_operator
[2023-01-14T20:23:07.013+0200] {logging_mixin.py:137} INFO - [2023-01-14T20:23:07.013+0200] {taskmixin.py:205} WARNING - Dependency <Task(_PythonDecoratedOperator): print_the_context>, log_sql_query already registered for DAG: example_python_operator
[2023-01-14T20:23:07.013+0200] {logging_mixin.py:137} INFO - [2023-01-14T20:23:07.013+0200] {taskmixin.py:205} WARNING - Dependency <Task(_PythonDecoratedOperator): log_sql_query>, print_the_context already registered for DAG: example_python_operator
[2023-01-14T20:23:07.014+0200] {logging_mixin.py:137} INFO - [2023-01-14T20:23:07.013+0200] {taskmixin.py:205} WARNING - Dependency <Task(_PythonDecoratedOperator): print_the_context>, log_sql_query already registered for DAG: example_python_operator
[2023-01-14T20:23:07.014+0200] {logging_mixin.py:137} INFO - [2023-01-14T20:23:07.014+0200] {taskmixin.py:205} WARNING - Dependency <Task(_PythonDecoratedOperator): log_sql_query>, print_the_context already registered for DAG: example_python_operator
[2023-01-14T20:23:07.014+0200] {logging_mixin.py:137} INFO - [2023-01-14T20:23:07.014+0200] {taskmixin.py:205} WARNING - Dependency <Task(_PythonDecoratedOperator): print_the_context>, log_sql_query already registered for DAG: example_python_operator
[2023-01-14T20:23:07.014+0200] {logging_mixin.py:137} INFO - [2023-01-14T20:23:07.014+0200] {taskmixin.py:205} WARNING - Dependency <Task(_PythonDecoratedOperator): log_sql_query>, print_the_context already registered for DAG: example_python_operator
[2023-01-14T20:23:07.018+0200] {processor.py:753} INFO - DAG(s) dict_keys(['example_python_operator']) retrieved from /Library/Frameworks/Python.framework/Versions/3.10/lib/python3.10/site-packages/airflow/example_dags/example_python_operator.py
[2023-01-14T20:23:07.411+0200] {logging_mixin.py:137} INFO - [2023-01-14T20:23:07.411+0200] {manager.py:504} INFO - Created Permission View: can edit on DAG:example_python_operator
[2023-01-14T20:23:07.415+0200] {logging_mixin.py:137} INFO - [2023-01-14T20:23:07.415+0200] {manager.py:504} INFO - Created Permission View: can read on DAG:example_python_operator
[2023-01-14T20:23:07.417+0200] {logging_mixin.py:137} INFO - [2023-01-14T20:23:07.417+0200] {manager.py:504} INFO - Created Permission View: can delete on DAG:example_python_operator
[2023-01-14T20:23:07.417+0200] {logging_mixin.py:137} INFO - [2023-01-14T20:23:07.417+0200] {dag.py:2676} INFO - Sync 1 DAGs
[2023-01-14T20:23:07.423+0200] {logging_mixin.py:137} INFO - [2023-01-14T20:23:07.423+0200] {dag.py:2697} INFO - Creating ORM DAG for example_python_operator
[2023-01-14T20:23:07.427+0200] {logging_mixin.py:137} INFO - [2023-01-14T20:23:07.426+0200] {dag.py:3423} INFO - Setting next_dagrun for example_python_operator to None, run_after=None
[2023-01-14T20:23:07.438+0200] {processor.py:175} INFO - Processing /Library/Frameworks/Python.framework/Versions/3.10/lib/python3.10/site-packages/airflow/example_dags/example_python_operator.py took 0.454 seconds
[2023-01-14T20:24:23.842+0200] {processor.py:153} INFO - Started process (PID=78365) to work on /Library/Frameworks/Python.framework/Versions/3.10/lib/python3.10/site-packages/airflow/example_dags/example_python_operator.py
[2023-01-14T20:24:23.845+0200] {processor.py:743} INFO - Processing file /Library/Frameworks/Python.framework/Versions/3.10/lib/python3.10/site-packages/airflow/example_dags/example_python_operator.py for tasks to queue
[2023-01-14T20:24:23.845+0200] {logging_mixin.py:137} INFO - [2023-01-14T20:24:23.845+0200] {dagbag.py:538} INFO - Filling up the DagBag from /Library/Frameworks/Python.framework/Versions/3.10/lib/python3.10/site-packages/airflow/example_dags/example_python_operator.py
[2023-01-14T20:24:23.878+0200] {logging_mixin.py:137} INFO - [2023-01-14T20:24:23.878+0200] {taskmixin.py:205} WARNING - Dependency <Task(_PythonDecoratedOperator): print_the_context>, log_sql_query already registered for DAG: example_python_operator
[2023-01-14T20:24:23.878+0200] {logging_mixin.py:137} INFO - [2023-01-14T20:24:23.878+0200] {taskmixin.py:205} WARNING - Dependency <Task(_PythonDecoratedOperator): log_sql_query>, print_the_context already registered for DAG: example_python_operator
[2023-01-14T20:24:23.879+0200] {logging_mixin.py:137} INFO - [2023-01-14T20:24:23.879+0200] {taskmixin.py:205} WARNING - Dependency <Task(_PythonDecoratedOperator): print_the_context>, log_sql_query already registered for DAG: example_python_operator
[2023-01-14T20:24:23.879+0200] {logging_mixin.py:137} INFO - [2023-01-14T20:24:23.879+0200] {taskmixin.py:205} WARNING - Dependency <Task(_PythonDecoratedOperator): log_sql_query>, print_the_context already registered for DAG: example_python_operator
[2023-01-14T20:24:23.879+0200] {logging_mixin.py:137} INFO - [2023-01-14T20:24:23.879+0200] {taskmixin.py:205} WARNING - Dependency <Task(_PythonDecoratedOperator): print_the_context>, log_sql_query already registered for DAG: example_python_operator
[2023-01-14T20:24:23.879+0200] {logging_mixin.py:137} INFO - [2023-01-14T20:24:23.879+0200] {taskmixin.py:205} WARNING - Dependency <Task(_PythonDecoratedOperator): log_sql_query>, print_the_context already registered for DAG: example_python_operator
[2023-01-14T20:24:23.880+0200] {logging_mixin.py:137} INFO - [2023-01-14T20:24:23.880+0200] {taskmixin.py:205} WARNING - Dependency <Task(_PythonDecoratedOperator): print_the_context>, log_sql_query already registered for DAG: example_python_operator
[2023-01-14T20:24:23.880+0200] {logging_mixin.py:137} INFO - [2023-01-14T20:24:23.880+0200] {taskmixin.py:205} WARNING - Dependency <Task(_PythonDecoratedOperator): log_sql_query>, print_the_context already registered for DAG: example_python_operator
[2023-01-14T20:24:23.884+0200] {processor.py:753} INFO - DAG(s) dict_keys(['example_python_operator']) retrieved from /Library/Frameworks/Python.framework/Versions/3.10/lib/python3.10/site-packages/airflow/example_dags/example_python_operator.py
[2023-01-14T20:24:24.359+0200] {logging_mixin.py:137} INFO - [2023-01-14T20:24:24.359+0200] {manager.py:504} INFO - Created Permission View: can delete on DAG:example_python_operator
[2023-01-14T20:24:24.362+0200] {logging_mixin.py:137} INFO - [2023-01-14T20:24:24.362+0200] {manager.py:504} INFO - Created Permission View: can edit on DAG:example_python_operator
[2023-01-14T20:24:24.366+0200] {logging_mixin.py:137} INFO - [2023-01-14T20:24:24.365+0200] {manager.py:504} INFO - Created Permission View: can read on DAG:example_python_operator
[2023-01-14T20:24:24.366+0200] {logging_mixin.py:137} INFO - [2023-01-14T20:24:24.366+0200] {dag.py:2676} INFO - Sync 1 DAGs
[2023-01-14T20:24:24.371+0200] {logging_mixin.py:137} INFO - [2023-01-14T20:24:24.371+0200] {dag.py:2697} INFO - Creating ORM DAG for example_python_operator
[2023-01-14T20:24:24.375+0200] {logging_mixin.py:137} INFO - [2023-01-14T20:24:24.375+0200] {dag.py:3423} INFO - Setting next_dagrun for example_python_operator to None, run_after=None
[2023-01-14T20:24:24.385+0200] {processor.py:175} INFO - Processing /Library/Frameworks/Python.framework/Versions/3.10/lib/python3.10/site-packages/airflow/example_dags/example_python_operator.py took 0.544 seconds
[2023-01-14T20:25:56.579+0200] {processor.py:153} INFO - Started process (PID=78701) to work on /Library/Frameworks/Python.framework/Versions/3.10/lib/python3.10/site-packages/airflow/example_dags/example_python_operator.py
[2023-01-14T20:25:56.582+0200] {processor.py:743} INFO - Processing file /Library/Frameworks/Python.framework/Versions/3.10/lib/python3.10/site-packages/airflow/example_dags/example_python_operator.py for tasks to queue
[2023-01-14T20:25:56.583+0200] {logging_mixin.py:137} INFO - [2023-01-14T20:25:56.582+0200] {dagbag.py:538} INFO - Filling up the DagBag from /Library/Frameworks/Python.framework/Versions/3.10/lib/python3.10/site-packages/airflow/example_dags/example_python_operator.py
[2023-01-14T20:25:56.607+0200] {logging_mixin.py:137} INFO - [2023-01-14T20:25:56.607+0200] {taskmixin.py:205} WARNING - Dependency <Task(_PythonDecoratedOperator): print_the_context>, log_sql_query already registered for DAG: example_python_operator
[2023-01-14T20:25:56.607+0200] {logging_mixin.py:137} INFO - [2023-01-14T20:25:56.607+0200] {taskmixin.py:205} WARNING - Dependency <Task(_PythonDecoratedOperator): log_sql_query>, print_the_context already registered for DAG: example_python_operator
[2023-01-14T20:25:56.607+0200] {logging_mixin.py:137} INFO - [2023-01-14T20:25:56.607+0200] {taskmixin.py:205} WARNING - Dependency <Task(_PythonDecoratedOperator): print_the_context>, log_sql_query already registered for DAG: example_python_operator
[2023-01-14T20:25:56.608+0200] {logging_mixin.py:137} INFO - [2023-01-14T20:25:56.608+0200] {taskmixin.py:205} WARNING - Dependency <Task(_PythonDecoratedOperator): log_sql_query>, print_the_context already registered for DAG: example_python_operator
[2023-01-14T20:25:56.608+0200] {logging_mixin.py:137} INFO - [2023-01-14T20:25:56.608+0200] {taskmixin.py:205} WARNING - Dependency <Task(_PythonDecoratedOperator): print_the_context>, log_sql_query already registered for DAG: example_python_operator
[2023-01-14T20:25:56.608+0200] {logging_mixin.py:137} INFO - [2023-01-14T20:25:56.608+0200] {taskmixin.py:205} WARNING - Dependency <Task(_PythonDecoratedOperator): log_sql_query>, print_the_context already registered for DAG: example_python_operator
[2023-01-14T20:25:56.608+0200] {logging_mixin.py:137} INFO - [2023-01-14T20:25:56.608+0200] {taskmixin.py:205} WARNING - Dependency <Task(_PythonDecoratedOperator): print_the_context>, log_sql_query already registered for DAG: example_python_operator
[2023-01-14T20:25:56.608+0200] {logging_mixin.py:137} INFO - [2023-01-14T20:25:56.608+0200] {taskmixin.py:205} WARNING - Dependency <Task(_PythonDecoratedOperator): log_sql_query>, print_the_context already registered for DAG: example_python_operator
[2023-01-14T20:25:56.612+0200] {processor.py:753} INFO - DAG(s) dict_keys(['example_python_operator']) retrieved from /Library/Frameworks/Python.framework/Versions/3.10/lib/python3.10/site-packages/airflow/example_dags/example_python_operator.py
[2023-01-14T20:25:56.978+0200] {logging_mixin.py:137} INFO - [2023-01-14T20:25:56.978+0200] {dag.py:2676} INFO - Sync 1 DAGs
[2023-01-14T20:25:56.987+0200] {logging_mixin.py:137} INFO - [2023-01-14T20:25:56.987+0200] {dag.py:3423} INFO - Setting next_dagrun for example_python_operator to None, run_after=None
[2023-01-14T20:25:57.028+0200] {processor.py:175} INFO - Processing /Library/Frameworks/Python.framework/Versions/3.10/lib/python3.10/site-packages/airflow/example_dags/example_python_operator.py took 0.449 seconds
