[2023-01-14T20:22:44.491+0200] {processor.py:153} INFO - Started process (PID=77350) to work on /Library/Frameworks/Python.framework/Versions/3.10/lib/python3.10/site-packages/airflow/example_dags/example_trigger_controller_dag.py
[2023-01-14T20:22:44.493+0200] {processor.py:743} INFO - Processing file /Library/Frameworks/Python.framework/Versions/3.10/lib/python3.10/site-packages/airflow/example_dags/example_trigger_controller_dag.py for tasks to queue
[2023-01-14T20:22:44.494+0200] {logging_mixin.py:137} INFO - [2023-01-14T20:22:44.494+0200] {dagbag.py:538} INFO - Filling up the DagBag from /Library/Frameworks/Python.framework/Versions/3.10/lib/python3.10/site-packages/airflow/example_dags/example_trigger_controller_dag.py
[2023-01-14T20:22:44.508+0200] {processor.py:753} INFO - DAG(s) dict_keys(['example_trigger_controller_dag']) retrieved from /Library/Frameworks/Python.framework/Versions/3.10/lib/python3.10/site-packages/airflow/example_dags/example_trigger_controller_dag.py
[2023-01-14T20:22:44.882+0200] {logging_mixin.py:137} INFO - [2023-01-14T20:22:44.882+0200] {manager.py:504} INFO - Created Permission View: can edit on DAG:example_trigger_controller_dag
[2023-01-14T20:22:44.886+0200] {logging_mixin.py:137} INFO - [2023-01-14T20:22:44.886+0200] {manager.py:504} INFO - Created Permission View: can read on DAG:example_trigger_controller_dag
[2023-01-14T20:22:44.889+0200] {logging_mixin.py:137} INFO - [2023-01-14T20:22:44.889+0200] {manager.py:504} INFO - Created Permission View: can delete on DAG:example_trigger_controller_dag
[2023-01-14T20:22:44.889+0200] {logging_mixin.py:137} INFO - [2023-01-14T20:22:44.889+0200] {dag.py:2676} INFO - Sync 1 DAGs
[2023-01-14T20:22:44.924+0200] {logging_mixin.py:137} INFO - [2023-01-14T20:22:44.923+0200] {dag.py:2697} INFO - Creating ORM DAG for example_trigger_controller_dag
[2023-01-14T20:22:44.928+0200] {logging_mixin.py:137} INFO - [2023-01-14T20:22:44.927+0200] {dag.py:3423} INFO - Setting next_dagrun for example_trigger_controller_dag to 2021-01-01T00:00:00+00:00, run_after=2021-01-01T00:00:00+00:00
[2023-01-14T20:22:44.936+0200] {processor.py:175} INFO - Processing /Library/Frameworks/Python.framework/Versions/3.10/lib/python3.10/site-packages/airflow/example_dags/example_trigger_controller_dag.py took 0.445 seconds
[2023-01-14T20:24:00.777+0200] {processor.py:153} INFO - Started process (PID=78101) to work on /Library/Frameworks/Python.framework/Versions/3.10/lib/python3.10/site-packages/airflow/example_dags/example_trigger_controller_dag.py
[2023-01-14T20:24:00.780+0200] {processor.py:743} INFO - Processing file /Library/Frameworks/Python.framework/Versions/3.10/lib/python3.10/site-packages/airflow/example_dags/example_trigger_controller_dag.py for tasks to queue
[2023-01-14T20:24:00.780+0200] {logging_mixin.py:137} INFO - [2023-01-14T20:24:00.780+0200] {dagbag.py:538} INFO - Filling up the DagBag from /Library/Frameworks/Python.framework/Versions/3.10/lib/python3.10/site-packages/airflow/example_dags/example_trigger_controller_dag.py
[2023-01-14T20:24:00.793+0200] {processor.py:753} INFO - DAG(s) dict_keys(['example_trigger_controller_dag']) retrieved from /Library/Frameworks/Python.framework/Versions/3.10/lib/python3.10/site-packages/airflow/example_dags/example_trigger_controller_dag.py
[2023-01-14T20:24:01.129+0200] {logging_mixin.py:137} INFO - [2023-01-14T20:24:01.128+0200] {dag.py:2676} INFO - Sync 1 DAGs
[2023-01-14T20:24:01.137+0200] {logging_mixin.py:137} INFO - [2023-01-14T20:24:01.137+0200] {dag.py:3423} INFO - Setting next_dagrun for example_trigger_controller_dag to 2021-01-01T00:00:00+00:00, run_after=2021-01-01T00:00:00+00:00
[2023-01-14T20:24:01.146+0200] {processor.py:175} INFO - Processing /Library/Frameworks/Python.framework/Versions/3.10/lib/python3.10/site-packages/airflow/example_dags/example_trigger_controller_dag.py took 0.370 seconds
[2023-01-14T20:25:33.881+0200] {processor.py:153} INFO - Started process (PID=78680) to work on /Library/Frameworks/Python.framework/Versions/3.10/lib/python3.10/site-packages/airflow/example_dags/example_trigger_controller_dag.py
[2023-01-14T20:25:33.883+0200] {processor.py:743} INFO - Processing file /Library/Frameworks/Python.framework/Versions/3.10/lib/python3.10/site-packages/airflow/example_dags/example_trigger_controller_dag.py for tasks to queue
[2023-01-14T20:25:33.884+0200] {logging_mixin.py:137} INFO - [2023-01-14T20:25:33.884+0200] {dagbag.py:538} INFO - Filling up the DagBag from /Library/Frameworks/Python.framework/Versions/3.10/lib/python3.10/site-packages/airflow/example_dags/example_trigger_controller_dag.py
[2023-01-14T20:25:33.899+0200] {processor.py:753} INFO - DAG(s) dict_keys(['example_trigger_controller_dag']) retrieved from /Library/Frameworks/Python.framework/Versions/3.10/lib/python3.10/site-packages/airflow/example_dags/example_trigger_controller_dag.py
[2023-01-14T20:25:34.310+0200] {logging_mixin.py:137} INFO - [2023-01-14T20:25:34.310+0200] {manager.py:504} INFO - Created Permission View: can delete on DAG:example_trigger_controller_dag
[2023-01-14T20:25:34.315+0200] {logging_mixin.py:137} INFO - [2023-01-14T20:25:34.315+0200] {manager.py:504} INFO - Created Permission View: can read on DAG:example_trigger_controller_dag
[2023-01-14T20:25:34.319+0200] {logging_mixin.py:137} INFO - [2023-01-14T20:25:34.319+0200] {manager.py:504} INFO - Created Permission View: can edit on DAG:example_trigger_controller_dag
[2023-01-14T20:25:34.319+0200] {logging_mixin.py:137} INFO - [2023-01-14T20:25:34.319+0200] {dag.py:2676} INFO - Sync 1 DAGs
[2023-01-14T20:25:34.360+0200] {logging_mixin.py:137} INFO - [2023-01-14T20:25:34.360+0200] {dag.py:2697} INFO - Creating ORM DAG for example_trigger_controller_dag
[2023-01-14T20:25:34.364+0200] {logging_mixin.py:137} INFO - [2023-01-14T20:25:34.364+0200] {dag.py:3423} INFO - Setting next_dagrun for example_trigger_controller_dag to 2021-01-01T00:00:00+00:00, run_after=2021-01-01T00:00:00+00:00
[2023-01-14T20:25:34.372+0200] {processor.py:175} INFO - Processing /Library/Frameworks/Python.framework/Versions/3.10/lib/python3.10/site-packages/airflow/example_dags/example_trigger_controller_dag.py took 0.492 seconds
