[2023-01-14T20:23:12.611+0200] {processor.py:153} INFO - Started process (PID=77373) to work on /Library/Frameworks/Python.framework/Versions/3.10/lib/python3.10/site-packages/airflow/example_dags/example_local_kubernetes_executor.py
[2023-01-14T20:23:12.613+0200] {processor.py:743} INFO - Processing file /Library/Frameworks/Python.framework/Versions/3.10/lib/python3.10/site-packages/airflow/example_dags/example_local_kubernetes_executor.py for tasks to queue
[2023-01-14T20:23:12.614+0200] {logging_mixin.py:137} INFO - [2023-01-14T20:23:12.613+0200] {dagbag.py:538} INFO - Filling up the DagBag from /Library/Frameworks/Python.framework/Versions/3.10/lib/python3.10/site-packages/airflow/example_dags/example_local_kubernetes_executor.py
[2023-01-14T20:23:12.638+0200] {logging_mixin.py:137} INFO - [2023-01-14T20:23:12.638+0200] {example_local_kubernetes_executor.py:39} WARNING - Could not import DAGs in example_local_kubernetes_executor.py
Traceback (most recent call last):
  File "/Library/Frameworks/Python.framework/Versions/3.10/lib/python3.10/site-packages/airflow/example_dags/example_local_kubernetes_executor.py", line 37, in <module>
    from kubernetes.client import models as k8s
ModuleNotFoundError: No module named 'kubernetes'
[2023-01-14T20:23:12.638+0200] {logging_mixin.py:137} INFO - [2023-01-14T20:23:12.638+0200] {example_local_kubernetes_executor.py:40} WARNING - Install Kubernetes dependencies with: pip install apache-airflow[cncf.kubernetes]
[2023-01-14T20:23:12.638+0200] {processor.py:755} WARNING - No viable dags retrieved from /Library/Frameworks/Python.framework/Versions/3.10/lib/python3.10/site-packages/airflow/example_dags/example_local_kubernetes_executor.py
[2023-01-14T20:23:12.962+0200] {processor.py:175} INFO - Processing /Library/Frameworks/Python.framework/Versions/3.10/lib/python3.10/site-packages/airflow/example_dags/example_local_kubernetes_executor.py took 0.352 seconds
[2023-01-14T20:24:45.371+0200] {processor.py:153} INFO - Started process (PID=78386) to work on /Library/Frameworks/Python.framework/Versions/3.10/lib/python3.10/site-packages/airflow/example_dags/example_local_kubernetes_executor.py
[2023-01-14T20:24:45.374+0200] {processor.py:743} INFO - Processing file /Library/Frameworks/Python.framework/Versions/3.10/lib/python3.10/site-packages/airflow/example_dags/example_local_kubernetes_executor.py for tasks to queue
[2023-01-14T20:24:45.375+0200] {logging_mixin.py:137} INFO - [2023-01-14T20:24:45.375+0200] {dagbag.py:538} INFO - Filling up the DagBag from /Library/Frameworks/Python.framework/Versions/3.10/lib/python3.10/site-packages/airflow/example_dags/example_local_kubernetes_executor.py
[2023-01-14T20:24:45.404+0200] {logging_mixin.py:137} INFO - [2023-01-14T20:24:45.403+0200] {example_local_kubernetes_executor.py:39} WARNING - Could not import DAGs in example_local_kubernetes_executor.py
Traceback (most recent call last):
  File "/Library/Frameworks/Python.framework/Versions/3.10/lib/python3.10/site-packages/airflow/example_dags/example_local_kubernetes_executor.py", line 37, in <module>
    from kubernetes.client import models as k8s
ModuleNotFoundError: No module named 'kubernetes'
[2023-01-14T20:24:45.404+0200] {logging_mixin.py:137} INFO - [2023-01-14T20:24:45.404+0200] {example_local_kubernetes_executor.py:40} WARNING - Install Kubernetes dependencies with: pip install apache-airflow[cncf.kubernetes]
[2023-01-14T20:24:45.404+0200] {processor.py:755} WARNING - No viable dags retrieved from /Library/Frameworks/Python.framework/Versions/3.10/lib/python3.10/site-packages/airflow/example_dags/example_local_kubernetes_executor.py
[2023-01-14T20:24:45.726+0200] {processor.py:175} INFO - Processing /Library/Frameworks/Python.framework/Versions/3.10/lib/python3.10/site-packages/airflow/example_dags/example_local_kubernetes_executor.py took 0.355 seconds
