[2023-01-14T20:23:05.478+0200] {processor.py:153} INFO - Started process (PID=77369) to work on /Library/Frameworks/Python.framework/Versions/3.10/lib/python3.10/site-packages/airflow/example_dags/example_sensor_decorator.py
[2023-01-14T20:23:05.481+0200] {processor.py:743} INFO - Processing file /Library/Frameworks/Python.framework/Versions/3.10/lib/python3.10/site-packages/airflow/example_dags/example_sensor_decorator.py for tasks to queue
[2023-01-14T20:23:05.481+0200] {logging_mixin.py:137} INFO - [2023-01-14T20:23:05.481+0200] {dagbag.py:538} INFO - Filling up the DagBag from /Library/Frameworks/Python.framework/Versions/3.10/lib/python3.10/site-packages/airflow/example_dags/example_sensor_decorator.py
[2023-01-14T20:23:05.543+0200] {logging_mixin.py:137} WARNING - /Library/Frameworks/Python.framework/Versions/3.10/lib/python3.10/site-packages/airflow/models/dag.py:3492 RemovedInAirflow3Warning: Param `schedule_interval` is deprecated and will be removed in a future release. Please use `schedule` instead.
[2023-01-14T20:23:05.547+0200] {processor.py:753} INFO - DAG(s) dict_keys(['example_sensor_decorator']) retrieved from /Library/Frameworks/Python.framework/Versions/3.10/lib/python3.10/site-packages/airflow/example_dags/example_sensor_decorator.py
[2023-01-14T20:23:06.076+0200] {logging_mixin.py:137} INFO - [2023-01-14T20:23:06.076+0200] {manager.py:504} INFO - Created Permission View: can delete on DAG:example_sensor_decorator
[2023-01-14T20:23:06.080+0200] {logging_mixin.py:137} INFO - [2023-01-14T20:23:06.080+0200] {manager.py:504} INFO - Created Permission View: can edit on DAG:example_sensor_decorator
[2023-01-14T20:23:06.083+0200] {logging_mixin.py:137} INFO - [2023-01-14T20:23:06.083+0200] {manager.py:504} INFO - Created Permission View: can read on DAG:example_sensor_decorator
[2023-01-14T20:23:06.083+0200] {logging_mixin.py:137} INFO - [2023-01-14T20:23:06.083+0200] {dag.py:2676} INFO - Sync 1 DAGs
[2023-01-14T20:23:06.089+0200] {logging_mixin.py:137} INFO - [2023-01-14T20:23:06.089+0200] {dag.py:2697} INFO - Creating ORM DAG for example_sensor_decorator
[2023-01-14T20:23:06.093+0200] {logging_mixin.py:137} INFO - [2023-01-14T20:23:06.093+0200] {dag.py:3423} INFO - Setting next_dagrun for example_sensor_decorator to None, run_after=None
[2023-01-14T20:23:06.102+0200] {processor.py:175} INFO - Processing /Library/Frameworks/Python.framework/Versions/3.10/lib/python3.10/site-packages/airflow/example_dags/example_sensor_decorator.py took 0.624 seconds
[2023-01-14T20:24:21.548+0200] {processor.py:153} INFO - Started process (PID=78364) to work on /Library/Frameworks/Python.framework/Versions/3.10/lib/python3.10/site-packages/airflow/example_dags/example_sensor_decorator.py
[2023-01-14T20:24:21.557+0200] {processor.py:743} INFO - Processing file /Library/Frameworks/Python.framework/Versions/3.10/lib/python3.10/site-packages/airflow/example_dags/example_sensor_decorator.py for tasks to queue
[2023-01-14T20:24:21.557+0200] {logging_mixin.py:137} INFO - [2023-01-14T20:24:21.557+0200] {dagbag.py:538} INFO - Filling up the DagBag from /Library/Frameworks/Python.framework/Versions/3.10/lib/python3.10/site-packages/airflow/example_dags/example_sensor_decorator.py
[2023-01-14T20:24:21.609+0200] {logging_mixin.py:137} WARNING - /Library/Frameworks/Python.framework/Versions/3.10/lib/python3.10/site-packages/airflow/models/dag.py:3492 RemovedInAirflow3Warning: Param `schedule_interval` is deprecated and will be removed in a future release. Please use `schedule` instead.
[2023-01-14T20:24:21.613+0200] {processor.py:753} INFO - DAG(s) dict_keys(['example_sensor_decorator']) retrieved from /Library/Frameworks/Python.framework/Versions/3.10/lib/python3.10/site-packages/airflow/example_dags/example_sensor_decorator.py
[2023-01-14T20:24:22.125+0200] {logging_mixin.py:137} INFO - [2023-01-14T20:24:22.125+0200] {manager.py:504} INFO - Created Permission View: can delete on DAG:example_sensor_decorator
[2023-01-14T20:24:22.129+0200] {logging_mixin.py:137} INFO - [2023-01-14T20:24:22.129+0200] {manager.py:504} INFO - Created Permission View: can edit on DAG:example_sensor_decorator
[2023-01-14T20:24:22.132+0200] {logging_mixin.py:137} INFO - [2023-01-14T20:24:22.132+0200] {manager.py:504} INFO - Created Permission View: can read on DAG:example_sensor_decorator
[2023-01-14T20:24:22.132+0200] {logging_mixin.py:137} INFO - [2023-01-14T20:24:22.132+0200] {dag.py:2676} INFO - Sync 1 DAGs
[2023-01-14T20:24:22.139+0200] {logging_mixin.py:137} INFO - [2023-01-14T20:24:22.139+0200] {dag.py:2697} INFO - Creating ORM DAG for example_sensor_decorator
[2023-01-14T20:24:22.144+0200] {logging_mixin.py:137} INFO - [2023-01-14T20:24:22.144+0200] {dag.py:3423} INFO - Setting next_dagrun for example_sensor_decorator to None, run_after=None
[2023-01-14T20:24:22.153+0200] {processor.py:175} INFO - Processing /Library/Frameworks/Python.framework/Versions/3.10/lib/python3.10/site-packages/airflow/example_dags/example_sensor_decorator.py took 0.606 seconds
[2023-01-14T20:25:54.101+0200] {processor.py:153} INFO - Started process (PID=78698) to work on /Library/Frameworks/Python.framework/Versions/3.10/lib/python3.10/site-packages/airflow/example_dags/example_sensor_decorator.py
[2023-01-14T20:25:54.104+0200] {processor.py:743} INFO - Processing file /Library/Frameworks/Python.framework/Versions/3.10/lib/python3.10/site-packages/airflow/example_dags/example_sensor_decorator.py for tasks to queue
[2023-01-14T20:25:54.105+0200] {logging_mixin.py:137} INFO - [2023-01-14T20:25:54.105+0200] {dagbag.py:538} INFO - Filling up the DagBag from /Library/Frameworks/Python.framework/Versions/3.10/lib/python3.10/site-packages/airflow/example_dags/example_sensor_decorator.py
[2023-01-14T20:25:54.152+0200] {logging_mixin.py:137} WARNING - /Library/Frameworks/Python.framework/Versions/3.10/lib/python3.10/site-packages/airflow/models/dag.py:3492 RemovedInAirflow3Warning: Param `schedule_interval` is deprecated and will be removed in a future release. Please use `schedule` instead.
[2023-01-14T20:25:54.156+0200] {processor.py:753} INFO - DAG(s) dict_keys(['example_sensor_decorator']) retrieved from /Library/Frameworks/Python.framework/Versions/3.10/lib/python3.10/site-packages/airflow/example_dags/example_sensor_decorator.py
[2023-01-14T20:25:54.748+0200] {logging_mixin.py:137} INFO - [2023-01-14T20:25:54.747+0200] {dag.py:2676} INFO - Sync 1 DAGs
[2023-01-14T20:25:54.756+0200] {logging_mixin.py:137} INFO - [2023-01-14T20:25:54.756+0200] {dag.py:3423} INFO - Setting next_dagrun for example_sensor_decorator to None, run_after=None
[2023-01-14T20:25:54.765+0200] {processor.py:175} INFO - Processing /Library/Frameworks/Python.framework/Versions/3.10/lib/python3.10/site-packages/airflow/example_dags/example_sensor_decorator.py took 0.665 seconds
