[2023-01-14T20:23:41.811+0200] {processor.py:153} INFO - Started process (PID=77391) to work on /Library/Frameworks/Python.framework/Versions/3.10/lib/python3.10/site-packages/airflow/example_dags/example_bash_operator.py
[2023-01-14T20:23:41.816+0200] {processor.py:743} INFO - Processing file /Library/Frameworks/Python.framework/Versions/3.10/lib/python3.10/site-packages/airflow/example_dags/example_bash_operator.py for tasks to queue
[2023-01-14T20:23:41.816+0200] {logging_mixin.py:137} INFO - [2023-01-14T20:23:41.816+0200] {dagbag.py:538} INFO - Filling up the DagBag from /Library/Frameworks/Python.framework/Versions/3.10/lib/python3.10/site-packages/airflow/example_dags/example_bash_operator.py
[2023-01-14T20:23:41.894+0200] {processor.py:753} INFO - DAG(s) dict_keys(['example_bash_operator']) retrieved from /Library/Frameworks/Python.framework/Versions/3.10/lib/python3.10/site-packages/airflow/example_dags/example_bash_operator.py
[2023-01-14T20:23:42.406+0200] {logging_mixin.py:137} INFO - [2023-01-14T20:23:42.405+0200] {manager.py:504} INFO - Created Permission View: can read on DAG:example_bash_operator
[2023-01-14T20:23:42.415+0200] {logging_mixin.py:137} INFO - [2023-01-14T20:23:42.415+0200] {manager.py:504} INFO - Created Permission View: can delete on DAG:example_bash_operator
[2023-01-14T20:23:42.420+0200] {logging_mixin.py:137} INFO - [2023-01-14T20:23:42.420+0200] {manager.py:504} INFO - Created Permission View: can edit on DAG:example_bash_operator
[2023-01-14T20:23:42.420+0200] {logging_mixin.py:137} INFO - [2023-01-14T20:23:42.420+0200] {dag.py:2676} INFO - Sync 1 DAGs
[2023-01-14T20:23:42.430+0200] {logging_mixin.py:137} INFO - [2023-01-14T20:23:42.429+0200] {dag.py:2697} INFO - Creating ORM DAG for example_bash_operator
[2023-01-14T20:23:42.437+0200] {logging_mixin.py:137} INFO - [2023-01-14T20:23:42.436+0200] {dag.py:3423} INFO - Setting next_dagrun for example_bash_operator to 2023-01-13T00:00:00+00:00, run_after=2023-01-14T00:00:00+00:00
[2023-01-14T20:23:42.455+0200] {processor.py:175} INFO - Processing /Library/Frameworks/Python.framework/Versions/3.10/lib/python3.10/site-packages/airflow/example_dags/example_bash_operator.py took 0.645 seconds
[2023-01-14T20:25:14.248+0200] {processor.py:153} INFO - Started process (PID=78410) to work on /Library/Frameworks/Python.framework/Versions/3.10/lib/python3.10/site-packages/airflow/example_dags/example_bash_operator.py
[2023-01-14T20:25:14.254+0200] {processor.py:743} INFO - Processing file /Library/Frameworks/Python.framework/Versions/3.10/lib/python3.10/site-packages/airflow/example_dags/example_bash_operator.py for tasks to queue
[2023-01-14T20:25:14.255+0200] {logging_mixin.py:137} INFO - [2023-01-14T20:25:14.254+0200] {dagbag.py:538} INFO - Filling up the DagBag from /Library/Frameworks/Python.framework/Versions/3.10/lib/python3.10/site-packages/airflow/example_dags/example_bash_operator.py
[2023-01-14T20:25:14.397+0200] {processor.py:753} INFO - DAG(s) dict_keys(['example_bash_operator']) retrieved from /Library/Frameworks/Python.framework/Versions/3.10/lib/python3.10/site-packages/airflow/example_dags/example_bash_operator.py
[2023-01-14T20:25:15.143+0200] {logging_mixin.py:137} INFO - [2023-01-14T20:25:15.143+0200] {manager.py:504} INFO - Created Permission View: can read on DAG:example_bash_operator
[2023-01-14T20:25:15.148+0200] {logging_mixin.py:137} INFO - [2023-01-14T20:25:15.148+0200] {manager.py:504} INFO - Created Permission View: can edit on DAG:example_bash_operator
[2023-01-14T20:25:15.151+0200] {logging_mixin.py:137} INFO - [2023-01-14T20:25:15.151+0200] {manager.py:504} INFO - Created Permission View: can delete on DAG:example_bash_operator
[2023-01-14T20:25:15.151+0200] {logging_mixin.py:137} INFO - [2023-01-14T20:25:15.151+0200] {dag.py:2676} INFO - Sync 1 DAGs
[2023-01-14T20:25:15.158+0200] {logging_mixin.py:137} INFO - [2023-01-14T20:25:15.157+0200] {dag.py:2697} INFO - Creating ORM DAG for example_bash_operator
[2023-01-14T20:25:15.164+0200] {logging_mixin.py:137} INFO - [2023-01-14T20:25:15.163+0200] {dag.py:3423} INFO - Setting next_dagrun for example_bash_operator to 2023-01-13T00:00:00+00:00, run_after=2023-01-14T00:00:00+00:00
[2023-01-14T20:25:15.174+0200] {processor.py:175} INFO - Processing /Library/Frameworks/Python.framework/Versions/3.10/lib/python3.10/site-packages/airflow/example_dags/example_bash_operator.py took 0.927 seconds
