[2023-01-14T20:23:28.602+0200] {processor.py:153} INFO - Started process (PID=77384) to work on /Library/Frameworks/Python.framework/Versions/3.10/lib/python3.10/site-packages/airflow/example_dags/example_branch_python_dop_operator_3.py
[2023-01-14T20:23:28.605+0200] {processor.py:743} INFO - Processing file /Library/Frameworks/Python.framework/Versions/3.10/lib/python3.10/site-packages/airflow/example_dags/example_branch_python_dop_operator_3.py for tasks to queue
[2023-01-14T20:23:28.605+0200] {logging_mixin.py:137} INFO - [2023-01-14T20:23:28.605+0200] {dagbag.py:538} INFO - Filling up the DagBag from /Library/Frameworks/Python.framework/Versions/3.10/lib/python3.10/site-packages/airflow/example_dags/example_branch_python_dop_operator_3.py
[2023-01-14T20:23:28.632+0200] {processor.py:753} INFO - DAG(s) dict_keys(['example_branch_dop_operator_v3']) retrieved from /Library/Frameworks/Python.framework/Versions/3.10/lib/python3.10/site-packages/airflow/example_dags/example_branch_python_dop_operator_3.py
[2023-01-14T20:23:29.036+0200] {logging_mixin.py:137} INFO - [2023-01-14T20:23:29.036+0200] {manager.py:504} INFO - Created Permission View: can edit on DAG:example_branch_dop_operator_v3
[2023-01-14T20:23:29.041+0200] {logging_mixin.py:137} INFO - [2023-01-14T20:23:29.040+0200] {manager.py:504} INFO - Created Permission View: can delete on DAG:example_branch_dop_operator_v3
[2023-01-14T20:23:29.043+0200] {logging_mixin.py:137} INFO - [2023-01-14T20:23:29.043+0200] {manager.py:504} INFO - Created Permission View: can read on DAG:example_branch_dop_operator_v3
[2023-01-14T20:23:29.043+0200] {logging_mixin.py:137} INFO - [2023-01-14T20:23:29.043+0200] {dag.py:2676} INFO - Sync 1 DAGs
[2023-01-14T20:23:29.049+0200] {logging_mixin.py:137} INFO - [2023-01-14T20:23:29.049+0200] {dag.py:2697} INFO - Creating ORM DAG for example_branch_dop_operator_v3
[2023-01-14T20:23:29.056+0200] {logging_mixin.py:137} INFO - [2023-01-14T20:23:29.056+0200] {dag.py:3423} INFO - Setting next_dagrun for example_branch_dop_operator_v3 to 2023-01-14T18:22:00+00:00, run_after=2023-01-14T18:23:00+00:00
[2023-01-14T20:23:29.065+0200] {processor.py:175} INFO - Processing /Library/Frameworks/Python.framework/Versions/3.10/lib/python3.10/site-packages/airflow/example_dags/example_branch_python_dop_operator_3.py took 0.463 seconds
[2023-01-14T20:25:00.599+0200] {processor.py:153} INFO - Started process (PID=78401) to work on /Library/Frameworks/Python.framework/Versions/3.10/lib/python3.10/site-packages/airflow/example_dags/example_branch_python_dop_operator_3.py
[2023-01-14T20:25:00.606+0200] {processor.py:743} INFO - Processing file /Library/Frameworks/Python.framework/Versions/3.10/lib/python3.10/site-packages/airflow/example_dags/example_branch_python_dop_operator_3.py for tasks to queue
[2023-01-14T20:25:00.606+0200] {logging_mixin.py:137} INFO - [2023-01-14T20:25:00.606+0200] {dagbag.py:538} INFO - Filling up the DagBag from /Library/Frameworks/Python.framework/Versions/3.10/lib/python3.10/site-packages/airflow/example_dags/example_branch_python_dop_operator_3.py
[2023-01-14T20:25:00.641+0200] {processor.py:753} INFO - DAG(s) dict_keys(['example_branch_dop_operator_v3']) retrieved from /Library/Frameworks/Python.framework/Versions/3.10/lib/python3.10/site-packages/airflow/example_dags/example_branch_python_dop_operator_3.py
[2023-01-14T20:25:01.119+0200] {logging_mixin.py:137} INFO - [2023-01-14T20:25:01.119+0200] {manager.py:504} INFO - Created Permission View: can edit on DAG:example_branch_dop_operator_v3
[2023-01-14T20:25:01.123+0200] {logging_mixin.py:137} INFO - [2023-01-14T20:25:01.123+0200] {manager.py:504} INFO - Created Permission View: can read on DAG:example_branch_dop_operator_v3
[2023-01-14T20:25:01.125+0200] {logging_mixin.py:137} INFO - [2023-01-14T20:25:01.125+0200] {manager.py:504} INFO - Created Permission View: can delete on DAG:example_branch_dop_operator_v3
[2023-01-14T20:25:01.125+0200] {logging_mixin.py:137} INFO - [2023-01-14T20:25:01.125+0200] {dag.py:2676} INFO - Sync 1 DAGs
[2023-01-14T20:25:01.131+0200] {logging_mixin.py:137} INFO - [2023-01-14T20:25:01.131+0200] {dag.py:2697} INFO - Creating ORM DAG for example_branch_dop_operator_v3
[2023-01-14T20:25:01.138+0200] {logging_mixin.py:137} INFO - [2023-01-14T20:25:01.138+0200] {dag.py:3423} INFO - Setting next_dagrun for example_branch_dop_operator_v3 to 2023-01-14T18:24:00+00:00, run_after=2023-01-14T18:25:00+00:00
[2023-01-14T20:25:01.146+0200] {processor.py:175} INFO - Processing /Library/Frameworks/Python.framework/Versions/3.10/lib/python3.10/site-packages/airflow/example_dags/example_branch_python_dop_operator_3.py took 0.548 seconds
