[2023-01-14T20:23:33.432+0200] {processor.py:153} INFO - Started process (PID=77386) to work on /Library/Frameworks/Python.framework/Versions/3.10/lib/python3.10/site-packages/airflow/example_dags/example_branch_operator.py
[2023-01-14T20:23:33.435+0200] {processor.py:743} INFO - Processing file /Library/Frameworks/Python.framework/Versions/3.10/lib/python3.10/site-packages/airflow/example_dags/example_branch_operator.py for tasks to queue
[2023-01-14T20:23:33.435+0200] {logging_mixin.py:137} INFO - [2023-01-14T20:23:33.435+0200] {dagbag.py:538} INFO - Filling up the DagBag from /Library/Frameworks/Python.framework/Versions/3.10/lib/python3.10/site-packages/airflow/example_dags/example_branch_operator.py
[2023-01-14T20:23:33.460+0200] {processor.py:753} INFO - DAG(s) dict_keys(['example_branch_operator']) retrieved from /Library/Frameworks/Python.framework/Versions/3.10/lib/python3.10/site-packages/airflow/example_dags/example_branch_operator.py
[2023-01-14T20:23:33.905+0200] {logging_mixin.py:137} INFO - [2023-01-14T20:23:33.905+0200] {manager.py:504} INFO - Created Permission View: can delete on DAG:example_branch_operator
[2023-01-14T20:23:33.943+0200] {logging_mixin.py:137} INFO - [2023-01-14T20:23:33.942+0200] {manager.py:504} INFO - Created Permission View: can edit on DAG:example_branch_operator
[2023-01-14T20:23:33.946+0200] {logging_mixin.py:137} INFO - [2023-01-14T20:23:33.946+0200] {manager.py:504} INFO - Created Permission View: can read on DAG:example_branch_operator
[2023-01-14T20:23:33.946+0200] {logging_mixin.py:137} INFO - [2023-01-14T20:23:33.946+0200] {dag.py:2676} INFO - Sync 1 DAGs
[2023-01-14T20:23:33.952+0200] {logging_mixin.py:137} INFO - [2023-01-14T20:23:33.952+0200] {dag.py:2697} INFO - Creating ORM DAG for example_branch_operator
[2023-01-14T20:23:33.959+0200] {logging_mixin.py:137} INFO - [2023-01-14T20:23:33.959+0200] {dag.py:3423} INFO - Setting next_dagrun for example_branch_operator to 2023-01-13T00:00:00+00:00, run_after=2023-01-14T00:00:00+00:00
[2023-01-14T20:23:33.969+0200] {processor.py:175} INFO - Processing /Library/Frameworks/Python.framework/Versions/3.10/lib/python3.10/site-packages/airflow/example_dags/example_branch_operator.py took 0.537 seconds
[2023-01-14T20:25:05.062+0200] {processor.py:153} INFO - Started process (PID=78403) to work on /Library/Frameworks/Python.framework/Versions/3.10/lib/python3.10/site-packages/airflow/example_dags/example_branch_operator.py
[2023-01-14T20:25:05.065+0200] {processor.py:743} INFO - Processing file /Library/Frameworks/Python.framework/Versions/3.10/lib/python3.10/site-packages/airflow/example_dags/example_branch_operator.py for tasks to queue
[2023-01-14T20:25:05.065+0200] {logging_mixin.py:137} INFO - [2023-01-14T20:25:05.065+0200] {dagbag.py:538} INFO - Filling up the DagBag from /Library/Frameworks/Python.framework/Versions/3.10/lib/python3.10/site-packages/airflow/example_dags/example_branch_operator.py
[2023-01-14T20:25:05.091+0200] {processor.py:753} INFO - DAG(s) dict_keys(['example_branch_operator']) retrieved from /Library/Frameworks/Python.framework/Versions/3.10/lib/python3.10/site-packages/airflow/example_dags/example_branch_operator.py
[2023-01-14T20:25:05.486+0200] {logging_mixin.py:137} INFO - [2023-01-14T20:25:05.486+0200] {manager.py:504} INFO - Created Permission View: can edit on DAG:example_branch_operator
[2023-01-14T20:25:05.518+0200] {logging_mixin.py:137} INFO - [2023-01-14T20:25:05.518+0200] {manager.py:504} INFO - Created Permission View: can delete on DAG:example_branch_operator
[2023-01-14T20:25:05.521+0200] {logging_mixin.py:137} INFO - [2023-01-14T20:25:05.521+0200] {manager.py:504} INFO - Created Permission View: can read on DAG:example_branch_operator
[2023-01-14T20:25:05.521+0200] {logging_mixin.py:137} INFO - [2023-01-14T20:25:05.521+0200] {dag.py:2676} INFO - Sync 1 DAGs
[2023-01-14T20:25:05.526+0200] {logging_mixin.py:137} INFO - [2023-01-14T20:25:05.526+0200] {dag.py:2697} INFO - Creating ORM DAG for example_branch_operator
[2023-01-14T20:25:05.531+0200] {logging_mixin.py:137} INFO - [2023-01-14T20:25:05.531+0200] {dag.py:3423} INFO - Setting next_dagrun for example_branch_operator to 2023-01-13T00:00:00+00:00, run_after=2023-01-14T00:00:00+00:00
[2023-01-14T20:25:05.542+0200] {processor.py:175} INFO - Processing /Library/Frameworks/Python.framework/Versions/3.10/lib/python3.10/site-packages/airflow/example_dags/example_branch_operator.py took 0.480 seconds
