[2023-01-14T20:23:16.684+0200] {processor.py:153} INFO - Started process (PID=77378) to work on /Library/Frameworks/Python.framework/Versions/3.10/lib/python3.10/site-packages/airflow/example_dags/example_latest_only.py
[2023-01-14T20:23:16.686+0200] {processor.py:743} INFO - Processing file /Library/Frameworks/Python.framework/Versions/3.10/lib/python3.10/site-packages/airflow/example_dags/example_latest_only.py for tasks to queue
[2023-01-14T20:23:16.687+0200] {logging_mixin.py:137} INFO - [2023-01-14T20:23:16.687+0200] {dagbag.py:538} INFO - Filling up the DagBag from /Library/Frameworks/Python.framework/Versions/3.10/lib/python3.10/site-packages/airflow/example_dags/example_latest_only.py
[2023-01-14T20:23:16.700+0200] {processor.py:753} INFO - DAG(s) dict_keys(['latest_only']) retrieved from /Library/Frameworks/Python.framework/Versions/3.10/lib/python3.10/site-packages/airflow/example_dags/example_latest_only.py
[2023-01-14T20:23:17.078+0200] {logging_mixin.py:137} INFO - [2023-01-14T20:23:17.078+0200] {manager.py:504} INFO - Created Permission View: can delete on DAG:latest_only
[2023-01-14T20:23:17.084+0200] {logging_mixin.py:137} INFO - [2023-01-14T20:23:17.084+0200] {manager.py:504} INFO - Created Permission View: can read on DAG:latest_only
[2023-01-14T20:23:17.087+0200] {logging_mixin.py:137} INFO - [2023-01-14T20:23:17.087+0200] {manager.py:504} INFO - Created Permission View: can edit on DAG:latest_only
[2023-01-14T20:23:17.087+0200] {logging_mixin.py:137} INFO - [2023-01-14T20:23:17.087+0200] {dag.py:2676} INFO - Sync 1 DAGs
[2023-01-14T20:23:17.128+0200] {logging_mixin.py:137} INFO - [2023-01-14T20:23:17.128+0200] {dag.py:2697} INFO - Creating ORM DAG for latest_only
[2023-01-14T20:23:17.133+0200] {logging_mixin.py:137} INFO - [2023-01-14T20:23:17.133+0200] {dag.py:3423} INFO - Setting next_dagrun for latest_only to 2023-01-14T14:23:17.133436+00:00, run_after=2023-01-14T18:23:17.133436+00:00
[2023-01-14T20:23:17.142+0200] {processor.py:175} INFO - Processing /Library/Frameworks/Python.framework/Versions/3.10/lib/python3.10/site-packages/airflow/example_dags/example_latest_only.py took 0.459 seconds
[2023-01-14T20:24:48.893+0200] {processor.py:153} INFO - Started process (PID=78388) to work on /Library/Frameworks/Python.framework/Versions/3.10/lib/python3.10/site-packages/airflow/example_dags/example_latest_only.py
[2023-01-14T20:24:48.896+0200] {processor.py:743} INFO - Processing file /Library/Frameworks/Python.framework/Versions/3.10/lib/python3.10/site-packages/airflow/example_dags/example_latest_only.py for tasks to queue
[2023-01-14T20:24:48.897+0200] {logging_mixin.py:137} INFO - [2023-01-14T20:24:48.897+0200] {dagbag.py:538} INFO - Filling up the DagBag from /Library/Frameworks/Python.framework/Versions/3.10/lib/python3.10/site-packages/airflow/example_dags/example_latest_only.py
[2023-01-14T20:24:48.910+0200] {processor.py:753} INFO - DAG(s) dict_keys(['latest_only']) retrieved from /Library/Frameworks/Python.framework/Versions/3.10/lib/python3.10/site-packages/airflow/example_dags/example_latest_only.py
[2023-01-14T20:24:49.322+0200] {logging_mixin.py:137} INFO - [2023-01-14T20:24:49.322+0200] {manager.py:504} INFO - Created Permission View: can read on DAG:latest_only
[2023-01-14T20:24:49.328+0200] {logging_mixin.py:137} INFO - [2023-01-14T20:24:49.328+0200] {manager.py:504} INFO - Created Permission View: can delete on DAG:latest_only
[2023-01-14T20:24:49.332+0200] {logging_mixin.py:137} INFO - [2023-01-14T20:24:49.332+0200] {manager.py:504} INFO - Created Permission View: can edit on DAG:latest_only
[2023-01-14T20:24:49.332+0200] {logging_mixin.py:137} INFO - [2023-01-14T20:24:49.332+0200] {dag.py:2676} INFO - Sync 1 DAGs
[2023-01-14T20:24:49.377+0200] {logging_mixin.py:137} INFO - [2023-01-14T20:24:49.377+0200] {dag.py:2697} INFO - Creating ORM DAG for latest_only
[2023-01-14T20:24:49.384+0200] {logging_mixin.py:137} INFO - [2023-01-14T20:24:49.383+0200] {dag.py:3423} INFO - Setting next_dagrun for latest_only to 2023-01-14T14:24:49.383674+00:00, run_after=2023-01-14T18:24:49.383674+00:00
[2023-01-14T20:24:49.396+0200] {processor.py:175} INFO - Processing /Library/Frameworks/Python.framework/Versions/3.10/lib/python3.10/site-packages/airflow/example_dags/example_latest_only.py took 0.503 seconds
