[2023-01-14T20:23:37.413+0200] {processor.py:153} INFO - Started process (PID=77389) to work on /Library/Frameworks/Python.framework/Versions/3.10/lib/python3.10/site-packages/airflow/example_dags/example_branch_day_of_week_operator.py
[2023-01-14T20:23:37.415+0200] {processor.py:743} INFO - Processing file /Library/Frameworks/Python.framework/Versions/3.10/lib/python3.10/site-packages/airflow/example_dags/example_branch_day_of_week_operator.py for tasks to queue
[2023-01-14T20:23:37.416+0200] {logging_mixin.py:137} INFO - [2023-01-14T20:23:37.416+0200] {dagbag.py:538} INFO - Filling up the DagBag from /Library/Frameworks/Python.framework/Versions/3.10/lib/python3.10/site-packages/airflow/example_dags/example_branch_day_of_week_operator.py
[2023-01-14T20:23:37.449+0200] {processor.py:753} INFO - DAG(s) dict_keys(['example_weekday_branch_operator']) retrieved from /Library/Frameworks/Python.framework/Versions/3.10/lib/python3.10/site-packages/airflow/example_dags/example_branch_day_of_week_operator.py
[2023-01-14T20:23:37.830+0200] {logging_mixin.py:137} INFO - [2023-01-14T20:23:37.830+0200] {manager.py:504} INFO - Created Permission View: can edit on DAG:example_weekday_branch_operator
[2023-01-14T20:23:37.834+0200] {logging_mixin.py:137} INFO - [2023-01-14T20:23:37.834+0200] {manager.py:504} INFO - Created Permission View: can delete on DAG:example_weekday_branch_operator
[2023-01-14T20:23:37.837+0200] {logging_mixin.py:137} INFO - [2023-01-14T20:23:37.837+0200] {manager.py:504} INFO - Created Permission View: can read on DAG:example_weekday_branch_operator
[2023-01-14T20:23:37.837+0200] {logging_mixin.py:137} INFO - [2023-01-14T20:23:37.837+0200] {dag.py:2676} INFO - Sync 1 DAGs
[2023-01-14T20:23:37.871+0200] {logging_mixin.py:137} INFO - [2023-01-14T20:23:37.871+0200] {dag.py:2697} INFO - Creating ORM DAG for example_weekday_branch_operator
[2023-01-14T20:23:37.876+0200] {logging_mixin.py:137} INFO - [2023-01-14T20:23:37.876+0200] {dag.py:3423} INFO - Setting next_dagrun for example_weekday_branch_operator to 2023-01-13T00:00:00+00:00, run_after=2023-01-14T00:00:00+00:00
[2023-01-14T20:23:37.885+0200] {processor.py:175} INFO - Processing /Library/Frameworks/Python.framework/Versions/3.10/lib/python3.10/site-packages/airflow/example_dags/example_branch_day_of_week_operator.py took 0.472 seconds
[2023-01-14T20:25:08.989+0200] {processor.py:153} INFO - Started process (PID=78405) to work on /Library/Frameworks/Python.framework/Versions/3.10/lib/python3.10/site-packages/airflow/example_dags/example_branch_day_of_week_operator.py
[2023-01-14T20:25:08.992+0200] {processor.py:743} INFO - Processing file /Library/Frameworks/Python.framework/Versions/3.10/lib/python3.10/site-packages/airflow/example_dags/example_branch_day_of_week_operator.py for tasks to queue
[2023-01-14T20:25:08.992+0200] {logging_mixin.py:137} INFO - [2023-01-14T20:25:08.992+0200] {dagbag.py:538} INFO - Filling up the DagBag from /Library/Frameworks/Python.framework/Versions/3.10/lib/python3.10/site-packages/airflow/example_dags/example_branch_day_of_week_operator.py
[2023-01-14T20:25:09.007+0200] {processor.py:753} INFO - DAG(s) dict_keys(['example_weekday_branch_operator']) retrieved from /Library/Frameworks/Python.framework/Versions/3.10/lib/python3.10/site-packages/airflow/example_dags/example_branch_day_of_week_operator.py
[2023-01-14T20:25:09.412+0200] {logging_mixin.py:137} INFO - [2023-01-14T20:25:09.412+0200] {manager.py:504} INFO - Created Permission View: can edit on DAG:example_weekday_branch_operator
[2023-01-14T20:25:09.417+0200] {logging_mixin.py:137} INFO - [2023-01-14T20:25:09.417+0200] {manager.py:504} INFO - Created Permission View: can read on DAG:example_weekday_branch_operator
[2023-01-14T20:25:09.421+0200] {logging_mixin.py:137} INFO - [2023-01-14T20:25:09.421+0200] {manager.py:504} INFO - Created Permission View: can delete on DAG:example_weekday_branch_operator
[2023-01-14T20:25:09.421+0200] {logging_mixin.py:137} INFO - [2023-01-14T20:25:09.421+0200] {dag.py:2676} INFO - Sync 1 DAGs
[2023-01-14T20:25:09.461+0200] {logging_mixin.py:137} INFO - [2023-01-14T20:25:09.460+0200] {dag.py:2697} INFO - Creating ORM DAG for example_weekday_branch_operator
[2023-01-14T20:25:09.465+0200] {logging_mixin.py:137} INFO - [2023-01-14T20:25:09.465+0200] {dag.py:3423} INFO - Setting next_dagrun for example_weekday_branch_operator to 2023-01-13T00:00:00+00:00, run_after=2023-01-14T00:00:00+00:00
[2023-01-14T20:25:09.474+0200] {processor.py:175} INFO - Processing /Library/Frameworks/Python.framework/Versions/3.10/lib/python3.10/site-packages/airflow/example_dags/example_branch_day_of_week_operator.py took 0.486 seconds
