[2023-01-14T20:23:26.780+0200] {processor.py:153} INFO - Started process (PID=77383) to work on /Library/Frameworks/Python.framework/Versions/3.10/lib/python3.10/site-packages/airflow/example_dags/example_complex.py
[2023-01-14T20:23:26.783+0200] {processor.py:743} INFO - Processing file /Library/Frameworks/Python.framework/Versions/3.10/lib/python3.10/site-packages/airflow/example_dags/example_complex.py for tasks to queue
[2023-01-14T20:23:26.783+0200] {logging_mixin.py:137} INFO - [2023-01-14T20:23:26.783+0200] {dagbag.py:538} INFO - Filling up the DagBag from /Library/Frameworks/Python.framework/Versions/3.10/lib/python3.10/site-packages/airflow/example_dags/example_complex.py
[2023-01-14T20:23:26.796+0200] {logging_mixin.py:137} INFO - [2023-01-14T20:23:26.796+0200] {taskmixin.py:205} WARNING - Dependency <Task(BashOperator): create_entry_group>, delete_entry_group already registered for DAG: example_complex
[2023-01-14T20:23:26.796+0200] {logging_mixin.py:137} INFO - [2023-01-14T20:23:26.796+0200] {taskmixin.py:205} WARNING - Dependency <Task(BashOperator): delete_entry_group>, create_entry_group already registered for DAG: example_complex
[2023-01-14T20:23:26.796+0200] {logging_mixin.py:137} INFO - [2023-01-14T20:23:26.796+0200] {taskmixin.py:205} WARNING - Dependency <Task(BashOperator): create_entry_gcs>, delete_entry already registered for DAG: example_complex
[2023-01-14T20:23:26.796+0200] {logging_mixin.py:137} INFO - [2023-01-14T20:23:26.796+0200] {taskmixin.py:205} WARNING - Dependency <Task(BashOperator): delete_entry>, create_entry_gcs already registered for DAG: example_complex
[2023-01-14T20:23:26.796+0200] {logging_mixin.py:137} INFO - [2023-01-14T20:23:26.796+0200] {taskmixin.py:205} WARNING - Dependency <Task(BashOperator): create_tag>, delete_tag already registered for DAG: example_complex
[2023-01-14T20:23:26.796+0200] {logging_mixin.py:137} INFO - [2023-01-14T20:23:26.796+0200] {taskmixin.py:205} WARNING - Dependency <Task(BashOperator): delete_tag>, create_tag already registered for DAG: example_complex
[2023-01-14T20:23:26.800+0200] {processor.py:753} INFO - DAG(s) dict_keys(['example_complex']) retrieved from /Library/Frameworks/Python.framework/Versions/3.10/lib/python3.10/site-packages/airflow/example_dags/example_complex.py
[2023-01-14T20:23:27.168+0200] {logging_mixin.py:137} INFO - [2023-01-14T20:23:27.168+0200] {manager.py:504} INFO - Created Permission View: can read on DAG:example_complex
[2023-01-14T20:23:27.201+0200] {logging_mixin.py:137} INFO - [2023-01-14T20:23:27.201+0200] {manager.py:504} INFO - Created Permission View: can edit on DAG:example_complex
[2023-01-14T20:23:27.203+0200] {logging_mixin.py:137} INFO - [2023-01-14T20:23:27.203+0200] {manager.py:504} INFO - Created Permission View: can delete on DAG:example_complex
[2023-01-14T20:23:27.203+0200] {logging_mixin.py:137} INFO - [2023-01-14T20:23:27.203+0200] {dag.py:2676} INFO - Sync 1 DAGs
[2023-01-14T20:23:27.209+0200] {logging_mixin.py:137} INFO - [2023-01-14T20:23:27.209+0200] {dag.py:2697} INFO - Creating ORM DAG for example_complex
[2023-01-14T20:23:27.212+0200] {logging_mixin.py:137} INFO - [2023-01-14T20:23:27.212+0200] {dag.py:3423} INFO - Setting next_dagrun for example_complex to None, run_after=None
[2023-01-14T20:23:27.221+0200] {processor.py:175} INFO - Processing /Library/Frameworks/Python.framework/Versions/3.10/lib/python3.10/site-packages/airflow/example_dags/example_complex.py took 0.441 seconds
[2023-01-14T20:24:58.974+0200] {processor.py:153} INFO - Started process (PID=78400) to work on /Library/Frameworks/Python.framework/Versions/3.10/lib/python3.10/site-packages/airflow/example_dags/example_complex.py
[2023-01-14T20:24:58.977+0200] {processor.py:743} INFO - Processing file /Library/Frameworks/Python.framework/Versions/3.10/lib/python3.10/site-packages/airflow/example_dags/example_complex.py for tasks to queue
[2023-01-14T20:24:58.977+0200] {logging_mixin.py:137} INFO - [2023-01-14T20:24:58.977+0200] {dagbag.py:538} INFO - Filling up the DagBag from /Library/Frameworks/Python.framework/Versions/3.10/lib/python3.10/site-packages/airflow/example_dags/example_complex.py
[2023-01-14T20:24:58.989+0200] {logging_mixin.py:137} INFO - [2023-01-14T20:24:58.989+0200] {taskmixin.py:205} WARNING - Dependency <Task(BashOperator): create_entry_group>, delete_entry_group already registered for DAG: example_complex
[2023-01-14T20:24:58.989+0200] {logging_mixin.py:137} INFO - [2023-01-14T20:24:58.989+0200] {taskmixin.py:205} WARNING - Dependency <Task(BashOperator): delete_entry_group>, create_entry_group already registered for DAG: example_complex
[2023-01-14T20:24:58.990+0200] {logging_mixin.py:137} INFO - [2023-01-14T20:24:58.990+0200] {taskmixin.py:205} WARNING - Dependency <Task(BashOperator): create_entry_gcs>, delete_entry already registered for DAG: example_complex
[2023-01-14T20:24:58.990+0200] {logging_mixin.py:137} INFO - [2023-01-14T20:24:58.990+0200] {taskmixin.py:205} WARNING - Dependency <Task(BashOperator): delete_entry>, create_entry_gcs already registered for DAG: example_complex
[2023-01-14T20:24:58.990+0200] {logging_mixin.py:137} INFO - [2023-01-14T20:24:58.990+0200] {taskmixin.py:205} WARNING - Dependency <Task(BashOperator): create_tag>, delete_tag already registered for DAG: example_complex
[2023-01-14T20:24:58.990+0200] {logging_mixin.py:137} INFO - [2023-01-14T20:24:58.990+0200] {taskmixin.py:205} WARNING - Dependency <Task(BashOperator): delete_tag>, create_tag already registered for DAG: example_complex
[2023-01-14T20:24:58.994+0200] {processor.py:753} INFO - DAG(s) dict_keys(['example_complex']) retrieved from /Library/Frameworks/Python.framework/Versions/3.10/lib/python3.10/site-packages/airflow/example_dags/example_complex.py
[2023-01-14T20:24:59.370+0200] {logging_mixin.py:137} INFO - [2023-01-14T20:24:59.370+0200] {manager.py:504} INFO - Created Permission View: can read on DAG:example_complex
[2023-01-14T20:24:59.413+0200] {logging_mixin.py:137} INFO - [2023-01-14T20:24:59.413+0200] {manager.py:504} INFO - Created Permission View: can delete on DAG:example_complex
[2023-01-14T20:24:59.419+0200] {logging_mixin.py:137} INFO - [2023-01-14T20:24:59.419+0200] {manager.py:504} INFO - Created Permission View: can edit on DAG:example_complex
[2023-01-14T20:24:59.419+0200] {logging_mixin.py:137} INFO - [2023-01-14T20:24:59.419+0200] {dag.py:2676} INFO - Sync 1 DAGs
[2023-01-14T20:24:59.426+0200] {logging_mixin.py:137} INFO - [2023-01-14T20:24:59.425+0200] {dag.py:2697} INFO - Creating ORM DAG for example_complex
[2023-01-14T20:24:59.430+0200] {logging_mixin.py:137} INFO - [2023-01-14T20:24:59.430+0200] {dag.py:3423} INFO - Setting next_dagrun for example_complex to None, run_after=None
[2023-01-14T20:24:59.439+0200] {processor.py:175} INFO - Processing /Library/Frameworks/Python.framework/Versions/3.10/lib/python3.10/site-packages/airflow/example_dags/example_complex.py took 0.465 seconds
