[2023-01-14T20:23:39.549+0200] {processor.py:153} INFO - Started process (PID=77390) to work on /Library/Frameworks/Python.framework/Versions/3.10/lib/python3.10/site-packages/airflow/example_dags/example_branch_datetime_operator.py
[2023-01-14T20:23:39.553+0200] {processor.py:743} INFO - Processing file /Library/Frameworks/Python.framework/Versions/3.10/lib/python3.10/site-packages/airflow/example_dags/example_branch_datetime_operator.py for tasks to queue
[2023-01-14T20:23:39.553+0200] {logging_mixin.py:137} INFO - [2023-01-14T20:23:39.553+0200] {dagbag.py:538} INFO - Filling up the DagBag from /Library/Frameworks/Python.framework/Versions/3.10/lib/python3.10/site-packages/airflow/example_dags/example_branch_datetime_operator.py
[2023-01-14T20:23:39.571+0200] {processor.py:753} INFO - DAG(s) dict_keys(['example_branch_datetime_operator', 'example_branch_datetime_operator_2', 'example_branch_datetime_operator_3']) retrieved from /Library/Frameworks/Python.framework/Versions/3.10/lib/python3.10/site-packages/airflow/example_dags/example_branch_datetime_operator.py
[2023-01-14T20:23:39.975+0200] {logging_mixin.py:137} INFO - [2023-01-14T20:23:39.974+0200] {manager.py:504} INFO - Created Permission View: can read on DAG:example_branch_datetime_operator
[2023-01-14T20:23:39.979+0200] {logging_mixin.py:137} INFO - [2023-01-14T20:23:39.979+0200] {manager.py:504} INFO - Created Permission View: can delete on DAG:example_branch_datetime_operator
[2023-01-14T20:23:39.982+0200] {logging_mixin.py:137} INFO - [2023-01-14T20:23:39.982+0200] {manager.py:504} INFO - Created Permission View: can edit on DAG:example_branch_datetime_operator
[2023-01-14T20:23:39.987+0200] {logging_mixin.py:137} INFO - [2023-01-14T20:23:39.987+0200] {manager.py:504} INFO - Created Permission View: can read on DAG:example_branch_datetime_operator_2
[2023-01-14T20:23:39.991+0200] {logging_mixin.py:137} INFO - [2023-01-14T20:23:39.991+0200] {manager.py:504} INFO - Created Permission View: can delete on DAG:example_branch_datetime_operator_2
[2023-01-14T20:23:39.994+0200] {logging_mixin.py:137} INFO - [2023-01-14T20:23:39.993+0200] {manager.py:504} INFO - Created Permission View: can edit on DAG:example_branch_datetime_operator_2
[2023-01-14T20:23:40.001+0200] {logging_mixin.py:137} INFO - [2023-01-14T20:23:40.001+0200] {manager.py:504} INFO - Created Permission View: can read on DAG:example_branch_datetime_operator_3
[2023-01-14T20:23:40.037+0200] {logging_mixin.py:137} INFO - [2023-01-14T20:23:40.037+0200] {manager.py:504} INFO - Created Permission View: can delete on DAG:example_branch_datetime_operator_3
[2023-01-14T20:23:40.040+0200] {logging_mixin.py:137} INFO - [2023-01-14T20:23:40.040+0200] {manager.py:504} INFO - Created Permission View: can edit on DAG:example_branch_datetime_operator_3
[2023-01-14T20:23:40.040+0200] {logging_mixin.py:137} INFO - [2023-01-14T20:23:40.040+0200] {dag.py:2676} INFO - Sync 3 DAGs
[2023-01-14T20:23:40.046+0200] {logging_mixin.py:137} INFO - [2023-01-14T20:23:40.046+0200] {dag.py:2697} INFO - Creating ORM DAG for example_branch_datetime_operator_2
[2023-01-14T20:23:40.046+0200] {logging_mixin.py:137} INFO - [2023-01-14T20:23:40.046+0200] {dag.py:2697} INFO - Creating ORM DAG for example_branch_datetime_operator
[2023-01-14T20:23:40.046+0200] {logging_mixin.py:137} INFO - [2023-01-14T20:23:40.046+0200] {dag.py:2697} INFO - Creating ORM DAG for example_branch_datetime_operator_3
[2023-01-14T20:23:40.051+0200] {logging_mixin.py:137} INFO - [2023-01-14T20:23:40.051+0200] {dag.py:3423} INFO - Setting next_dagrun for example_branch_datetime_operator to 2023-01-13T00:00:00+00:00, run_after=2023-01-14T00:00:00+00:00
[2023-01-14T20:23:40.052+0200] {logging_mixin.py:137} INFO - [2023-01-14T20:23:40.052+0200] {dag.py:3423} INFO - Setting next_dagrun for example_branch_datetime_operator_2 to 2023-01-13T00:00:00+00:00, run_after=2023-01-14T00:00:00+00:00
[2023-01-14T20:23:40.053+0200] {logging_mixin.py:137} INFO - [2023-01-14T20:23:40.053+0200] {dag.py:3423} INFO - Setting next_dagrun for example_branch_datetime_operator_3 to 2023-01-13T00:00:00+00:00, run_after=2023-01-14T00:00:00+00:00
[2023-01-14T20:23:40.062+0200] {processor.py:175} INFO - Processing /Library/Frameworks/Python.framework/Versions/3.10/lib/python3.10/site-packages/airflow/example_dags/example_branch_datetime_operator.py took 0.514 seconds
[2023-01-14T20:25:11.423+0200] {processor.py:153} INFO - Started process (PID=78406) to work on /Library/Frameworks/Python.framework/Versions/3.10/lib/python3.10/site-packages/airflow/example_dags/example_branch_datetime_operator.py
[2023-01-14T20:25:11.428+0200] {processor.py:743} INFO - Processing file /Library/Frameworks/Python.framework/Versions/3.10/lib/python3.10/site-packages/airflow/example_dags/example_branch_datetime_operator.py for tasks to queue
[2023-01-14T20:25:11.429+0200] {logging_mixin.py:137} INFO - [2023-01-14T20:25:11.429+0200] {dagbag.py:538} INFO - Filling up the DagBag from /Library/Frameworks/Python.framework/Versions/3.10/lib/python3.10/site-packages/airflow/example_dags/example_branch_datetime_operator.py
[2023-01-14T20:25:11.463+0200] {processor.py:753} INFO - DAG(s) dict_keys(['example_branch_datetime_operator_2', 'example_branch_datetime_operator_3', 'example_branch_datetime_operator']) retrieved from /Library/Frameworks/Python.framework/Versions/3.10/lib/python3.10/site-packages/airflow/example_dags/example_branch_datetime_operator.py
[2023-01-14T20:25:12.143+0200] {logging_mixin.py:137} INFO - [2023-01-14T20:25:12.143+0200] {manager.py:504} INFO - Created Permission View: can delete on DAG:example_branch_datetime_operator_2
[2023-01-14T20:25:12.149+0200] {logging_mixin.py:137} INFO - [2023-01-14T20:25:12.149+0200] {manager.py:504} INFO - Created Permission View: can read on DAG:example_branch_datetime_operator_2
[2023-01-14T20:25:12.153+0200] {logging_mixin.py:137} INFO - [2023-01-14T20:25:12.153+0200] {manager.py:504} INFO - Created Permission View: can edit on DAG:example_branch_datetime_operator_2
[2023-01-14T20:25:12.173+0200] {logging_mixin.py:137} INFO - [2023-01-14T20:25:12.173+0200] {manager.py:504} INFO - Created Permission View: can delete on DAG:example_branch_datetime_operator_3
[2023-01-14T20:25:12.177+0200] {logging_mixin.py:137} INFO - [2023-01-14T20:25:12.177+0200] {manager.py:504} INFO - Created Permission View: can read on DAG:example_branch_datetime_operator_3
[2023-01-14T20:25:12.181+0200] {logging_mixin.py:137} INFO - [2023-01-14T20:25:12.181+0200] {manager.py:504} INFO - Created Permission View: can edit on DAG:example_branch_datetime_operator_3
[2023-01-14T20:25:12.195+0200] {logging_mixin.py:137} INFO - [2023-01-14T20:25:12.194+0200] {manager.py:504} INFO - Created Permission View: can delete on DAG:example_branch_datetime_operator
[2023-01-14T20:25:12.274+0200] {logging_mixin.py:137} INFO - [2023-01-14T20:25:12.273+0200] {manager.py:504} INFO - Created Permission View: can read on DAG:example_branch_datetime_operator
[2023-01-14T20:25:12.283+0200] {logging_mixin.py:137} INFO - [2023-01-14T20:25:12.283+0200] {manager.py:504} INFO - Created Permission View: can edit on DAG:example_branch_datetime_operator
[2023-01-14T20:25:12.284+0200] {logging_mixin.py:137} INFO - [2023-01-14T20:25:12.283+0200] {dag.py:2676} INFO - Sync 3 DAGs
[2023-01-14T20:25:12.301+0200] {logging_mixin.py:137} INFO - [2023-01-14T20:25:12.300+0200] {dag.py:2697} INFO - Creating ORM DAG for example_branch_datetime_operator_3
[2023-01-14T20:25:12.302+0200] {logging_mixin.py:137} INFO - [2023-01-14T20:25:12.302+0200] {dag.py:2697} INFO - Creating ORM DAG for example_branch_datetime_operator
[2023-01-14T20:25:12.303+0200] {logging_mixin.py:137} INFO - [2023-01-14T20:25:12.303+0200] {dag.py:2697} INFO - Creating ORM DAG for example_branch_datetime_operator_2
[2023-01-14T20:25:12.316+0200] {logging_mixin.py:137} INFO - [2023-01-14T20:25:12.316+0200] {dag.py:3423} INFO - Setting next_dagrun for example_branch_datetime_operator to 2023-01-13T00:00:00+00:00, run_after=2023-01-14T00:00:00+00:00
[2023-01-14T20:25:12.317+0200] {logging_mixin.py:137} INFO - [2023-01-14T20:25:12.317+0200] {dag.py:3423} INFO - Setting next_dagrun for example_branch_datetime_operator_2 to 2023-01-13T00:00:00+00:00, run_after=2023-01-14T00:00:00+00:00
[2023-01-14T20:25:12.318+0200] {logging_mixin.py:137} INFO - [2023-01-14T20:25:12.318+0200] {dag.py:3423} INFO - Setting next_dagrun for example_branch_datetime_operator_3 to 2023-01-13T00:00:00+00:00, run_after=2023-01-14T00:00:00+00:00
[2023-01-14T20:25:12.339+0200] {processor.py:175} INFO - Processing /Library/Frameworks/Python.framework/Versions/3.10/lib/python3.10/site-packages/airflow/example_dags/example_branch_datetime_operator.py took 0.917 seconds
