[2023-01-14T20:22:48.471+0200] {processor.py:153} INFO - Started process (PID=77358) to work on /Library/Frameworks/Python.framework/Versions/3.10/lib/python3.10/site-packages/airflow/example_dags/example_task_group_decorator.py
[2023-01-14T20:22:48.473+0200] {processor.py:743} INFO - Processing file /Library/Frameworks/Python.framework/Versions/3.10/lib/python3.10/site-packages/airflow/example_dags/example_task_group_decorator.py for tasks to queue
[2023-01-14T20:22:48.474+0200] {logging_mixin.py:137} INFO - [2023-01-14T20:22:48.474+0200] {dagbag.py:538} INFO - Filling up the DagBag from /Library/Frameworks/Python.framework/Versions/3.10/lib/python3.10/site-packages/airflow/example_dags/example_task_group_decorator.py
[2023-01-14T20:22:48.502+0200] {processor.py:753} INFO - DAG(s) dict_keys(['example_task_group_decorator']) retrieved from /Library/Frameworks/Python.framework/Versions/3.10/lib/python3.10/site-packages/airflow/example_dags/example_task_group_decorator.py
[2023-01-14T20:22:48.934+0200] {logging_mixin.py:137} INFO - [2023-01-14T20:22:48.934+0200] {manager.py:504} INFO - Created Permission View: can edit on DAG:example_task_group_decorator
[2023-01-14T20:22:48.938+0200] {logging_mixin.py:137} INFO - [2023-01-14T20:22:48.937+0200] {manager.py:504} INFO - Created Permission View: can read on DAG:example_task_group_decorator
[2023-01-14T20:22:48.940+0200] {logging_mixin.py:137} INFO - [2023-01-14T20:22:48.940+0200] {manager.py:504} INFO - Created Permission View: can delete on DAG:example_task_group_decorator
[2023-01-14T20:22:48.941+0200] {logging_mixin.py:137} INFO - [2023-01-14T20:22:48.941+0200] {dag.py:2676} INFO - Sync 1 DAGs
[2023-01-14T20:22:48.946+0200] {logging_mixin.py:137} INFO - [2023-01-14T20:22:48.946+0200] {dag.py:2697} INFO - Creating ORM DAG for example_task_group_decorator
[2023-01-14T20:22:48.950+0200] {logging_mixin.py:137} INFO - [2023-01-14T20:22:48.950+0200] {dag.py:3423} INFO - Setting next_dagrun for example_task_group_decorator to 2023-01-13T18:22:48.950528+00:00, run_after=2023-01-14T18:22:48.950528+00:00
[2023-01-14T20:22:48.961+0200] {processor.py:175} INFO - Processing /Library/Frameworks/Python.framework/Versions/3.10/lib/python3.10/site-packages/airflow/example_dags/example_task_group_decorator.py took 0.490 seconds
[2023-01-14T20:24:05.022+0200] {processor.py:153} INFO - Started process (PID=78106) to work on /Library/Frameworks/Python.framework/Versions/3.10/lib/python3.10/site-packages/airflow/example_dags/example_task_group_decorator.py
[2023-01-14T20:24:05.026+0200] {processor.py:743} INFO - Processing file /Library/Frameworks/Python.framework/Versions/3.10/lib/python3.10/site-packages/airflow/example_dags/example_task_group_decorator.py for tasks to queue
[2023-01-14T20:24:05.026+0200] {logging_mixin.py:137} INFO - [2023-01-14T20:24:05.026+0200] {dagbag.py:538} INFO - Filling up the DagBag from /Library/Frameworks/Python.framework/Versions/3.10/lib/python3.10/site-packages/airflow/example_dags/example_task_group_decorator.py
[2023-01-14T20:24:05.060+0200] {processor.py:753} INFO - DAG(s) dict_keys(['example_task_group_decorator']) retrieved from /Library/Frameworks/Python.framework/Versions/3.10/lib/python3.10/site-packages/airflow/example_dags/example_task_group_decorator.py
[2023-01-14T20:24:05.401+0200] {logging_mixin.py:137} INFO - [2023-01-14T20:24:05.401+0200] {dag.py:2676} INFO - Sync 1 DAGs
[2023-01-14T20:24:05.410+0200] {logging_mixin.py:137} INFO - [2023-01-14T20:24:05.410+0200] {dag.py:3423} INFO - Setting next_dagrun for example_task_group_decorator to 2023-01-13T18:24:05.410731+00:00, run_after=2023-01-14T18:24:05.410731+00:00
[2023-01-14T20:24:05.419+0200] {processor.py:175} INFO - Processing /Library/Frameworks/Python.framework/Versions/3.10/lib/python3.10/site-packages/airflow/example_dags/example_task_group_decorator.py took 0.397 seconds
[2023-01-14T20:25:37.893+0200] {processor.py:153} INFO - Started process (PID=78685) to work on /Library/Frameworks/Python.framework/Versions/3.10/lib/python3.10/site-packages/airflow/example_dags/example_task_group_decorator.py
[2023-01-14T20:25:37.896+0200] {processor.py:743} INFO - Processing file /Library/Frameworks/Python.framework/Versions/3.10/lib/python3.10/site-packages/airflow/example_dags/example_task_group_decorator.py for tasks to queue
[2023-01-14T20:25:37.896+0200] {logging_mixin.py:137} INFO - [2023-01-14T20:25:37.896+0200] {dagbag.py:538} INFO - Filling up the DagBag from /Library/Frameworks/Python.framework/Versions/3.10/lib/python3.10/site-packages/airflow/example_dags/example_task_group_decorator.py
[2023-01-14T20:25:37.925+0200] {processor.py:753} INFO - DAG(s) dict_keys(['example_task_group_decorator']) retrieved from /Library/Frameworks/Python.framework/Versions/3.10/lib/python3.10/site-packages/airflow/example_dags/example_task_group_decorator.py
[2023-01-14T20:25:38.321+0200] {logging_mixin.py:137} INFO - [2023-01-14T20:25:38.321+0200] {manager.py:504} INFO - Created Permission View: can delete on DAG:example_task_group_decorator
[2023-01-14T20:25:38.325+0200] {logging_mixin.py:137} INFO - [2023-01-14T20:25:38.325+0200] {manager.py:504} INFO - Created Permission View: can edit on DAG:example_task_group_decorator
[2023-01-14T20:25:38.328+0200] {logging_mixin.py:137} INFO - [2023-01-14T20:25:38.328+0200] {manager.py:504} INFO - Created Permission View: can read on DAG:example_task_group_decorator
[2023-01-14T20:25:38.328+0200] {logging_mixin.py:137} INFO - [2023-01-14T20:25:38.328+0200] {dag.py:2676} INFO - Sync 1 DAGs
[2023-01-14T20:25:38.333+0200] {logging_mixin.py:137} INFO - [2023-01-14T20:25:38.333+0200] {dag.py:2697} INFO - Creating ORM DAG for example_task_group_decorator
[2023-01-14T20:25:38.337+0200] {logging_mixin.py:137} INFO - [2023-01-14T20:25:38.337+0200] {dag.py:3423} INFO - Setting next_dagrun for example_task_group_decorator to 2023-01-13T18:25:38.337147+00:00, run_after=2023-01-14T18:25:38.337147+00:00
[2023-01-14T20:25:38.345+0200] {processor.py:175} INFO - Processing /Library/Frameworks/Python.framework/Versions/3.10/lib/python3.10/site-packages/airflow/example_dags/example_task_group_decorator.py took 0.453 seconds
