[2023-01-14T20:22:58.620+0200] {processor.py:153} INFO - Started process (PID=77364) to work on /Library/Frameworks/Python.framework/Versions/3.10/lib/python3.10/site-packages/airflow/example_dags/example_short_circuit_operator.py
[2023-01-14T20:22:58.623+0200] {processor.py:743} INFO - Processing file /Library/Frameworks/Python.framework/Versions/3.10/lib/python3.10/site-packages/airflow/example_dags/example_short_circuit_operator.py for tasks to queue
[2023-01-14T20:22:58.624+0200] {logging_mixin.py:137} INFO - [2023-01-14T20:22:58.624+0200] {dagbag.py:538} INFO - Filling up the DagBag from /Library/Frameworks/Python.framework/Versions/3.10/lib/python3.10/site-packages/airflow/example_dags/example_short_circuit_operator.py
[2023-01-14T20:22:58.652+0200] {processor.py:753} INFO - DAG(s) dict_keys(['example_short_circuit_operator']) retrieved from /Library/Frameworks/Python.framework/Versions/3.10/lib/python3.10/site-packages/airflow/example_dags/example_short_circuit_operator.py
[2023-01-14T20:22:59.067+0200] {logging_mixin.py:137} INFO - [2023-01-14T20:22:59.067+0200] {manager.py:504} INFO - Created Permission View: can edit on DAG:example_short_circuit_operator
[2023-01-14T20:22:59.101+0200] {logging_mixin.py:137} INFO - [2023-01-14T20:22:59.101+0200] {manager.py:504} INFO - Created Permission View: can read on DAG:example_short_circuit_operator
[2023-01-14T20:22:59.104+0200] {logging_mixin.py:137} INFO - [2023-01-14T20:22:59.104+0200] {manager.py:504} INFO - Created Permission View: can delete on DAG:example_short_circuit_operator
[2023-01-14T20:22:59.104+0200] {logging_mixin.py:137} INFO - [2023-01-14T20:22:59.104+0200] {dag.py:2676} INFO - Sync 1 DAGs
[2023-01-14T20:22:59.109+0200] {logging_mixin.py:137} INFO - [2023-01-14T20:22:59.109+0200] {dag.py:2697} INFO - Creating ORM DAG for example_short_circuit_operator
[2023-01-14T20:22:59.113+0200] {logging_mixin.py:137} INFO - [2023-01-14T20:22:59.113+0200] {dag.py:3423} INFO - Setting next_dagrun for example_short_circuit_operator to 2023-01-13T18:22:59.113695+00:00, run_after=2023-01-14T18:22:59.113695+00:00
[2023-01-14T20:22:59.122+0200] {processor.py:175} INFO - Processing /Library/Frameworks/Python.framework/Versions/3.10/lib/python3.10/site-packages/airflow/example_dags/example_short_circuit_operator.py took 0.503 seconds
[2023-01-14T20:24:15.009+0200] {processor.py:153} INFO - Started process (PID=78112) to work on /Library/Frameworks/Python.framework/Versions/3.10/lib/python3.10/site-packages/airflow/example_dags/example_short_circuit_operator.py
[2023-01-14T20:24:15.012+0200] {processor.py:743} INFO - Processing file /Library/Frameworks/Python.framework/Versions/3.10/lib/python3.10/site-packages/airflow/example_dags/example_short_circuit_operator.py for tasks to queue
[2023-01-14T20:24:15.012+0200] {logging_mixin.py:137} INFO - [2023-01-14T20:24:15.012+0200] {dagbag.py:538} INFO - Filling up the DagBag from /Library/Frameworks/Python.framework/Versions/3.10/lib/python3.10/site-packages/airflow/example_dags/example_short_circuit_operator.py
[2023-01-14T20:24:15.043+0200] {processor.py:753} INFO - DAG(s) dict_keys(['example_short_circuit_operator']) retrieved from /Library/Frameworks/Python.framework/Versions/3.10/lib/python3.10/site-packages/airflow/example_dags/example_short_circuit_operator.py
[2023-01-14T20:24:15.409+0200] {logging_mixin.py:137} INFO - [2023-01-14T20:24:15.409+0200] {dag.py:2676} INFO - Sync 1 DAGs
[2023-01-14T20:24:15.420+0200] {logging_mixin.py:137} INFO - [2023-01-14T20:24:15.420+0200] {dag.py:3423} INFO - Setting next_dagrun for example_short_circuit_operator to 2023-01-13T18:24:15.420416+00:00, run_after=2023-01-14T18:24:15.420416+00:00
[2023-01-14T20:24:15.431+0200] {processor.py:175} INFO - Processing /Library/Frameworks/Python.framework/Versions/3.10/lib/python3.10/site-packages/airflow/example_dags/example_short_circuit_operator.py took 0.422 seconds
[2023-01-14T20:25:48.181+0200] {processor.py:153} INFO - Started process (PID=78695) to work on /Library/Frameworks/Python.framework/Versions/3.10/lib/python3.10/site-packages/airflow/example_dags/example_short_circuit_operator.py
[2023-01-14T20:25:48.184+0200] {processor.py:743} INFO - Processing file /Library/Frameworks/Python.framework/Versions/3.10/lib/python3.10/site-packages/airflow/example_dags/example_short_circuit_operator.py for tasks to queue
[2023-01-14T20:25:48.184+0200] {logging_mixin.py:137} INFO - [2023-01-14T20:25:48.184+0200] {dagbag.py:538} INFO - Filling up the DagBag from /Library/Frameworks/Python.framework/Versions/3.10/lib/python3.10/site-packages/airflow/example_dags/example_short_circuit_operator.py
[2023-01-14T20:25:48.207+0200] {processor.py:753} INFO - DAG(s) dict_keys(['example_short_circuit_operator']) retrieved from /Library/Frameworks/Python.framework/Versions/3.10/lib/python3.10/site-packages/airflow/example_dags/example_short_circuit_operator.py
[2023-01-14T20:25:48.600+0200] {logging_mixin.py:137} INFO - [2023-01-14T20:25:48.600+0200] {manager.py:504} INFO - Created Permission View: can edit on DAG:example_short_circuit_operator
[2023-01-14T20:25:48.633+0200] {logging_mixin.py:137} INFO - [2023-01-14T20:25:48.633+0200] {manager.py:504} INFO - Created Permission View: can read on DAG:example_short_circuit_operator
[2023-01-14T20:25:48.636+0200] {logging_mixin.py:137} INFO - [2023-01-14T20:25:48.636+0200] {manager.py:504} INFO - Created Permission View: can delete on DAG:example_short_circuit_operator
[2023-01-14T20:25:48.636+0200] {logging_mixin.py:137} INFO - [2023-01-14T20:25:48.636+0200] {dag.py:2676} INFO - Sync 1 DAGs
[2023-01-14T20:25:48.641+0200] {logging_mixin.py:137} INFO - [2023-01-14T20:25:48.641+0200] {dag.py:2697} INFO - Creating ORM DAG for example_short_circuit_operator
[2023-01-14T20:25:48.645+0200] {logging_mixin.py:137} INFO - [2023-01-14T20:25:48.645+0200] {dag.py:3423} INFO - Setting next_dagrun for example_short_circuit_operator to 2023-01-13T18:25:48.645753+00:00, run_after=2023-01-14T18:25:48.645753+00:00
[2023-01-14T20:25:48.654+0200] {processor.py:175} INFO - Processing /Library/Frameworks/Python.framework/Versions/3.10/lib/python3.10/site-packages/airflow/example_dags/example_short_circuit_operator.py took 0.473 seconds
