[2023-01-14T20:22:29.773+0200] {processor.py:153} INFO - Started process (PID=77336) to work on /Library/Frameworks/Python.framework/Versions/3.10/lib/python3.10/site-packages/airflow/example_dags/tutorial_taskflow_api_virtualenv.py
[2023-01-14T20:22:29.776+0200] {processor.py:743} INFO - Processing file /Library/Frameworks/Python.framework/Versions/3.10/lib/python3.10/site-packages/airflow/example_dags/tutorial_taskflow_api_virtualenv.py for tasks to queue
[2023-01-14T20:22:29.776+0200] {logging_mixin.py:137} INFO - [2023-01-14T20:22:29.776+0200] {dagbag.py:538} INFO - Filling up the DagBag from /Library/Frameworks/Python.framework/Versions/3.10/lib/python3.10/site-packages/airflow/example_dags/tutorial_taskflow_api_virtualenv.py
[2023-01-14T20:22:29.825+0200] {processor.py:753} INFO - DAG(s) dict_keys(['tutorial_taskflow_api_virtualenv']) retrieved from /Library/Frameworks/Python.framework/Versions/3.10/lib/python3.10/site-packages/airflow/example_dags/tutorial_taskflow_api_virtualenv.py
[2023-01-14T20:22:30.243+0200] {logging_mixin.py:137} INFO - [2023-01-14T20:22:30.242+0200] {manager.py:504} INFO - Created Permission View: can read on DAG:tutorial_taskflow_api_virtualenv
[2023-01-14T20:22:30.246+0200] {logging_mixin.py:137} INFO - [2023-01-14T20:22:30.246+0200] {manager.py:504} INFO - Created Permission View: can edit on DAG:tutorial_taskflow_api_virtualenv
[2023-01-14T20:22:30.249+0200] {logging_mixin.py:137} INFO - [2023-01-14T20:22:30.249+0200] {manager.py:504} INFO - Created Permission View: can delete on DAG:tutorial_taskflow_api_virtualenv
[2023-01-14T20:22:30.249+0200] {logging_mixin.py:137} INFO - [2023-01-14T20:22:30.249+0200] {dag.py:2676} INFO - Sync 1 DAGs
[2023-01-14T20:22:30.254+0200] {logging_mixin.py:137} INFO - [2023-01-14T20:22:30.254+0200] {dag.py:2697} INFO - Creating ORM DAG for tutorial_taskflow_api_virtualenv
[2023-01-14T20:22:30.258+0200] {logging_mixin.py:137} INFO - [2023-01-14T20:22:30.258+0200] {dag.py:3423} INFO - Setting next_dagrun for tutorial_taskflow_api_virtualenv to None, run_after=None
[2023-01-14T20:22:30.267+0200] {processor.py:175} INFO - Processing /Library/Frameworks/Python.framework/Versions/3.10/lib/python3.10/site-packages/airflow/example_dags/tutorial_taskflow_api_virtualenv.py took 0.494 seconds
[2023-01-14T20:23:46.912+0200] {processor.py:153} INFO - Started process (PID=77395) to work on /Library/Frameworks/Python.framework/Versions/3.10/lib/python3.10/site-packages/airflow/example_dags/tutorial_taskflow_api_virtualenv.py
[2023-01-14T20:23:46.915+0200] {processor.py:743} INFO - Processing file /Library/Frameworks/Python.framework/Versions/3.10/lib/python3.10/site-packages/airflow/example_dags/tutorial_taskflow_api_virtualenv.py for tasks to queue
[2023-01-14T20:23:46.916+0200] {logging_mixin.py:137} INFO - [2023-01-14T20:23:46.915+0200] {dagbag.py:538} INFO - Filling up the DagBag from /Library/Frameworks/Python.framework/Versions/3.10/lib/python3.10/site-packages/airflow/example_dags/tutorial_taskflow_api_virtualenv.py
[2023-01-14T20:23:46.964+0200] {processor.py:753} INFO - DAG(s) dict_keys(['tutorial_taskflow_api_virtualenv']) retrieved from /Library/Frameworks/Python.framework/Versions/3.10/lib/python3.10/site-packages/airflow/example_dags/tutorial_taskflow_api_virtualenv.py
[2023-01-14T20:23:47.291+0200] {logging_mixin.py:137} INFO - [2023-01-14T20:23:47.290+0200] {dag.py:2676} INFO - Sync 1 DAGs
[2023-01-14T20:23:47.300+0200] {logging_mixin.py:137} INFO - [2023-01-14T20:23:47.300+0200] {dag.py:3423} INFO - Setting next_dagrun for tutorial_taskflow_api_virtualenv to None, run_after=None
[2023-01-14T20:23:47.309+0200] {processor.py:175} INFO - Processing /Library/Frameworks/Python.framework/Versions/3.10/lib/python3.10/site-packages/airflow/example_dags/tutorial_taskflow_api_virtualenv.py took 0.397 seconds
[2023-01-14T20:24:32.726+0200] {processor.py:153} INFO - Started process (PID=78376) to work on /Library/Frameworks/Python.framework/Versions/3.10/lib/python3.10/site-packages/airflow/example_dags/tutorial_taskflow_api_virtualenv.py
[2023-01-14T20:24:32.729+0200] {processor.py:743} INFO - Processing file /Library/Frameworks/Python.framework/Versions/3.10/lib/python3.10/site-packages/airflow/example_dags/tutorial_taskflow_api_virtualenv.py for tasks to queue
[2023-01-14T20:24:32.730+0200] {logging_mixin.py:137} INFO - [2023-01-14T20:24:32.729+0200] {dagbag.py:538} INFO - Filling up the DagBag from /Library/Frameworks/Python.framework/Versions/3.10/lib/python3.10/site-packages/airflow/example_dags/tutorial_taskflow_api_virtualenv.py
[2023-01-14T20:24:32.755+0200] {processor.py:753} INFO - DAG(s) dict_keys(['tutorial_taskflow_api_virtualenv']) retrieved from /Library/Frameworks/Python.framework/Versions/3.10/lib/python3.10/site-packages/airflow/example_dags/tutorial_taskflow_api_virtualenv.py
[2023-01-14T20:24:33.197+0200] {logging_mixin.py:137} INFO - [2023-01-14T20:24:33.197+0200] {manager.py:504} INFO - Created Permission View: can delete on DAG:tutorial_taskflow_api_virtualenv
[2023-01-14T20:24:33.202+0200] {logging_mixin.py:137} INFO - [2023-01-14T20:24:33.202+0200] {manager.py:504} INFO - Created Permission View: can read on DAG:tutorial_taskflow_api_virtualenv
[2023-01-14T20:24:33.206+0200] {logging_mixin.py:137} INFO - [2023-01-14T20:24:33.206+0200] {manager.py:504} INFO - Created Permission View: can edit on DAG:tutorial_taskflow_api_virtualenv
[2023-01-14T20:24:33.206+0200] {logging_mixin.py:137} INFO - [2023-01-14T20:24:33.206+0200] {dag.py:2676} INFO - Sync 1 DAGs
[2023-01-14T20:24:33.215+0200] {logging_mixin.py:137} INFO - [2023-01-14T20:24:33.214+0200] {dag.py:2697} INFO - Creating ORM DAG for tutorial_taskflow_api_virtualenv
[2023-01-14T20:24:33.220+0200] {logging_mixin.py:137} INFO - [2023-01-14T20:24:33.220+0200] {dag.py:3423} INFO - Setting next_dagrun for tutorial_taskflow_api_virtualenv to None, run_after=None
[2023-01-14T20:24:33.234+0200] {processor.py:175} INFO - Processing /Library/Frameworks/Python.framework/Versions/3.10/lib/python3.10/site-packages/airflow/example_dags/tutorial_taskflow_api_virtualenv.py took 0.508 seconds
[2023-01-14T20:25:20.195+0200] {processor.py:153} INFO - Started process (PID=78659) to work on /Library/Frameworks/Python.framework/Versions/3.10/lib/python3.10/site-packages/airflow/example_dags/tutorial_taskflow_api_virtualenv.py
[2023-01-14T20:25:20.198+0200] {processor.py:743} INFO - Processing file /Library/Frameworks/Python.framework/Versions/3.10/lib/python3.10/site-packages/airflow/example_dags/tutorial_taskflow_api_virtualenv.py for tasks to queue
[2023-01-14T20:25:20.198+0200] {logging_mixin.py:137} INFO - [2023-01-14T20:25:20.198+0200] {dagbag.py:538} INFO - Filling up the DagBag from /Library/Frameworks/Python.framework/Versions/3.10/lib/python3.10/site-packages/airflow/example_dags/tutorial_taskflow_api_virtualenv.py
[2023-01-14T20:25:20.243+0200] {processor.py:753} INFO - DAG(s) dict_keys(['tutorial_taskflow_api_virtualenv']) retrieved from /Library/Frameworks/Python.framework/Versions/3.10/lib/python3.10/site-packages/airflow/example_dags/tutorial_taskflow_api_virtualenv.py
[2023-01-14T20:25:20.726+0200] {logging_mixin.py:137} INFO - [2023-01-14T20:25:20.725+0200] {dag.py:2676} INFO - Sync 1 DAGs
[2023-01-14T20:25:20.737+0200] {logging_mixin.py:137} INFO - [2023-01-14T20:25:20.737+0200] {dag.py:3423} INFO - Setting next_dagrun for tutorial_taskflow_api_virtualenv to None, run_after=None
[2023-01-14T20:25:20.763+0200] {processor.py:175} INFO - Processing /Library/Frameworks/Python.framework/Versions/3.10/lib/python3.10/site-packages/airflow/example_dags/tutorial_taskflow_api_virtualenv.py took 0.568 seconds
