[2023-02-08T18:27:10.825+0200] {taskinstance.py:1083} INFO - Dependencies all met for <TaskInstance: railway_v02.visualise manual__2023-02-07T11:44:38.023842+00:00 [queued]>
[2023-02-08T18:27:10.834+0200] {taskinstance.py:1083} INFO - Dependencies all met for <TaskInstance: railway_v02.visualise manual__2023-02-07T11:44:38.023842+00:00 [queued]>
[2023-02-08T18:27:10.834+0200] {taskinstance.py:1279} INFO - 
--------------------------------------------------------------------------------
[2023-02-08T18:27:10.834+0200] {taskinstance.py:1280} INFO - Starting attempt 5 of 10
[2023-02-08T18:27:10.834+0200] {taskinstance.py:1281} INFO - 
--------------------------------------------------------------------------------
[2023-02-08T18:27:10.844+0200] {taskinstance.py:1300} INFO - Executing <Task(BashOperator): visualise> on 2023-02-07 11:44:38.023842+00:00
[2023-02-08T18:27:10.852+0200] {standard_task_runner.py:55} INFO - Started process 30110 to run task
[2023-02-08T18:27:10.865+0200] {standard_task_runner.py:82} INFO - Running: ['airflow', 'tasks', 'run', 'railway_v02', 'visualise', 'manual__2023-02-07T11:44:38.023842+00:00', '--job-id', '785', '--raw', '--subdir', 'DAGS_FOLDER/fetching_api.py', '--cfg-path', '/var/folders/qr/k2__dmk5697g2jyd7w2tpyt80000gn/T/tmp79upanb4']
[2023-02-08T18:27:10.867+0200] {standard_task_runner.py:83} INFO - Job 785: Subtask visualise
[2023-02-08T18:27:10.935+0200] {task_command.py:388} INFO - Running <TaskInstance: railway_v02.visualise manual__2023-02-07T11:44:38.023842+00:00 [running]> on host nhanchaus-macbook-air.local
[2023-02-08T18:27:11.000+0200] {taskinstance.py:1507} INFO - Exporting the following env vars:
AIRFLOW_CTX_DAG_OWNER=Nhan_Chau
AIRFLOW_CTX_DAG_ID=railway_v02
AIRFLOW_CTX_TASK_ID=visualise
AIRFLOW_CTX_EXECUTION_DATE=2023-02-07T11:44:38.023842+00:00
AIRFLOW_CTX_TRY_NUMBER=5
AIRFLOW_CTX_DAG_RUN_ID=manual__2023-02-07T11:44:38.023842+00:00
[2023-02-08T18:27:11.003+0200] {subprocess.py:63} INFO - Tmp dir root location: 
 /var/folders/qr/k2__dmk5697g2jyd7w2tpyt80000gn/T
[2023-02-08T18:27:11.003+0200] {subprocess.py:75} INFO - Running command: ['/bin/bash', '-c', 'python3 /Users/nhanchau/gitRepo/Raiway_with_AIrflow/visualization.py']
[2023-02-08T18:27:11.022+0200] {subprocess.py:86} INFO - Output:
[2023-02-08T18:27:12.647+0200] {subprocess.py:97} INFO - Command exited with return code 0
[2023-02-08T18:27:12.678+0200] {taskinstance.py:1318} INFO - Marking task as SUCCESS. dag_id=railway_v02, task_id=visualise, execution_date=20230207T114438, start_date=20230208T162710, end_date=20230208T162712
[2023-02-08T18:27:12.723+0200] {local_task_job.py:208} INFO - Task exited with return code 0
[2023-02-08T18:27:12.739+0200] {taskinstance.py:2578} INFO - 0 downstream tasks scheduled from follow-on schedule check
