[2023-02-03T07:44:31.934+0200] {taskinstance.py:1083} INFO - Dependencies all met for <TaskInstance: railway_v02.etl_pipeline scheduled__2023-01-13T00:00:00+00:00 [queued]>
[2023-02-03T07:44:31.954+0200] {taskinstance.py:1083} INFO - Dependencies all met for <TaskInstance: railway_v02.etl_pipeline scheduled__2023-01-13T00:00:00+00:00 [queued]>
[2023-02-03T07:44:31.954+0200] {taskinstance.py:1279} INFO - 
--------------------------------------------------------------------------------
[2023-02-03T07:44:31.955+0200] {taskinstance.py:1280} INFO - Starting attempt 4 of 6
[2023-02-03T07:44:31.955+0200] {taskinstance.py:1281} INFO - 
--------------------------------------------------------------------------------
[2023-02-03T07:44:31.965+0200] {taskinstance.py:1300} INFO - Executing <Task(_PythonDecoratedOperator): etl_pipeline> on 2023-01-13 00:00:00+00:00
[2023-02-03T07:44:31.976+0200] {standard_task_runner.py:55} INFO - Started process 63211 to run task
[2023-02-03T07:44:31.987+0200] {standard_task_runner.py:82} INFO - Running: ['airflow', 'tasks', 'run', 'railway_v02', 'etl_pipeline', 'scheduled__2023-01-13T00:00:00+00:00', '--job-id', '694', '--raw', '--subdir', 'DAGS_FOLDER/fetching_api.py', '--cfg-path', '/var/folders/qr/k2__dmk5697g2jyd7w2tpyt80000gn/T/tmpkwc35m9s']
[2023-02-03T07:44:31.995+0200] {standard_task_runner.py:83} INFO - Job 694: Subtask etl_pipeline
[2023-02-03T07:44:32.115+0200] {task_command.py:388} INFO - Running <TaskInstance: railway_v02.etl_pipeline scheduled__2023-01-13T00:00:00+00:00 [running]> on host nhanchaus-macbook-air.local
[2023-02-03T07:44:32.205+0200] {taskinstance.py:1507} INFO - Exporting the following env vars:
AIRFLOW_CTX_DAG_OWNER=Nhan_Chau
AIRFLOW_CTX_DAG_ID=railway_v02
AIRFLOW_CTX_TASK_ID=etl_pipeline
AIRFLOW_CTX_EXECUTION_DATE=2023-01-13T00:00:00+00:00
AIRFLOW_CTX_TRY_NUMBER=4
AIRFLOW_CTX_DAG_RUN_ID=scheduled__2023-01-13T00:00:00+00:00
[2023-02-03T07:45:06.216+0200] {python.py:177} INFO - Done. Returned value was: None
[2023-02-03T07:45:06.236+0200] {taskinstance.py:1318} INFO - Marking task as SUCCESS. dag_id=railway_v02, task_id=etl_pipeline, execution_date=20230113T000000, start_date=20230203T054431, end_date=20230203T054506
[2023-02-03T07:45:06.299+0200] {local_task_job.py:208} INFO - Task exited with return code 0
[2023-02-03T07:45:06.324+0200] {taskinstance.py:2578} INFO - 0 downstream tasks scheduled from follow-on schedule check
