[2023-01-14T22:25:02.097+0200] {taskinstance.py:1087} INFO - Dependencies all met for <TaskInstance: railway_v01.greet manual__2023-01-14T20:24:58.619049+00:00 [queued]>
[2023-01-14T22:25:02.103+0200] {taskinstance.py:1087} INFO - Dependencies all met for <TaskInstance: railway_v01.greet manual__2023-01-14T20:24:58.619049+00:00 [queued]>
[2023-01-14T22:25:02.103+0200] {taskinstance.py:1283} INFO - 
--------------------------------------------------------------------------------
[2023-01-14T22:25:02.103+0200] {taskinstance.py:1284} INFO - Starting attempt 1 of 6
[2023-01-14T22:25:02.103+0200] {taskinstance.py:1285} INFO - 
--------------------------------------------------------------------------------
[2023-01-14T22:25:02.108+0200] {taskinstance.py:1304} INFO - Executing <Task(_PythonDecoratedOperator): greet> on 2023-01-14 20:24:58.619049+00:00
[2023-01-14T22:25:02.113+0200] {standard_task_runner.py:55} INFO - Started process 91402 to run task
[2023-01-14T22:25:02.122+0200] {standard_task_runner.py:82} INFO - Running: ['airflow', 'tasks', 'run', 'railway_v01', 'greet', 'manual__2023-01-14T20:24:58.619049+00:00', '--job-id', '48', '--raw', '--subdir', 'DAGS_FOLDER/fetching_api.py', '--cfg-path', '/var/folders/qr/k2__dmk5697g2jyd7w2tpyt80000gn/T/tmpxnt_4tc2']
[2023-01-14T22:25:02.124+0200] {standard_task_runner.py:83} INFO - Job 48: Subtask greet
[2023-01-14T22:25:02.182+0200] {task_command.py:389} INFO - Running <TaskInstance: railway_v01.greet manual__2023-01-14T20:24:58.619049+00:00 [running]> on host nhanchaus-macbook-air.local
[2023-01-14T22:25:02.212+0200] {taskinstance.py:1511} INFO - Exporting the following env vars:
AIRFLOW_CTX_DAG_OWNER=Nhan_Chau
AIRFLOW_CTX_DAG_ID=railway_v01
AIRFLOW_CTX_TASK_ID=greet
AIRFLOW_CTX_EXECUTION_DATE=2023-01-14T20:24:58.619049+00:00
AIRFLOW_CTX_TRY_NUMBER=1
AIRFLOW_CTX_DAG_RUN_ID=manual__2023-01-14T20:24:58.619049+00:00
[2023-01-14T22:25:02.213+0200] {logging_mixin.py:137} INFO - greet
[2023-01-14T22:25:02.213+0200] {python.py:177} INFO - Done. Returned value was: None
[2023-01-14T22:25:02.216+0200] {taskinstance.py:1322} INFO - Marking task as SUCCESS. dag_id=railway_v01, task_id=greet, execution_date=20230114T202458, start_date=20230114T202502, end_date=20230114T202502
[2023-01-14T22:25:02.267+0200] {local_task_job.py:159} INFO - Task exited with return code 0
[2023-01-14T22:25:02.276+0200] {taskinstance.py:2582} INFO - 0 downstream tasks scheduled from follow-on schedule check
