[2023-01-15T09:41:04.659+0200] {taskinstance.py:1087} INFO - Dependencies all met for <TaskInstance: railway_v02.etl_pipeline scheduled__2022-12-15T00:00:00+00:00 [queued]>
[2023-01-15T09:41:04.703+0200] {taskinstance.py:1087} INFO - Dependencies all met for <TaskInstance: railway_v02.etl_pipeline scheduled__2022-12-15T00:00:00+00:00 [queued]>
[2023-01-15T09:41:04.703+0200] {taskinstance.py:1283} INFO - 
--------------------------------------------------------------------------------
[2023-01-15T09:41:04.703+0200] {taskinstance.py:1284} INFO - Starting attempt 1 of 6
[2023-01-15T09:41:04.704+0200] {taskinstance.py:1285} INFO - 
--------------------------------------------------------------------------------
[2023-01-15T09:41:05.087+0200] {taskinstance.py:1304} INFO - Executing <Task(_PythonDecoratedOperator): etl_pipeline> on 2022-12-15 00:00:00+00:00
[2023-01-15T09:41:05.185+0200] {standard_task_runner.py:55} INFO - Started process 30233 to run task
[2023-01-15T09:41:05.233+0200] {standard_task_runner.py:82} INFO - Running: ['airflow', 'tasks', 'run', 'railway_v02', 'etl_pipeline', 'scheduled__2022-12-15T00:00:00+00:00', '--job-id', '231', '--raw', '--subdir', 'DAGS_FOLDER/fetching_api.py', '--cfg-path', '/var/folders/qr/k2__dmk5697g2jyd7w2tpyt80000gn/T/tmpx8_41h61']
[2023-01-15T09:41:05.243+0200] {standard_task_runner.py:83} INFO - Job 231: Subtask etl_pipeline
[2023-01-15T09:41:06.406+0200] {task_command.py:389} INFO - Running <TaskInstance: railway_v02.etl_pipeline scheduled__2022-12-15T00:00:00+00:00 [running]> on host nhanchaus-macbook-air.local
[2023-01-15T09:41:06.999+0200] {taskinstance.py:1511} INFO - Exporting the following env vars:
AIRFLOW_CTX_DAG_OWNER=Nhan_Chau
AIRFLOW_CTX_DAG_ID=railway_v02
AIRFLOW_CTX_TASK_ID=etl_pipeline
AIRFLOW_CTX_EXECUTION_DATE=2022-12-15T00:00:00+00:00
AIRFLOW_CTX_TRY_NUMBER=1
AIRFLOW_CTX_DAG_RUN_ID=scheduled__2022-12-15T00:00:00+00:00
[2023-01-15T11:09:38.307+0200] {taskinstance.py:1087} INFO - Dependencies all met for <TaskInstance: railway_v02.etl_pipeline scheduled__2022-12-15T00:00:00+00:00 [queued]>
[2023-01-15T11:09:38.320+0200] {taskinstance.py:1087} INFO - Dependencies all met for <TaskInstance: railway_v02.etl_pipeline scheduled__2022-12-15T00:00:00+00:00 [queued]>
[2023-01-15T11:09:38.321+0200] {taskinstance.py:1283} INFO - 
--------------------------------------------------------------------------------
[2023-01-15T11:09:38.321+0200] {taskinstance.py:1284} INFO - Starting attempt 1 of 6
[2023-01-15T11:09:38.322+0200] {taskinstance.py:1285} INFO - 
--------------------------------------------------------------------------------
[2023-01-15T11:09:38.333+0200] {taskinstance.py:1304} INFO - Executing <Task(_PythonDecoratedOperator): etl_pipeline> on 2022-12-15 00:00:00+00:00
[2023-01-15T11:09:38.343+0200] {standard_task_runner.py:55} INFO - Started process 7839 to run task
[2023-01-15T11:09:38.349+0200] {standard_task_runner.py:82} INFO - Running: ['airflow', 'tasks', 'run', 'railway_v02', 'etl_pipeline', 'scheduled__2022-12-15T00:00:00+00:00', '--job-id', '425', '--raw', '--subdir', 'DAGS_FOLDER/fetching_api.py', '--cfg-path', '/var/folders/qr/k2__dmk5697g2jyd7w2tpyt80000gn/T/tmp1hezr2h2']
[2023-01-15T11:09:38.352+0200] {standard_task_runner.py:83} INFO - Job 425: Subtask etl_pipeline
[2023-01-15T11:09:38.425+0200] {task_command.py:389} INFO - Running <TaskInstance: railway_v02.etl_pipeline scheduled__2022-12-15T00:00:00+00:00 [running]> on host nhanchaus-macbook-air.local
[2023-01-15T11:09:38.487+0200] {taskinstance.py:1511} INFO - Exporting the following env vars:
AIRFLOW_CTX_DAG_OWNER=Nhan_Chau
AIRFLOW_CTX_DAG_ID=railway_v02
AIRFLOW_CTX_TASK_ID=etl_pipeline
AIRFLOW_CTX_EXECUTION_DATE=2022-12-15T00:00:00+00:00
AIRFLOW_CTX_TRY_NUMBER=1
AIRFLOW_CTX_DAG_RUN_ID=scheduled__2022-12-15T00:00:00+00:00
[2023-01-15T11:10:14.823+0200] {python.py:177} INFO - Done. Returned value was: None
[2023-01-15T11:10:14.853+0200] {taskinstance.py:1322} INFO - Marking task as SUCCESS. dag_id=railway_v02, task_id=etl_pipeline, execution_date=20221215T000000, start_date=20230115T090938, end_date=20230115T091014
[2023-01-15T11:10:14.899+0200] {local_task_job.py:159} INFO - Task exited with return code 0
[2023-01-15T11:10:14.931+0200] {taskinstance.py:2582} INFO - 0 downstream tasks scheduled from follow-on schedule check
