[2023-01-15T10:40:24.924+0200] {taskinstance.py:1087} INFO - Dependencies all met for <TaskInstance: railway_v02.etl_pipeline scheduled__2022-12-15T00:00:00+00:00 [queued]>
[2023-01-15T10:40:24.936+0200] {taskinstance.py:1087} INFO - Dependencies all met for <TaskInstance: railway_v02.etl_pipeline scheduled__2022-12-15T00:00:00+00:00 [queued]>
[2023-01-15T10:40:24.936+0200] {taskinstance.py:1283} INFO - 
--------------------------------------------------------------------------------
[2023-01-15T10:40:24.937+0200] {taskinstance.py:1284} INFO - Starting attempt 5 of 6
[2023-01-15T10:40:24.937+0200] {taskinstance.py:1285} INFO - 
--------------------------------------------------------------------------------
[2023-01-15T10:40:24.949+0200] {taskinstance.py:1304} INFO - Executing <Task(_PythonDecoratedOperator): etl_pipeline> on 2022-12-15 00:00:00+00:00
[2023-01-15T10:40:24.959+0200] {standard_task_runner.py:55} INFO - Started process 25155 to run task
[2023-01-15T10:40:24.967+0200] {standard_task_runner.py:82} INFO - Running: ['airflow', 'tasks', 'run', 'railway_v02', 'etl_pipeline', 'scheduled__2022-12-15T00:00:00+00:00', '--job-id', '375', '--raw', '--subdir', 'DAGS_FOLDER/fetching_api.py', '--cfg-path', '/var/folders/qr/k2__dmk5697g2jyd7w2tpyt80000gn/T/tmp_zhyimcv']
[2023-01-15T10:40:24.970+0200] {standard_task_runner.py:83} INFO - Job 375: Subtask etl_pipeline
[2023-01-15T10:40:25.042+0200] {task_command.py:389} INFO - Running <TaskInstance: railway_v02.etl_pipeline scheduled__2022-12-15T00:00:00+00:00 [running]> on host nhanchaus-macbook-air.local
[2023-01-15T10:40:25.109+0200] {taskinstance.py:1511} INFO - Exporting the following env vars:
AIRFLOW_CTX_DAG_OWNER=Nhan_Chau
AIRFLOW_CTX_DAG_ID=railway_v02
AIRFLOW_CTX_TASK_ID=etl_pipeline
AIRFLOW_CTX_EXECUTION_DATE=2022-12-15T00:00:00+00:00
AIRFLOW_CTX_TRY_NUMBER=5
AIRFLOW_CTX_DAG_RUN_ID=scheduled__2022-12-15T00:00:00+00:00
[2023-01-15T10:40:59.346+0200] {python.py:177} INFO - Done. Returned value was: None
[2023-01-15T10:40:59.365+0200] {taskinstance.py:1322} INFO - Marking task as SUCCESS. dag_id=railway_v02, task_id=etl_pipeline, execution_date=20221215T000000, start_date=20230115T084024, end_date=20230115T084059
