[2023-01-15T09:41:13.577+0200] {taskinstance.py:1087} INFO - Dependencies all met for <TaskInstance: railway_v02.etl_pipeline scheduled__2022-12-19T00:00:00+00:00 [queued]>
[2023-01-15T09:41:13.700+0200] {taskinstance.py:1087} INFO - Dependencies all met for <TaskInstance: railway_v02.etl_pipeline scheduled__2022-12-19T00:00:00+00:00 [queued]>
[2023-01-15T09:41:13.703+0200] {taskinstance.py:1283} INFO - 
--------------------------------------------------------------------------------
[2023-01-15T09:41:13.704+0200] {taskinstance.py:1284} INFO - Starting attempt 1 of 6
[2023-01-15T09:41:13.704+0200] {taskinstance.py:1285} INFO - 
--------------------------------------------------------------------------------
[2023-01-15T09:41:13.787+0200] {taskinstance.py:1304} INFO - Executing <Task(_PythonDecoratedOperator): etl_pipeline> on 2022-12-19 00:00:00+00:00
[2023-01-15T09:41:13.971+0200] {standard_task_runner.py:55} INFO - Started process 30415 to run task
[2023-01-15T09:41:14.001+0200] {standard_task_runner.py:82} INFO - Running: ['airflow', 'tasks', 'run', 'railway_v02', 'etl_pipeline', 'scheduled__2022-12-19T00:00:00+00:00', '--job-id', '235', '--raw', '--subdir', 'DAGS_FOLDER/fetching_api.py', '--cfg-path', '/var/folders/qr/k2__dmk5697g2jyd7w2tpyt80000gn/T/tmp50j28n8l']
[2023-01-15T09:41:14.016+0200] {standard_task_runner.py:83} INFO - Job 235: Subtask etl_pipeline
[2023-01-15T09:41:15.125+0200] {task_command.py:389} INFO - Running <TaskInstance: railway_v02.etl_pipeline scheduled__2022-12-19T00:00:00+00:00 [running]> on host nhanchaus-macbook-air.local
[2023-01-15T09:41:16.337+0200] {taskinstance.py:1511} INFO - Exporting the following env vars:
AIRFLOW_CTX_DAG_OWNER=Nhan_Chau
AIRFLOW_CTX_DAG_ID=railway_v02
AIRFLOW_CTX_TASK_ID=etl_pipeline
AIRFLOW_CTX_EXECUTION_DATE=2022-12-19T00:00:00+00:00
AIRFLOW_CTX_TRY_NUMBER=1
AIRFLOW_CTX_DAG_RUN_ID=scheduled__2022-12-19T00:00:00+00:00
[2023-01-15T11:10:24.260+0200] {taskinstance.py:1087} INFO - Dependencies all met for <TaskInstance: railway_v02.etl_pipeline scheduled__2022-12-19T00:00:00+00:00 [queued]>
[2023-01-15T11:10:24.275+0200] {taskinstance.py:1087} INFO - Dependencies all met for <TaskInstance: railway_v02.etl_pipeline scheduled__2022-12-19T00:00:00+00:00 [queued]>
[2023-01-15T11:10:24.276+0200] {taskinstance.py:1283} INFO - 
--------------------------------------------------------------------------------
[2023-01-15T11:10:24.277+0200] {taskinstance.py:1284} INFO - Starting attempt 1 of 6
[2023-01-15T11:10:24.278+0200] {taskinstance.py:1285} INFO - 
--------------------------------------------------------------------------------
[2023-01-15T11:10:24.291+0200] {taskinstance.py:1304} INFO - Executing <Task(_PythonDecoratedOperator): etl_pipeline> on 2022-12-19 00:00:00+00:00
[2023-01-15T11:10:24.301+0200] {standard_task_runner.py:55} INFO - Started process 8233 to run task
[2023-01-15T11:10:24.307+0200] {standard_task_runner.py:82} INFO - Running: ['airflow', 'tasks', 'run', 'railway_v02', 'etl_pipeline', 'scheduled__2022-12-19T00:00:00+00:00', '--job-id', '429', '--raw', '--subdir', 'DAGS_FOLDER/fetching_api.py', '--cfg-path', '/var/folders/qr/k2__dmk5697g2jyd7w2tpyt80000gn/T/tmpwo5x4q4e']
[2023-01-15T11:10:24.310+0200] {standard_task_runner.py:83} INFO - Job 429: Subtask etl_pipeline
[2023-01-15T11:10:24.392+0200] {task_command.py:389} INFO - Running <TaskInstance: railway_v02.etl_pipeline scheduled__2022-12-19T00:00:00+00:00 [running]> on host nhanchaus-macbook-air.local
[2023-01-15T11:10:24.463+0200] {taskinstance.py:1511} INFO - Exporting the following env vars:
AIRFLOW_CTX_DAG_OWNER=Nhan_Chau
AIRFLOW_CTX_DAG_ID=railway_v02
AIRFLOW_CTX_TASK_ID=etl_pipeline
AIRFLOW_CTX_EXECUTION_DATE=2022-12-19T00:00:00+00:00
AIRFLOW_CTX_TRY_NUMBER=1
AIRFLOW_CTX_DAG_RUN_ID=scheduled__2022-12-19T00:00:00+00:00
[2023-01-15T11:11:06.213+0200] {python.py:177} INFO - Done. Returned value was: None
[2023-01-15T11:11:06.239+0200] {taskinstance.py:1322} INFO - Marking task as SUCCESS. dag_id=railway_v02, task_id=etl_pipeline, execution_date=20221219T000000, start_date=20230115T091024, end_date=20230115T091106
[2023-01-15T11:11:06.280+0200] {local_task_job.py:159} INFO - Task exited with return code 0
[2023-01-15T11:11:06.312+0200] {taskinstance.py:2582} INFO - 0 downstream tasks scheduled from follow-on schedule check
