[2023-01-15T10:38:04.207+0200] {taskinstance.py:1087} INFO - Dependencies all met for <TaskInstance: railway_v02.etl_pipeline scheduled__2022-12-01T00:00:00+00:00 [queued]>
[2023-01-15T10:38:04.216+0200] {taskinstance.py:1087} INFO - Dependencies all met for <TaskInstance: railway_v02.etl_pipeline scheduled__2022-12-01T00:00:00+00:00 [queued]>
[2023-01-15T10:38:04.217+0200] {taskinstance.py:1283} INFO - 
--------------------------------------------------------------------------------
[2023-01-15T10:38:04.217+0200] {taskinstance.py:1284} INFO - Starting attempt 5 of 6
[2023-01-15T10:38:04.217+0200] {taskinstance.py:1285} INFO - 
--------------------------------------------------------------------------------
[2023-01-15T10:38:04.226+0200] {taskinstance.py:1304} INFO - Executing <Task(_PythonDecoratedOperator): etl_pipeline> on 2022-12-01 00:00:00+00:00
[2023-01-15T10:38:04.238+0200] {standard_task_runner.py:55} INFO - Started process 23689 to run task
[2023-01-15T10:38:04.257+0200] {standard_task_runner.py:82} INFO - Running: ['airflow', 'tasks', 'run', 'railway_v02', 'etl_pipeline', 'scheduled__2022-12-01T00:00:00+00:00', '--job-id', '362', '--raw', '--subdir', 'DAGS_FOLDER/fetching_api.py', '--cfg-path', '/var/folders/qr/k2__dmk5697g2jyd7w2tpyt80000gn/T/tmpxukpujw_']
[2023-01-15T10:38:04.262+0200] {standard_task_runner.py:83} INFO - Job 362: Subtask etl_pipeline
[2023-01-15T10:38:04.342+0200] {task_command.py:389} INFO - Running <TaskInstance: railway_v02.etl_pipeline scheduled__2022-12-01T00:00:00+00:00 [running]> on host nhanchaus-macbook-air.local
[2023-01-15T10:38:04.405+0200] {taskinstance.py:1511} INFO - Exporting the following env vars:
AIRFLOW_CTX_DAG_OWNER=Nhan_Chau
AIRFLOW_CTX_DAG_ID=railway_v02
AIRFLOW_CTX_TASK_ID=etl_pipeline
AIRFLOW_CTX_EXECUTION_DATE=2022-12-01T00:00:00+00:00
AIRFLOW_CTX_TRY_NUMBER=5
AIRFLOW_CTX_DAG_RUN_ID=scheduled__2022-12-01T00:00:00+00:00
[2023-01-15T10:38:32.347+0200] {python.py:177} INFO - Done. Returned value was: None
[2023-01-15T10:38:32.364+0200] {taskinstance.py:1322} INFO - Marking task as SUCCESS. dag_id=railway_v02, task_id=etl_pipeline, execution_date=20221201T000000, start_date=20230115T083804, end_date=20230115T083832
[2023-01-15T10:38:32.402+0200] {local_task_job.py:159} INFO - Task exited with return code 0
[2023-01-15T10:38:32.419+0200] {taskinstance.py:2582} INFO - 0 downstream tasks scheduled from follow-on schedule check
