[2023-01-15T09:54:10.229+0200] {taskinstance.py:1087} INFO - Dependencies all met for <TaskInstance: railway_v02.etl_pipeline scheduled__2022-12-01T00:00:00+00:00 [queued]>
[2023-01-15T09:54:11.228+0200] {taskinstance.py:1087} INFO - Dependencies all met for <TaskInstance: railway_v02.etl_pipeline scheduled__2022-12-01T00:00:00+00:00 [queued]>
[2023-01-15T09:54:11.237+0200] {taskinstance.py:1283} INFO - 
--------------------------------------------------------------------------------
[2023-01-15T09:54:11.238+0200] {taskinstance.py:1284} INFO - Starting attempt 2 of 6
[2023-01-15T09:54:11.239+0200] {taskinstance.py:1285} INFO - 
--------------------------------------------------------------------------------
[2023-01-15T09:54:11.661+0200] {taskinstance.py:1304} INFO - Executing <Task(_PythonDecoratedOperator): etl_pipeline> on 2022-12-01 00:00:00+00:00
[2023-01-15T09:54:11.905+0200] {standard_task_runner.py:55} INFO - Started process 4487 to run task
[2023-01-15T09:54:12.172+0200] {standard_task_runner.py:82} INFO - Running: ['airflow', 'tasks', 'run', 'railway_v02', 'etl_pipeline', 'scheduled__2022-12-01T00:00:00+00:00', '--job-id', '275', '--raw', '--subdir', 'DAGS_FOLDER/fetching_api.py', '--cfg-path', '/var/folders/qr/k2__dmk5697g2jyd7w2tpyt80000gn/T/tmpergtijv5']
[2023-01-15T09:54:12.296+0200] {standard_task_runner.py:83} INFO - Job 275: Subtask etl_pipeline
[2023-01-15T09:54:19.205+0200] {task_command.py:389} INFO - Running <TaskInstance: railway_v02.etl_pipeline scheduled__2022-12-01T00:00:00+00:00 [running]> on host nhanchaus-macbook-air.local
[2023-01-15T09:54:29.631+0200] {taskinstance.py:1511} INFO - Exporting the following env vars:
AIRFLOW_CTX_DAG_OWNER=Nhan_Chau
AIRFLOW_CTX_DAG_ID=railway_v02
AIRFLOW_CTX_TASK_ID=etl_pipeline
AIRFLOW_CTX_EXECUTION_DATE=2022-12-01T00:00:00+00:00
AIRFLOW_CTX_TRY_NUMBER=2
AIRFLOW_CTX_DAG_RUN_ID=scheduled__2022-12-01T00:00:00+00:00
[2023-01-15T09:58:55.511+0200] {taskinstance.py:1772} ERROR - Task failed with exception
Traceback (most recent call last):
  File "/Library/Frameworks/Python.framework/Versions/3.10/lib/python3.10/site-packages/airflow/decorators/base.py", line 217, in execute
    return_value = super().execute(context)
  File "/Library/Frameworks/Python.framework/Versions/3.10/lib/python3.10/site-packages/airflow/operators/python.py", line 175, in execute
    return_value = self.execute_callable()
  File "/Library/Frameworks/Python.framework/Versions/3.10/lib/python3.10/site-packages/airflow/operators/python.py", line 192, in execute_callable
    return self.python_callable(*self.op_args, **self.op_kwargs)
  File "/Users/nhanchau/gitRepo/Raiway_with_AIrflow/dags/fetching_api.py", line 35, in etl_pipeline
    .getOrCreate())
  File "/Library/Frameworks/Python.framework/Versions/3.10/lib/python3.10/site-packages/pyspark/sql/session.py", line 269, in getOrCreate
    sc = SparkContext.getOrCreate(sparkConf)
  File "/Library/Frameworks/Python.framework/Versions/3.10/lib/python3.10/site-packages/pyspark/context.py", line 483, in getOrCreate
    SparkContext(conf=conf or SparkConf())
  File "/Library/Frameworks/Python.framework/Versions/3.10/lib/python3.10/site-packages/pyspark/context.py", line 195, in __init__
    SparkContext._ensure_initialized(self, gateway=gateway, conf=conf)
  File "/Library/Frameworks/Python.framework/Versions/3.10/lib/python3.10/site-packages/pyspark/context.py", line 417, in _ensure_initialized
    SparkContext._gateway = gateway or launch_gateway(conf)
  File "/Library/Frameworks/Python.framework/Versions/3.10/lib/python3.10/site-packages/pyspark/java_gateway.py", line 106, in launch_gateway
    raise RuntimeError("Java gateway process exited before sending its port number")
RuntimeError: Java gateway process exited before sending its port number
[2023-01-15T09:58:57.149+0200] {taskinstance.py:1322} INFO - Marking task as UP_FOR_RETRY. dag_id=railway_v02, task_id=etl_pipeline, execution_date=20221201T000000, start_date=20230115T075410, end_date=20230115T075857
[2023-01-15T09:58:57.428+0200] {standard_task_runner.py:100} ERROR - Failed to execute job 275 for task etl_pipeline (Java gateway process exited before sending its port number; 4487)
[2023-01-15T11:13:32.070+0200] {taskinstance.py:1087} INFO - Dependencies all met for <TaskInstance: railway_v02.etl_pipeline scheduled__2022-12-01T00:00:00+00:00 [queued]>
[2023-01-15T11:13:32.230+0200] {taskinstance.py:1087} INFO - Dependencies all met for <TaskInstance: railway_v02.etl_pipeline scheduled__2022-12-01T00:00:00+00:00 [queued]>
[2023-01-15T11:13:32.245+0200] {taskinstance.py:1283} INFO - 
--------------------------------------------------------------------------------
[2023-01-15T11:13:32.249+0200] {taskinstance.py:1284} INFO - Starting attempt 2 of 6
[2023-01-15T11:13:32.252+0200] {taskinstance.py:1285} INFO - 
--------------------------------------------------------------------------------
[2023-01-15T11:13:32.389+0200] {taskinstance.py:1304} INFO - Executing <Task(_PythonDecoratedOperator): etl_pipeline> on 2022-12-01 00:00:00+00:00
[2023-01-15T11:13:32.402+0200] {standard_task_runner.py:55} INFO - Started process 10038 to run task
[2023-01-15T11:13:32.423+0200] {standard_task_runner.py:82} INFO - Running: ['airflow', 'tasks', 'run', 'railway_v02', 'etl_pipeline', 'scheduled__2022-12-01T00:00:00+00:00', '--job-id', '445', '--raw', '--subdir', 'DAGS_FOLDER/fetching_api.py', '--cfg-path', '/var/folders/qr/k2__dmk5697g2jyd7w2tpyt80000gn/T/tmp9rzfrbd4']
[2023-01-15T11:13:32.426+0200] {standard_task_runner.py:83} INFO - Job 445: Subtask etl_pipeline
[2023-01-15T11:13:33.435+0200] {task_command.py:389} INFO - Running <TaskInstance: railway_v02.etl_pipeline scheduled__2022-12-01T00:00:00+00:00 [running]> on host nhanchaus-macbook-air.local
[2023-01-15T11:13:34.746+0200] {taskinstance.py:1511} INFO - Exporting the following env vars:
AIRFLOW_CTX_DAG_OWNER=Nhan_Chau
AIRFLOW_CTX_DAG_ID=railway_v02
AIRFLOW_CTX_TASK_ID=etl_pipeline
AIRFLOW_CTX_EXECUTION_DATE=2022-12-01T00:00:00+00:00
AIRFLOW_CTX_TRY_NUMBER=2
AIRFLOW_CTX_DAG_RUN_ID=scheduled__2022-12-01T00:00:00+00:00
[2023-01-15T11:17:07.686+0200] {python.py:177} INFO - Done. Returned value was: None
[2023-01-15T11:17:07.963+0200] {taskinstance.py:1322} INFO - Marking task as SUCCESS. dag_id=railway_v02, task_id=etl_pipeline, execution_date=20221201T000000, start_date=20230115T091332, end_date=20230115T091707
[2023-01-15T11:17:08.090+0200] {local_task_job.py:159} INFO - Task exited with return code 0
[2023-01-15T11:17:08.268+0200] {taskinstance.py:2582} INFO - 0 downstream tasks scheduled from follow-on schedule check
