[2023-01-15T10:39:45.910+0200] {taskinstance.py:1087} INFO - Dependencies all met for <TaskInstance: railway_v02.etl_pipeline scheduled__2022-12-12T00:00:00+00:00 [queued]>
[2023-01-15T10:39:45.922+0200] {taskinstance.py:1087} INFO - Dependencies all met for <TaskInstance: railway_v02.etl_pipeline scheduled__2022-12-12T00:00:00+00:00 [queued]>
[2023-01-15T10:39:45.923+0200] {taskinstance.py:1283} INFO - 
--------------------------------------------------------------------------------
[2023-01-15T10:39:45.924+0200] {taskinstance.py:1284} INFO - Starting attempt 5 of 6
[2023-01-15T10:39:45.924+0200] {taskinstance.py:1285} INFO - 
--------------------------------------------------------------------------------
[2023-01-15T10:39:45.935+0200] {taskinstance.py:1304} INFO - Executing <Task(_PythonDecoratedOperator): etl_pipeline> on 2022-12-12 00:00:00+00:00
[2023-01-15T10:39:45.944+0200] {standard_task_runner.py:55} INFO - Started process 24750 to run task
[2023-01-15T10:39:45.949+0200] {standard_task_runner.py:82} INFO - Running: ['airflow', 'tasks', 'run', 'railway_v02', 'etl_pipeline', 'scheduled__2022-12-12T00:00:00+00:00', '--job-id', '371', '--raw', '--subdir', 'DAGS_FOLDER/fetching_api.py', '--cfg-path', '/var/folders/qr/k2__dmk5697g2jyd7w2tpyt80000gn/T/tmpt86kv6sv']
[2023-01-15T10:39:45.952+0200] {standard_task_runner.py:83} INFO - Job 371: Subtask etl_pipeline
[2023-01-15T10:39:46.028+0200] {task_command.py:389} INFO - Running <TaskInstance: railway_v02.etl_pipeline scheduled__2022-12-12T00:00:00+00:00 [running]> on host nhanchaus-macbook-air.local
[2023-01-15T10:39:46.093+0200] {taskinstance.py:1511} INFO - Exporting the following env vars:
AIRFLOW_CTX_DAG_OWNER=Nhan_Chau
AIRFLOW_CTX_DAG_ID=railway_v02
AIRFLOW_CTX_TASK_ID=etl_pipeline
AIRFLOW_CTX_EXECUTION_DATE=2022-12-12T00:00:00+00:00
AIRFLOW_CTX_TRY_NUMBER=5
AIRFLOW_CTX_DAG_RUN_ID=scheduled__2022-12-12T00:00:00+00:00
[2023-01-15T10:40:22.207+0200] {python.py:177} INFO - Done. Returned value was: None
[2023-01-15T10:40:22.227+0200] {taskinstance.py:1322} INFO - Marking task as SUCCESS. dag_id=railway_v02, task_id=etl_pipeline, execution_date=20221212T000000, start_date=20230115T083945, end_date=20230115T084022
[2023-01-15T10:40:22.258+0200] {local_task_job.py:159} INFO - Task exited with return code 0
[2023-01-15T10:40:22.277+0200] {taskinstance.py:2582} INFO - 0 downstream tasks scheduled from follow-on schedule check
