[2023-01-14T20:40:00.962+0200] {taskinstance.py:1087} INFO - Dependencies all met for <TaskInstance: railway_v01.create_SparkSession scheduled__2022-12-14T00:00:00+00:00 [queued]>
[2023-01-14T20:40:00.968+0200] {taskinstance.py:1087} INFO - Dependencies all met for <TaskInstance: railway_v01.create_SparkSession scheduled__2022-12-14T00:00:00+00:00 [queued]>
[2023-01-14T20:40:00.968+0200] {taskinstance.py:1283} INFO - 
--------------------------------------------------------------------------------
[2023-01-14T20:40:00.968+0200] {taskinstance.py:1284} INFO - Starting attempt 1 of 6
[2023-01-14T20:40:00.968+0200] {taskinstance.py:1285} INFO - 
--------------------------------------------------------------------------------
[2023-01-14T20:40:00.974+0200] {taskinstance.py:1304} INFO - Executing <Task(PythonOperator): create_SparkSession> on 2022-12-14 00:00:00+00:00
[2023-01-14T20:40:00.978+0200] {standard_task_runner.py:55} INFO - Started process 81826 to run task
[2023-01-14T20:40:00.982+0200] {standard_task_runner.py:82} INFO - Running: ['airflow', 'tasks', 'run', 'railway_v01', 'create_SparkSession', 'scheduled__2022-12-14T00:00:00+00:00', '--job-id', '17', '--raw', '--subdir', 'DAGS_FOLDER/fetching_api.py', '--cfg-path', '/var/folders/qr/k2__dmk5697g2jyd7w2tpyt80000gn/T/tmprwphwfh7']
[2023-01-14T20:40:00.983+0200] {standard_task_runner.py:83} INFO - Job 17: Subtask create_SparkSession
[2023-01-14T20:40:01.009+0200] {task_command.py:389} INFO - Running <TaskInstance: railway_v01.create_SparkSession scheduled__2022-12-14T00:00:00+00:00 [running]> on host nhanchaus-macbook-air.local
[2023-01-14T20:40:01.032+0200] {taskinstance.py:1511} INFO - Exporting the following env vars:
AIRFLOW_CTX_DAG_OWNER=Nhan_Chau
AIRFLOW_CTX_DAG_ID=railway_v01
AIRFLOW_CTX_TASK_ID=create_SparkSession
AIRFLOW_CTX_EXECUTION_DATE=2022-12-14T00:00:00+00:00
AIRFLOW_CTX_TRY_NUMBER=1
AIRFLOW_CTX_DAG_RUN_ID=scheduled__2022-12-14T00:00:00+00:00
[2023-01-14T20:40:05.540+0200] {python.py:177} INFO - Done. Returned value was: None
[2023-01-14T20:40:05.631+0200] {taskinstance.py:1322} INFO - Marking task as SUCCESS. dag_id=railway_v01, task_id=create_SparkSession, execution_date=20221214T000000, start_date=20230114T184000, end_date=20230114T184005
[2023-01-14T20:40:05.708+0200] {local_task_job.py:159} INFO - Task exited with return code 0
[2023-01-14T20:40:05.730+0200] {taskinstance.py:2582} INFO - 0 downstream tasks scheduled from follow-on schedule check
