[2023-01-15T09:41:28.332+0200] {taskinstance.py:1087} INFO - Dependencies all met for <TaskInstance: railway_v02.etl_pipeline scheduled__2022-12-23T00:00:00+00:00 [queued]>
[2023-01-15T09:41:28.891+0200] {taskinstance.py:1087} INFO - Dependencies all met for <TaskInstance: railway_v02.etl_pipeline scheduled__2022-12-23T00:00:00+00:00 [queued]>
[2023-01-15T09:41:28.934+0200] {taskinstance.py:1283} INFO - 
--------------------------------------------------------------------------------
[2023-01-15T09:41:28.935+0200] {taskinstance.py:1284} INFO - Starting attempt 1 of 6
[2023-01-15T09:41:28.942+0200] {taskinstance.py:1285} INFO - 
--------------------------------------------------------------------------------
[2023-01-15T09:41:29.341+0200] {taskinstance.py:1304} INFO - Executing <Task(_PythonDecoratedOperator): etl_pipeline> on 2022-12-23 00:00:00+00:00
[2023-01-15T09:41:29.515+0200] {standard_task_runner.py:55} INFO - Started process 30659 to run task
[2023-01-15T09:41:29.587+0200] {standard_task_runner.py:82} INFO - Running: ['airflow', 'tasks', 'run', 'railway_v02', 'etl_pipeline', 'scheduled__2022-12-23T00:00:00+00:00', '--job-id', '239', '--raw', '--subdir', 'DAGS_FOLDER/fetching_api.py', '--cfg-path', '/var/folders/qr/k2__dmk5697g2jyd7w2tpyt80000gn/T/tmpr8lgr65e']
[2023-01-15T09:41:29.609+0200] {standard_task_runner.py:83} INFO - Job 239: Subtask etl_pipeline
[2023-01-15T09:41:31.131+0200] {task_command.py:389} INFO - Running <TaskInstance: railway_v02.etl_pipeline scheduled__2022-12-23T00:00:00+00:00 [running]> on host nhanchaus-macbook-air.local
[2023-01-15T09:41:34.037+0200] {taskinstance.py:1511} INFO - Exporting the following env vars:
AIRFLOW_CTX_DAG_OWNER=Nhan_Chau
AIRFLOW_CTX_DAG_ID=railway_v02
AIRFLOW_CTX_TASK_ID=etl_pipeline
AIRFLOW_CTX_EXECUTION_DATE=2022-12-23T00:00:00+00:00
AIRFLOW_CTX_TRY_NUMBER=1
AIRFLOW_CTX_DAG_RUN_ID=scheduled__2022-12-23T00:00:00+00:00
[2023-01-15T11:11:46.801+0200] {taskinstance.py:1087} INFO - Dependencies all met for <TaskInstance: railway_v02.etl_pipeline scheduled__2022-12-23T00:00:00+00:00 [queued]>
[2023-01-15T11:11:46.826+0200] {taskinstance.py:1087} INFO - Dependencies all met for <TaskInstance: railway_v02.etl_pipeline scheduled__2022-12-23T00:00:00+00:00 [queued]>
[2023-01-15T11:11:46.826+0200] {taskinstance.py:1283} INFO - 
--------------------------------------------------------------------------------
[2023-01-15T11:11:46.827+0200] {taskinstance.py:1284} INFO - Starting attempt 1 of 6
[2023-01-15T11:11:46.827+0200] {taskinstance.py:1285} INFO - 
--------------------------------------------------------------------------------
[2023-01-15T11:11:46.839+0200] {taskinstance.py:1304} INFO - Executing <Task(_PythonDecoratedOperator): etl_pipeline> on 2022-12-23 00:00:00+00:00
[2023-01-15T11:11:46.850+0200] {standard_task_runner.py:55} INFO - Started process 9015 to run task
[2023-01-15T11:11:46.856+0200] {standard_task_runner.py:82} INFO - Running: ['airflow', 'tasks', 'run', 'railway_v02', 'etl_pipeline', 'scheduled__2022-12-23T00:00:00+00:00', '--job-id', '434', '--raw', '--subdir', 'DAGS_FOLDER/fetching_api.py', '--cfg-path', '/var/folders/qr/k2__dmk5697g2jyd7w2tpyt80000gn/T/tmp_n3p_prh']
[2023-01-15T11:11:46.860+0200] {standard_task_runner.py:83} INFO - Job 434: Subtask etl_pipeline
[2023-01-15T11:11:46.958+0200] {task_command.py:389} INFO - Running <TaskInstance: railway_v02.etl_pipeline scheduled__2022-12-23T00:00:00+00:00 [running]> on host nhanchaus-macbook-air.local
[2023-01-15T11:11:47.030+0200] {taskinstance.py:1511} INFO - Exporting the following env vars:
AIRFLOW_CTX_DAG_OWNER=Nhan_Chau
AIRFLOW_CTX_DAG_ID=railway_v02
AIRFLOW_CTX_TASK_ID=etl_pipeline
AIRFLOW_CTX_EXECUTION_DATE=2022-12-23T00:00:00+00:00
AIRFLOW_CTX_TRY_NUMBER=1
AIRFLOW_CTX_DAG_RUN_ID=scheduled__2022-12-23T00:00:00+00:00
[2023-01-15T11:12:39.378+0200] {python.py:177} INFO - Done. Returned value was: None
[2023-01-15T11:12:39.468+0200] {taskinstance.py:1322} INFO - Marking task as SUCCESS. dag_id=railway_v02, task_id=etl_pipeline, execution_date=20221223T000000, start_date=20230115T091146, end_date=20230115T091239
[2023-01-15T11:12:39.555+0200] {local_task_job.py:159} INFO - Task exited with return code 0
[2023-01-15T11:12:39.595+0200] {taskinstance.py:2582} INFO - 0 downstream tasks scheduled from follow-on schedule check
