[2023-01-15T09:40:56.074+0200] {taskinstance.py:1087} INFO - Dependencies all met for <TaskInstance: railway_v02.etl_pipeline scheduled__2022-12-03T00:00:00+00:00 [queued]>
[2023-01-15T09:40:56.135+0200] {taskinstance.py:1087} INFO - Dependencies all met for <TaskInstance: railway_v02.etl_pipeline scheduled__2022-12-03T00:00:00+00:00 [queued]>
[2023-01-15T09:40:56.135+0200] {taskinstance.py:1283} INFO - 
--------------------------------------------------------------------------------
[2023-01-15T09:40:56.135+0200] {taskinstance.py:1284} INFO - Starting attempt 1 of 6
[2023-01-15T09:40:56.136+0200] {taskinstance.py:1285} INFO - 
--------------------------------------------------------------------------------
[2023-01-15T09:40:56.540+0200] {taskinstance.py:1304} INFO - Executing <Task(_PythonDecoratedOperator): etl_pipeline> on 2022-12-03 00:00:00+00:00
[2023-01-15T09:40:56.610+0200] {standard_task_runner.py:55} INFO - Started process 29935 to run task
[2023-01-15T09:40:56.661+0200] {standard_task_runner.py:82} INFO - Running: ['airflow', 'tasks', 'run', 'railway_v02', 'etl_pipeline', 'scheduled__2022-12-03T00:00:00+00:00', '--job-id', '217', '--raw', '--subdir', 'DAGS_FOLDER/fetching_api.py', '--cfg-path', '/var/folders/qr/k2__dmk5697g2jyd7w2tpyt80000gn/T/tmp99sp9n2s']
[2023-01-15T09:40:56.684+0200] {standard_task_runner.py:83} INFO - Job 217: Subtask etl_pipeline
[2023-01-15T09:40:57.351+0200] {task_command.py:389} INFO - Running <TaskInstance: railway_v02.etl_pipeline scheduled__2022-12-03T00:00:00+00:00 [running]> on host nhanchaus-macbook-air.local
[2023-01-15T09:40:57.952+0200] {taskinstance.py:1511} INFO - Exporting the following env vars:
AIRFLOW_CTX_DAG_OWNER=Nhan_Chau
AIRFLOW_CTX_DAG_ID=railway_v02
AIRFLOW_CTX_TASK_ID=etl_pipeline
AIRFLOW_CTX_EXECUTION_DATE=2022-12-03T00:00:00+00:00
AIRFLOW_CTX_TRY_NUMBER=1
AIRFLOW_CTX_DAG_RUN_ID=scheduled__2022-12-03T00:00:00+00:00
[2023-01-15T11:05:56.581+0200] {taskinstance.py:1087} INFO - Dependencies all met for <TaskInstance: railway_v02.etl_pipeline scheduled__2022-12-03T00:00:00+00:00 [queued]>
[2023-01-15T11:05:56.627+0200] {taskinstance.py:1087} INFO - Dependencies all met for <TaskInstance: railway_v02.etl_pipeline scheduled__2022-12-03T00:00:00+00:00 [queued]>
[2023-01-15T11:05:56.628+0200] {taskinstance.py:1283} INFO - 
--------------------------------------------------------------------------------
[2023-01-15T11:05:56.628+0200] {taskinstance.py:1284} INFO - Starting attempt 1 of 6
[2023-01-15T11:05:56.628+0200] {taskinstance.py:1285} INFO - 
--------------------------------------------------------------------------------
[2023-01-15T11:05:56.654+0200] {taskinstance.py:1304} INFO - Executing <Task(_PythonDecoratedOperator): etl_pipeline> on 2022-12-03 00:00:00+00:00
[2023-01-15T11:05:56.672+0200] {standard_task_runner.py:55} INFO - Started process 5849 to run task
[2023-01-15T11:05:56.692+0200] {standard_task_runner.py:82} INFO - Running: ['airflow', 'tasks', 'run', 'railway_v02', 'etl_pipeline', 'scheduled__2022-12-03T00:00:00+00:00', '--job-id', '413', '--raw', '--subdir', 'DAGS_FOLDER/fetching_api.py', '--cfg-path', '/var/folders/qr/k2__dmk5697g2jyd7w2tpyt80000gn/T/tmpya6tnw0q']
[2023-01-15T11:05:56.696+0200] {standard_task_runner.py:83} INFO - Job 413: Subtask etl_pipeline
[2023-01-15T11:05:56.891+0200] {task_command.py:389} INFO - Running <TaskInstance: railway_v02.etl_pipeline scheduled__2022-12-03T00:00:00+00:00 [running]> on host nhanchaus-macbook-air.local
[2023-01-15T11:05:57.048+0200] {taskinstance.py:1511} INFO - Exporting the following env vars:
AIRFLOW_CTX_DAG_OWNER=Nhan_Chau
AIRFLOW_CTX_DAG_ID=railway_v02
AIRFLOW_CTX_TASK_ID=etl_pipeline
AIRFLOW_CTX_EXECUTION_DATE=2022-12-03T00:00:00+00:00
AIRFLOW_CTX_TRY_NUMBER=1
AIRFLOW_CTX_DAG_RUN_ID=scheduled__2022-12-03T00:00:00+00:00
[2023-01-15T11:08:38.967+0200] {python.py:177} INFO - Done. Returned value was: None
[2023-01-15T11:08:39.135+0200] {taskinstance.py:1322} INFO - Marking task as SUCCESS. dag_id=railway_v02, task_id=etl_pipeline, execution_date=20221203T000000, start_date=20230115T090556, end_date=20230115T090839
[2023-01-15T11:08:39.264+0200] {local_task_job.py:159} INFO - Task exited with return code 0
[2023-01-15T11:08:39.347+0200] {taskinstance.py:2582} INFO - 0 downstream tasks scheduled from follow-on schedule check
