[2023-02-03T08:38:41.927+0200] {taskinstance.py:1083} INFO - Dependencies all met for <TaskInstance: railway_v02.visualize_data manual__2023-02-03T06:36:54.589438+00:00 [queued]>
[2023-02-03T08:38:41.943+0200] {taskinstance.py:1083} INFO - Dependencies all met for <TaskInstance: railway_v02.visualize_data manual__2023-02-03T06:36:54.589438+00:00 [queued]>
[2023-02-03T08:38:41.944+0200] {taskinstance.py:1279} INFO - 
--------------------------------------------------------------------------------
[2023-02-03T08:38:41.944+0200] {taskinstance.py:1280} INFO - Starting attempt 2 of 7
[2023-02-03T08:38:41.944+0200] {taskinstance.py:1281} INFO - 
--------------------------------------------------------------------------------
[2023-02-03T08:38:41.956+0200] {taskinstance.py:1300} INFO - Executing <Task(_PythonDecoratedOperator): visualize_data> on 2023-02-03 06:36:54.589438+00:00
[2023-02-03T08:38:41.968+0200] {standard_task_runner.py:55} INFO - Started process 72375 to run task
[2023-02-03T08:38:41.973+0200] {standard_task_runner.py:82} INFO - Running: ['airflow', 'tasks', 'run', 'railway_v02', 'visualize_data', 'manual__2023-02-03T06:36:54.589438+00:00', '--job-id', '704', '--raw', '--subdir', 'DAGS_FOLDER/fetching_api.py', '--cfg-path', '/var/folders/qr/k2__dmk5697g2jyd7w2tpyt80000gn/T/tmp76acm372']
[2023-02-03T08:38:41.977+0200] {standard_task_runner.py:83} INFO - Job 704: Subtask visualize_data
[2023-02-03T08:38:42.054+0200] {task_command.py:388} INFO - Running <TaskInstance: railway_v02.visualize_data manual__2023-02-03T06:36:54.589438+00:00 [running]> on host nhanchaus-macbook-air.local
[2023-02-03T08:38:42.128+0200] {taskinstance.py:1507} INFO - Exporting the following env vars:
AIRFLOW_CTX_DAG_OWNER=Nhan_Chau
AIRFLOW_CTX_DAG_ID=railway_v02
AIRFLOW_CTX_TASK_ID=visualize_data
AIRFLOW_CTX_EXECUTION_DATE=2023-02-03T06:36:54.589438+00:00
AIRFLOW_CTX_TRY_NUMBER=2
AIRFLOW_CTX_DAG_RUN_ID=manual__2023-02-03T06:36:54.589438+00:00
[2023-02-03T08:38:42.188+0200] {logging_mixin.py:137} INFO -   traincategory_name  number
0         Test drive       1
1           Commuter       3
2  On-track machines       1
3           Shunting       7
4              Cargo       2
5      Long-distance      14
6         Locomotive       1
[2023-02-03T08:38:42.188+0200] {python.py:177} INFO - Done. Returned value was: None
[2023-02-03T08:38:42.205+0200] {taskinstance.py:1318} INFO - Marking task as SUCCESS. dag_id=railway_v02, task_id=visualize_data, execution_date=20230203T063654, start_date=20230203T063841, end_date=20230203T063842
[2023-02-03T08:38:42.233+0200] {local_task_job.py:208} INFO - Task exited with return code 0
[2023-02-03T08:38:42.257+0200] {taskinstance.py:2578} INFO - 0 downstream tasks scheduled from follow-on schedule check
