[2023-01-15T09:41:34.811+0200] {taskinstance.py:1087} INFO - Dependencies all met for <TaskInstance: railway_v02.etl_pipeline scheduled__2022-12-25T00:00:00+00:00 [queued]>
[2023-01-15T09:41:35.084+0200] {taskinstance.py:1087} INFO - Dependencies all met for <TaskInstance: railway_v02.etl_pipeline scheduled__2022-12-25T00:00:00+00:00 [queued]>
[2023-01-15T09:41:35.086+0200] {taskinstance.py:1283} INFO - 
--------------------------------------------------------------------------------
[2023-01-15T09:41:35.087+0200] {taskinstance.py:1284} INFO - Starting attempt 1 of 6
[2023-01-15T09:41:35.087+0200] {taskinstance.py:1285} INFO - 
--------------------------------------------------------------------------------
[2023-01-15T09:41:35.581+0200] {taskinstance.py:1304} INFO - Executing <Task(_PythonDecoratedOperator): etl_pipeline> on 2022-12-25 00:00:00+00:00
[2023-01-15T09:41:36.023+0200] {standard_task_runner.py:55} INFO - Started process 30784 to run task
[2023-01-15T09:41:36.050+0200] {standard_task_runner.py:82} INFO - Running: ['airflow', 'tasks', 'run', 'railway_v02', 'etl_pipeline', 'scheduled__2022-12-25T00:00:00+00:00', '--job-id', '241', '--raw', '--subdir', 'DAGS_FOLDER/fetching_api.py', '--cfg-path', '/var/folders/qr/k2__dmk5697g2jyd7w2tpyt80000gn/T/tmpdbn34u_g']
[2023-01-15T09:41:36.071+0200] {standard_task_runner.py:83} INFO - Job 241: Subtask etl_pipeline
[2023-01-15T09:41:38.891+0200] {task_command.py:389} INFO - Running <TaskInstance: railway_v02.etl_pipeline scheduled__2022-12-25T00:00:00+00:00 [running]> on host nhanchaus-macbook-air.local
[2023-01-15T09:41:40.161+0200] {taskinstance.py:1511} INFO - Exporting the following env vars:
AIRFLOW_CTX_DAG_OWNER=Nhan_Chau
AIRFLOW_CTX_DAG_ID=railway_v02
AIRFLOW_CTX_TASK_ID=etl_pipeline
AIRFLOW_CTX_EXECUTION_DATE=2022-12-25T00:00:00+00:00
AIRFLOW_CTX_TRY_NUMBER=1
AIRFLOW_CTX_DAG_RUN_ID=scheduled__2022-12-25T00:00:00+00:00
[2023-01-15T11:12:00.333+0200] {taskinstance.py:1087} INFO - Dependencies all met for <TaskInstance: railway_v02.etl_pipeline scheduled__2022-12-25T00:00:00+00:00 [queued]>
[2023-01-15T11:12:00.349+0200] {taskinstance.py:1087} INFO - Dependencies all met for <TaskInstance: railway_v02.etl_pipeline scheduled__2022-12-25T00:00:00+00:00 [queued]>
[2023-01-15T11:12:00.349+0200] {taskinstance.py:1283} INFO - 
--------------------------------------------------------------------------------
[2023-01-15T11:12:00.350+0200] {taskinstance.py:1284} INFO - Starting attempt 1 of 6
[2023-01-15T11:12:00.350+0200] {taskinstance.py:1285} INFO - 
--------------------------------------------------------------------------------
[2023-01-15T11:12:00.364+0200] {taskinstance.py:1304} INFO - Executing <Task(_PythonDecoratedOperator): etl_pipeline> on 2022-12-25 00:00:00+00:00
[2023-01-15T11:12:00.380+0200] {standard_task_runner.py:55} INFO - Started process 9157 to run task
[2023-01-15T11:12:00.387+0200] {standard_task_runner.py:82} INFO - Running: ['airflow', 'tasks', 'run', 'railway_v02', 'etl_pipeline', 'scheduled__2022-12-25T00:00:00+00:00', '--job-id', '436', '--raw', '--subdir', 'DAGS_FOLDER/fetching_api.py', '--cfg-path', '/var/folders/qr/k2__dmk5697g2jyd7w2tpyt80000gn/T/tmpl4fy845c']
[2023-01-15T11:12:00.391+0200] {standard_task_runner.py:83} INFO - Job 436: Subtask etl_pipeline
[2023-01-15T11:12:00.492+0200] {task_command.py:389} INFO - Running <TaskInstance: railway_v02.etl_pipeline scheduled__2022-12-25T00:00:00+00:00 [running]> on host nhanchaus-macbook-air.local
[2023-01-15T11:12:00.584+0200] {taskinstance.py:1511} INFO - Exporting the following env vars:
AIRFLOW_CTX_DAG_OWNER=Nhan_Chau
AIRFLOW_CTX_DAG_ID=railway_v02
AIRFLOW_CTX_TASK_ID=etl_pipeline
AIRFLOW_CTX_EXECUTION_DATE=2022-12-25T00:00:00+00:00
AIRFLOW_CTX_TRY_NUMBER=1
AIRFLOW_CTX_DAG_RUN_ID=scheduled__2022-12-25T00:00:00+00:00
[2023-01-15T11:12:54.855+0200] {python.py:177} INFO - Done. Returned value was: None
[2023-01-15T11:12:54.899+0200] {taskinstance.py:1322} INFO - Marking task as SUCCESS. dag_id=railway_v02, task_id=etl_pipeline, execution_date=20221225T000000, start_date=20230115T091200, end_date=20230115T091254
[2023-01-15T11:12:55.064+0200] {local_task_job.py:159} INFO - Task exited with return code 0
[2023-01-15T11:12:55.168+0200] {taskinstance.py:2582} INFO - 0 downstream tasks scheduled from follow-on schedule check
