[2023-02-04T02:07:58.238+0200] {taskinstance.py:1083} INFO - Dependencies all met for <TaskInstance: railway_v02.etl_pipeline manual__2023-02-03T23:39:06.052098+00:00 [queued]>
[2023-02-04T02:07:58.248+0200] {taskinstance.py:1083} INFO - Dependencies all met for <TaskInstance: railway_v02.etl_pipeline manual__2023-02-03T23:39:06.052098+00:00 [queued]>
[2023-02-04T02:07:58.248+0200] {taskinstance.py:1279} INFO - 
--------------------------------------------------------------------------------
[2023-02-04T02:07:58.248+0200] {taskinstance.py:1280} INFO - Starting attempt 4 of 9
[2023-02-04T02:07:58.249+0200] {taskinstance.py:1281} INFO - 
--------------------------------------------------------------------------------
[2023-02-04T02:07:58.257+0200] {taskinstance.py:1300} INFO - Executing <Task(_PythonDecoratedOperator): etl_pipeline> on 2023-02-03 23:39:06.052098+00:00
[2023-02-04T02:07:58.264+0200] {standard_task_runner.py:55} INFO - Started process 26668 to run task
[2023-02-04T02:07:58.275+0200] {standard_task_runner.py:82} INFO - Running: ['airflow', 'tasks', 'run', 'railway_v02', 'etl_pipeline', 'manual__2023-02-03T23:39:06.052098+00:00', '--job-id', '736', '--raw', '--subdir', 'DAGS_FOLDER/fetching_api.py', '--cfg-path', '/var/folders/qr/k2__dmk5697g2jyd7w2tpyt80000gn/T/tmpogyz87xo']
[2023-02-04T02:07:58.277+0200] {standard_task_runner.py:83} INFO - Job 736: Subtask etl_pipeline
[2023-02-04T02:07:58.349+0200] {task_command.py:388} INFO - Running <TaskInstance: railway_v02.etl_pipeline manual__2023-02-03T23:39:06.052098+00:00 [running]> on host nhanchaus-macbook-air.local
[2023-02-04T02:07:58.410+0200] {taskinstance.py:1507} INFO - Exporting the following env vars:
AIRFLOW_CTX_DAG_OWNER=Nhan_Chau
AIRFLOW_CTX_DAG_ID=railway_v02
AIRFLOW_CTX_TASK_ID=etl_pipeline
AIRFLOW_CTX_EXECUTION_DATE=2023-02-03T23:39:06.052098+00:00
AIRFLOW_CTX_TRY_NUMBER=4
AIRFLOW_CTX_DAG_RUN_ID=manual__2023-02-03T23:39:06.052098+00:00
[2023-02-04T02:08:17.486+0200] {python.py:177} INFO - Done. Returned value was: None
[2023-02-04T02:08:17.503+0200] {taskinstance.py:1318} INFO - Marking task as SUCCESS. dag_id=railway_v02, task_id=etl_pipeline, execution_date=20230203T233906, start_date=20230204T000758, end_date=20230204T000817
[2023-02-04T02:08:17.527+0200] {local_task_job.py:208} INFO - Task exited with return code 0
[2023-02-04T02:08:17.591+0200] {taskinstance.py:2578} INFO - 1 downstream tasks scheduled from follow-on schedule check
