[2023-02-08T18:37:25.255+0200] {taskinstance.py:1083} INFO - Dependencies all met for <TaskInstance: railway_v02.etl_pipeline manual__2023-02-08T16:37:21.104863+00:00 [queued]>
[2023-02-08T18:37:25.268+0200] {taskinstance.py:1083} INFO - Dependencies all met for <TaskInstance: railway_v02.etl_pipeline manual__2023-02-08T16:37:21.104863+00:00 [queued]>
[2023-02-08T18:37:25.268+0200] {taskinstance.py:1279} INFO - 
--------------------------------------------------------------------------------
[2023-02-08T18:37:25.269+0200] {taskinstance.py:1280} INFO - Starting attempt 1 of 6
[2023-02-08T18:37:25.269+0200] {taskinstance.py:1281} INFO - 
--------------------------------------------------------------------------------
[2023-02-08T18:37:25.279+0200] {taskinstance.py:1300} INFO - Executing <Task(PythonOperator): etl_pipeline> on 2023-02-08 16:37:21.104863+00:00
[2023-02-08T18:37:25.290+0200] {standard_task_runner.py:55} INFO - Started process 33630 to run task
[2023-02-08T18:37:25.295+0200] {standard_task_runner.py:82} INFO - Running: ['airflow', 'tasks', 'run', 'railway_v02', 'etl_pipeline', 'manual__2023-02-08T16:37:21.104863+00:00', '--job-id', '786', '--raw', '--subdir', 'DAGS_FOLDER/fetching_api.py', '--cfg-path', '/var/folders/qr/k2__dmk5697g2jyd7w2tpyt80000gn/T/tmphatfzljy']
[2023-02-08T18:37:25.298+0200] {standard_task_runner.py:83} INFO - Job 786: Subtask etl_pipeline
[2023-02-08T18:37:25.378+0200] {task_command.py:388} INFO - Running <TaskInstance: railway_v02.etl_pipeline manual__2023-02-08T16:37:21.104863+00:00 [running]> on host nhanchaus-macbook-air.local
[2023-02-08T18:37:25.441+0200] {taskinstance.py:1507} INFO - Exporting the following env vars:
AIRFLOW_CTX_DAG_OWNER=Nhan_Chau
AIRFLOW_CTX_DAG_ID=railway_v02
AIRFLOW_CTX_TASK_ID=etl_pipeline
AIRFLOW_CTX_EXECUTION_DATE=2023-02-08T16:37:21.104863+00:00
AIRFLOW_CTX_TRY_NUMBER=1
AIRFLOW_CTX_DAG_RUN_ID=manual__2023-02-08T16:37:21.104863+00:00
[2023-02-08T18:37:54.697+0200] {python.py:177} INFO - Done. Returned value was: None
[2023-02-08T18:37:54.713+0200] {taskinstance.py:1318} INFO - Marking task as SUCCESS. dag_id=railway_v02, task_id=etl_pipeline, execution_date=20230208T163721, start_date=20230208T163725, end_date=20230208T163754
[2023-02-08T18:37:54.732+0200] {local_task_job.py:208} INFO - Task exited with return code 0
[2023-02-08T18:37:54.765+0200] {taskinstance.py:2578} INFO - 1 downstream tasks scheduled from follow-on schedule check
