[2023-01-15T01:23:10.532+0200] {taskinstance.py:1087} INFO - Dependencies all met for <TaskInstance: railway_v01.get_API_fetch_respond manual__2023-01-14T23:20:55.185964+00:00 [queued]>
[2023-01-15T01:23:10.586+0200] {taskinstance.py:1087} INFO - Dependencies all met for <TaskInstance: railway_v01.get_API_fetch_respond manual__2023-01-14T23:20:55.185964+00:00 [queued]>
[2023-01-15T01:23:10.591+0200] {taskinstance.py:1283} INFO - 
--------------------------------------------------------------------------------
[2023-01-15T01:23:10.592+0200] {taskinstance.py:1284} INFO - Starting attempt 3 of 8
[2023-01-15T01:23:10.593+0200] {taskinstance.py:1285} INFO - 
--------------------------------------------------------------------------------
[2023-01-15T01:23:10.624+0200] {taskinstance.py:1304} INFO - Executing <Task(_PythonDecoratedOperator): get_API_fetch_respond> on 2023-01-14 23:20:55.185964+00:00
[2023-01-15T01:23:10.639+0200] {standard_task_runner.py:55} INFO - Started process 18861 to run task
[2023-01-15T01:23:10.650+0200] {standard_task_runner.py:82} INFO - Running: ['airflow', 'tasks', 'run', 'railway_v01', 'get_API_fetch_respond', 'manual__2023-01-14T23:20:55.185964+00:00', '--job-id', '54', '--raw', '--subdir', 'DAGS_FOLDER/fetching_api.py', '--cfg-path', '/var/folders/qr/k2__dmk5697g2jyd7w2tpyt80000gn/T/tmphoxivzfq']
[2023-01-15T01:23:10.660+0200] {standard_task_runner.py:83} INFO - Job 54: Subtask get_API_fetch_respond
[2023-01-15T01:23:10.801+0200] {task_command.py:389} INFO - Running <TaskInstance: railway_v01.get_API_fetch_respond manual__2023-01-14T23:20:55.185964+00:00 [running]> on host nhanchaus-macbook-air.local
[2023-01-15T01:23:10.941+0200] {taskinstance.py:1511} INFO - Exporting the following env vars:
AIRFLOW_CTX_DAG_OWNER=Nhan_Chau
AIRFLOW_CTX_DAG_ID=railway_v01
AIRFLOW_CTX_TASK_ID=get_API_fetch_respond
AIRFLOW_CTX_EXECUTION_DATE=2023-01-14T23:20:55.185964+00:00
AIRFLOW_CTX_TRY_NUMBER=3
AIRFLOW_CTX_DAG_RUN_ID=manual__2023-01-14T23:20:55.185964+00:00
[2023-01-15T01:23:12.078+0200] {python.py:177} INFO - Done. Returned value was: {'train_res': <Response [200]>, 'category_res': <Response [200]>, 'station_res': <Response [200]>, 'operator_res': <Response [200]>}
[2023-01-15T01:23:12.089+0200] {xcom.py:629} ERROR - Object of type Response is not JSON serializable. If you are using pickle instead of JSON for XCom, then you need to enable pickle support for XCom in your airflow config or make sure to decorate your object with attr.
[2023-01-15T01:23:12.090+0200] {taskinstance.py:1772} ERROR - Task failed with exception
Traceback (most recent call last):
  File "/Library/Frameworks/Python.framework/Versions/3.10/lib/python3.10/site-packages/airflow/decorators/base.py", line 218, in execute
    return self._handle_output(return_value=return_value, context=context, xcom_push=self.xcom_push)
  File "/Library/Frameworks/Python.framework/Versions/3.10/lib/python3.10/site-packages/airflow/decorators/base.py", line 248, in _handle_output
    xcom_push(context, key, value)
  File "/Library/Frameworks/Python.framework/Versions/3.10/lib/python3.10/site-packages/airflow/models/baseoperator.py", line 1393, in xcom_push
    context["ti"].xcom_push(key=key, value=value, execution_date=execution_date)
  File "/Library/Frameworks/Python.framework/Versions/3.10/lib/python3.10/site-packages/airflow/utils/session.py", line 75, in wrapper
    return func(*args, session=session, **kwargs)
  File "/Library/Frameworks/Python.framework/Versions/3.10/lib/python3.10/site-packages/airflow/models/taskinstance.py", line 2294, in xcom_push
    XCom.set(
  File "/Library/Frameworks/Python.framework/Versions/3.10/lib/python3.10/site-packages/airflow/utils/session.py", line 72, in wrapper
    return func(*args, **kwargs)
  File "/Library/Frameworks/Python.framework/Versions/3.10/lib/python3.10/site-packages/airflow/models/xcom.py", line 234, in set
    value = cls.serialize_value(
  File "/Library/Frameworks/Python.framework/Versions/3.10/lib/python3.10/site-packages/airflow/models/xcom.py", line 627, in serialize_value
    return json.dumps(value, cls=XComEncoder).encode("UTF-8")
  File "/Library/Frameworks/Python.framework/Versions/3.10/lib/python3.10/json/__init__.py", line 238, in dumps
    **kw).encode(obj)
  File "/Library/Frameworks/Python.framework/Versions/3.10/lib/python3.10/site-packages/airflow/utils/json.py", line 176, in encode
    return super().encode(o)
  File "/Library/Frameworks/Python.framework/Versions/3.10/lib/python3.10/json/encoder.py", line 199, in encode
    chunks = self.iterencode(o, _one_shot=True)
  File "/Library/Frameworks/Python.framework/Versions/3.10/lib/python3.10/json/encoder.py", line 257, in iterencode
    return _iterencode(o, 0)
  File "/Library/Frameworks/Python.framework/Versions/3.10/lib/python3.10/site-packages/airflow/utils/json.py", line 170, in default
    return super().default(o)
  File "/Library/Frameworks/Python.framework/Versions/3.10/lib/python3.10/json/encoder.py", line 179, in default
    raise TypeError(f'Object of type {o.__class__.__name__} '
TypeError: Object of type Response is not JSON serializable
[2023-01-15T01:23:12.113+0200] {taskinstance.py:1322} INFO - Marking task as UP_FOR_RETRY. dag_id=railway_v01, task_id=get_API_fetch_respond, execution_date=20230114T232055, start_date=20230114T232310, end_date=20230114T232312
[2023-01-15T01:23:12.129+0200] {standard_task_runner.py:100} ERROR - Failed to execute job 54 for task get_API_fetch_respond (Object of type Response is not JSON serializable; 18861)
[2023-01-15T01:23:12.185+0200] {local_task_job.py:159} INFO - Task exited with return code 1
[2023-01-15T01:23:12.254+0200] {taskinstance.py:2582} INFO - 0 downstream tasks scheduled from follow-on schedule check
