[2023-01-14T20:22:27.734+0200] {processor.py:153} INFO - Started process (PID=77333) to work on /Library/Frameworks/Python.framework/Versions/3.10/lib/python3.10/site-packages/airflow/example_dags/plugins/workday.py
[2023-01-14T20:22:27.737+0200] {processor.py:743} INFO - Processing file /Library/Frameworks/Python.framework/Versions/3.10/lib/python3.10/site-packages/airflow/example_dags/plugins/workday.py for tasks to queue
[2023-01-14T20:22:27.737+0200] {logging_mixin.py:137} INFO - [2023-01-14T20:22:27.737+0200] {dagbag.py:538} INFO - Filling up the DagBag from /Library/Frameworks/Python.framework/Versions/3.10/lib/python3.10/site-packages/airflow/example_dags/plugins/workday.py
[2023-01-14T20:22:27.746+0200] {processor.py:755} WARNING - No viable dags retrieved from /Library/Frameworks/Python.framework/Versions/3.10/lib/python3.10/site-packages/airflow/example_dags/plugins/workday.py
[2023-01-14T20:22:28.105+0200] {processor.py:175} INFO - Processing /Library/Frameworks/Python.framework/Versions/3.10/lib/python3.10/site-packages/airflow/example_dags/plugins/workday.py took 0.371 seconds
[2023-01-14T20:23:44.804+0200] {processor.py:153} INFO - Started process (PID=77394) to work on /Library/Frameworks/Python.framework/Versions/3.10/lib/python3.10/site-packages/airflow/example_dags/plugins/workday.py
[2023-01-14T20:23:44.808+0200] {processor.py:743} INFO - Processing file /Library/Frameworks/Python.framework/Versions/3.10/lib/python3.10/site-packages/airflow/example_dags/plugins/workday.py for tasks to queue
[2023-01-14T20:23:44.808+0200] {logging_mixin.py:137} INFO - [2023-01-14T20:23:44.808+0200] {dagbag.py:538} INFO - Filling up the DagBag from /Library/Frameworks/Python.framework/Versions/3.10/lib/python3.10/site-packages/airflow/example_dags/plugins/workday.py
[2023-01-14T20:23:44.817+0200] {processor.py:755} WARNING - No viable dags retrieved from /Library/Frameworks/Python.framework/Versions/3.10/lib/python3.10/site-packages/airflow/example_dags/plugins/workday.py
[2023-01-14T20:23:45.170+0200] {processor.py:175} INFO - Processing /Library/Frameworks/Python.framework/Versions/3.10/lib/python3.10/site-packages/airflow/example_dags/plugins/workday.py took 0.366 seconds
[2023-01-14T20:24:31.756+0200] {processor.py:153} INFO - Started process (PID=78373) to work on /Library/Frameworks/Python.framework/Versions/3.10/lib/python3.10/site-packages/airflow/example_dags/plugins/workday.py
[2023-01-14T20:24:31.759+0200] {processor.py:743} INFO - Processing file /Library/Frameworks/Python.framework/Versions/3.10/lib/python3.10/site-packages/airflow/example_dags/plugins/workday.py for tasks to queue
[2023-01-14T20:24:31.759+0200] {logging_mixin.py:137} INFO - [2023-01-14T20:24:31.759+0200] {dagbag.py:538} INFO - Filling up the DagBag from /Library/Frameworks/Python.framework/Versions/3.10/lib/python3.10/site-packages/airflow/example_dags/plugins/workday.py
[2023-01-14T20:24:31.769+0200] {processor.py:755} WARNING - No viable dags retrieved from /Library/Frameworks/Python.framework/Versions/3.10/lib/python3.10/site-packages/airflow/example_dags/plugins/workday.py
[2023-01-14T20:24:32.147+0200] {processor.py:175} INFO - Processing /Library/Frameworks/Python.framework/Versions/3.10/lib/python3.10/site-packages/airflow/example_dags/plugins/workday.py took 0.392 seconds
[2023-01-14T20:25:18.086+0200] {processor.py:153} INFO - Started process (PID=78651) to work on /Library/Frameworks/Python.framework/Versions/3.10/lib/python3.10/site-packages/airflow/example_dags/plugins/workday.py
[2023-01-14T20:25:18.089+0200] {processor.py:743} INFO - Processing file /Library/Frameworks/Python.framework/Versions/3.10/lib/python3.10/site-packages/airflow/example_dags/plugins/workday.py for tasks to queue
[2023-01-14T20:25:18.089+0200] {logging_mixin.py:137} INFO - [2023-01-14T20:25:18.089+0200] {dagbag.py:538} INFO - Filling up the DagBag from /Library/Frameworks/Python.framework/Versions/3.10/lib/python3.10/site-packages/airflow/example_dags/plugins/workday.py
[2023-01-14T20:25:18.098+0200] {processor.py:755} WARNING - No viable dags retrieved from /Library/Frameworks/Python.framework/Versions/3.10/lib/python3.10/site-packages/airflow/example_dags/plugins/workday.py
[2023-01-14T20:25:18.468+0200] {processor.py:175} INFO - Processing /Library/Frameworks/Python.framework/Versions/3.10/lib/python3.10/site-packages/airflow/example_dags/plugins/workday.py took 0.383 seconds
