[2023-01-14T20:42:23.361+0200] {taskinstance.py:1087} INFO - Dependencies all met for <TaskInstance: railway_v01.create_SparkSession scheduled__2023-01-06T00:00:00+00:00 [queued]>
[2023-01-14T20:42:23.367+0200] {taskinstance.py:1087} INFO - Dependencies all met for <TaskInstance: railway_v01.create_SparkSession scheduled__2023-01-06T00:00:00+00:00 [queued]>
[2023-01-14T20:42:23.367+0200] {taskinstance.py:1283} INFO - 
--------------------------------------------------------------------------------
[2023-01-14T20:42:23.367+0200] {taskinstance.py:1284} INFO - Starting attempt 1 of 6
[2023-01-14T20:42:23.367+0200] {taskinstance.py:1285} INFO - 
--------------------------------------------------------------------------------
[2023-01-14T20:42:23.372+0200] {taskinstance.py:1304} INFO - Executing <Task(PythonOperator): create_SparkSession> on 2023-01-06 00:00:00+00:00
[2023-01-14T20:42:23.376+0200] {standard_task_runner.py:55} INFO - Started process 82410 to run task
[2023-01-14T20:42:23.380+0200] {standard_task_runner.py:82} INFO - Running: ['airflow', 'tasks', 'run', 'railway_v01', 'create_SparkSession', 'scheduled__2023-01-06T00:00:00+00:00', '--job-id', '40', '--raw', '--subdir', 'DAGS_FOLDER/fetching_api.py', '--cfg-path', '/var/folders/qr/k2__dmk5697g2jyd7w2tpyt80000gn/T/tmpk58cjrpu']
[2023-01-14T20:42:23.381+0200] {standard_task_runner.py:83} INFO - Job 40: Subtask create_SparkSession
[2023-01-14T20:42:23.408+0200] {task_command.py:389} INFO - Running <TaskInstance: railway_v01.create_SparkSession scheduled__2023-01-06T00:00:00+00:00 [running]> on host nhanchaus-macbook-air.local
[2023-01-14T20:42:23.431+0200] {taskinstance.py:1511} INFO - Exporting the following env vars:
AIRFLOW_CTX_DAG_OWNER=Nhan_Chau
AIRFLOW_CTX_DAG_ID=railway_v01
AIRFLOW_CTX_TASK_ID=create_SparkSession
AIRFLOW_CTX_EXECUTION_DATE=2023-01-06T00:00:00+00:00
AIRFLOW_CTX_TRY_NUMBER=1
AIRFLOW_CTX_DAG_RUN_ID=scheduled__2023-01-06T00:00:00+00:00
[2023-01-14T20:42:27.452+0200] {python.py:177} INFO - Done. Returned value was: None
[2023-01-14T20:42:27.475+0200] {taskinstance.py:1322} INFO - Marking task as SUCCESS. dag_id=railway_v01, task_id=create_SparkSession, execution_date=20230106T000000, start_date=20230114T184223, end_date=20230114T184227
[2023-01-14T20:42:27.548+0200] {local_task_job.py:159} INFO - Task exited with return code 0
[2023-01-14T20:42:27.566+0200] {taskinstance.py:2582} INFO - 0 downstream tasks scheduled from follow-on schedule check
