[2023-01-15T09:43:02.491+0200] {taskinstance.py:1087} INFO - Dependencies all met for <TaskInstance: railway_v02.etl_pipeline scheduled__2022-12-30T00:00:00+00:00 [queued]>
[2023-01-15T09:43:05.378+0200] {taskinstance.py:1087} INFO - Dependencies all met for <TaskInstance: railway_v02.etl_pipeline scheduled__2022-12-30T00:00:00+00:00 [queued]>
[2023-01-15T09:43:05.423+0200] {taskinstance.py:1283} INFO - 
--------------------------------------------------------------------------------
[2023-01-15T09:43:05.681+0200] {taskinstance.py:1284} INFO - Starting attempt 1 of 6
[2023-01-15T09:43:05.720+0200] {taskinstance.py:1285} INFO - 
--------------------------------------------------------------------------------
[2023-01-15T09:43:09.539+0200] {taskinstance.py:1304} INFO - Executing <Task(_PythonDecoratedOperator): etl_pipeline> on 2022-12-30 00:00:00+00:00
[2023-01-15T09:43:10.483+0200] {standard_task_runner.py:55} INFO - Started process 32105 to run task
[2023-01-15T09:43:11.402+0200] {standard_task_runner.py:82} INFO - Running: ['airflow', 'tasks', 'run', 'railway_v02', 'etl_pipeline', 'scheduled__2022-12-30T00:00:00+00:00', '--job-id', '246', '--raw', '--subdir', 'DAGS_FOLDER/fetching_api.py', '--cfg-path', '/var/folders/qr/k2__dmk5697g2jyd7w2tpyt80000gn/T/tmpgmwdlmz2']
[2023-01-15T09:43:12.093+0200] {standard_task_runner.py:83} INFO - Job 246: Subtask etl_pipeline
[2023-01-15T09:43:30.500+0200] {task_command.py:389} INFO - Running <TaskInstance: railway_v02.etl_pipeline scheduled__2022-12-30T00:00:00+00:00 [running]> on host nhanchaus-macbook-air.local
[2023-01-15T09:43:52.969+0200] {taskinstance.py:1511} INFO - Exporting the following env vars:
AIRFLOW_CTX_DAG_OWNER=Nhan_Chau
AIRFLOW_CTX_DAG_ID=railway_v02
AIRFLOW_CTX_TASK_ID=etl_pipeline
AIRFLOW_CTX_EXECUTION_DATE=2022-12-30T00:00:00+00:00
AIRFLOW_CTX_TRY_NUMBER=1
AIRFLOW_CTX_DAG_RUN_ID=scheduled__2022-12-30T00:00:00+00:00
[2023-01-15T11:13:37.572+0200] {taskinstance.py:1087} INFO - Dependencies all met for <TaskInstance: railway_v02.etl_pipeline scheduled__2022-12-30T00:00:00+00:00 [queued]>
[2023-01-15T11:13:37.816+0200] {taskinstance.py:1087} INFO - Dependencies all met for <TaskInstance: railway_v02.etl_pipeline scheduled__2022-12-30T00:00:00+00:00 [queued]>
[2023-01-15T11:13:37.817+0200] {taskinstance.py:1283} INFO - 
--------------------------------------------------------------------------------
[2023-01-15T11:13:37.818+0200] {taskinstance.py:1284} INFO - Starting attempt 1 of 6
[2023-01-15T11:13:37.818+0200] {taskinstance.py:1285} INFO - 
--------------------------------------------------------------------------------
[2023-01-15T11:13:41.085+0200] {taskinstance.py:1304} INFO - Executing <Task(_PythonDecoratedOperator): etl_pipeline> on 2022-12-30 00:00:00+00:00
[2023-01-15T11:13:41.113+0200] {standard_task_runner.py:55} INFO - Started process 10143 to run task
[2023-01-15T11:13:41.138+0200] {standard_task_runner.py:82} INFO - Running: ['airflow', 'tasks', 'run', 'railway_v02', 'etl_pipeline', 'scheduled__2022-12-30T00:00:00+00:00', '--job-id', '446', '--raw', '--subdir', 'DAGS_FOLDER/fetching_api.py', '--cfg-path', '/var/folders/qr/k2__dmk5697g2jyd7w2tpyt80000gn/T/tmptqgyedg9']
[2023-01-15T11:13:41.158+0200] {standard_task_runner.py:83} INFO - Job 446: Subtask etl_pipeline
[2023-01-15T11:13:42.022+0200] {task_command.py:389} INFO - Running <TaskInstance: railway_v02.etl_pipeline scheduled__2022-12-30T00:00:00+00:00 [running]> on host nhanchaus-macbook-air.local
[2023-01-15T11:13:43.058+0200] {taskinstance.py:1511} INFO - Exporting the following env vars:
AIRFLOW_CTX_DAG_OWNER=Nhan_Chau
AIRFLOW_CTX_DAG_ID=railway_v02
AIRFLOW_CTX_TASK_ID=etl_pipeline
AIRFLOW_CTX_EXECUTION_DATE=2022-12-30T00:00:00+00:00
AIRFLOW_CTX_TRY_NUMBER=1
AIRFLOW_CTX_DAG_RUN_ID=scheduled__2022-12-30T00:00:00+00:00
[2023-01-15T11:17:10.731+0200] {python.py:177} INFO - Done. Returned value was: None
[2023-01-15T11:17:10.868+0200] {taskinstance.py:1322} INFO - Marking task as SUCCESS. dag_id=railway_v02, task_id=etl_pipeline, execution_date=20221230T000000, start_date=20230115T091337, end_date=20230115T091710
[2023-01-15T11:17:11.002+0200] {local_task_job.py:159} INFO - Task exited with return code 0
[2023-01-15T11:17:11.116+0200] {taskinstance.py:2582} INFO - 0 downstream tasks scheduled from follow-on schedule check
