[2023-01-15T10:39:04.148+0200] {taskinstance.py:1087} INFO - Dependencies all met for <TaskInstance: railway_v02.etl_pipeline scheduled__2022-12-07T00:00:00+00:00 [queued]>
[2023-01-15T10:39:04.163+0200] {taskinstance.py:1087} INFO - Dependencies all met for <TaskInstance: railway_v02.etl_pipeline scheduled__2022-12-07T00:00:00+00:00 [queued]>
[2023-01-15T10:39:04.164+0200] {taskinstance.py:1283} INFO - 
--------------------------------------------------------------------------------
[2023-01-15T10:39:04.164+0200] {taskinstance.py:1284} INFO - Starting attempt 4 of 6
[2023-01-15T10:39:04.164+0200] {taskinstance.py:1285} INFO - 
--------------------------------------------------------------------------------
[2023-01-15T10:39:04.178+0200] {taskinstance.py:1304} INFO - Executing <Task(_PythonDecoratedOperator): etl_pipeline> on 2022-12-07 00:00:00+00:00
[2023-01-15T10:39:04.186+0200] {standard_task_runner.py:55} INFO - Started process 24291 to run task
[2023-01-15T10:39:04.191+0200] {standard_task_runner.py:82} INFO - Running: ['airflow', 'tasks', 'run', 'railway_v02', 'etl_pipeline', 'scheduled__2022-12-07T00:00:00+00:00', '--job-id', '367', '--raw', '--subdir', 'DAGS_FOLDER/fetching_api.py', '--cfg-path', '/var/folders/qr/k2__dmk5697g2jyd7w2tpyt80000gn/T/tmpix5xlc7k']
[2023-01-15T10:39:04.195+0200] {standard_task_runner.py:83} INFO - Job 367: Subtask etl_pipeline
[2023-01-15T10:39:04.316+0200] {task_command.py:389} INFO - Running <TaskInstance: railway_v02.etl_pipeline scheduled__2022-12-07T00:00:00+00:00 [running]> on host nhanchaus-macbook-air.local
[2023-01-15T10:39:04.404+0200] {taskinstance.py:1511} INFO - Exporting the following env vars:
AIRFLOW_CTX_DAG_OWNER=Nhan_Chau
AIRFLOW_CTX_DAG_ID=railway_v02
AIRFLOW_CTX_TASK_ID=etl_pipeline
AIRFLOW_CTX_EXECUTION_DATE=2022-12-07T00:00:00+00:00
AIRFLOW_CTX_TRY_NUMBER=4
AIRFLOW_CTX_DAG_RUN_ID=scheduled__2022-12-07T00:00:00+00:00
[2023-01-15T10:39:36.786+0200] {python.py:177} INFO - Done. Returned value was: None
[2023-01-15T10:39:36.827+0200] {taskinstance.py:1322} INFO - Marking task as SUCCESS. dag_id=railway_v02, task_id=etl_pipeline, execution_date=20221207T000000, start_date=20230115T083904, end_date=20230115T083936
[2023-01-15T10:39:36.890+0200] {local_task_job.py:159} INFO - Task exited with return code 0
[2023-01-15T10:39:36.932+0200] {taskinstance.py:2582} INFO - 0 downstream tasks scheduled from follow-on schedule check
[2023-01-15T12:09:19.653+0200] {taskinstance.py:1087} INFO - Dependencies all met for <TaskInstance: railway_v02.etl_pipeline scheduled__2022-12-07T00:00:00+00:00 [queued]>
[2023-01-15T12:09:19.698+0200] {taskinstance.py:1087} INFO - Dependencies all met for <TaskInstance: railway_v02.etl_pipeline scheduled__2022-12-07T00:00:00+00:00 [queued]>
[2023-01-15T12:09:19.699+0200] {taskinstance.py:1283} INFO - 
--------------------------------------------------------------------------------
[2023-01-15T12:09:19.703+0200] {taskinstance.py:1284} INFO - Starting attempt 4 of 6
[2023-01-15T12:09:19.704+0200] {taskinstance.py:1285} INFO - 
--------------------------------------------------------------------------------
[2023-01-15T12:09:19.773+0200] {taskinstance.py:1304} INFO - Executing <Task(_PythonDecoratedOperator): etl_pipeline> on 2022-12-07 00:00:00+00:00
[2023-01-15T12:09:19.876+0200] {standard_task_runner.py:55} INFO - Started process 37017 to run task
[2023-01-15T12:09:19.964+0200] {standard_task_runner.py:82} INFO - Running: ['airflow', 'tasks', 'run', 'railway_v02', 'etl_pipeline', 'scheduled__2022-12-07T00:00:00+00:00', '--job-id', '472', '--raw', '--subdir', 'DAGS_FOLDER/fetching_api.py', '--cfg-path', '/var/folders/qr/k2__dmk5697g2jyd7w2tpyt80000gn/T/tmpj8scrie_']
[2023-01-15T12:09:19.995+0200] {standard_task_runner.py:83} INFO - Job 472: Subtask etl_pipeline
[2023-01-15T12:09:20.504+0200] {task_command.py:389} INFO - Running <TaskInstance: railway_v02.etl_pipeline scheduled__2022-12-07T00:00:00+00:00 [running]> on host nhanchaus-macbook-air.local
[2023-01-15T12:09:20.771+0200] {taskinstance.py:1511} INFO - Exporting the following env vars:
AIRFLOW_CTX_DAG_OWNER=Nhan_Chau
AIRFLOW_CTX_DAG_ID=railway_v02
AIRFLOW_CTX_TASK_ID=etl_pipeline
AIRFLOW_CTX_EXECUTION_DATE=2022-12-07T00:00:00+00:00
AIRFLOW_CTX_TRY_NUMBER=4
AIRFLOW_CTX_DAG_RUN_ID=scheduled__2022-12-07T00:00:00+00:00
[2023-01-15T12:14:56.992+0200] {taskinstance.py:1772} ERROR - Task failed with exception
Traceback (most recent call last):
  File "/Library/Frameworks/Python.framework/Versions/3.10/lib/python3.10/site-packages/airflow/decorators/base.py", line 217, in execute
    return_value = super().execute(context)
  File "/Library/Frameworks/Python.framework/Versions/3.10/lib/python3.10/site-packages/airflow/operators/python.py", line 175, in execute
    return_value = self.execute_callable()
  File "/Library/Frameworks/Python.framework/Versions/3.10/lib/python3.10/site-packages/airflow/operators/python.py", line 192, in execute_callable
    return self.python_callable(*self.op_args, **self.op_kwargs)
  File "/Users/nhanchau/gitRepo/Raiway_with_AIrflow/dags/fetching_api.py", line 113, in etl_pipeline
    SparkSession.stop()
TypeError: SparkSession.stop() missing 1 required positional argument: 'self'
[2023-01-15T12:14:57.726+0200] {taskinstance.py:1322} INFO - Marking task as UP_FOR_RETRY. dag_id=railway_v02, task_id=etl_pipeline, execution_date=20221207T000000, start_date=20230115T100919, end_date=20230115T101457
[2023-01-15T12:14:57.968+0200] {standard_task_runner.py:100} ERROR - Failed to execute job 472 for task etl_pipeline (SparkSession.stop() missing 1 required positional argument: 'self'; 37017)
[2023-01-15T12:14:58.039+0200] {local_task_job.py:159} INFO - Task exited with return code 1
[2023-01-15T12:14:58.357+0200] {taskinstance.py:2582} INFO - 0 downstream tasks scheduled from follow-on schedule check
