[2023-01-15T12:20:17.697+0200] {taskinstance.py:1087} INFO - Dependencies all met for <TaskInstance: railway_v02.etl_pipeline scheduled__2023-01-03T00:00:00+00:00 [queued]>
[2023-01-15T12:20:17.780+0200] {taskinstance.py:1087} INFO - Dependencies all met for <TaskInstance: railway_v02.etl_pipeline scheduled__2023-01-03T00:00:00+00:00 [queued]>
[2023-01-15T12:20:17.781+0200] {taskinstance.py:1283} INFO - 
--------------------------------------------------------------------------------
[2023-01-15T12:20:17.781+0200] {taskinstance.py:1284} INFO - Starting attempt 4 of 6
[2023-01-15T12:20:17.782+0200] {taskinstance.py:1285} INFO - 
--------------------------------------------------------------------------------
[2023-01-15T12:20:18.309+0200] {taskinstance.py:1304} INFO - Executing <Task(_PythonDecoratedOperator): etl_pipeline> on 2023-01-03 00:00:00+00:00
[2023-01-15T12:20:18.335+0200] {standard_task_runner.py:55} INFO - Started process 40843 to run task
[2023-01-15T12:20:18.350+0200] {standard_task_runner.py:82} INFO - Running: ['airflow', 'tasks', 'run', 'railway_v02', 'etl_pipeline', 'scheduled__2023-01-03T00:00:00+00:00', '--job-id', '490', '--raw', '--subdir', 'DAGS_FOLDER/fetching_api.py', '--cfg-path', '/var/folders/qr/k2__dmk5697g2jyd7w2tpyt80000gn/T/tmp77qa5vyh']
[2023-01-15T12:20:18.358+0200] {standard_task_runner.py:83} INFO - Job 490: Subtask etl_pipeline
[2023-01-15T12:20:18.599+0200] {task_command.py:389} INFO - Running <TaskInstance: railway_v02.etl_pipeline scheduled__2023-01-03T00:00:00+00:00 [running]> on host nhanchaus-macbook-air.local
[2023-01-15T12:20:18.781+0200] {taskinstance.py:1511} INFO - Exporting the following env vars:
AIRFLOW_CTX_DAG_OWNER=Nhan_Chau
AIRFLOW_CTX_DAG_ID=railway_v02
AIRFLOW_CTX_TASK_ID=etl_pipeline
AIRFLOW_CTX_EXECUTION_DATE=2023-01-03T00:00:00+00:00
AIRFLOW_CTX_TRY_NUMBER=4
AIRFLOW_CTX_DAG_RUN_ID=scheduled__2023-01-03T00:00:00+00:00
[2023-01-15T12:21:41.986+0200] {taskinstance.py:1772} ERROR - Task failed with exception
Traceback (most recent call last):
  File "/Library/Frameworks/Python.framework/Versions/3.10/lib/python3.10/site-packages/airflow/decorators/base.py", line 217, in execute
    return_value = super().execute(context)
  File "/Library/Frameworks/Python.framework/Versions/3.10/lib/python3.10/site-packages/airflow/operators/python.py", line 175, in execute
    return_value = self.execute_callable()
  File "/Library/Frameworks/Python.framework/Versions/3.10/lib/python3.10/site-packages/airflow/operators/python.py", line 192, in execute_callable
    return self.python_callable(*self.op_args, **self.op_kwargs)
  File "/Users/nhanchau/gitRepo/Raiway_with_AIrflow/dags/fetching_api.py", line 113, in etl_pipeline
    SparkSession.stop()
TypeError: SparkSession.stop() missing 1 required positional argument: 'self'
[2023-01-15T12:21:42.472+0200] {taskinstance.py:1322} INFO - Marking task as UP_FOR_RETRY. dag_id=railway_v02, task_id=etl_pipeline, execution_date=20230103T000000, start_date=20230115T102017, end_date=20230115T102142
[2023-01-15T12:21:42.821+0200] {standard_task_runner.py:100} ERROR - Failed to execute job 490 for task etl_pipeline (SparkSession.stop() missing 1 required positional argument: 'self'; 40843)
[2023-01-15T12:21:42.869+0200] {local_task_job.py:159} INFO - Task exited with return code 1
[2023-01-15T12:21:43.277+0200] {taskinstance.py:2582} INFO - 0 downstream tasks scheduled from follow-on schedule check
