[2023-01-15T09:41:06.600+0200] {taskinstance.py:1087} INFO - Dependencies all met for <TaskInstance: railway_v02.etl_pipeline scheduled__2022-12-17T00:00:00+00:00 [queued]>
[2023-01-15T09:41:06.843+0200] {taskinstance.py:1087} INFO - Dependencies all met for <TaskInstance: railway_v02.etl_pipeline scheduled__2022-12-17T00:00:00+00:00 [queued]>
[2023-01-15T09:41:06.844+0200] {taskinstance.py:1283} INFO - 
--------------------------------------------------------------------------------
[2023-01-15T09:41:06.845+0200] {taskinstance.py:1284} INFO - Starting attempt 1 of 6
[2023-01-15T09:41:06.848+0200] {taskinstance.py:1285} INFO - 
--------------------------------------------------------------------------------
[2023-01-15T09:41:06.905+0200] {taskinstance.py:1304} INFO - Executing <Task(_PythonDecoratedOperator): etl_pipeline> on 2022-12-17 00:00:00+00:00
[2023-01-15T09:41:06.988+0200] {standard_task_runner.py:55} INFO - Started process 30274 to run task
[2023-01-15T09:41:07.016+0200] {standard_task_runner.py:82} INFO - Running: ['airflow', 'tasks', 'run', 'railway_v02', 'etl_pipeline', 'scheduled__2022-12-17T00:00:00+00:00', '--job-id', '233', '--raw', '--subdir', 'DAGS_FOLDER/fetching_api.py', '--cfg-path', '/var/folders/qr/k2__dmk5697g2jyd7w2tpyt80000gn/T/tmpgcjtmph2']
[2023-01-15T09:41:07.025+0200] {standard_task_runner.py:83} INFO - Job 233: Subtask etl_pipeline
[2023-01-15T09:41:07.612+0200] {task_command.py:389} INFO - Running <TaskInstance: railway_v02.etl_pipeline scheduled__2022-12-17T00:00:00+00:00 [running]> on host nhanchaus-macbook-air.local
[2023-01-15T09:41:08.320+0200] {taskinstance.py:1511} INFO - Exporting the following env vars:
AIRFLOW_CTX_DAG_OWNER=Nhan_Chau
AIRFLOW_CTX_DAG_ID=railway_v02
AIRFLOW_CTX_TASK_ID=etl_pipeline
AIRFLOW_CTX_EXECUTION_DATE=2022-12-17T00:00:00+00:00
AIRFLOW_CTX_TRY_NUMBER=1
AIRFLOW_CTX_DAG_RUN_ID=scheduled__2022-12-17T00:00:00+00:00
[2023-01-15T11:10:14.577+0200] {taskinstance.py:1087} INFO - Dependencies all met for <TaskInstance: railway_v02.etl_pipeline scheduled__2022-12-17T00:00:00+00:00 [queued]>
[2023-01-15T11:10:14.599+0200] {taskinstance.py:1087} INFO - Dependencies all met for <TaskInstance: railway_v02.etl_pipeline scheduled__2022-12-17T00:00:00+00:00 [queued]>
[2023-01-15T11:10:14.600+0200] {taskinstance.py:1283} INFO - 
--------------------------------------------------------------------------------
[2023-01-15T11:10:14.600+0200] {taskinstance.py:1284} INFO - Starting attempt 1 of 6
[2023-01-15T11:10:14.600+0200] {taskinstance.py:1285} INFO - 
--------------------------------------------------------------------------------
[2023-01-15T11:10:14.614+0200] {taskinstance.py:1304} INFO - Executing <Task(_PythonDecoratedOperator): etl_pipeline> on 2022-12-17 00:00:00+00:00
[2023-01-15T11:10:14.629+0200] {standard_task_runner.py:55} INFO - Started process 8116 to run task
[2023-01-15T11:10:14.639+0200] {standard_task_runner.py:82} INFO - Running: ['airflow', 'tasks', 'run', 'railway_v02', 'etl_pipeline', 'scheduled__2022-12-17T00:00:00+00:00', '--job-id', '427', '--raw', '--subdir', 'DAGS_FOLDER/fetching_api.py', '--cfg-path', '/var/folders/qr/k2__dmk5697g2jyd7w2tpyt80000gn/T/tmp2n_j4do2']
[2023-01-15T11:10:14.643+0200] {standard_task_runner.py:83} INFO - Job 427: Subtask etl_pipeline
[2023-01-15T11:10:14.756+0200] {task_command.py:389} INFO - Running <TaskInstance: railway_v02.etl_pipeline scheduled__2022-12-17T00:00:00+00:00 [running]> on host nhanchaus-macbook-air.local
[2023-01-15T11:10:14.840+0200] {taskinstance.py:1511} INFO - Exporting the following env vars:
AIRFLOW_CTX_DAG_OWNER=Nhan_Chau
AIRFLOW_CTX_DAG_ID=railway_v02
AIRFLOW_CTX_TASK_ID=etl_pipeline
AIRFLOW_CTX_EXECUTION_DATE=2022-12-17T00:00:00+00:00
AIRFLOW_CTX_TRY_NUMBER=1
AIRFLOW_CTX_DAG_RUN_ID=scheduled__2022-12-17T00:00:00+00:00
[2023-01-15T11:10:54.671+0200] {python.py:177} INFO - Done. Returned value was: None
[2023-01-15T11:10:54.708+0200] {taskinstance.py:1322} INFO - Marking task as SUCCESS. dag_id=railway_v02, task_id=etl_pipeline, execution_date=20221217T000000, start_date=20230115T091014, end_date=20230115T091054
[2023-01-15T11:10:54.759+0200] {local_task_job.py:159} INFO - Task exited with return code 0
[2023-01-15T11:10:54.813+0200] {taskinstance.py:2582} INFO - 0 downstream tasks scheduled from follow-on schedule check
