[2023-01-15T09:41:20.822+0200] {taskinstance.py:1087} INFO - Dependencies all met for <TaskInstance: railway_v02.etl_pipeline scheduled__2022-12-22T00:00:00+00:00 [queued]>
[2023-01-15T09:41:21.188+0200] {taskinstance.py:1087} INFO - Dependencies all met for <TaskInstance: railway_v02.etl_pipeline scheduled__2022-12-22T00:00:00+00:00 [queued]>
[2023-01-15T09:41:21.195+0200] {taskinstance.py:1283} INFO - 
--------------------------------------------------------------------------------
[2023-01-15T09:41:21.200+0200] {taskinstance.py:1284} INFO - Starting attempt 1 of 6
[2023-01-15T09:41:21.206+0200] {taskinstance.py:1285} INFO - 
--------------------------------------------------------------------------------
[2023-01-15T09:41:21.601+0200] {taskinstance.py:1304} INFO - Executing <Task(_PythonDecoratedOperator): etl_pipeline> on 2022-12-22 00:00:00+00:00
[2023-01-15T09:41:22.007+0200] {standard_task_runner.py:55} INFO - Started process 30542 to run task
[2023-01-15T09:41:22.051+0200] {standard_task_runner.py:82} INFO - Running: ['airflow', 'tasks', 'run', 'railway_v02', 'etl_pipeline', 'scheduled__2022-12-22T00:00:00+00:00', '--job-id', '237', '--raw', '--subdir', 'DAGS_FOLDER/fetching_api.py', '--cfg-path', '/var/folders/qr/k2__dmk5697g2jyd7w2tpyt80000gn/T/tmpz612kj7d']
[2023-01-15T09:41:22.064+0200] {standard_task_runner.py:83} INFO - Job 237: Subtask etl_pipeline
[2023-01-15T09:41:24.446+0200] {task_command.py:389} INFO - Running <TaskInstance: railway_v02.etl_pipeline scheduled__2022-12-22T00:00:00+00:00 [running]> on host nhanchaus-macbook-air.local
[2023-01-15T09:41:27.168+0200] {taskinstance.py:1511} INFO - Exporting the following env vars:
AIRFLOW_CTX_DAG_OWNER=Nhan_Chau
AIRFLOW_CTX_DAG_ID=railway_v02
AIRFLOW_CTX_TASK_ID=etl_pipeline
AIRFLOW_CTX_EXECUTION_DATE=2022-12-22T00:00:00+00:00
AIRFLOW_CTX_TRY_NUMBER=1
AIRFLOW_CTX_DAG_RUN_ID=scheduled__2022-12-22T00:00:00+00:00
[2023-01-15T11:11:10.807+0200] {taskinstance.py:1087} INFO - Dependencies all met for <TaskInstance: railway_v02.etl_pipeline scheduled__2022-12-22T00:00:00+00:00 [queued]>
[2023-01-15T11:11:10.824+0200] {taskinstance.py:1087} INFO - Dependencies all met for <TaskInstance: railway_v02.etl_pipeline scheduled__2022-12-22T00:00:00+00:00 [queued]>
[2023-01-15T11:11:10.825+0200] {taskinstance.py:1283} INFO - 
--------------------------------------------------------------------------------
[2023-01-15T11:11:10.826+0200] {taskinstance.py:1284} INFO - Starting attempt 1 of 6
[2023-01-15T11:11:10.826+0200] {taskinstance.py:1285} INFO - 
--------------------------------------------------------------------------------
[2023-01-15T11:11:10.843+0200] {taskinstance.py:1304} INFO - Executing <Task(_PythonDecoratedOperator): etl_pipeline> on 2022-12-22 00:00:00+00:00
[2023-01-15T11:11:10.853+0200] {standard_task_runner.py:55} INFO - Started process 8715 to run task
[2023-01-15T11:11:10.859+0200] {standard_task_runner.py:82} INFO - Running: ['airflow', 'tasks', 'run', 'railway_v02', 'etl_pipeline', 'scheduled__2022-12-22T00:00:00+00:00', '--job-id', '432', '--raw', '--subdir', 'DAGS_FOLDER/fetching_api.py', '--cfg-path', '/var/folders/qr/k2__dmk5697g2jyd7w2tpyt80000gn/T/tmppu_ydw2v']
[2023-01-15T11:11:10.862+0200] {standard_task_runner.py:83} INFO - Job 432: Subtask etl_pipeline
[2023-01-15T11:11:10.938+0200] {task_command.py:389} INFO - Running <TaskInstance: railway_v02.etl_pipeline scheduled__2022-12-22T00:00:00+00:00 [running]> on host nhanchaus-macbook-air.local
[2023-01-15T11:11:11.009+0200] {taskinstance.py:1511} INFO - Exporting the following env vars:
AIRFLOW_CTX_DAG_OWNER=Nhan_Chau
AIRFLOW_CTX_DAG_ID=railway_v02
AIRFLOW_CTX_TASK_ID=etl_pipeline
AIRFLOW_CTX_EXECUTION_DATE=2022-12-22T00:00:00+00:00
AIRFLOW_CTX_TRY_NUMBER=1
AIRFLOW_CTX_DAG_RUN_ID=scheduled__2022-12-22T00:00:00+00:00
[2023-01-15T11:11:56.656+0200] {python.py:177} INFO - Done. Returned value was: None
[2023-01-15T11:11:56.691+0200] {taskinstance.py:1322} INFO - Marking task as SUCCESS. dag_id=railway_v02, task_id=etl_pipeline, execution_date=20221222T000000, start_date=20230115T091110, end_date=20230115T091156
[2023-01-15T11:11:56.758+0200] {local_task_job.py:159} INFO - Task exited with return code 0
[2023-01-15T11:11:56.798+0200] {taskinstance.py:2582} INFO - 0 downstream tasks scheduled from follow-on schedule check
