[2023-01-15T09:41:03.489+0200] {taskinstance.py:1087} INFO - Dependencies all met for <TaskInstance: railway_v02.etl_pipeline scheduled__2022-12-14T00:00:00+00:00 [queued]>
[2023-01-15T09:41:03.541+0200] {taskinstance.py:1087} INFO - Dependencies all met for <TaskInstance: railway_v02.etl_pipeline scheduled__2022-12-14T00:00:00+00:00 [queued]>
[2023-01-15T09:41:03.542+0200] {taskinstance.py:1283} INFO - 
--------------------------------------------------------------------------------
[2023-01-15T09:41:03.542+0200] {taskinstance.py:1284} INFO - Starting attempt 1 of 6
[2023-01-15T09:41:03.542+0200] {taskinstance.py:1285} INFO - 
--------------------------------------------------------------------------------
[2023-01-15T09:41:03.577+0200] {taskinstance.py:1304} INFO - Executing <Task(_PythonDecoratedOperator): etl_pipeline> on 2022-12-14 00:00:00+00:00
[2023-01-15T09:41:03.662+0200] {standard_task_runner.py:55} INFO - Started process 30190 to run task
[2023-01-15T09:41:03.710+0200] {standard_task_runner.py:82} INFO - Running: ['airflow', 'tasks', 'run', 'railway_v02', 'etl_pipeline', 'scheduled__2022-12-14T00:00:00+00:00', '--job-id', '230', '--raw', '--subdir', 'DAGS_FOLDER/fetching_api.py', '--cfg-path', '/var/folders/qr/k2__dmk5697g2jyd7w2tpyt80000gn/T/tmph_1j810j']
[2023-01-15T09:41:03.715+0200] {standard_task_runner.py:83} INFO - Job 230: Subtask etl_pipeline
[2023-01-15T09:41:04.277+0200] {task_command.py:389} INFO - Running <TaskInstance: railway_v02.etl_pipeline scheduled__2022-12-14T00:00:00+00:00 [running]> on host nhanchaus-macbook-air.local
[2023-01-15T09:41:04.859+0200] {taskinstance.py:1511} INFO - Exporting the following env vars:
AIRFLOW_CTX_DAG_OWNER=Nhan_Chau
AIRFLOW_CTX_DAG_ID=railway_v02
AIRFLOW_CTX_TASK_ID=etl_pipeline
AIRFLOW_CTX_EXECUTION_DATE=2022-12-14T00:00:00+00:00
AIRFLOW_CTX_TRY_NUMBER=1
AIRFLOW_CTX_DAG_RUN_ID=scheduled__2022-12-14T00:00:00+00:00
[2023-01-15T11:09:34.309+0200] {taskinstance.py:1087} INFO - Dependencies all met for <TaskInstance: railway_v02.etl_pipeline scheduled__2022-12-14T00:00:00+00:00 [queued]>
[2023-01-15T11:09:34.322+0200] {taskinstance.py:1087} INFO - Dependencies all met for <TaskInstance: railway_v02.etl_pipeline scheduled__2022-12-14T00:00:00+00:00 [queued]>
[2023-01-15T11:09:34.323+0200] {taskinstance.py:1283} INFO - 
--------------------------------------------------------------------------------
[2023-01-15T11:09:34.323+0200] {taskinstance.py:1284} INFO - Starting attempt 1 of 6
[2023-01-15T11:09:34.324+0200] {taskinstance.py:1285} INFO - 
--------------------------------------------------------------------------------
[2023-01-15T11:09:34.334+0200] {taskinstance.py:1304} INFO - Executing <Task(_PythonDecoratedOperator): etl_pipeline> on 2022-12-14 00:00:00+00:00
[2023-01-15T11:09:34.344+0200] {standard_task_runner.py:55} INFO - Started process 7774 to run task
[2023-01-15T11:09:34.350+0200] {standard_task_runner.py:82} INFO - Running: ['airflow', 'tasks', 'run', 'railway_v02', 'etl_pipeline', 'scheduled__2022-12-14T00:00:00+00:00', '--job-id', '424', '--raw', '--subdir', 'DAGS_FOLDER/fetching_api.py', '--cfg-path', '/var/folders/qr/k2__dmk5697g2jyd7w2tpyt80000gn/T/tmptesstoj3']
[2023-01-15T11:09:34.352+0200] {standard_task_runner.py:83} INFO - Job 424: Subtask etl_pipeline
[2023-01-15T11:09:34.427+0200] {task_command.py:389} INFO - Running <TaskInstance: railway_v02.etl_pipeline scheduled__2022-12-14T00:00:00+00:00 [running]> on host nhanchaus-macbook-air.local
[2023-01-15T11:09:34.494+0200] {taskinstance.py:1511} INFO - Exporting the following env vars:
AIRFLOW_CTX_DAG_OWNER=Nhan_Chau
AIRFLOW_CTX_DAG_ID=railway_v02
AIRFLOW_CTX_TASK_ID=etl_pipeline
AIRFLOW_CTX_EXECUTION_DATE=2022-12-14T00:00:00+00:00
AIRFLOW_CTX_TRY_NUMBER=1
AIRFLOW_CTX_DAG_RUN_ID=scheduled__2022-12-14T00:00:00+00:00
[2023-01-15T11:10:10.905+0200] {python.py:177} INFO - Done. Returned value was: None
[2023-01-15T11:10:10.956+0200] {taskinstance.py:1322} INFO - Marking task as SUCCESS. dag_id=railway_v02, task_id=etl_pipeline, execution_date=20221214T000000, start_date=20230115T090934, end_date=20230115T091010
[2023-01-15T11:10:11.013+0200] {local_task_job.py:159} INFO - Task exited with return code 0
[2023-01-15T11:10:11.047+0200] {taskinstance.py:2582} INFO - 0 downstream tasks scheduled from follow-on schedule check
