[2023-01-15T09:54:43.381+0200] {taskinstance.py:1087} INFO - Dependencies all met for <TaskInstance: railway_v02.etl_pipeline scheduled__2022-12-02T00:00:00+00:00 [queued]>
[2023-01-15T09:54:46.194+0200] {taskinstance.py:1087} INFO - Dependencies all met for <TaskInstance: railway_v02.etl_pipeline scheduled__2022-12-02T00:00:00+00:00 [queued]>
[2023-01-15T09:54:46.368+0200] {taskinstance.py:1283} INFO - 
--------------------------------------------------------------------------------
[2023-01-15T09:54:46.410+0200] {taskinstance.py:1284} INFO - Starting attempt 2 of 6
[2023-01-15T09:54:46.426+0200] {taskinstance.py:1285} INFO - 
--------------------------------------------------------------------------------
[2023-01-15T09:54:54.263+0200] {taskinstance.py:1304} INFO - Executing <Task(_PythonDecoratedOperator): etl_pipeline> on 2022-12-02 00:00:00+00:00
[2023-01-15T09:54:54.645+0200] {standard_task_runner.py:55} INFO - Started process 5205 to run task
[2023-01-15T09:54:55.128+0200] {standard_task_runner.py:82} INFO - Running: ['airflow', 'tasks', 'run', 'railway_v02', 'etl_pipeline', 'scheduled__2022-12-02T00:00:00+00:00', '--job-id', '301', '--raw', '--subdir', 'DAGS_FOLDER/fetching_api.py', '--cfg-path', '/var/folders/qr/k2__dmk5697g2jyd7w2tpyt80000gn/T/tmpgzftll0v']
[2023-01-15T09:54:55.326+0200] {standard_task_runner.py:83} INFO - Job 301: Subtask etl_pipeline
[2023-01-15T09:55:15.016+0200] {task_command.py:389} INFO - Running <TaskInstance: railway_v02.etl_pipeline scheduled__2022-12-02T00:00:00+00:00 [running]> on host nhanchaus-macbook-air.local
[2023-01-15T09:55:39.555+0200] {taskinstance.py:1511} INFO - Exporting the following env vars:
AIRFLOW_CTX_DAG_OWNER=Nhan_Chau
AIRFLOW_CTX_DAG_ID=railway_v02
AIRFLOW_CTX_TASK_ID=etl_pipeline
AIRFLOW_CTX_EXECUTION_DATE=2022-12-02T00:00:00+00:00
AIRFLOW_CTX_TRY_NUMBER=2
AIRFLOW_CTX_DAG_RUN_ID=scheduled__2022-12-02T00:00:00+00:00
[2023-01-15T09:58:55.377+0200] {taskinstance.py:1772} ERROR - Task failed with exception
Traceback (most recent call last):
  File "/Library/Frameworks/Python.framework/Versions/3.10/lib/python3.10/site-packages/airflow/decorators/base.py", line 217, in execute
    return_value = super().execute(context)
  File "/Library/Frameworks/Python.framework/Versions/3.10/lib/python3.10/site-packages/airflow/operators/python.py", line 175, in execute
    return_value = self.execute_callable()
  File "/Library/Frameworks/Python.framework/Versions/3.10/lib/python3.10/site-packages/airflow/operators/python.py", line 192, in execute_callable
    return self.python_callable(*self.op_args, **self.op_kwargs)
  File "/Users/nhanchau/gitRepo/Raiway_with_AIrflow/dags/fetching_api.py", line 35, in etl_pipeline
    .getOrCreate())
  File "/Library/Frameworks/Python.framework/Versions/3.10/lib/python3.10/site-packages/pyspark/sql/session.py", line 269, in getOrCreate
    sc = SparkContext.getOrCreate(sparkConf)
  File "/Library/Frameworks/Python.framework/Versions/3.10/lib/python3.10/site-packages/pyspark/context.py", line 483, in getOrCreate
    SparkContext(conf=conf or SparkConf())
  File "/Library/Frameworks/Python.framework/Versions/3.10/lib/python3.10/site-packages/pyspark/context.py", line 195, in __init__
    SparkContext._ensure_initialized(self, gateway=gateway, conf=conf)
  File "/Library/Frameworks/Python.framework/Versions/3.10/lib/python3.10/site-packages/pyspark/context.py", line 417, in _ensure_initialized
    SparkContext._gateway = gateway or launch_gateway(conf)
  File "/Library/Frameworks/Python.framework/Versions/3.10/lib/python3.10/site-packages/pyspark/java_gateway.py", line 106, in launch_gateway
    raise RuntimeError("Java gateway process exited before sending its port number")
RuntimeError: Java gateway process exited before sending its port number
[2023-01-15T09:58:56.778+0200] {taskinstance.py:1322} INFO - Marking task as UP_FOR_RETRY. dag_id=railway_v02, task_id=etl_pipeline, execution_date=20221202T000000, start_date=20230115T075443, end_date=20230115T075856
[2023-01-15T09:58:57.280+0200] {standard_task_runner.py:100} ERROR - Failed to execute job 301 for task etl_pipeline (Java gateway process exited before sending its port number; 5205)
[2023-01-15T11:13:31.991+0200] {taskinstance.py:1087} INFO - Dependencies all met for <TaskInstance: railway_v02.etl_pipeline scheduled__2022-12-02T00:00:00+00:00 [queued]>
[2023-01-15T11:13:32.088+0200] {taskinstance.py:1087} INFO - Dependencies all met for <TaskInstance: railway_v02.etl_pipeline scheduled__2022-12-02T00:00:00+00:00 [queued]>
[2023-01-15T11:13:32.091+0200] {taskinstance.py:1283} INFO - 
--------------------------------------------------------------------------------
[2023-01-15T11:13:32.092+0200] {taskinstance.py:1284} INFO - Starting attempt 2 of 6
[2023-01-15T11:13:32.093+0200] {taskinstance.py:1285} INFO - 
--------------------------------------------------------------------------------
[2023-01-15T11:13:32.141+0200] {taskinstance.py:1304} INFO - Executing <Task(_PythonDecoratedOperator): etl_pipeline> on 2022-12-02 00:00:00+00:00
[2023-01-15T11:13:32.156+0200] {standard_task_runner.py:55} INFO - Started process 10031 to run task
[2023-01-15T11:13:32.183+0200] {standard_task_runner.py:82} INFO - Running: ['airflow', 'tasks', 'run', 'railway_v02', 'etl_pipeline', 'scheduled__2022-12-02T00:00:00+00:00', '--job-id', '444', '--raw', '--subdir', 'DAGS_FOLDER/fetching_api.py', '--cfg-path', '/var/folders/qr/k2__dmk5697g2jyd7w2tpyt80000gn/T/tmptc_1hhmk']
[2023-01-15T11:13:32.187+0200] {standard_task_runner.py:83} INFO - Job 444: Subtask etl_pipeline
[2023-01-15T11:13:32.973+0200] {task_command.py:389} INFO - Running <TaskInstance: railway_v02.etl_pipeline scheduled__2022-12-02T00:00:00+00:00 [running]> on host nhanchaus-macbook-air.local
[2023-01-15T11:13:33.684+0200] {taskinstance.py:1511} INFO - Exporting the following env vars:
AIRFLOW_CTX_DAG_OWNER=Nhan_Chau
AIRFLOW_CTX_DAG_ID=railway_v02
AIRFLOW_CTX_TASK_ID=etl_pipeline
AIRFLOW_CTX_EXECUTION_DATE=2022-12-02T00:00:00+00:00
AIRFLOW_CTX_TRY_NUMBER=2
AIRFLOW_CTX_DAG_RUN_ID=scheduled__2022-12-02T00:00:00+00:00
[2023-01-15T11:16:56.710+0200] {python.py:177} INFO - Done. Returned value was: None
[2023-01-15T11:16:58.590+0200] {taskinstance.py:1322} INFO - Marking task as SUCCESS. dag_id=railway_v02, task_id=etl_pipeline, execution_date=20221202T000000, start_date=20230115T091331, end_date=20230115T091658
[2023-01-15T11:16:59.103+0200] {local_task_job.py:159} INFO - Task exited with return code 0
[2023-01-15T11:16:59.836+0200] {taskinstance.py:2582} INFO - 0 downstream tasks scheduled from follow-on schedule check
