[2023-01-15T08:21:14.223+0200] {taskinstance.py:1087} INFO - Dependencies all met for <TaskInstance: railway_v01.etl_pipeline manual__2023-01-15T06:18:15.452558+00:00 [queued]>
[2023-01-15T08:21:14.235+0200] {taskinstance.py:1087} INFO - Dependencies all met for <TaskInstance: railway_v01.etl_pipeline manual__2023-01-15T06:18:15.452558+00:00 [queued]>
[2023-01-15T08:21:14.236+0200] {taskinstance.py:1283} INFO - 
--------------------------------------------------------------------------------
[2023-01-15T08:21:14.236+0200] {taskinstance.py:1284} INFO - Starting attempt 2 of 7
[2023-01-15T08:21:14.236+0200] {taskinstance.py:1285} INFO - 
--------------------------------------------------------------------------------
[2023-01-15T08:21:14.249+0200] {taskinstance.py:1304} INFO - Executing <Task(PythonOperator): etl_pipeline> on 2023-01-15 06:18:15.452558+00:00
[2023-01-15T08:21:14.256+0200] {standard_task_runner.py:55} INFO - Started process 18358 to run task
[2023-01-15T08:21:14.261+0200] {standard_task_runner.py:82} INFO - Running: ['airflow', 'tasks', 'run', 'railway_v01', 'etl_pipeline', 'manual__2023-01-15T06:18:15.452558+00:00', '--job-id', '211', '--raw', '--subdir', 'DAGS_FOLDER/fetching_api.py', '--cfg-path', '/var/folders/qr/k2__dmk5697g2jyd7w2tpyt80000gn/T/tmpz6snueym']
[2023-01-15T08:21:14.263+0200] {standard_task_runner.py:83} INFO - Job 211: Subtask etl_pipeline
[2023-01-15T08:21:14.327+0200] {task_command.py:389} INFO - Running <TaskInstance: railway_v01.etl_pipeline manual__2023-01-15T06:18:15.452558+00:00 [running]> on host nhanchaus-macbook-air.local
[2023-01-15T08:21:14.388+0200] {taskinstance.py:1511} INFO - Exporting the following env vars:
AIRFLOW_CTX_DAG_OWNER=Nhan_Chau
AIRFLOW_CTX_DAG_ID=railway_v01
AIRFLOW_CTX_TASK_ID=etl_pipeline
AIRFLOW_CTX_EXECUTION_DATE=2023-01-15T06:18:15.452558+00:00
AIRFLOW_CTX_TRY_NUMBER=2
AIRFLOW_CTX_DAG_RUN_ID=manual__2023-01-15T06:18:15.452558+00:00
[2023-01-15T08:21:40.186+0200] {python.py:177} INFO - Done. Returned value was: None
[2023-01-15T08:21:40.218+0200] {taskinstance.py:1322} INFO - Marking task as SUCCESS. dag_id=railway_v01, task_id=etl_pipeline, execution_date=20230115T061815, start_date=20230115T062114, end_date=20230115T062140
[2023-01-15T08:21:40.270+0200] {local_task_job.py:159} INFO - Task exited with return code 0
[2023-01-15T08:21:40.294+0200] {taskinstance.py:2582} INFO - 0 downstream tasks scheduled from follow-on schedule check
