[2023-01-15T08:18:17.496+0200] {taskinstance.py:1087} INFO - Dependencies all met for <TaskInstance: railway_v01.etl_pipeline manual__2023-01-15T06:18:15.452558+00:00 [queued]>
[2023-01-15T08:18:17.507+0200] {taskinstance.py:1087} INFO - Dependencies all met for <TaskInstance: railway_v01.etl_pipeline manual__2023-01-15T06:18:15.452558+00:00 [queued]>
[2023-01-15T08:18:17.508+0200] {taskinstance.py:1283} INFO - 
--------------------------------------------------------------------------------
[2023-01-15T08:18:17.508+0200] {taskinstance.py:1284} INFO - Starting attempt 1 of 6
[2023-01-15T08:18:17.508+0200] {taskinstance.py:1285} INFO - 
--------------------------------------------------------------------------------
[2023-01-15T08:18:17.519+0200] {taskinstance.py:1304} INFO - Executing <Task(PythonOperator): etl_pipeline> on 2023-01-15 06:18:15.452558+00:00
[2023-01-15T08:18:17.527+0200] {standard_task_runner.py:55} INFO - Started process 17846 to run task
[2023-01-15T08:18:17.532+0200] {standard_task_runner.py:82} INFO - Running: ['airflow', 'tasks', 'run', 'railway_v01', 'etl_pipeline', 'manual__2023-01-15T06:18:15.452558+00:00', '--job-id', '210', '--raw', '--subdir', 'DAGS_FOLDER/fetching_api.py', '--cfg-path', '/var/folders/qr/k2__dmk5697g2jyd7w2tpyt80000gn/T/tmpbb65wesw']
[2023-01-15T08:18:17.534+0200] {standard_task_runner.py:83} INFO - Job 210: Subtask etl_pipeline
[2023-01-15T08:18:17.608+0200] {task_command.py:389} INFO - Running <TaskInstance: railway_v01.etl_pipeline manual__2023-01-15T06:18:15.452558+00:00 [running]> on host nhanchaus-macbook-air.local
[2023-01-15T08:18:17.676+0200] {taskinstance.py:1511} INFO - Exporting the following env vars:
AIRFLOW_CTX_DAG_OWNER=Nhan_Chau
AIRFLOW_CTX_DAG_ID=railway_v01
AIRFLOW_CTX_TASK_ID=etl_pipeline
AIRFLOW_CTX_EXECUTION_DATE=2023-01-15T06:18:15.452558+00:00
AIRFLOW_CTX_TRY_NUMBER=1
AIRFLOW_CTX_DAG_RUN_ID=manual__2023-01-15T06:18:15.452558+00:00
[2023-01-15T08:18:43.241+0200] {python.py:177} INFO - Done. Returned value was: None
[2023-01-15T08:18:43.265+0200] {taskinstance.py:1322} INFO - Marking task as SUCCESS. dag_id=railway_v01, task_id=etl_pipeline, execution_date=20230115T061815, start_date=20230115T061817, end_date=20230115T061843
[2023-01-15T08:18:43.290+0200] {local_task_job.py:159} INFO - Task exited with return code 0
[2023-01-15T08:18:43.314+0200] {taskinstance.py:2582} INFO - 0 downstream tasks scheduled from follow-on schedule check
