[2023-02-03T06:44:33.468+0200] {taskinstance.py:1083} INFO - Dependencies all met for <TaskInstance: railway_v02.etl_pipeline manual__2023-01-15T10:25:55.561100+00:00 [queued]>
[2023-02-03T06:44:33.524+0200] {taskinstance.py:1083} INFO - Dependencies all met for <TaskInstance: railway_v02.etl_pipeline manual__2023-01-15T10:25:55.561100+00:00 [queued]>
[2023-02-03T06:44:33.525+0200] {taskinstance.py:1279} INFO - 
--------------------------------------------------------------------------------
[2023-02-03T06:44:33.526+0200] {taskinstance.py:1280} INFO - Starting attempt 4 of 6
[2023-02-03T06:44:33.527+0200] {taskinstance.py:1281} INFO - 
--------------------------------------------------------------------------------
[2023-02-03T06:44:33.673+0200] {taskinstance.py:1300} INFO - Executing <Task(_PythonDecoratedOperator): etl_pipeline> on 2023-01-15 10:25:55.561100+00:00
[2023-02-03T06:44:33.688+0200] {standard_task_runner.py:55} INFO - Started process 47944 to run task
[2023-02-03T06:44:33.699+0200] {standard_task_runner.py:82} INFO - Running: ['airflow', 'tasks', 'run', 'railway_v02', 'etl_pipeline', 'manual__2023-01-15T10:25:55.561100+00:00', '--job-id', '563', '--raw', '--subdir', 'DAGS_FOLDER/fetching_api.py', '--cfg-path', '/var/folders/qr/k2__dmk5697g2jyd7w2tpyt80000gn/T/tmpg09e4_o3']
[2023-02-03T06:44:33.703+0200] {standard_task_runner.py:83} INFO - Job 563: Subtask etl_pipeline
[2023-02-03T06:44:33.810+0200] {task_command.py:388} INFO - Running <TaskInstance: railway_v02.etl_pipeline manual__2023-01-15T10:25:55.561100+00:00 [running]> on host nhanchaus-macbook-air.local
[2023-02-03T06:44:34.012+0200] {taskinstance.py:1507} INFO - Exporting the following env vars:
AIRFLOW_CTX_DAG_OWNER=Nhan_Chau
AIRFLOW_CTX_DAG_ID=railway_v02
AIRFLOW_CTX_TASK_ID=etl_pipeline
AIRFLOW_CTX_EXECUTION_DATE=2023-01-15T10:25:55.561100+00:00
AIRFLOW_CTX_TRY_NUMBER=4
AIRFLOW_CTX_DAG_RUN_ID=manual__2023-01-15T10:25:55.561100+00:00
[2023-02-03T06:45:37.782+0200] {taskinstance.py:1768} ERROR - Task failed with exception
Traceback (most recent call last):
  File "/Library/Frameworks/Python.framework/Versions/3.10/lib/python3.10/site-packages/airflow/decorators/base.py", line 217, in execute
    return_value = super().execute(context)
  File "/Library/Frameworks/Python.framework/Versions/3.10/lib/python3.10/site-packages/airflow/operators/python.py", line 175, in execute
    return_value = self.execute_callable()
  File "/Library/Frameworks/Python.framework/Versions/3.10/lib/python3.10/site-packages/airflow/operators/python.py", line 192, in execute_callable
    return self.python_callable(*self.op_args, **self.op_kwargs)
  File "/Users/nhanchau/gitRepo/Raiway_with_AIrflow/dags/fetching_api.py", line 107, in etl_pipeline
    SparkSession.stop()
TypeError: SparkSession.stop() missing 1 required positional argument: 'self'
[2023-02-03T06:45:37.812+0200] {taskinstance.py:1318} INFO - Marking task as UP_FOR_RETRY. dag_id=railway_v02, task_id=etl_pipeline, execution_date=20230115T102555, start_date=20230203T044433, end_date=20230203T044537
[2023-02-03T06:45:37.830+0200] {standard_task_runner.py:100} ERROR - Failed to execute job 563 for task etl_pipeline (SparkSession.stop() missing 1 required positional argument: 'self'; 47944)
[2023-02-03T06:45:37.860+0200] {local_task_job.py:208} INFO - Task exited with return code 1
[2023-02-03T06:45:37.892+0200] {taskinstance.py:2578} INFO - 0 downstream tasks scheduled from follow-on schedule check
