[2023-01-15T09:44:19.045+0200] {taskinstance.py:1087} INFO - Dependencies all met for <TaskInstance: railway_v02.etl_pipeline scheduled__2023-01-01T00:00:00+00:00 [queued]>
[2023-01-15T09:44:20.257+0200] {taskinstance.py:1087} INFO - Dependencies all met for <TaskInstance: railway_v02.etl_pipeline scheduled__2023-01-01T00:00:00+00:00 [queued]>
[2023-01-15T09:44:20.377+0200] {taskinstance.py:1283} INFO - 
--------------------------------------------------------------------------------
[2023-01-15T09:44:20.388+0200] {taskinstance.py:1284} INFO - Starting attempt 1 of 6
[2023-01-15T09:44:20.390+0200] {taskinstance.py:1285} INFO - 
--------------------------------------------------------------------------------
[2023-01-15T09:44:27.876+0200] {taskinstance.py:1304} INFO - Executing <Task(_PythonDecoratedOperator): etl_pipeline> on 2023-01-01 00:00:00+00:00
[2023-01-15T09:44:28.888+0200] {standard_task_runner.py:55} INFO - Started process 32877 to run task
[2023-01-15T09:44:29.548+0200] {standard_task_runner.py:82} INFO - Running: ['airflow', 'tasks', 'run', 'railway_v02', 'etl_pipeline', 'scheduled__2023-01-01T00:00:00+00:00', '--job-id', '247', '--raw', '--subdir', 'DAGS_FOLDER/fetching_api.py', '--cfg-path', '/var/folders/qr/k2__dmk5697g2jyd7w2tpyt80000gn/T/tmp17luargt']
[2023-01-15T09:44:29.804+0200] {standard_task_runner.py:83} INFO - Job 247: Subtask etl_pipeline
[2023-01-15T11:15:26.128+0200] {taskinstance.py:1087} INFO - Dependencies all met for <TaskInstance: railway_v02.etl_pipeline scheduled__2023-01-01T00:00:00+00:00 [queued]>
[2023-01-15T11:15:26.231+0200] {taskinstance.py:1087} INFO - Dependencies all met for <TaskInstance: railway_v02.etl_pipeline scheduled__2023-01-01T00:00:00+00:00 [queued]>
[2023-01-15T11:15:26.234+0200] {taskinstance.py:1283} INFO - 
--------------------------------------------------------------------------------
[2023-01-15T11:15:26.237+0200] {taskinstance.py:1284} INFO - Starting attempt 1 of 6
[2023-01-15T11:15:26.240+0200] {taskinstance.py:1285} INFO - 
--------------------------------------------------------------------------------
[2023-01-15T11:15:26.391+0200] {taskinstance.py:1304} INFO - Executing <Task(_PythonDecoratedOperator): etl_pipeline> on 2023-01-01 00:00:00+00:00
[2023-01-15T11:15:26.429+0200] {standard_task_runner.py:55} INFO - Started process 10979 to run task
[2023-01-15T11:15:26.464+0200] {standard_task_runner.py:82} INFO - Running: ['airflow', 'tasks', 'run', 'railway_v02', 'etl_pipeline', 'scheduled__2023-01-01T00:00:00+00:00', '--job-id', '449', '--raw', '--subdir', 'DAGS_FOLDER/fetching_api.py', '--cfg-path', '/var/folders/qr/k2__dmk5697g2jyd7w2tpyt80000gn/T/tmpwozgsm24']
[2023-01-15T11:15:26.475+0200] {standard_task_runner.py:83} INFO - Job 449: Subtask etl_pipeline
[2023-01-15T11:15:27.301+0200] {task_command.py:389} INFO - Running <TaskInstance: railway_v02.etl_pipeline scheduled__2023-01-01T00:00:00+00:00 [running]> on host nhanchaus-macbook-air.local
[2023-01-15T11:15:27.692+0200] {taskinstance.py:1511} INFO - Exporting the following env vars:
AIRFLOW_CTX_DAG_OWNER=Nhan_Chau
AIRFLOW_CTX_DAG_ID=railway_v02
AIRFLOW_CTX_TASK_ID=etl_pipeline
AIRFLOW_CTX_EXECUTION_DATE=2023-01-01T00:00:00+00:00
AIRFLOW_CTX_TRY_NUMBER=1
AIRFLOW_CTX_DAG_RUN_ID=scheduled__2023-01-01T00:00:00+00:00
[2023-01-15T11:18:04.958+0200] {taskinstance.py:1772} ERROR - Task failed with exception
Traceback (most recent call last):
  File "/Library/Frameworks/Python.framework/Versions/3.10/lib/python3.10/site-packages/airflow/decorators/base.py", line 217, in execute
    return_value = super().execute(context)
  File "/Library/Frameworks/Python.framework/Versions/3.10/lib/python3.10/site-packages/airflow/operators/python.py", line 175, in execute
    return_value = self.execute_callable()
  File "/Library/Frameworks/Python.framework/Versions/3.10/lib/python3.10/site-packages/airflow/operators/python.py", line 192, in execute_callable
    return self.python_callable(*self.op_args, **self.op_kwargs)
  File "/Users/nhanchau/gitRepo/Raiway_with_AIrflow/dags/fetching_api.py", line 112, in etl_pipeline
    SparkSession.stop()
TypeError: SparkSession.stop() missing 1 required positional argument: 'self'
[2023-01-15T11:18:05.071+0200] {taskinstance.py:1322} INFO - Marking task as UP_FOR_RETRY. dag_id=railway_v02, task_id=etl_pipeline, execution_date=20230101T000000, start_date=20230115T091526, end_date=20230115T091805
[2023-01-15T11:18:05.116+0200] {standard_task_runner.py:100} ERROR - Failed to execute job 449 for task etl_pipeline (SparkSession.stop() missing 1 required positional argument: 'self'; 10979)
[2023-01-15T11:18:05.172+0200] {local_task_job.py:159} INFO - Task exited with return code 1
[2023-01-15T11:18:05.415+0200] {taskinstance.py:2582} INFO - 0 downstream tasks scheduled from follow-on schedule check
