[2023-01-15T09:41:10.425+0200] {taskinstance.py:1087} INFO - Dependencies all met for <TaskInstance: railway_v02.etl_pipeline scheduled__2022-12-18T00:00:00+00:00 [queued]>
[2023-01-15T09:41:10.637+0200] {taskinstance.py:1087} INFO - Dependencies all met for <TaskInstance: railway_v02.etl_pipeline scheduled__2022-12-18T00:00:00+00:00 [queued]>
[2023-01-15T09:41:10.639+0200] {taskinstance.py:1283} INFO - 
--------------------------------------------------------------------------------
[2023-01-15T09:41:10.642+0200] {taskinstance.py:1284} INFO - Starting attempt 1 of 6
[2023-01-15T09:41:10.646+0200] {taskinstance.py:1285} INFO - 
--------------------------------------------------------------------------------
[2023-01-15T09:41:12.417+0200] {taskinstance.py:1304} INFO - Executing <Task(_PythonDecoratedOperator): etl_pipeline> on 2022-12-18 00:00:00+00:00
[2023-01-15T09:41:12.574+0200] {standard_task_runner.py:55} INFO - Started process 30373 to run task
[2023-01-15T09:41:12.635+0200] {standard_task_runner.py:82} INFO - Running: ['airflow', 'tasks', 'run', 'railway_v02', 'etl_pipeline', 'scheduled__2022-12-18T00:00:00+00:00', '--job-id', '234', '--raw', '--subdir', 'DAGS_FOLDER/fetching_api.py', '--cfg-path', '/var/folders/qr/k2__dmk5697g2jyd7w2tpyt80000gn/T/tmp5m12_zfy']
[2023-01-15T09:41:12.707+0200] {standard_task_runner.py:83} INFO - Job 234: Subtask etl_pipeline
[2023-01-15T09:41:13.588+0200] {task_command.py:389} INFO - Running <TaskInstance: railway_v02.etl_pipeline scheduled__2022-12-18T00:00:00+00:00 [running]> on host nhanchaus-macbook-air.local
[2023-01-15T09:41:14.518+0200] {taskinstance.py:1511} INFO - Exporting the following env vars:
AIRFLOW_CTX_DAG_OWNER=Nhan_Chau
AIRFLOW_CTX_DAG_ID=railway_v02
AIRFLOW_CTX_TASK_ID=etl_pipeline
AIRFLOW_CTX_EXECUTION_DATE=2022-12-18T00:00:00+00:00
AIRFLOW_CTX_TRY_NUMBER=1
AIRFLOW_CTX_DAG_RUN_ID=scheduled__2022-12-18T00:00:00+00:00
[2023-01-15T11:10:19.394+0200] {taskinstance.py:1087} INFO - Dependencies all met for <TaskInstance: railway_v02.etl_pipeline scheduled__2022-12-18T00:00:00+00:00 [queued]>
[2023-01-15T11:10:19.411+0200] {taskinstance.py:1087} INFO - Dependencies all met for <TaskInstance: railway_v02.etl_pipeline scheduled__2022-12-18T00:00:00+00:00 [queued]>
[2023-01-15T11:10:19.411+0200] {taskinstance.py:1283} INFO - 
--------------------------------------------------------------------------------
[2023-01-15T11:10:19.412+0200] {taskinstance.py:1284} INFO - Starting attempt 1 of 6
[2023-01-15T11:10:19.412+0200] {taskinstance.py:1285} INFO - 
--------------------------------------------------------------------------------
[2023-01-15T11:10:19.427+0200] {taskinstance.py:1304} INFO - Executing <Task(_PythonDecoratedOperator): etl_pipeline> on 2022-12-18 00:00:00+00:00
[2023-01-15T11:10:19.438+0200] {standard_task_runner.py:55} INFO - Started process 8183 to run task
[2023-01-15T11:10:19.445+0200] {standard_task_runner.py:82} INFO - Running: ['airflow', 'tasks', 'run', 'railway_v02', 'etl_pipeline', 'scheduled__2022-12-18T00:00:00+00:00', '--job-id', '428', '--raw', '--subdir', 'DAGS_FOLDER/fetching_api.py', '--cfg-path', '/var/folders/qr/k2__dmk5697g2jyd7w2tpyt80000gn/T/tmpj365r4qf']
[2023-01-15T11:10:19.449+0200] {standard_task_runner.py:83} INFO - Job 428: Subtask etl_pipeline
[2023-01-15T11:10:19.542+0200] {task_command.py:389} INFO - Running <TaskInstance: railway_v02.etl_pipeline scheduled__2022-12-18T00:00:00+00:00 [running]> on host nhanchaus-macbook-air.local
[2023-01-15T11:10:19.624+0200] {taskinstance.py:1511} INFO - Exporting the following env vars:
AIRFLOW_CTX_DAG_OWNER=Nhan_Chau
AIRFLOW_CTX_DAG_ID=railway_v02
AIRFLOW_CTX_TASK_ID=etl_pipeline
AIRFLOW_CTX_EXECUTION_DATE=2022-12-18T00:00:00+00:00
AIRFLOW_CTX_TRY_NUMBER=1
AIRFLOW_CTX_DAG_RUN_ID=scheduled__2022-12-18T00:00:00+00:00
[2023-01-15T11:10:59.825+0200] {python.py:177} INFO - Done. Returned value was: None
[2023-01-15T11:10:59.864+0200] {taskinstance.py:1322} INFO - Marking task as SUCCESS. dag_id=railway_v02, task_id=etl_pipeline, execution_date=20221218T000000, start_date=20230115T091019, end_date=20230115T091059
[2023-01-15T11:10:59.935+0200] {local_task_job.py:159} INFO - Task exited with return code 0
[2023-01-15T11:11:00.033+0200] {taskinstance.py:2582} INFO - 0 downstream tasks scheduled from follow-on schedule check
